Log file open, 02/28/20 11:27:40
LogWindows: Failed to load 'aqProf.dll' (GetLastError=126)
LogWindows: File 'aqProf.dll' does not exist
LogWindows: Failed to load 'VtuneApi.dll' (GetLastError=126)
LogWindows: File 'VtuneApi.dll' does not exist
LogWindows: Failed to load 'VtuneApi32e.dll' (GetLastError=126)
LogWindows: File 'VtuneApi32e.dll' does not exist
LogConsoleResponse: Display: Failed to find resolution value strings in scalability ini. Falling back to default.
LogInit: Display: Running engine for game: GameJam
LogPakFile: Registered encryption key '00000000000000000000000000000000': 0 pak files mounted, 0 remain pending
LogPlatformFile: Not using cached read wrapper
LogTaskGraph: Started task graph with 5 named threads and 14 total threads with 3 sets of task threads.
LogStats: Stats thread started at 0.205085
LogD3D11RHI: Loaded GFSDK_Aftermath_Lib.x64.dll
LogICUInternationalization: ICU TimeZone Detection - Raw Offset: +0:00, Platform Override: ''
LogPluginManager: Mounting plugin Paper2D
LogPluginManager: Mounting plugin AISupport
LogPluginManager: Mounting plugin LightPropagationVolume
LogPluginManager: Mounting plugin ActorLayerUtilities
LogPluginManager: Mounting plugin CLionSourceCodeAccess
LogPluginManager: Mounting plugin CodeLiteSourceCodeAccess
LogPluginManager: Mounting plugin GitSourceControl
LogPluginManager: Mounting plugin KDevelopSourceCodeAccess
LogPluginManager: Mounting plugin NullSourceCodeAccess
LogPluginManager: Mounting plugin PerforceSourceControl
LogPluginManager: Mounting plugin SubversionSourceControl
LogPluginManager: Mounting plugin UObjectPlugin
LogPluginManager: Mounting plugin VisualStudioCodeSourceCodeAccess
LogPluginManager: Mounting plugin VisualStudioSourceCodeAccess
LogPluginManager: Mounting plugin XCodeSourceCodeAccess
LogPluginManager: Mounting plugin AssetManagerEditor
LogPluginManager: Mounting plugin CryptoKeys
LogPluginManager: Mounting plugin DataValidation
LogPluginManager: Mounting plugin FacialAnimation
LogPluginManager: Mounting plugin GameplayTagsEditor
LogPluginManager: Mounting plugin MacGraphicsSwitching
LogPluginManager: Mounting plugin MeshEditor
LogPluginManager: Mounting plugin MobileLauncherProfileWizard
LogPluginManager: Mounting plugin PluginBrowser
LogPluginManager: Mounting plugin SpeedTreeImporter
LogPluginManager: Mounting plugin DatasmithContent
LogPluginManager: Mounting plugin VariantManagerContent
LogPluginManager: Mounting plugin AlembicImporter
LogPluginManager: Mounting plugin AppleImageUtils
LogPluginManager: Mounting plugin AppleVision
LogPluginManager: Mounting plugin BackChannel
LogPluginManager: Mounting plugin CharacterAI
LogPluginManager: Mounting plugin GeometryCache
LogPluginManager: Mounting plugin HTML5Networking
LogPluginManager: Mounting plugin ProxyLODPlugin
LogPluginManager: Mounting plugin MagicLeap
LogPluginManager: Mounting plugin MagicLeapMedia
LogPluginManager: Mounting plugin AndroidMedia
LogPluginManager: Mounting plugin AvfMedia
LogPluginManager: Mounting plugin ImgMedia
LogPluginManager: Mounting plugin LinearTimecode
LogPluginManager: Mounting plugin MediaCompositing
LogPluginManager: Mounting plugin MediaPlayerEditor
LogPluginManager: Mounting plugin WebMMedia
LogPluginManager: Mounting plugin WmfMedia
LogPluginManager: Mounting plugin TcpMessaging
LogPluginManager: Mounting plugin UdpMessaging
LogPluginManager: Mounting plugin ActorSequence
LogPluginManager: Mounting plugin LevelSequenceEditor
LogPluginManager: Mounting plugin MatineeToLevelSequence
LogPluginManager: Mounting plugin NetcodeUnitTest
LogPluginManager: Mounting plugin NUTUnrealEngine4
LogPluginManager: Mounting plugin OnlineSubsystemGooglePlay
LogPluginManager: Mounting plugin OnlineSubsystemIOS
LogPluginManager: Mounting plugin OnlineSubsystem
LogPluginManager: Mounting plugin OnlineSubsystemNull
LogPluginManager: Mounting plugin OnlineSubsystemUtils
LogPluginManager: Mounting plugin LauncherChunkInstaller
LogPluginManager: Mounting plugin AndroidDeviceProfileSelector
LogPluginManager: Mounting plugin AndroidMoviePlayer
LogPluginManager: Mounting plugin AndroidPermission
LogPluginManager: Mounting plugin ApexDestruction
LogPluginManager: Mounting plugin AppleMoviePlayer
LogPluginManager: Mounting plugin ArchVisCharacter
LogPluginManager: Mounting plugin AudioCapture
LogPluginManager: Mounting plugin CableComponent
LogPluginManager: Mounting plugin CustomMeshComponent
LogPluginManager: Mounting plugin EditableMesh
LogPluginManager: Mounting plugin ExampleDeviceProfileSelector
LogPluginManager: Mounting plugin Firebase
LogPluginManager: Mounting plugin GoogleCloudMessaging
LogPluginManager: Mounting plugin IOSDeviceProfileSelector
LogPluginManager: Mounting plugin LinuxDeviceProfileSelector
LogPluginManager: Mounting plugin LocationServicesBPLibrary
LogPluginManager: Mounting plugin MobilePatchingUtils
LogPluginManager: Mounting plugin OculusVR
LogPluginManager: Mounting plugin PhysXVehicles
LogPluginManager: Mounting plugin ProceduralMeshComponent
LogPluginManager: Mounting plugin RuntimePhysXCooking
LogPluginManager: Mounting plugin SteamVR
LogPluginManager: Mounting plugin WebMMoviePlayer
LogPluginManager: Mounting plugin WindowsMoviePlayer
LogStreaming: Display: Took  0.091s to configure plugins.
LogInit: Using libcurl 7.55.1-DEV
LogInit:  - built for x86_64-pc-win32
LogInit:  - supports SSL with OpenSSL/1.0.2h
LogInit:  - supports HTTP deflate (compression) using libz 1.2.8
LogInit:  - other features:
LogInit:      CURL_VERSION_SSL
LogInit:      CURL_VERSION_LIBZ
LogInit:      CURL_VERSION_IPV6
LogInit:      CURL_VERSION_ASYNCHDNS
LogInit:      CURL_VERSION_LARGEFILE
LogInit:      CURL_VERSION_IDN
LogInit:  CurlRequestOptions (configurable via config and command line):
LogInit:  - bVerifyPeer = true  - Libcurl will verify peer certificate
LogInit:  - bUseHttpProxy = false  - Libcurl will NOT use HTTP proxy
LogInit:  - bDontReuseConnections = false  - Libcurl will reuse connections
LogInit:  - MaxHostConnections = 16  - Libcurl will limit the number of connections to a host
LogInit:  - LocalHostAddr = Default
LogInit:  - BufferSize = 65536
LogInit: WinSock: version 1.1 (2.2), MaxSocks=32767, MaxUdp=65467
LogInit: Build: ++UE4+Release-4.21-CL-4753647
LogInit: Engine Version: 4.21.2-4753647+++UE4+Release-4.21
LogInit: Compatible Engine Version: 4.21.0-4541578+++UE4+Release-4.21
LogInit: Net CL: 4541578
LogInit: OS: Windows 10 (), CPU: Intel(R) Xeon(R) CPU E5-1603 v4 @ 2.80GHz, GPU: NVIDIA GeForce GTX 1070
LogInit: Compiled (64-bit): Jan 19 2019 02:07:31
LogInit: Compiled with Visual C++: 19.13.26129.00
LogInit: Build Configuration: Development
LogInit: Branch Name: ++UE4+Release-4.21
LogInit: Command Line:  /Game/SideScrollerBP/Maps/SideScrollerExampleMap -game -PIEVIACONSOLE -ResX=1280 -ResY=720 -Multiprocess -messaging -SessionName="Play in Standalone Game" -windowed
LogInit: Base Directory: C:/Program Files/Epic Games/UE_4.21/Engine/Binaries/Win64/
LogInit: Installed Engine Build: 1
LogDevObjectVersion: Number of dev versions registered: 22
LogDevObjectVersion:   Dev-Blueprints (B0D832E4-1F89-4F0D-ACCF-7EB736FD4AA2): 10
LogDevObjectVersion:   Dev-Build (E1C64328-A22C-4D53-A36C-8E866417BD8C): 0
LogDevObjectVersion:   Dev-Core (375EC13C-06E4-48FB-B500-84F0262A717E): 2
LogDevObjectVersion:   Dev-Editor (E4B068ED-F494-42E9-A231-DA0B2E46BB41): 26
LogDevObjectVersion:   Dev-Framework (CFFC743F-43B0-4480-9391-14DF171D2073): 34
LogDevObjectVersion:   Dev-Mobile (B02B49B5-BB20-44E9-A304-32B752E40360): 2
LogDevObjectVersion:   Dev-Networking (A4E4105C-59A1-49B5-A7C5-40C4547EDFEE): 0
LogDevObjectVersion:   Dev-Online (39C831C9-5AE6-47DC-9A44-9C173E1C8E7C): 0
LogDevObjectVersion:   Dev-Physics (78F01B33-EBEA-4F98-B9B4-84EACCB95AA2): 0
LogDevObjectVersion:   Dev-Platform (6631380F-2D4D-43E0-8009-CF276956A95A): 0
LogDevObjectVersion:   Dev-Rendering (12F88B9F-8875-4AFC-A67C-D90C383ABD29): 27
LogDevObjectVersion:   Dev-Sequencer (7B5AE74C-D270-4C10-A958-57980B212A5A): 9
LogDevObjectVersion:   Dev-VR (D7296918-1DD6-4BDD-9DE2-64A83CC13884): 2
LogDevObjectVersion:   Dev-LoadTimes (C2A15278-BFE7-4AFE-6C17-90FF531DF755): 1
LogDevObjectVersion:   Private-Geometry (6EACA3D4-40EC-4CC1-B786-8BED09428FC5): 3
LogDevObjectVersion:   Dev-AnimPhys (29E575DD-E0A3-4627-9D10-D276232CDCEA): 17
LogDevObjectVersion:   Dev-Anim (AF43A65D-7FD3-4947-9873-3E8ED9C1BB05): 2
LogDevObjectVersion:   Dev-ReflectionCapture (6B266CEC-1EC7-4B8F-A30B-E4D90942FC07): 1
LogDevObjectVersion:   Dev-Automation (0DF73D61-A23F-47EA-B727-89E90C41499A): 1
LogDevObjectVersion:   FortniteMain (601D1886-AC64-4F84-AA16-D3DE0DEAC7D6): 17
LogDevObjectVersion:   Dev-Enterprise (9DFFBCD6-494F-0158-E221-12823C92A888): 4
LogDevObjectVersion:   Dev-Niagara (F2AED0AC-9AFE-416F-8664-AA7FFA26D6FC): 1
LogStreaming: Display: Took  0.000s to delete old logs.
LogInit: Presizing for max 8388607 objects, including 0 objects not considered by GC, pre-allocating 0 bytes for permanent pool.
LogInit: Object subsystem initialized
LogConfig: Setting CVar [[con.DebugEarlyDefault:1]]
LogConfig: Setting CVar [[r.setres:1280x720]]
[2020.02.28-11.27.41:103][  0]LogConfig: Setting CVar [[con.DebugEarlyDefault:1]]
[2020.02.28-11.27.41:103][  0]LogConfig: Setting CVar [[r.setres:1280x720]]
[2020.02.28-11.27.41:103][  0]LogConfig: Applying CVar settings from Section [/Script/Engine.RendererSettings] File [C:/Users/V8022445/Desktop/GameJam 4.21/Saved/Config/Windows/Engine.ini]
[2020.02.28-11.27.41:103][  0]LogConfig: Setting CVar [[r.GPUCrashDebugging:0]]
[2020.02.28-11.27.41:103][  0]LogConfig: Applying CVar settings from Section [/Script/Engine.RendererOverrideSettings] File [C:/Users/V8022445/Desktop/GameJam 4.21/Saved/Config/Windows/Engine.ini]
[2020.02.28-11.27.41:103][  0]LogConfig: Applying CVar settings from Section [/Script/Engine.StreamingSettings] File [C:/Users/V8022445/Desktop/GameJam 4.21/Saved/Config/Windows/Engine.ini]
[2020.02.28-11.27.41:103][  0]LogConfig: Setting CVar [[s.MinBulkDataSizeForAsyncLoading:131072]]
[2020.02.28-11.27.41:103][  0]LogConfig: Setting CVar [[s.AsyncLoadingThreadEnabled:0]]
[2020.02.28-11.27.41:104][  0]LogConfig: Setting CVar [[s.EventDrivenLoaderEnabled:1]]
[2020.02.28-11.27.41:104][  0]LogConfig: Setting CVar [[s.WarnIfTimeLimitExceeded:0]]
[2020.02.28-11.27.41:104][  0]LogConfig: Setting CVar [[s.TimeLimitExceededMultiplier:1.5]]
[2020.02.28-11.27.41:104][  0]LogConfig: Setting CVar [[s.TimeLimitExceededMinTime:0.005]]
[2020.02.28-11.27.41:104][  0]LogConfig: Setting CVar [[s.UseBackgroundLevelStreaming:1]]
[2020.02.28-11.27.41:104][  0]LogConfig: Setting CVar [[s.PriorityAsyncLoadingExtraTime:15.0]]
[2020.02.28-11.27.41:104][  0]LogConfig: Setting CVar [[s.LevelStreamingActorsUpdateTimeLimit:5.0]]
[2020.02.28-11.27.41:104][  0]LogConfig: Setting CVar [[s.PriorityLevelStreamingActorsUpdateExtraTime:5.0]]
[2020.02.28-11.27.41:104][  0]LogConfig: Setting CVar [[s.LevelStreamingComponentsRegistrationGranularity:10]]
[2020.02.28-11.27.41:104][  0]LogConfig: Setting CVar [[s.UnregisterComponentsTimeLimit:1.0]]
[2020.02.28-11.27.41:104][  0]LogConfig: Setting CVar [[s.LevelStreamingComponentsUnregistrationGranularity:5]]
[2020.02.28-11.27.41:104][  0]LogConfig: Applying CVar settings from Section [/Script/Engine.GarbageCollectionSettings] File [C:/Users/V8022445/Desktop/GameJam 4.21/Saved/Config/Windows/Engine.ini]
[2020.02.28-11.27.41:104][  0]LogConfig: Setting CVar [[gc.MaxObjectsNotConsideredByGC:1]]
[2020.02.28-11.27.41:104][  0]LogConfig: Setting CVar [[gc.SizeOfPermanentObjectPool:0]]
[2020.02.28-11.27.41:104][  0]LogConfig: Setting CVar [[gc.FlushStreamingOnGC:0]]
[2020.02.28-11.27.41:104][  0]LogConfig: Setting CVar [[gc.NumRetriesBeforeForcingGC:10]]
[2020.02.28-11.27.41:104][  0]LogConfig: Setting CVar [[gc.AllowParallelGC:1]]
[2020.02.28-11.27.41:104][  0]LogConfig: Setting CVar [[gc.TimeBetweenPurgingPendingKillObjects:61.1]]
[2020.02.28-11.27.41:104][  0]LogConfig: Setting CVar [[gc.MaxObjectsInEditor:8388607]]
[2020.02.28-11.27.41:104][  0]LogConfig: Setting CVar [[gc.IncrementalBeginDestroyEnabled:1]]
[2020.02.28-11.27.41:104][  0]LogConfig: Setting CVar [[gc.CreateGCClusters:1]]
[2020.02.28-11.27.41:104][  0]LogConfig: Setting CVar [[gc.MergeGCClusters:0]]
[2020.02.28-11.27.41:104][  0]LogConfig: Setting CVar [[gc.MinGCClusterSize:5]]
[2020.02.28-11.27.41:104][  0]LogConfig: Setting CVar [[gc.ActorClusteringEnabled:0]]
[2020.02.28-11.27.41:104][  0]LogConfig: Setting CVar [[gc.BlueprintClusteringEnabled:0]]
[2020.02.28-11.27.41:104][  0]LogConfig: Setting CVar [[gc.UseDisregardForGCOnDedicatedServers:0]]
[2020.02.28-11.27.41:104][  0]LogConfig: Applying CVar settings from Section [/Script/Engine.NetworkSettings] File [C:/Users/V8022445/Desktop/GameJam 4.21/Saved/Config/Windows/Engine.ini]
[2020.02.28-11.27.41:104][  0]LogConfig: Applying CVar settings from Section [/Script/UnrealEd.CookerSettings] File [C:/Users/V8022445/Desktop/GameJam 4.21/Saved/Config/Windows/Engine.ini]
[2020.02.28-11.27.41:115][  0]LogConfig: Applying CVar settings from Section [ViewDistanceQuality@3] File [C:/Users/V8022445/Desktop/GameJam 4.21/Saved/Config/Windows/Scalability.ini]
[2020.02.28-11.27.41:115][  0]LogConfig: Setting CVar [[r.SkeletalMeshLODBias:0]]
[2020.02.28-11.27.41:115][  0]LogConfig: Setting CVar [[r.ViewDistanceScale:1.0]]
[2020.02.28-11.27.41:115][  0]LogConfig: Applying CVar settings from Section [AntiAliasingQuality@3] File [C:/Users/V8022445/Desktop/GameJam 4.21/Saved/Config/Windows/Scalability.ini]
[2020.02.28-11.27.41:115][  0]LogConfig: Setting CVar [[r.PostProcessAAQuality:4]]
[2020.02.28-11.27.41:115][  0]LogConfig: Applying CVar settings from Section [ShadowQuality@3] File [C:/Users/V8022445/Desktop/GameJam 4.21/Saved/Config/Windows/Scalability.ini]
[2020.02.28-11.27.41:115][  0]LogConfig: Setting CVar [[r.LightFunctionQuality:1]]
[2020.02.28-11.27.41:115][  0]LogConfig: Setting CVar [[r.ShadowQuality:5]]
[2020.02.28-11.27.41:115][  0]LogConfig: Setting CVar [[r.Shadow.CSM.MaxCascades:10]]
[2020.02.28-11.27.41:115][  0]LogConfig: Setting CVar [[r.Shadow.MaxResolution:2048]]
[2020.02.28-11.27.41:115][  0]LogConfig: Setting CVar [[r.Shadow.MaxCSMResolution:2048]]
[2020.02.28-11.27.41:115][  0]LogConfig: Setting CVar [[r.Shadow.RadiusThreshold:0.01]]
[2020.02.28-11.27.41:115][  0]LogConfig: Setting CVar [[r.Shadow.DistanceScale:1.0]]
[2020.02.28-11.27.41:115][  0]LogConfig: Setting CVar [[r.Shadow.CSM.TransitionScale:1.0]]
[2020.02.28-11.27.41:115][  0]LogConfig: Setting CVar [[r.Shadow.PreShadowResolutionFactor:1.0]]
[2020.02.28-11.27.41:115][  0]LogConfig: Setting CVar [[r.DistanceFieldShadowing:1]]
[2020.02.28-11.27.41:115][  0]LogConfig: Setting CVar [[r.DistanceFieldAO:1]]
[2020.02.28-11.27.41:115][  0]LogConfig: Setting CVar [[r.AOQuality:2]]
[2020.02.28-11.27.41:115][  0]LogConfig: Setting CVar [[r.VolumetricFog:1]]
[2020.02.28-11.27.41:115][  0]LogConfig: Setting CVar [[r.VolumetricFog.GridPixelSize:8]]
[2020.02.28-11.27.41:115][  0]LogConfig: Setting CVar [[r.VolumetricFog.GridSizeZ:128]]
[2020.02.28-11.27.41:115][  0]LogConfig: Setting CVar [[r.VolumetricFog.HistoryMissSupersampleCount:4]]
[2020.02.28-11.27.41:115][  0]LogConfig: Setting CVar [[r.LightMaxDrawDistanceScale:1]]
[2020.02.28-11.27.41:115][  0]LogConfig: Setting CVar [[r.CapsuleShadows:1]]
[2020.02.28-11.27.41:115][  0]LogConfig: Applying CVar settings from Section [PostProcessQuality@3] File [C:/Users/V8022445/Desktop/GameJam 4.21/Saved/Config/Windows/Scalability.ini]
[2020.02.28-11.27.41:115][  0]LogConfig: Setting CVar [[r.MotionBlurQuality:4]]
[2020.02.28-11.27.41:115][  0]LogConfig: Setting CVar [[r.AmbientOcclusionMipLevelFactor:0.4]]
[2020.02.28-11.27.41:115][  0]LogConfig: Setting CVar [[r.AmbientOcclusionMaxQuality:100]]
[2020.02.28-11.27.41:115][  0]LogConfig: Setting CVar [[r.AmbientOcclusionLevels:-1]]
[2020.02.28-11.27.41:115][  0]LogConfig: Setting CVar [[r.AmbientOcclusionRadiusScale:1.0]]
[2020.02.28-11.27.41:115][  0]LogConfig: Setting CVar [[r.DepthOfFieldQuality:2]]
[2020.02.28-11.27.41:115][  0]LogConfig: Setting CVar [[r.RenderTargetPoolMin:400]]
[2020.02.28-11.27.41:116][  0]LogConfig: Setting CVar [[r.LensFlareQuality:2]]
[2020.02.28-11.27.41:116][  0]LogConfig: Setting CVar [[r.SceneColorFringeQuality:1]]
[2020.02.28-11.27.41:116][  0]LogConfig: Setting CVar [[r.EyeAdaptationQuality:2]]
[2020.02.28-11.27.41:116][  0]LogConfig: Setting CVar [[r.BloomQuality:5]]
[2020.02.28-11.27.41:116][  0]LogConfig: Setting CVar [[r.FastBlurThreshold:100]]
[2020.02.28-11.27.41:116][  0]LogConfig: Setting CVar [[r.Upscale.Quality:3]]
[2020.02.28-11.27.41:116][  0]LogConfig: Setting CVar [[r.Tonemapper.GrainQuantization:1]]
[2020.02.28-11.27.41:116][  0]LogConfig: Setting CVar [[r.LightShaftQuality:1]]
[2020.02.28-11.27.41:116][  0]LogConfig: Setting CVar [[r.Filter.SizeScale:1]]
[2020.02.28-11.27.41:116][  0]LogConfig: Setting CVar [[r.Tonemapper.Quality:5]]
[2020.02.28-11.27.41:116][  0]LogConfig: Setting CVar [[r.DOF.Gather.AccumulatorQuality:1        ; higher gathering accumulator quality]]
[2020.02.28-11.27.41:116][  0]LogConfig: Setting CVar [[r.DOF.Gather.PostfilterMethod:1          ; Median3x3 postfilering method]]
[2020.02.28-11.27.41:116][  0]LogConfig: Setting CVar [[r.DOF.Gather.EnableBokehSettings:0       ; no bokeh simulation when gathering]]
[2020.02.28-11.27.41:116][  0]LogConfig: Setting CVar [[r.DOF.Gather.RingCount:4                 ; medium number of samples when gathering]]
[2020.02.28-11.27.41:116][  0]LogConfig: Setting CVar [[r.DOF.Scatter.ForegroundCompositing:1    ; additive foreground scattering]]
[2020.02.28-11.27.41:116][  0]LogConfig: Setting CVar [[r.DOF.Scatter.BackgroundCompositing:2    ; additive background scattering]]
[2020.02.28-11.27.41:116][  0]LogConfig: Setting CVar [[r.DOF.Scatter.EnableBokehSettings:1      ; bokeh simulation when scattering]]
[2020.02.28-11.27.41:116][  0]LogConfig: Setting CVar [[r.DOF.Scatter.MaxSpriteRatio:0.1         ; only a maximum of 10% of scattered bokeh]]
[2020.02.28-11.27.41:116][  0]LogConfig: Setting CVar [[r.DOF.Recombine.Quality:1                ; cheap slight out of focus]]
[2020.02.28-11.27.41:116][  0]LogConfig: Setting CVar [[r.DOF.Recombine.EnableBokehSettings:0    ; no bokeh simulation on slight out of focus]]
[2020.02.28-11.27.41:116][  0]LogConfig: Setting CVar [[r.DOF.TemporalAAQuality:1                ; more stable temporal accumulation]]
[2020.02.28-11.27.41:116][  0]LogConfig: Setting CVar [[r.DOF.Kernel.MaxForegroundRadius:0.025]]
[2020.02.28-11.27.41:116][  0]LogConfig: Setting CVar [[r.DOF.Kernel.MaxBackgroundRadius:0.025]]
[2020.02.28-11.27.41:116][  0]LogConfig: Applying CVar settings from Section [TextureQuality@3] File [C:/Users/V8022445/Desktop/GameJam 4.21/Saved/Config/Windows/Scalability.ini]
[2020.02.28-11.27.41:116][  0]LogConfig: Setting CVar [[r.Streaming.MipBias:0]]
[2020.02.28-11.27.41:116][  0]LogConfig: Setting CVar [[r.Streaming.AmortizeCPUToGPUCopy:0]]
[2020.02.28-11.27.41:116][  0]LogConfig: Setting CVar [[r.Streaming.MaxNumTexturesToStreamPerFrame:0]]
[2020.02.28-11.27.41:116][  0]LogConfig: Setting CVar [[r.Streaming.Boost:1]]
[2020.02.28-11.27.41:116][  0]LogConfig: Setting CVar [[r.MaxAnisotropy:8]]
[2020.02.28-11.27.41:116][  0]LogConfig: Setting CVar [[r.Streaming.LimitPoolSizeToVRAM:0]]
[2020.02.28-11.27.41:116][  0]LogConfig: Setting CVar [[r.Streaming.PoolSize:1000]]
[2020.02.28-11.27.41:116][  0]LogConfig: Setting CVar [[r.Streaming.MaxEffectiveScreenSize:0]]
[2020.02.28-11.27.41:116][  0]LogConfig: Applying CVar settings from Section [EffectsQuality@3] File [C:/Users/V8022445/Desktop/GameJam 4.21/Saved/Config/Windows/Scalability.ini]
[2020.02.28-11.27.41:116][  0]LogConfig: Setting CVar [[r.TranslucencyLightingVolumeDim:64]]
[2020.02.28-11.27.41:116][  0]LogConfig: Setting CVar [[r.RefractionQuality:2]]
[2020.02.28-11.27.41:116][  0]LogConfig: Setting CVar [[r.SSR.Quality:3]]
[2020.02.28-11.27.41:116][  0]LogConfig: Setting CVar [[r.SceneColorFormat:4]]
[2020.02.28-11.27.41:116][  0]LogConfig: Setting CVar [[r.DetailMode:2]]
[2020.02.28-11.27.41:116][  0]LogConfig: Setting CVar [[r.TranslucencyVolumeBlur:1]]
[2020.02.28-11.27.41:116][  0]LogConfig: Setting CVar [[r.MaterialQualityLevel:1 ; High quality]]
[2020.02.28-11.27.41:116][  0]LogConfig: Setting CVar [[r.SSS.Scale:1]]
[2020.02.28-11.27.41:116][  0]LogConfig: Setting CVar [[r.SSS.SampleSet:2]]
[2020.02.28-11.27.41:116][  0]LogConfig: Setting CVar [[r.SSS.Quality:1]]
[2020.02.28-11.27.41:116][  0]LogConfig: Setting CVar [[r.SSS.HalfRes:1]]
[2020.02.28-11.27.41:116][  0]LogConfig: Setting CVar [[r.EmitterSpawnRateScale:1.0]]
[2020.02.28-11.27.41:116][  0]LogConfig: Setting CVar [[r.ParticleLightQuality:2]]
[2020.02.28-11.27.41:116][  0]LogConfig: Applying CVar settings from Section [FoliageQuality@3] File [C:/Users/V8022445/Desktop/GameJam 4.21/Saved/Config/Windows/Scalability.ini]
[2020.02.28-11.27.41:116][  0]LogConfig: Setting CVar [[foliage.DensityScale:1.0]]
[2020.02.28-11.27.41:116][  0]LogConfig: Setting CVar [[grass.DensityScale:1.0]]
[2020.02.28-11.27.41:116][  0]LogInit: Selected Device Profile: [Windows]
[2020.02.28-11.27.41:116][  0]LogInit: Applying CVar settings loaded from the selected device profile: [Windows]
[2020.02.28-11.27.41:122][  0]LogHAL: Display: Platform has ~ 32 GB [34272022528 / 34359738368 / 32], which maps to Largest [LargestMinGB=32, LargerMinGB=12, DefaultMinGB=8, SmallerMinGB=6, SmallestMinGB=0)
[2020.02.28-11.27.41:122][  0]LogConfig: Setting CVar [[r.Vulkan.UseRealUBs:1]]
[2020.02.28-11.27.41:122][  0]LogInit: Going up to parent DeviceProfile []
[2020.02.28-11.27.41:122][  0]LogConfig: Applying CVar settings from Section [ViewDistanceQuality@3] File [C:/Users/V8022445/Desktop/GameJam 4.21/Saved/Config/Windows/Scalability.ini]
[2020.02.28-11.27.41:122][  0]LogConfig: Setting CVar [[r.SkeletalMeshLODBias:0]]
[2020.02.28-11.27.41:122][  0]LogConfig: Setting CVar [[r.ViewDistanceScale:1.0]]
[2020.02.28-11.27.41:122][  0]LogConfig: Applying CVar settings from Section [AntiAliasingQuality@3] File [C:/Users/V8022445/Desktop/GameJam 4.21/Saved/Config/Windows/Scalability.ini]
[2020.02.28-11.27.41:122][  0]LogConfig: Setting CVar [[r.PostProcessAAQuality:4]]
[2020.02.28-11.27.41:122][  0]LogConfig: Applying CVar settings from Section [ShadowQuality@3] File [C:/Users/V8022445/Desktop/GameJam 4.21/Saved/Config/Windows/Scalability.ini]
[2020.02.28-11.27.41:122][  0]LogConfig: Setting CVar [[r.LightFunctionQuality:1]]
[2020.02.28-11.27.41:122][  0]LogConfig: Setting CVar [[r.ShadowQuality:5]]
[2020.02.28-11.27.41:122][  0]LogConfig: Setting CVar [[r.Shadow.CSM.MaxCascades:10]]
[2020.02.28-11.27.41:122][  0]LogConfig: Setting CVar [[r.Shadow.MaxResolution:2048]]
[2020.02.28-11.27.41:122][  0]LogConfig: Setting CVar [[r.Shadow.MaxCSMResolution:2048]]
[2020.02.28-11.27.41:122][  0]LogConfig: Setting CVar [[r.Shadow.RadiusThreshold:0.01]]
[2020.02.28-11.27.41:122][  0]LogConfig: Setting CVar [[r.Shadow.DistanceScale:1.0]]
[2020.02.28-11.27.41:122][  0]LogConfig: Setting CVar [[r.Shadow.CSM.TransitionScale:1.0]]
[2020.02.28-11.27.41:122][  0]LogConfig: Setting CVar [[r.Shadow.PreShadowResolutionFactor:1.0]]
[2020.02.28-11.27.41:122][  0]LogConfig: Setting CVar [[r.DistanceFieldShadowing:1]]
[2020.02.28-11.27.41:122][  0]LogConfig: Setting CVar [[r.DistanceFieldAO:1]]
[2020.02.28-11.27.41:122][  0]LogConfig: Setting CVar [[r.AOQuality:2]]
[2020.02.28-11.27.41:122][  0]LogConfig: Setting CVar [[r.VolumetricFog:1]]
[2020.02.28-11.27.41:122][  0]LogConfig: Setting CVar [[r.VolumetricFog.GridPixelSize:8]]
[2020.02.28-11.27.41:122][  0]LogConfig: Setting CVar [[r.VolumetricFog.GridSizeZ:128]]
[2020.02.28-11.27.41:122][  0]LogConfig: Setting CVar [[r.VolumetricFog.HistoryMissSupersampleCount:4]]
[2020.02.28-11.27.41:122][  0]LogConfig: Setting CVar [[r.LightMaxDrawDistanceScale:1]]
[2020.02.28-11.27.41:122][  0]LogConfig: Setting CVar [[r.CapsuleShadows:1]]
[2020.02.28-11.27.41:122][  0]LogConfig: Applying CVar settings from Section [PostProcessQuality@3] File [C:/Users/V8022445/Desktop/GameJam 4.21/Saved/Config/Windows/Scalability.ini]
[2020.02.28-11.27.41:122][  0]LogConfig: Setting CVar [[r.MotionBlurQuality:4]]
[2020.02.28-11.27.41:122][  0]LogConfig: Setting CVar [[r.AmbientOcclusionMipLevelFactor:0.4]]
[2020.02.28-11.27.41:122][  0]LogConfig: Setting CVar [[r.AmbientOcclusionMaxQuality:100]]
[2020.02.28-11.27.41:122][  0]LogConfig: Setting CVar [[r.AmbientOcclusionLevels:-1]]
[2020.02.28-11.27.41:122][  0]LogConfig: Setting CVar [[r.AmbientOcclusionRadiusScale:1.0]]
[2020.02.28-11.27.41:122][  0]LogConfig: Setting CVar [[r.DepthOfFieldQuality:2]]
[2020.02.28-11.27.41:122][  0]LogConfig: Setting CVar [[r.RenderTargetPoolMin:400]]
[2020.02.28-11.27.41:122][  0]LogConfig: Setting CVar [[r.LensFlareQuality:2]]
[2020.02.28-11.27.41:122][  0]LogConfig: Setting CVar [[r.SceneColorFringeQuality:1]]
[2020.02.28-11.27.41:122][  0]LogConfig: Setting CVar [[r.EyeAdaptationQuality:2]]
[2020.02.28-11.27.41:122][  0]LogConfig: Setting CVar [[r.BloomQuality:5]]
[2020.02.28-11.27.41:122][  0]LogConfig: Setting CVar [[r.FastBlurThreshold:100]]
[2020.02.28-11.27.41:122][  0]LogConfig: Setting CVar [[r.Upscale.Quality:3]]
[2020.02.28-11.27.41:122][  0]LogConfig: Setting CVar [[r.Tonemapper.GrainQuantization:1]]
[2020.02.28-11.27.41:122][  0]LogConfig: Setting CVar [[r.LightShaftQuality:1]]
[2020.02.28-11.27.41:122][  0]LogConfig: Setting CVar [[r.Filter.SizeScale:1]]
[2020.02.28-11.27.41:123][  0]LogConfig: Setting CVar [[r.Tonemapper.Quality:5]]
[2020.02.28-11.27.41:123][  0]LogConfig: Setting CVar [[r.DOF.Gather.AccumulatorQuality:1        ; higher gathering accumulator quality]]
[2020.02.28-11.27.41:123][  0]LogConfig: Setting CVar [[r.DOF.Gather.PostfilterMethod:1          ; Median3x3 postfilering method]]
[2020.02.28-11.27.41:123][  0]LogConfig: Setting CVar [[r.DOF.Gather.EnableBokehSettings:0       ; no bokeh simulation when gathering]]
[2020.02.28-11.27.41:123][  0]LogConfig: Setting CVar [[r.DOF.Gather.RingCount:4                 ; medium number of samples when gathering]]
[2020.02.28-11.27.41:123][  0]LogConfig: Setting CVar [[r.DOF.Scatter.ForegroundCompositing:1    ; additive foreground scattering]]
[2020.02.28-11.27.41:123][  0]LogConfig: Setting CVar [[r.DOF.Scatter.BackgroundCompositing:2    ; additive background scattering]]
[2020.02.28-11.27.41:123][  0]LogConfig: Setting CVar [[r.DOF.Scatter.EnableBokehSettings:1      ; bokeh simulation when scattering]]
[2020.02.28-11.27.41:123][  0]LogConfig: Setting CVar [[r.DOF.Scatter.MaxSpriteRatio:0.1         ; only a maximum of 10% of scattered bokeh]]
[2020.02.28-11.27.41:123][  0]LogConfig: Setting CVar [[r.DOF.Recombine.Quality:1                ; cheap slight out of focus]]
[2020.02.28-11.27.41:123][  0]LogConfig: Setting CVar [[r.DOF.Recombine.EnableBokehSettings:0    ; no bokeh simulation on slight out of focus]]
[2020.02.28-11.27.41:123][  0]LogConfig: Setting CVar [[r.DOF.TemporalAAQuality:1                ; more stable temporal accumulation]]
[2020.02.28-11.27.41:123][  0]LogConfig: Setting CVar [[r.DOF.Kernel.MaxForegroundRadius:0.025]]
[2020.02.28-11.27.41:123][  0]LogConfig: Setting CVar [[r.DOF.Kernel.MaxBackgroundRadius:0.025]]
[2020.02.28-11.27.41:123][  0]LogConfig: Applying CVar settings from Section [TextureQuality@3] File [C:/Users/V8022445/Desktop/GameJam 4.21/Saved/Config/Windows/Scalability.ini]
[2020.02.28-11.27.41:123][  0]LogConfig: Setting CVar [[r.Streaming.MipBias:0]]
[2020.02.28-11.27.41:123][  0]LogConfig: Setting CVar [[r.Streaming.AmortizeCPUToGPUCopy:0]]
[2020.02.28-11.27.41:123][  0]LogConfig: Setting CVar [[r.Streaming.MaxNumTexturesToStreamPerFrame:0]]
[2020.02.28-11.27.41:123][  0]LogConfig: Setting CVar [[r.Streaming.Boost:1]]
[2020.02.28-11.27.41:123][  0]LogConfig: Setting CVar [[r.MaxAnisotropy:8]]
[2020.02.28-11.27.41:123][  0]LogConfig: Setting CVar [[r.Streaming.LimitPoolSizeToVRAM:0]]
[2020.02.28-11.27.41:123][  0]LogConfig: Setting CVar [[r.Streaming.PoolSize:1000]]
[2020.02.28-11.27.41:123][  0]LogConfig: Setting CVar [[r.Streaming.MaxEffectiveScreenSize:0]]
[2020.02.28-11.27.41:123][  0]LogConfig: Applying CVar settings from Section [EffectsQuality@3] File [C:/Users/V8022445/Desktop/GameJam 4.21/Saved/Config/Windows/Scalability.ini]
[2020.02.28-11.27.41:123][  0]LogConfig: Setting CVar [[r.TranslucencyLightingVolumeDim:64]]
[2020.02.28-11.27.41:123][  0]LogConfig: Setting CVar [[r.RefractionQuality:2]]
[2020.02.28-11.27.41:123][  0]LogConfig: Setting CVar [[r.SSR.Quality:3]]
[2020.02.28-11.27.41:123][  0]LogConfig: Setting CVar [[r.SceneColorFormat:4]]
[2020.02.28-11.27.41:123][  0]LogConfig: Setting CVar [[r.DetailMode:2]]
[2020.02.28-11.27.41:123][  0]LogConfig: Setting CVar [[r.TranslucencyVolumeBlur:1]]
[2020.02.28-11.27.41:123][  0]LogConfig: Setting CVar [[r.MaterialQualityLevel:1 ; High quality]]
[2020.02.28-11.27.41:123][  0]LogConfig: Setting CVar [[r.SSS.Scale:1]]
[2020.02.28-11.27.41:123][  0]LogConfig: Setting CVar [[r.SSS.SampleSet:2]]
[2020.02.28-11.27.41:123][  0]LogConfig: Setting CVar [[r.SSS.Quality:1]]
[2020.02.28-11.27.41:123][  0]LogConfig: Setting CVar [[r.SSS.HalfRes:1]]
[2020.02.28-11.27.41:123][  0]LogConfig: Setting CVar [[r.EmitterSpawnRateScale:1.0]]
[2020.02.28-11.27.41:123][  0]LogConfig: Setting CVar [[r.ParticleLightQuality:2]]
[2020.02.28-11.27.41:123][  0]LogConfig: Applying CVar settings from Section [FoliageQuality@3] File [C:/Users/V8022445/Desktop/GameJam 4.21/Saved/Config/Windows/Scalability.ini]
[2020.02.28-11.27.41:123][  0]LogConfig: Setting CVar [[foliage.DensityScale:1.0]]
[2020.02.28-11.27.41:123][  0]LogConfig: Setting CVar [[grass.DensityScale:1.0]]
[2020.02.28-11.27.41:123][  0]LogConfig: Applying CVar settings from Section [Startup] File [../../../Engine/Config/ConsoleVariables.ini]
[2020.02.28-11.27.41:123][  0]LogConfig: Setting CVar [[net.UseAdaptiveNetUpdateFrequency:0]]
[2020.02.28-11.27.41:123][  0]LogConfig: Applying CVar settings from Section [ConsoleVariables] File [C:/Users/V8022445/Desktop/GameJam 4.21/Saved/Config/Windows/Engine.ini]
[2020.02.28-11.27.41:123][  0]LogInit: Computer: TU46959
[2020.02.28-11.27.41:123][  0]LogInit: User: V8022445
[2020.02.28-11.27.41:123][  0]LogInit: CPU Page size=4096, Cores=4
[2020.02.28-11.27.41:124][  0]LogInit: High frequency timer resolution =10.000000 MHz
[2020.02.28-11.27.41:124][  0]LogMemory: Memory total: Physical=31.9GB (32GB approx)
[2020.02.28-11.27.41:124][  0]LogMemory: Platform Memory Stats for Windows
[2020.02.28-11.27.41:124][  0]LogMemory: Process Physical Memory: 102.66 MB used, 102.66 MB peak
[2020.02.28-11.27.41:124][  0]LogMemory: Process Virtual Memory: 91.16 MB used, 91.16 MB peak
[2020.02.28-11.27.41:124][  0]LogMemory: Physical Memory: 5768.40 MB used,  26915.95 MB free, 32684.35 MB total
[2020.02.28-11.27.41:124][  0]LogMemory: Virtual Memory: 4638.32 MB used,  134213088.00 MB free, 134217728.00 MB total
[2020.02.28-11.27.41:153][  0]LogInit: Using OS detected language (en-GB).
[2020.02.28-11.27.41:153][  0]LogInit: Using OS detected locale (en-GB).
[2020.02.28-11.27.41:153][  0]LogTextLocalizationManager: No specific localization for 'en-GB' exists, so the 'en' localization will be used.
[2020.02.28-11.27.41:607][  0]LogStreaming: Display: Took  0.454s to InitEngineTextLocalization.
[2020.02.28-11.27.41:637][  0]LogSlate: New Slate User Created.  User Index 0, Is Virtual User: 0
[2020.02.28-11.27.41:637][  0]LogSlate: Slate User Registered.  User Index 0, Is Virtual User: 0
[2020.02.28-11.27.41:648][  0]LogHMD: Failed to initialize OpenVR with code 110
[2020.02.28-11.27.41:648][  0]LogD3D11RHI: D3D11 adapters:
[2020.02.28-11.27.41:728][  0]LogD3D11RHI:    0. 'NVIDIA GeForce GTX 1070' (Feature Level 11_0)
[2020.02.28-11.27.41:728][  0]LogD3D11RHI:       8088/0/16342 MB DedicatedVideo/DedicatedSystem/SharedSystem, Outputs:2, VendorId:0x10de
[2020.02.28-11.27.41:731][  0]LogD3D11RHI:    1. 'Microsoft Basic Render Driver' (Feature Level 11_0)
[2020.02.28-11.27.41:731][  0]LogD3D11RHI:       0/0/16342 MB DedicatedVideo/DedicatedSystem/SharedSystem, Outputs:0, VendorId:0x1414
[2020.02.28-11.27.41:731][  0]LogD3D11RHI: Chosen D3D11 Adapter: 0
[2020.02.28-11.27.41:738][  0]LogD3D11RHI: Creating new Direct3DDevice
[2020.02.28-11.27.41:738][  0]LogD3D11RHI:     GPU DeviceId: 0x1b81 (for the marketing name, search the web for "GPU Device Id")
[2020.02.28-11.27.41:738][  0]LogWindows: EnumDisplayDevices:
[2020.02.28-11.27.41:739][  0]LogWindows:    0. 'NVIDIA GeForce GTX 1070' (P:0 D:1)
[2020.02.28-11.27.41:739][  0]LogWindows:    1. 'NVIDIA GeForce GTX 1070' (P:1 D:1)
[2020.02.28-11.27.41:740][  0]LogWindows:    2. 'NVIDIA GeForce GTX 1070' (P:0 D:0)
[2020.02.28-11.27.41:741][  0]LogWindows:    3. 'NVIDIA GeForce GTX 1070' (P:0 D:0)
[2020.02.28-11.27.41:741][  0]LogWindows: DebugString: FoundDriverCount:4 
[2020.02.28-11.27.41:741][  0]LogD3D11RHI:     Adapter Name: NVIDIA GeForce GTX 1070
[2020.02.28-11.27.41:741][  0]LogD3D11RHI:   Driver Version: 431.70 (internal:26.21.14.3170, unified:431.70)
[2020.02.28-11.27.41:741][  0]LogD3D11RHI:      Driver Date: 7-24-2019
[2020.02.28-11.27.41:741][  0]LogRHI: Texture pool is 5661 MB (70% of 8088 MB)
[2020.02.28-11.27.41:788][  0]LogD3D11RHI: Async texture creation enabled
[2020.02.28-11.27.41:799][  0]LogD3D11RHI: GPU Timing Frequency: 1000.000000 (Debug: 2 1)
[2020.02.28-11.27.42:316][  0]LogTemp: Display: Loaded TP WindowsClientTargetPlatform
[2020.02.28-11.27.42:332][  0]LogTemp: Display: Loaded TP WindowsNoEditorTargetPlatform
[2020.02.28-11.27.42:348][  0]LogTemp: Display: Loaded TP WindowsServerTargetPlatform
[2020.02.28-11.27.42:364][  0]LogTemp: Display: Loaded TP WindowsTargetPlatform
[2020.02.28-11.27.42:365][  0]LogTargetPlatformManager: Display: Building Assets For Windows
[2020.02.28-11.27.42:434][  0]LogShaderCompilers: Guid format shader working directory is -5 characters bigger than the processId version (../../../../../../Users/V8022445/Desktop/GameJam 4.21/Intermediate/Shaders/WorkingDirectory/10376/).
[2020.02.28-11.27.42:434][  0]LogShaderCompilers: Cleaned the shader compiler working directory 'C:/Users/V8022445/AppData/Local/Temp/UnrealShaderWorkingDir/087CD7484C49FAAAD361C7832B1D21E5/'.
[2020.02.28-11.27.42:437][  0]LogXGEController: Cannot use XGE Controller as Incredibuild is not installed on this machine.
[2020.02.28-11.27.42:437][  0]LogShaderCompilers: Cannot use XGE Shader Compiler as Incredibuild is not installed on this machine.
[2020.02.28-11.27.42:437][  0]LogShaderCompilers: Display: Using Local Shader Compiler.
[2020.02.28-11.27.43:111][  0]LogDerivedDataCache: Display: Max Cache Size: 512 MB
[2020.02.28-11.27.43:167][  0]LogDerivedDataCache: Loaded boot cache 0.06s 71MB C:/Users/V8022445/AppData/Local/UnrealEngine/4.21/DerivedDataCache/Boot.ddc.
[2020.02.28-11.27.43:167][  0]LogDerivedDataCache: Display: Loaded Boot cache: C:/Users/V8022445/AppData/Local/UnrealEngine/4.21/DerivedDataCache/Boot.ddc
[2020.02.28-11.27.43:167][  0]LogDerivedDataCache: FDerivedDataBackendGraph:  Pak pak cache file ../../../../../../Users/V8022445/Desktop/GameJam 4.21/DerivedDataCache/DDC.ddp not found, will not use a pak cache.
[2020.02.28-11.27.43:167][  0]LogDerivedDataCache: Unable to find inner node Pak for hierarchical cache Hierarchy.
[2020.02.28-11.27.43:167][  0]LogDerivedDataCache: FDerivedDataBackendGraph:  CompressedPak pak cache file ../../../../../../Users/V8022445/Desktop/GameJam 4.21/DerivedDataCache/Compressed.ddp not found, will not use a pak cache.
[2020.02.28-11.27.43:168][  0]LogDerivedDataCache: Unable to find inner node CompressedPak for hierarchical cache Hierarchy.
[2020.02.28-11.27.43:187][  0]LogDerivedDataCache: Display: Pak cache opened for reading ../../../Engine/DerivedDataCache/Compressed.ddp.
[2020.02.28-11.27.43:187][  0]LogDerivedDataCache: FDerivedDataBackendGraph:  EnterprisePak pak cache file ../../../Enterprise/DerivedDataCache/Compressed.ddp not found, will not use a pak cache.
[2020.02.28-11.27.43:188][  0]LogDerivedDataCache: Unable to find inner node EnterprisePak for hierarchical cache Hierarchy.
[2020.02.28-11.27.43:200][  0]LogDerivedDataCache: Using Local data cache path C:/Users/V8022445/AppData/Local/UnrealEngine/Common/DerivedDataCache: Writable
[2020.02.28-11.27.43:200][  0]LogDerivedDataCache: Shared data cache path not found in *engine.ini, will not use an Shared cache.
[2020.02.28-11.27.43:200][  0]LogDerivedDataCache: Unable to find inner node Shared for hierarchical cache Hierarchy.
[2020.02.28-11.27.43:226][  0]LogMaterial: Verifying Global Shaders for PCD3D_SM5
[2020.02.28-11.27.43:228][  0]LogSlate: Using FreeType 2.6.0
[2020.02.28-11.27.43:229][  0]LogSlate: SlateFontServices - WITH_FREETYPE: 1, WITH_HARFBUZZ: 1
[2020.02.28-11.27.43:343][  0]LogInit: Using OS detected language (en-GB).
[2020.02.28-11.27.43:343][  0]LogInit: Using OS detected locale (en-GB).
[2020.02.28-11.27.43:344][  0]LogTextLocalizationManager: No localization for 'en-GB' exists, so 'en' will be used for the language.
[2020.02.28-11.27.43:344][  0]LogTextLocalizationManager: No localization for 'en-GB' exists, so 'en' will be used for the locale.
[2020.02.28-11.27.43:344][  0]LogSlate: FontCache flush requested. Reason: Culture for localization was changed
[2020.02.28-11.27.43:344][  0]LogSlate: FontCache flush requested. Reason: Culture for localization was changed
[2020.02.28-11.27.43:751][  0]LogStreaming: Display: Took  0.407s to InitGameTextLocalization.
[2020.02.28-11.27.43:760][  0]LogAssetRegistry: FAssetRegistry took 0.0051 seconds to start up
[2020.02.28-11.27.44:009][  0]LogPackageLocalizationCache: Processed 11 localized package path(s) for 1 prioritized culture(s) in 0.017943 seconds
[2020.02.28-11.27.44:163][  0]LogInit: Selected Device Profile: [Windows]
[2020.02.28-11.27.44:234][  0]LogSimplygon: Simplygon DLL not present - disabling.
[2020.02.28-11.27.44:238][  0]LogMeshReduction: Using SimplygonSwarm for distributed automatic mesh merging
[2020.02.28-11.27.44:238][  0]LogMeshReduction: Using ProxyLODMeshReduction for automatic mesh merging
[2020.02.28-11.27.44:238][  0]LogMeshReduction: Using QuadricMeshReduction for automatic static mesh reduction
[2020.02.28-11.27.44:238][  0]LogMeshReduction: No automatic skeletal mesh reduction module available
[2020.02.28-11.27.44:354][  0]LogNetVersion: GameJam 1.0.0, NetCL: 4541578, EngineNetVer: 5, GameNetVer: 0 (Checksum: 2938414643)
[2020.02.28-11.27.45:017][  0]LogMoviePlayer: Initializing movie player
[2020.02.28-11.27.45:121][  0]LogTcpMessaging: Initializing TcpMessaging bridge
[2020.02.28-11.27.45:134][  0]LogUdpMessaging: Initializing bridge on interface 0.0.0.0:0 to multicast group 230.0.0.1:6666.
[2020.02.28-11.27.45:207][  0]LogCollectionManager: Loaded 0 collections in 0.001980 seconds
[2020.02.28-11.27.45:243][  0]LogFileCache: Scanning file cache for directory 'C:/Users/V8022445/Desktop/GameJam 4.21/Saved/Collections/' took 0.01s
[2020.02.28-11.27.45:243][  0]LogFileCache: Scanning file cache for directory 'C:/Users/V8022445/Desktop/GameJam 4.21/Content/Developers/V8022445/Collections/' took 0.01s
[2020.02.28-11.27.45:243][  0]LogFileCache: Scanning file cache for directory 'C:/Users/V8022445/Desktop/GameJam 4.21/Content/Collections/' took 0.01s
[2020.02.28-11.27.45:243][  0]LogCollectionManager: Rebuilt the object cache for 0 collections in 0.000000 seconds (found 0 objects)
[2020.02.28-11.27.45:243][  0]LogCollectionManager: Fixed up redirectors for 0 collections in 0.000086 seconds (updated 0 objects)
[2020.02.28-11.27.45:280][  0]SourceControl: Source control is disabled
[2020.02.28-11.27.45:280][  0]SourceControl: Source control is disabled
[2020.02.28-11.27.45:281][  0]SourceControl: Source control is disabled
[2020.02.28-11.27.45:411][  0]LogAndroidPermission: UAndroidPermissionCallbackProxy::GetInstance
[2020.02.28-11.27.45:534][  0]LogOcInput: OculusInput pre-init called
[2020.02.28-11.27.45:545][  0]LogUObjectArray: 43359 objects as part of root set at end of initial load.
[2020.02.28-11.27.45:545][  0]LogUObjectAllocator: 7620144 out of 0 bytes used by permanent object pool.
[2020.02.28-11.27.45:545][  0]LogUObjectArray: CloseDisregardForGC: 0/0 objects in disregard for GC pool
[2020.02.28-11.27.45:681][  0]LogEngine: Initializing Engine...
[2020.02.28-11.27.45:682][  0]LogHMD: Failed to initialize OpenVR with code 110
[2020.02.28-11.27.45:694][  0]LogStats: UGameplayTagsManager::ConstructGameplayTagTree: ImportINI prefixes -  0.000 s
[2020.02.28-11.27.45:694][  0]LogStats: UGameplayTagsManager::ConstructGameplayTagTree: Construct from data asset -  0.000 s
[2020.02.28-11.27.45:694][  0]LogStats: UGameplayTagsManager::ConstructGameplayTagTree: ImportINI -  0.000 s
[2020.02.28-11.27.45:694][  0]LogStats: UGameplayTagsManager::ConstructGameplayTagTree: GameplayTagTreeChangedEvent.Broadcast -  0.000 s
[2020.02.28-11.27.45:904][  0]LogInit: Initializing FReadOnlyCVARCache
[2020.02.28-11.27.45:938][  0]LogInit: XAudio2 using 'Speakers (Realtek High Definition Audio)' : 2 channels at 48 kHz using 32 bits per sample (channel mask 0x3)
[2020.02.28-11.27.46:004][  0]LogInit: FAudioDevice initialized.
[2020.02.28-11.27.46:016][  0]LogNetVersion: Set ProjectVersion to 1.0.0.0. Version Checksum will be recalculated on next use.
[2020.02.28-11.27.46:026][  0]LogInit: Texture streaming: Enabled
[2020.02.28-11.27.46:207][  0]LogSlate: Updating window title bar state: overlay mode, drag disabled, window buttons hidden, title bar hidden
[2020.02.28-11.27.46:207][  0]LogInit: Display: Game Engine Initialized.
[2020.02.28-11.27.46:207][  0]LogGameplayTags: Display: UGameplayTagsManager::DoneAddingNativeTags. DelegateIsBound: 0
[2020.02.28-11.27.46:207][  0]LogStats: UGameplayTagsManager::ConstructGameplayTagTree: ImportINI prefixes -  0.000 s
[2020.02.28-11.27.46:207][  0]LogStats: UGameplayTagsManager::ConstructGameplayTagTree: Construct from data asset -  0.000 s
[2020.02.28-11.27.46:207][  0]LogStats: UGameplayTagsManager::ConstructGameplayTagTree: ImportINI -  0.000 s
[2020.02.28-11.27.46:207][  0]LogStats: UGameplayTagsManager::ConstructGameplayTagTree: GameplayTagTreeChangedEvent.Broadcast -  0.000 s
[2020.02.28-11.27.46:226][  0]LogInit: Display: Starting Game.
[2020.02.28-11.27.46:226][  0]LogNet: Browse: /Game/SideScrollerBP/Maps/SideScrollerExampleMap?Name=Player
[2020.02.28-11.27.46:226][  0]LogLoad: LoadMap: /Game/SideScrollerBP/Maps/SideScrollerExampleMap?Name=Player
[2020.02.28-11.27.46:898][  0]LogAIModule: Creating AISystem for world SideScrollerExampleMap
[2020.02.28-11.27.46:899][  0]LogLoad: Game class is 'SideScrollerGameMode_C'
[2020.02.28-11.27.46:906][  0]LogMaterial: Warning: Material /Game/StarterContent/Materials/M_Brick_Clay_Old.M_Brick_Clay_Old missing bUsedWithSkeletalMesh=True! Default Material will be used in game.
[2020.02.28-11.27.46:906][  0]LogMaterial: Warning:      The material will recompile every editor launch until resaved.
[2020.02.28-11.27.47:020][  0]LogWorld: Bringing World /Game/SideScrollerBP/Maps/SideScrollerExampleMap.SideScrollerExampleMap up for play (max tick rate 0) at 2020.02.28-11.27.47
[2020.02.28-11.27.47:027][  0]LogWorld: Bringing up level for play took: 0.127085
[2020.02.28-11.27.47:042][  0]LogLoad: Took 0.814192 seconds to LoadMap(/Game/SideScrollerBP/Maps/SideScrollerExampleMap)
[2020.02.28-11.27.47:104][  0]LogRenderer: Reallocating scene render targets to support 1280x720 Format 10 NumSamples 1 (Frame:1).
[2020.02.28-11.27.47:104][  0]LogLoad: (Engine Initialization) Total time: 7.83 seconds
[2020.02.28-11.27.47:104][  0]LogLoad: (Engine Initialization) Total Blueprint compile time: 0.00 seconds
[2020.02.28-11.27.47:138][  0]LogContentStreaming: Texture pool size now 1000 MB
[2020.02.28-11.27.49:548][123]LogBlueprintUserMessages: [DeathBarrier_2] SideScrollerCharacter
[2020.02.28-11.27.50:422][177]LogBlueprintUserMessages: [DeathBarrier_2] SideScrollerCharacter
[2020.02.28-11.27.53:170][347]LogBlueprintUserMessages: [DeathBarrier_2] SideScrollerCharacter
[2020.02.28-11.27.55:064][464]LogCharacterMovement: SideScrollerCharacter_78 is stuck and failed to move! Velocity: X=0.00 Y=600.00 Z=0.00 Location: X=1200.00 Y=-433.66 Z=222.03 Normal: X=0.64 Y=0.21 Z=0.74 PenetrationDepth:0.187 Actor:Cube_DM_2 Component:DestructibleComponent0 BoneName:Part11 (0 other events since notify)
[2020.02.28-11.27.55:435][487]LogBlueprintUserMessages: [DeathBarrier_2] SideScrollerCharacter
[2020.02.28-11.27.57:553][618]LogBlueprintUserMessages: [DeathBarrier_2] SideScrollerCharacter
[2020.02.28-11.27.59:865][761]LogSlate: FSceneViewport::OnFocusLost() reason 0
[2020.02.28-11.27.59:946][766]LogNet: Browse: /Game/SideScrollerBP/Maps/SideScrollerExampleMap
[2020.02.28-11.27.59:946][766]LogLoad: LoadMap: /Game/SideScrollerBP/Maps/SideScrollerExampleMap
[2020.02.28-11.28.00:546][766]LogAIModule: Creating AISystem for world SideScrollerExampleMap
[2020.02.28-11.28.00:546][766]LogLoad: Game class is 'SideScrollerGameMode_C'
[2020.02.28-11.28.00:548][766]LogMaterial: Warning: Material /Game/StarterContent/Materials/M_Brick_Clay_Old.M_Brick_Clay_Old missing bUsedWithSkeletalMesh=True! Default Material will be used in game.
[2020.02.28-11.28.00:548][766]LogMaterial: Warning:      The material will recompile every editor launch until resaved.
[2020.02.28-11.28.00:662][766]LogWorld: Bringing World /Game/SideScrollerBP/Maps/SideScrollerExampleMap.SideScrollerExampleMap up for play (max tick rate 0) at 2020.02.28-11.28.00
[2020.02.28-11.28.00:663][766]LogWorld: Bringing up level for play took: 0.116274
[2020.02.28-11.28.00:666][766]LogLoad: Took 0.718863 seconds to LoadMap(/Game/SideScrollerBP/Maps/SideScrollerExampleMap)
[2020.02.28-11.28.01:303][798]LogSlate: Window 'GameJam (64-bit Development PCD3D_SM5) ' being destroyed
[2020.02.28-11.28.01:304][798]LogWindowsTextInputMethodSystem: Display: IME system now deactivated.
[2020.02.28-11.28.01:306][798]LogWindowsTextInputMethodSystem: Display: IME system now deactivated.
[2020.02.28-11.28.01:307][798]LogSlate: Updating window title bar state: overlay mode, drag disabled, window buttons hidden, title bar hidden
[2020.02.28-11.28.01:307][798]LogEngine: All Windows Closed
[2020.02.28-11.28.01:307][798]LogWindows: FPlatformMisc::RequestExit(0)
[2020.02.28-11.28.01:726][799]LogExit: Preparing to exit.
[2020.02.28-11.28.01:726][799]LogMoviePlayer: Shutting down movie player
[2020.02.28-11.28.02:191][799]LogSlate: Updating window title bar state: overlay mode, drag disabled, window buttons hidden, title bar hidden
[2020.02.28-11.28.02:206][799]LogExit: Game engine shut down
[2020.02.28-11.28.02:269][799]LogExit: Object subsystem successfully closed.
[2020.02.28-11.28.02:282][799]LogShaderCompilers: Display: Shaders left to compile 0
[2020.02.28-11.28.02:285][799]LogD3D11RHI: Shutdown
[2020.02.28-11.28.02:285][799]LogD3D11RHI: CleanupD3DDevice
[2020.02.28-11.28.02:287][799]LogD3D11RHI: ~FD3D11DynamicRHI
[2020.02.28-11.28.02:310][799]LogModuleManager: Shutting down and abandoning module SequenceRecorderSections (390)
[2020.02.28-11.28.02:310][799]LogModuleManager: Shutting down and abandoning module SequenceRecorder (388)
[2020.02.28-11.28.02:310][799]LogModuleManager: Shutting down and abandoning module AutomationController (386)
[2020.02.28-11.28.02:310][799]LogModuleManager: Shutting down and abandoning module AutomationWorker (384)
[2020.02.28-11.28.02:310][799]LogModuleManager: Shutting down and abandoning module Voice (382)
[2020.02.28-11.28.02:310][799]LogModuleManager: Shutting down and abandoning module AIModule (380)
[2020.02.28-11.28.02:310][799]LogModuleManager: Shutting down and abandoning module GameplayDebugger (379)
[2020.02.28-11.28.02:310][799]LogModuleManager: Shutting down and abandoning module AITestSuite (377)
[2020.02.28-11.28.02:310][799]LogModuleManager: Shutting down and abandoning module NavigationSystem (375)
[2020.02.28-11.28.02:310][799]LogModuleManager: Shutting down and abandoning module WmfMediaFactory (372)
[2020.02.28-11.28.02:310][799]LogModuleManager: Shutting down and abandoning module WebMMediaFactory (370)
[2020.02.28-11.28.02:310][799]LogModuleManager: Shutting down and abandoning module WebMMedia (368)
[2020.02.28-11.28.02:310][799]LogModuleManager: Shutting down and abandoning module OpenExrWrapper (366)
[2020.02.28-11.28.02:310][799]LogModuleManager: Shutting down and abandoning module ImgMediaFactory (364)
[2020.02.28-11.28.02:311][799]LogModuleManager: Shutting down and abandoning module AvfMediaFactory (362)
[2020.02.28-11.28.02:311][799]LogModuleManager: Shutting down and abandoning module MagicLeapCameraPreviewFactory (360)
[2020.02.28-11.28.02:311][799]LogModuleManager: Shutting down and abandoning module MagicLeapMediaFactory (358)
[2020.02.28-11.28.02:311][799]LogModuleManager: Shutting down and abandoning module CharacterAI (356)
[2020.02.28-11.28.02:311][799]LogModuleManager: Shutting down and abandoning module SessionServices (354)
[2020.02.28-11.28.02:311][799]LogModuleManager: Shutting down and abandoning module MovieSceneCapture (352)
[2020.02.28-11.28.02:311][799]LogModuleManager: Shutting down and abandoning module MovieSceneTracks (350)
[2020.02.28-11.28.02:311][799]LogModuleManager: Shutting down and abandoning module MovieScene (348)
[2020.02.28-11.28.02:311][799]LogModuleManager: Shutting down and abandoning module StreamingPauseRendering (346)
[2020.02.28-11.28.02:311][799]LogModuleManager: Shutting down and abandoning module PortalServices (344)
[2020.02.28-11.28.02:311][799]LogModuleManager: Shutting down and abandoning module PortalRpc (342)
[2020.02.28-11.28.02:311][799]LogModuleManager: Shutting down and abandoning module MessagingRpc (340)
[2020.02.28-11.28.02:311][799]LogModuleManager: Shutting down and abandoning module ImageWriteQueue (338)
[2020.02.28-11.28.02:312][799]LogModuleManager: Shutting down and abandoning module ProfilerService (336)
[2020.02.28-11.28.02:394][799]LogModuleManager: Shutting down and abandoning module TaskGraph (334)
[2020.02.28-11.28.02:394][799]LogModuleManager: Shutting down and abandoning module SteamVRController (332)
[2020.02.28-11.28.02:394][799]LogModuleManager: Shutting down and abandoning module ProceduralMeshComponent (330)
[2020.02.28-11.28.02:394][799]LogModuleManager: Shutting down and abandoning module OculusInput (328)
[2020.02.28-11.28.02:394][799]LogModuleManager: Shutting down and abandoning module MobilePatchingUtils (326)
[2020.02.28-11.28.02:394][799]LogModuleManager: Shutting down and abandoning module EditableMesh (324)
[2020.02.28-11.28.02:394][799]LogModuleManager: Shutting down and abandoning module CustomMeshComponent (322)
[2020.02.28-11.28.02:394][799]LogModuleManager: Shutting down and abandoning module CableComponent (320)
[2020.02.28-11.28.02:394][799]LogModuleManager: Shutting down and abandoning module AudioCapture (318)
[2020.02.28-11.28.02:394][799]LogModuleManager: Shutting down and abandoning module ArchVisCharacter (316)
[2020.02.28-11.28.02:394][799]LogModuleManager: Shutting down and abandoning module AndroidPermission (314)
[2020.02.28-11.28.02:394][799]LogModuleManager: Shutting down and abandoning module NUTUnrealEngine4 (312)
[2020.02.28-11.28.02:394][799]LogModuleManager: Shutting down and abandoning module NetcodeUnitTest (310)
[2020.02.28-11.28.02:394][799]LogModuleManager: Shutting down and abandoning module MediaCompositing (308)
[2020.02.28-11.28.02:394][799]LogModuleManager: Shutting down and abandoning module LinearTimecode (306)
[2020.02.28-11.28.02:394][799]LogModuleManager: Shutting down and abandoning module ImgMedia (304)
[2020.02.28-11.28.02:397][799]LogModuleManager: Shutting down and abandoning module HTML5Networking (302)
[2020.02.28-11.28.02:397][799]LogModuleManager: Shutting down and abandoning module GeometryCacheTracks (300)
[2020.02.28-11.28.02:397][799]LogModuleManager: Shutting down and abandoning module GeometryCacheSequencer (299)
[2020.02.28-11.28.02:397][799]LogModuleManager: Shutting down and abandoning module GeometryCache (296)
[2020.02.28-11.28.02:397][799]LogModuleManager: Shutting down and abandoning module GeometryCacheEd (295)
[2020.02.28-11.28.02:397][799]LogModuleManager: Shutting down and abandoning module BackChannel (292)
[2020.02.28-11.28.02:397][799]LogModuleManager: Shutting down and abandoning module AppleVision (290)
[2020.02.28-11.28.02:397][799]LogModuleManager: Shutting down and abandoning module AppleImageUtilsBlueprintSupport (288)
[2020.02.28-11.28.02:397][799]LogModuleManager: Shutting down and abandoning module AppleImageUtils (286)
[2020.02.28-11.28.02:397][799]LogModuleManager: Shutting down and abandoning module VariantManagerContent (284)
[2020.02.28-11.28.02:397][799]LogModuleManager: Shutting down and abandoning module CryptoKeysOpenSSL (282)
[2020.02.28-11.28.02:397][799]LogModuleManager: Shutting down and abandoning module CryptoKeys (280)
[2020.02.28-11.28.02:397][799]LogModuleManager: Shutting down and abandoning module VisualStudioSourceCodeAccess (278)
[2020.02.28-11.28.02:397][799]LogModuleManager: Shutting down and abandoning module HotReload (277)
[2020.02.28-11.28.02:397][799]LogModuleManager: Shutting down and abandoning module VisualStudioCodeSourceCodeAccess (274)
[2020.02.28-11.28.02:397][799]LogModuleManager: Shutting down and abandoning module UObjectPlugin (272)
[2020.02.28-11.28.02:397][799]LogModuleManager: Shutting down and abandoning module SubversionSourceControl (270)
[2020.02.28-11.28.02:397][799]LogModuleManager: Shutting down and abandoning module PerforceSourceControl (268)
[2020.02.28-11.28.02:397][799]LogModuleManager: Shutting down and abandoning module SourceControl (267)
[2020.02.28-11.28.02:397][799]LogModuleManager: Shutting down and abandoning module CLionSourceCodeAccess (264)
[2020.02.28-11.28.02:397][799]LogModuleManager: Shutting down and abandoning module ActorLayerUtilities (262)
[2020.02.28-11.28.02:397][799]LogModuleManager: Shutting down and abandoning module RuntimePhysXCooking (260)
[2020.02.28-11.28.02:397][799]LogModuleManager: Shutting down and abandoning module PhysXVehiclesEditor (258)
[2020.02.28-11.28.02:397][799]LogModuleManager: Shutting down and abandoning module PhysXVehicles (256)
[2020.02.28-11.28.02:397][799]LogModuleManager: Shutting down and abandoning module LocationServicesBPLibrary (254)
[2020.02.28-11.28.02:397][799]LogModuleManager: Shutting down and abandoning module ApexDestructionEditor (252)
[2020.02.28-11.28.02:397][799]LogModuleManager: Shutting down and abandoning module ContentBrowser (251)
[2020.02.28-11.28.02:397][799]LogModuleManager: Shutting down and abandoning module CollectionManager (250)
[2020.02.28-11.28.02:397][799]LogModuleManager: Shutting down and abandoning module DirectoryWatcher (249)
[2020.02.28-11.28.02:397][799]LogModuleManager: Shutting down and abandoning module ApexDestruction (244)
[2020.02.28-11.28.02:397][799]LogModuleManager: Shutting down and abandoning module ActorSequence (242)
[2020.02.28-11.28.02:397][799]LogModuleManager: Shutting down and abandoning module UdpMessaging (240)
[2020.02.28-11.28.02:499][799]LogModuleManager: Shutting down and abandoning module TcpMessaging (238)
[2020.02.28-11.28.03:169][799]LogModuleManager: Shutting down and abandoning module MagicLeapAudio (236)
[2020.02.28-11.28.03:169][799]LogModuleManager: Shutting down and abandoning module GameplayTagsEditor (234)
[2020.02.28-11.28.03:169][799]LogModuleManager: Shutting down and abandoning module FacialAnimation (232)
[2020.02.28-11.28.03:169][799]LogModuleManager: Shutting down and abandoning module DataValidation (230)
[2020.02.28-11.28.03:169][799]LogModuleManager: Shutting down and abandoning module AssetManagerEditor (228)
[2020.02.28-11.28.03:169][799]LogModuleManager: Shutting down and abandoning module TreeMap (227)
[2020.02.28-11.28.03:169][799]LogModuleManager: Shutting down and abandoning module LightPropagationVolumeRuntime (224)
[2020.02.28-11.28.03:169][799]LogModuleManager: Shutting down and abandoning module AISupportModule (222)
[2020.02.28-11.28.03:169][799]LogModuleManager: Shutting down and abandoning module Paper2D (220)
[2020.02.28-11.28.03:169][799]LogModuleManager: Shutting down and abandoning module WindowsMoviePlayer (218)
[2020.02.28-11.28.03:169][799]LogModuleManager: Shutting down and abandoning module WebMMoviePlayer (216)
[2020.02.28-11.28.03:169][799]LogModuleManager: Shutting down and abandoning module WmfMedia (214)
[2020.02.28-11.28.03:170][799]LogModuleManager: Shutting down and abandoning module Media (213)
[2020.02.28-11.28.03:176][799]LogModuleManager: Shutting down and abandoning module PacketHandler (210)
[2020.02.28-11.28.03:176][799]LogModuleManager: Shutting down and abandoning module ClothingSystemEditor (208)
[2020.02.28-11.28.03:176][799]LogModuleManager: Shutting down and abandoning module ClothingSystemRuntime (206)
[2020.02.28-11.28.03:176][799]LogModuleManager: Shutting down and abandoning module MediaAssets (204)
[2020.02.28-11.28.03:176][799]LogModuleManager: Shutting down and abandoning module Overlay (202)
[2020.02.28-11.28.03:176][799]LogModuleManager: Shutting down and abandoning module OverlayEditor (201)
[2020.02.28-11.28.03:176][799]LogModuleManager: Shutting down and abandoning module VREditor (198)
[2020.02.28-11.28.03:176][799]LogModuleManager: Shutting down and abandoning module StringTableEditor (196)
[2020.02.28-11.28.03:176][799]LogModuleManager: Shutting down and abandoning module GameplayTasksEditor (194)
[2020.02.28-11.28.03:176][799]LogModuleManager: Shutting down and abandoning module BehaviorTreeEditor (192)
[2020.02.28-11.28.03:176][799]LogModuleManager: Shutting down and abandoning module FunctionalTesting (190)
[2020.02.28-11.28.03:176][799]LogModuleManager: Shutting down and abandoning module CollisionAnalyzer (188)
[2020.02.28-11.28.03:176][799]LogModuleManager: Shutting down and abandoning module WorkspaceMenuStructure (187)
[2020.02.28-11.28.03:176][799]LogModuleManager: Shutting down and abandoning module UMG (184)
[2020.02.28-11.28.03:176][799]LogModuleManager: Shutting down and abandoning module UMGEditor (183)
[2020.02.28-11.28.03:176][799]LogModuleManager: Shutting down and abandoning module Sequencer (182)
[2020.02.28-11.28.03:176][799]LogModuleManager: Shutting down and abandoning module MessageLog (179)
[2020.02.28-11.28.03:176][799]LogModuleManager: Shutting down and abandoning module SlateReflector (174)
[2020.02.28-11.28.03:176][799]LogModuleManager: Shutting down and abandoning module Slate (172)
[2020.02.28-11.28.03:176][799]LogModuleManager: Shutting down and abandoning module EditorStyle (170)
[2020.02.28-11.28.03:178][799]LogModuleManager: Shutting down and abandoning module MRMesh (168)
[2020.02.28-11.28.03:178][799]LogModuleManager: Shutting down and abandoning module Messaging (166)
[2020.02.28-11.28.03:178][799]LogModuleManager: Shutting down and abandoning module SourceCodeAccess (164)
[2020.02.28-11.28.03:178][799]LogModuleManager: Shutting down and abandoning module HeadMountedDisplay (162)
[2020.02.28-11.28.03:178][799]LogModuleManager: Shutting down and abandoning module XAudio2 (160)
[2020.02.28-11.28.03:178][799]LogModuleManager: Shutting down and abandoning module Networking (158)
[2020.02.28-11.28.03:178][799]LogModuleManager: Shutting down and abandoning module Core (156)
[2020.02.28-11.28.03:178][799]LogModuleManager: Shutting down and abandoning module LevelSequence (154)
[2020.02.28-11.28.03:178][799]LogModuleManager: Shutting down and abandoning module KismetCompiler (152)
[2020.02.28-11.28.03:178][799]LogModuleManager: Shutting down and abandoning module MeshUtilities (150)
[2020.02.28-11.28.03:178][799]LogModuleManager: Shutting down and abandoning module MeshMergeUtilities (149)
[2020.02.28-11.28.03:178][799]LogModuleManager: Shutting down and abandoning module MeshReductionInterface (148)
[2020.02.28-11.28.03:178][799]LogModuleManager: Shutting down and abandoning module SimplygonSwarm (147)
[2020.02.28-11.28.03:178][799]LogModuleManager: Shutting down and abandoning module ProxyLODMeshReduction (145)
[2020.02.28-11.28.03:178][799]LogModuleManager: Shutting down and abandoning module SimplygonMeshReduction (143)
[2020.02.28-11.28.03:178][799]LogModuleManager: Shutting down and abandoning module QuadricMeshReduction (141)
[2020.02.28-11.28.03:178][799]LogModuleManager: Shutting down and abandoning module MaterialBaking (137)
[2020.02.28-11.28.03:178][799]LogModuleManager: Shutting down and abandoning module PIEPreviewDeviceProfileSelector (132)
[2020.02.28-11.28.03:178][799]LogModuleManager: Shutting down and abandoning module DerivedDataCache (130)
[2020.02.28-11.28.03:256][799]LogDerivedDataCache: Shutdown
[2020.02.28-11.28.03:256][799]LogModuleManager: Shutting down and abandoning module XGEController (128)
[2020.02.28-11.28.03:256][799]LogModuleManager: Shutting down and abandoning module TargetPlatform (126)
[2020.02.28-11.28.03:256][799]LogModuleManager: Shutting down and abandoning module VulkanShaderFormat (125)
[2020.02.28-11.28.03:256][799]LogModuleManager: Shutting down and abandoning module ShaderFormatVectorVM (123)
[2020.02.28-11.28.03:256][799]LogModuleManager: Shutting down and abandoning module ShaderFormatOpenGL (121)
[2020.02.28-11.28.03:256][799]LogModuleManager: Shutting down and abandoning module ShaderFormatD3D (119)
[2020.02.28-11.28.03:256][799]LogModuleManager: Shutting down and abandoning module MetalShaderFormat (117)
[2020.02.28-11.28.03:256][799]LogModuleManager: Shutting down and abandoning module TextureFormatUncompressed (115)
[2020.02.28-11.28.03:256][799]LogModuleManager: Shutting down and abandoning module TextureFormatPVR (113)
[2020.02.28-11.28.03:256][799]LogModuleManager: Shutting down and abandoning module TextureFormatDXT (111)
[2020.02.28-11.28.03:256][799]LogModuleManager: Shutting down and abandoning module TextureFormatIntelISPCTexComp (109)
[2020.02.28-11.28.03:257][799]LogModuleManager: Shutting down and abandoning module TextureFormatASTC (107)
[2020.02.28-11.28.03:257][799]LogModuleManager: Shutting down and abandoning module ImageWrapper (106)
[2020.02.28-11.28.03:257][799]LogModuleManager: Shutting down and abandoning module TextureFormatAndroid (103)
[2020.02.28-11.28.03:257][799]LogModuleManager: Shutting down and abandoning module AudioFormatOpus (101)
[2020.02.28-11.28.03:257][799]LogModuleManager: Shutting down and abandoning module AudioFormatOgg (99)
[2020.02.28-11.28.03:257][799]LogModuleManager: Shutting down and abandoning module AudioFormatADPCM (97)
[2020.02.28-11.28.03:257][799]LogModuleManager: Shutting down and abandoning module WindowsTargetPlatform (95)
[2020.02.28-11.28.03:257][799]LogModuleManager: Shutting down and abandoning module WindowsServerTargetPlatform (93)
[2020.02.28-11.28.03:257][799]LogModuleManager: Shutting down and abandoning module WindowsNoEditorTargetPlatform (91)
[2020.02.28-11.28.03:257][799]LogModuleManager: Shutting down and abandoning module WindowsClientTargetPlatform (89)
[2020.02.28-11.28.03:257][799]LogModuleManager: Shutting down and abandoning module InputCore (86)
[2020.02.28-11.28.03:257][799]LogModuleManager: Shutting down and abandoning module Settings (84)
[2020.02.28-11.28.03:257][799]LogModuleManager: Shutting down and abandoning module PhysXCooking (82)
[2020.02.28-11.28.03:257][799]LogModuleManager: Shutting down and abandoning module SteamVR (80)
[2020.02.28-11.28.03:257][799]LogHMD: Freeing OpenVRDLLHandle.
[2020.02.28-11.28.03:257][799]LogModuleManager: Shutting down and abandoning module OculusHMD (78)
[2020.02.28-11.28.03:257][799]LogModuleManager: Shutting down and abandoning module ExampleDeviceProfileSelector (76)
[2020.02.28-11.28.03:257][799]LogModuleManager: Shutting down and abandoning module LauncherChunkInstaller (74)
[2020.02.28-11.28.03:257][799]LogModuleManager: Shutting down and abandoning module OnlineBlueprintSupport (72)
[2020.02.28-11.28.03:257][799]LogModuleManager: Shutting down and abandoning module OnlineSubsystem (68)
[2020.02.28-11.28.03:257][799]LogModuleManager: Shutting down and abandoning module XMPP (63)
[2020.02.28-11.28.03:257][799]LogModuleManager: Shutting down and abandoning module WebSockets (62)
[2020.02.28-11.28.03:287][799]LogModuleManager: Shutting down and abandoning module HTTP (59)
[2020.02.28-11.28.03:310][799]LogModuleManager: Shutting down and abandoning module SSL (58)
[2020.02.28-11.28.03:311][799]LogModuleManager: Shutting down and abandoning module MagicLeapIdentity (54)
[2020.02.28-11.28.03:311][799]LogModuleManager: Shutting down and abandoning module MagicLeapHelperVulkan (52)
[2020.02.28-11.28.03:312][799]LogModuleManager: Shutting down and abandoning module MagicLeapHelperOpenGL (50)
[2020.02.28-11.28.03:312][799]LogModuleManager: Shutting down and abandoning module MagicLeapSecureStorage (48)
[2020.02.28-11.28.03:312][799]LogModuleManager: Shutting down and abandoning module MagicLeapHandTracking (46)
[2020.02.28-11.28.03:312][799]LogModuleManager: Shutting down and abandoning module MagicLeapEyeTracker (44)
[2020.02.28-11.28.03:312][799]LogModuleManager: Shutting down and abandoning module MagicLeapController (42)
[2020.02.28-11.28.03:312][799]LogSlate: Slate User Destroyed.  User Index 0, Is Virtual User: 0
[2020.02.28-11.28.03:312][799]LogModuleManager: Shutting down and abandoning module MagicLeap (40)
[2020.02.28-11.28.03:312][799]LogModuleManager: Shutting down and abandoning module DatasmithContent (38)
[2020.02.28-11.28.03:312][799]LogModuleManager: Shutting down and abandoning module AnimationModifiers (36)
[2020.02.28-11.28.03:312][799]LogModuleManager: Shutting down and abandoning module PropertyEditor (35)
[2020.02.28-11.28.03:312][799]LogModuleManager: Shutting down and abandoning module AudioEditor (32)
[2020.02.28-11.28.03:312][799]LogModuleManager: Shutting down and abandoning module TextureCompressor (30)
[2020.02.28-11.28.03:313][799]LogModuleManager: Shutting down and abandoning module ShaderCore (28)
[2020.02.28-11.28.03:313][799]LogModuleManager: Shutting down and abandoning module Landscape (26)
[2020.02.28-11.28.03:313][799]LogModuleManager: Shutting down and abandoning module SlateRHIRenderer (24)
[2020.02.28-11.28.03:313][799]LogModuleManager: Shutting down and abandoning module OpenGLDrv (22)
[2020.02.28-11.28.03:313][799]LogModuleManager: Shutting down and abandoning module D3D11RHI (20)
[2020.02.28-11.28.03:313][799]LogModuleManager: Shutting down and abandoning module AnimGraphRuntime (18)
[2020.02.28-11.28.03:313][799]LogModuleManager: Shutting down and abandoning module Renderer (16)
[2020.02.28-11.28.03:313][799]LogModuleManager: Shutting down and abandoning module Engine (14)
[2020.02.28-11.28.03:313][799]LogModuleManager: Shutting down and abandoning module CoreUObject (12)
[2020.02.28-11.28.03:313][799]LogModuleManager: Shutting down and abandoning module NetworkFile (10)
[2020.02.28-11.28.03:313][799]LogModuleManager: Shutting down and abandoning module CookedIterativeFile (8)
[2020.02.28-11.28.03:313][799]LogModuleManager: Shutting down and abandoning module StreamingFile (6)
[2020.02.28-11.28.03:313][799]LogModuleManager: Shutting down and abandoning module SandboxFile (4)
[2020.02.28-11.28.03:313][799]LogModuleManager: Shutting down and abandoning module PakFile (2)
[2020.02.28-11.28.03:315][799]LogExit: Exiting.
[2020.02.28-11.28.03:328][799]Log file closed, 02/28/20 11:28:03
