Log file open, 02/10/20 11:07:16
LogWindows: Failed to load 'aqProf.dll' (GetLastError=126)
LogWindows: File 'aqProf.dll' does not exist
LogWindows: Failed to load 'VtuneApi.dll' (GetLastError=126)
LogWindows: File 'VtuneApi.dll' does not exist
LogWindows: Failed to load 'VtuneApi32e.dll' (GetLastError=126)
LogWindows: File 'VtuneApi32e.dll' does not exist
LogInit: Display: Running engine for game: GameJam
LogPlatformFile: Not using cached read wrapper
LogInit: Display: RandInit(-183000111) SRandInit(-183000111).
LogInit: Read version file with build ID '3944462'
LogInit: Overriding engine version to CL 4033788, compatible CL 3944462
LogInit: Registered custom module enumerator with build ID '3944462'
LogTaskGraph: Started task graph with 5 named threads and 14 total threads with 3 sets of task threads.
LogStats: Stats thread started at 0.776892
LogD3D11RHI: Aftermath initialized
LogICUInternationalization: Display: ICU TimeZone Detection - Raw Offset: +0:00, Platform Override: ''
LogModuleManager: Display: Found up-to-date module file ../../../Engine/Plugins/2D/Paper2D/Binaries/Win64/UE4Editor-Paper2D.dll (API version 3944462).
LogModuleManager: Display: Found up-to-date module file ../../../Engine/Plugins/2D/Paper2D/Binaries/Win64/UE4Editor-Paper2DEditor.dll (API version 3944462).
LogModuleManager: Display: Found up-to-date module file ../../../Engine/Plugins/2D/Paper2D/Binaries/Win64/UE4Editor-PaperSpriteSheetImporter.dll (API version 3944462).
LogModuleManager: Display: Found up-to-date module file ../../../Engine/Plugins/2D/Paper2D/Binaries/Win64/UE4Editor-PaperTiledImporter.dll (API version 3944462).
LogModuleManager: Display: Found up-to-date module file ../../../Engine/Plugins/2D/Paper2D/Binaries/Win64/UE4Editor-SmartSnapping.dll (API version 3944462).
LogModuleManager: Display: Found up-to-date module file ../../../Engine/Plugins/Blendables/LightPropagationVolume/Binaries/Win64/UE4Editor-LightPropagationVolumeRuntime.dll (API version 3944462).
LogModuleManager: Display: Found up-to-date module file ../../../Engine/Plugins/Blendables/LightPropagationVolume/Binaries/Win64/UE4Editor-LightPropagationVolumeEditor.dll (API version 3944462).
LogModuleManager: Display: Found up-to-date module file ../../../Engine/Plugins/Developer/CLionSourceCodeAccess/Binaries/Win64/UE4Editor-CLionSourceCodeAccess.dll (API version 3944462).
LogModuleManager: Display: Found up-to-date module file ../../../Engine/Plugins/Developer/GitSourceControl/Binaries/Win64/UE4Editor-GitSourceControl.dll (API version 3944462).
LogModuleManager: Display: Found up-to-date module file ../../../Engine/Plugins/Developer/PerforceSourceControl/Binaries/Win64/UE4Editor-PerforceSourceControl.dll (API version 3944462).
LogModuleManager: Display: Found up-to-date module file ../../../Engine/Plugins/Developer/SubversionSourceControl/Binaries/Win64/UE4Editor-SubversionSourceControl.dll (API version 3944462).
LogModuleManager: Display: Found up-to-date module file ../../../Engine/Plugins/Developer/UObjectPlugin/Binaries/Win64/UE4Editor-UObjectPlugin.dll (API version 3944462).
LogModuleManager: Display: Found up-to-date module file ../../../Engine/Plugins/Developer/VisualStudioCodeSourceCodeAccess/Binaries/Win64/UE4Editor-VisualStudioCodeSourceCodeAccess.dll (API version 3944462).
LogModuleManager: Display: Found up-to-date module file ../../../Engine/Plugins/Developer/VisualStudioSourceCodeAccess/Binaries/Win64/UE4Editor-VisualStudioSourceCodeAccess.dll (API version 3944462).
LogModuleManager: Display: Found up-to-date module file ../../../Engine/Plugins/Editor/AssetManagerEditor/Binaries/Win64/UE4Editor-AssetManagerEditor.dll (API version 3944462).
LogModuleManager: Display: Found up-to-date module file ../../../Engine/Plugins/Editor/CryptoKeys/Binaries/Win64/UE4Editor-CryptoKeys.dll (API version 3944462).
LogModuleManager: Display: Found up-to-date module file ../../../Engine/Plugins/Editor/CryptoKeys/Binaries/Win64/UE4Editor-CryptoKeysOpenSSL.dll (API version 3944462).
LogModuleManager: Display: Found up-to-date module file ../../../Engine/Plugins/Editor/DataValidation/Binaries/Win64/UE4Editor-DataValidation.dll (API version 3944462).
LogModuleManager: Display: Found up-to-date module file ../../../Engine/Plugins/Editor/FacialAnimation/Binaries/Win64/UE4Editor-FacialAnimation.dll (API version 3944462).
LogModuleManager: Display: Found up-to-date module file ../../../Engine/Plugins/Editor/FacialAnimation/Binaries/Win64/UE4Editor-FacialAnimationEditor.dll (API version 3944462).
LogModuleManager: Display: Found up-to-date module file ../../../Engine/Plugins/Editor/GameplayTagsEditor/Binaries/Win64/UE4Editor-GameplayTagsEditor.dll (API version 3944462).
LogModuleManager: Display: Found up-to-date module file ../../../Engine/Plugins/Editor/MobileLauncherProfileWizard/Binaries/Win64/UE4Editor-MobileLauncherProfileWizard.dll (API version 3944462).
LogModuleManager: Display: Found up-to-date module file ../../../Engine/Plugins/Editor/PluginBrowser/Binaries/Win64/UE4Editor-PluginBrowser.dll (API version 3944462).
LogModuleManager: Display: Found up-to-date module file ../../../Engine/Plugins/Editor/SpeedTreeImporter/Binaries/Win64/UE4Editor-SpeedTreeImporter.dll (API version 3944462).
LogModuleManager: Display: Found up-to-date module file ../../../Engine/Plugins/Enterprise/DatasmithContent/Binaries/Win64/UE4Editor-DatasmithContent.dll (API version 3944462).
LogModuleManager: Display: Found up-to-date module file ../../../Engine/Plugins/Experimental/AlembicImporter/Binaries/Win64/UE4Editor-AlembicImporter.dll (API version 3944462).
LogModuleManager: Display: Found up-to-date module file ../../../Engine/Plugins/Experimental/AlembicImporter/Binaries/Win64/UE4Editor-AlembicLibrary.dll (API version 3944462).
LogModuleManager: Display: Found up-to-date module file ../../../Engine/Plugins/Experimental/CharacterAI/Binaries/Win64/UE4Editor-CharacterAI.dll (API version 3944462).
LogModuleManager: Display: Found up-to-date module file ../../../Engine/Plugins/Experimental/HTML5Networking/Binaries/Win64/UE4Editor-HTML5Networking.dll (API version 3944462).
LogModuleManager: Display: Found up-to-date module file ../../../Engine/Plugins/Media/AndroidMedia/Binaries/Win64/UE4Editor-AndroidMediaEditor.dll (API version 3944462).
LogModuleManager: Display: Found up-to-date module file ../../../Engine/Plugins/Media/AndroidMedia/Binaries/Win64/UE4Editor-AndroidMediaFactory.dll (API version 3944462).
LogModuleManager: Display: Found up-to-date module file ../../../Engine/Plugins/Media/AvfMedia/Binaries/Win64/UE4Editor-AvfMediaEditor.dll (API version 3944462).
LogModuleManager: Display: Found up-to-date module file ../../../Engine/Plugins/Media/AvfMedia/Binaries/Win64/UE4Editor-AvfMediaFactory.dll (API version 3944462).
LogModuleManager: Display: Found up-to-date module file ../../../Engine/Plugins/Media/AvfMedia/Binaries/Win64/UE4Editor-AvfMediaFactory.dll (API version 3944462).
LogModuleManager: Display: Found up-to-date module file ../../../Engine/Plugins/Media/ImgMedia/Binaries/Win64/UE4Editor-ImgMedia.dll (API version 3944462).
LogModuleManager: Display: Found up-to-date module file ../../../Engine/Plugins/Media/ImgMedia/Binaries/Win64/UE4Editor-ImgMediaEditor.dll (API version 3944462).
LogModuleManager: Display: Found up-to-date module file ../../../Engine/Plugins/Media/ImgMedia/Binaries/Win64/UE4Editor-ImgMediaFactory.dll (API version 3944462).
LogModuleManager: Display: Found up-to-date module file ../../../Engine/Plugins/Media/ImgMedia/Binaries/Win64/UE4Editor-ImgMediaFactory.dll (API version 3944462).
LogModuleManager: Display: Found up-to-date module file ../../../Engine/Plugins/Media/ImgMedia/Binaries/Win64/UE4Editor-OpenExrWrapper.dll (API version 3944462).
LogModuleManager: Display: Found up-to-date module file ../../../Engine/Plugins/Media/LinearTimecode/Binaries/Win64/UE4Editor-LinearTimecode.dll (API version 3944462).
LogModuleManager: Display: Found up-to-date module file ../../../Engine/Plugins/Media/MediaCompositing/Binaries/Win64/UE4Editor-MediaCompositing.dll (API version 3944462).
LogModuleManager: Display: Found up-to-date module file ../../../Engine/Plugins/Media/MediaCompositing/Binaries/Win64/UE4Editor-MediaCompositingEditor.dll (API version 3944462).
LogModuleManager: Display: Found up-to-date module file ../../../Engine/Plugins/Media/MediaPlayerEditor/Binaries/Win64/UE4Editor-MediaPlayerEditor.dll (API version 3944462).
LogModuleManager: Display: Found up-to-date module file ../../../Engine/Plugins/Media/WmfMedia/Binaries/Win64/UE4Editor-WmfMedia.dll (API version 3944462).
LogModuleManager: Display: Found up-to-date module file ../../../Engine/Plugins/Media/WmfMedia/Binaries/Win64/UE4Editor-WmfMediaEditor.dll (API version 3944462).
LogModuleManager: Display: Found up-to-date module file ../../../Engine/Plugins/Media/WmfMedia/Binaries/Win64/UE4Editor-WmfMediaFactory.dll (API version 3944462).
LogModuleManager: Display: Found up-to-date module file ../../../Engine/Plugins/Media/WmfMedia/Binaries/Win64/UE4Editor-WmfMediaFactory.dll (API version 3944462).
LogModuleManager: Display: Found up-to-date module file ../../../Engine/Plugins/Messaging/TcpMessaging/Binaries/Win64/UE4Editor-TcpMessaging.dll (API version 3944462).
LogModuleManager: Display: Found up-to-date module file ../../../Engine/Plugins/Messaging/UdpMessaging/Binaries/Win64/UE4Editor-UdpMessaging.dll (API version 3944462).
LogModuleManager: Display: Found up-to-date module file ../../../Engine/Plugins/MovieScene/ActorSequence/Binaries/Win64/UE4Editor-ActorSequence.dll (API version 3944462).
LogModuleManager: Display: Found up-to-date module file ../../../Engine/Plugins/MovieScene/LevelSequenceEditor/Binaries/Win64/UE4Editor-LevelSequenceEditor.dll (API version 3944462).
LogModuleManager: Display: Found up-to-date module file ../../../Engine/Plugins/MovieScene/MatineeToLevelSequence/Binaries/Win64/UE4Editor-MatineeToLevelSequence.dll (API version 3944462).
LogModuleManager: Display: Found up-to-date module file ../../../Engine/Plugins/NetcodeUnitTest/NetcodeUnitTest/Binaries/Win64/UE4Editor-NetcodeUnitTest.dll (API version 3944462).
LogModuleManager: Display: Found up-to-date module file ../../../Engine/Plugins/NetcodeUnitTest/NUTUnrealEngine4/Binaries/Win64/UE4Editor-NUTUnrealEngine4.dll (API version 3944462).
LogModuleManager: Display: Found up-to-date module file ../../../Engine/Plugins/Online/OnlineSubsystem/Binaries/Win64/UE4Editor-OnlineSubsystem.dll (API version 3944462).
LogModuleManager: Display: Found up-to-date module file ../../../Engine/Plugins/Runtime/AndroidPermission/Binaries/Win64/UE4Editor-AndroidPermission.dll (API version 3944462).
LogModuleManager: Display: Found up-to-date module file ../../../Engine/Plugins/Online/OnlineSubsystemNull/Binaries/Win64/UE4Editor-OnlineSubsystemNull.dll (API version 3944462).
LogModuleManager: Display: Found up-to-date module file ../../../Engine/Plugins/Online/OnlineSubsystemUtils/Binaries/Win64/UE4Editor-OnlineSubsystemUtils.dll (API version 3944462).
LogModuleManager: Display: Found up-to-date module file ../../../Engine/Plugins/Online/OnlineSubsystemUtils/Binaries/Win64/UE4Editor-OnlineBlueprintSupport.dll (API version 3944462).
LogModuleManager: Display: Found up-to-date module file ../../../Engine/Plugins/Runtime/AndroidDeviceProfileSelector/Binaries/Win64/UE4Editor-AndroidDeviceProfileSelector.dll (API version 3944462).
LogModuleManager: Display: Found up-to-date module file ../../../Engine/Plugins/Runtime/AppleARKit/Binaries/Win64/UE4Editor-AppleARKit.dll (API version 3944462).
LogModuleManager: Display: Found up-to-date module file ../../../Engine/Plugins/Runtime/ProceduralMeshComponent/Binaries/Win64/UE4Editor-ProceduralMeshComponent.dll (API version 3944462).
LogModuleManager: Display: Found up-to-date module file ../../../Engine/Plugins/Runtime/ProceduralMeshComponent/Binaries/Win64/UE4Editor-ProceduralMeshComponentEditor.dll (API version 3944462).
LogModuleManager: Display: Found up-to-date module file ../../../Engine/Plugins/Animation/LiveLink/Binaries/Win64/UE4Editor-LiveLink.dll (API version 3944462).
LogModuleManager: Display: Found up-to-date module file ../../../Engine/Plugins/Animation/LiveLink/Binaries/Win64/UE4Editor-LiveLinkEditor.dll (API version 3944462).
LogModuleManager: Display: Found up-to-date module file ../../../Engine/Plugins/Runtime/ArchVisCharacter/Binaries/Win64/UE4Editor-ArchVisCharacter.dll (API version 3944462).
LogModuleManager: Display: Found up-to-date module file ../../../Engine/Plugins/Runtime/AudioCapture/Binaries/Win64/UE4Editor-AudioCapture.dll (API version 3944462).
LogModuleManager: Display: Found up-to-date module file ../../../Engine/Plugins/Runtime/AudioCapture/Binaries/Win64/UE4Editor-AudioCaptureEditor.dll (API version 3944462).
LogModuleManager: Display: Found up-to-date module file ../../../Engine/Plugins/Runtime/CableComponent/Binaries/Win64/UE4Editor-CableComponent.dll (API version 3944462).
LogModuleManager: Display: Found up-to-date module file ../../../Engine/Plugins/Runtime/CustomMeshComponent/Binaries/Win64/UE4Editor-CustomMeshComponent.dll (API version 3944462).
LogModuleManager: Display: Found up-to-date module file ../../../Engine/Plugins/Runtime/ExampleDeviceProfileSelector/Binaries/Win64/UE4Editor-ExampleDeviceProfileSelector.dll (API version 3944462).
LogModuleManager: Display: Found up-to-date module file ../../../Engine/Plugins/Runtime/ImmediatePhysics/Binaries/Win64/UE4Editor-ImmediatePhysics.dll (API version 3944462).
LogModuleManager: Display: Found up-to-date module file ../../../Engine/Plugins/Runtime/ImmediatePhysics/Binaries/Win64/UE4Editor-ImmediatePhysicsEditor.dll (API version 3944462).
LogModuleManager: Display: Found up-to-date module file ../../../Engine/Plugins/Runtime/LocationServicesBPLibrary/Binaries/Win64/UE4Editor-LocationServicesBPLibrary.dll (API version 3944462).
LogModuleManager: Display: Found up-to-date module file ../../../Engine/Plugins/Runtime/MobilePatchingUtils/Binaries/Win64/UE4Editor-MobilePatchingUtils.dll (API version 3944462).
LogModuleManager: Display: Found up-to-date module file ../../../Engine/Plugins/Runtime/Oculus/OculusVR/Binaries/Win64/UE4Editor-OculusHMD.dll (API version 3944462).
LogModuleManager: Display: Found up-to-date module file ../../../Engine/Plugins/Runtime/Oculus/OculusVR/Binaries/Win64/UE4Editor-OculusInput.dll (API version 3944462).
LogModuleManager: Display: Found up-to-date module file ../../../Engine/Plugins/Runtime/Oculus/OculusVR/Binaries/Win64/UE4Editor-OculusEditor.dll (API version 3944462).
LogModuleManager: Display: Found up-to-date module file ../../../Engine/Plugins/Runtime/PhysXVehicles/Binaries/Win64/UE4Editor-PhysXVehicles.dll (API version 3944462).
LogModuleManager: Display: Found up-to-date module file ../../../Engine/Plugins/Runtime/PhysXVehicles/Binaries/Win64/UE4Editor-PhysXVehiclesEditor.dll (API version 3944462).
LogModuleManager: Display: Found up-to-date module file ../../../Engine/Plugins/Runtime/RuntimePhysXCooking/Binaries/Win64/UE4Editor-RuntimePhysXCooking.dll (API version 3944462).
LogModuleManager: Display: Found up-to-date module file ../../../Engine/Plugins/Runtime/Steam/SteamVR/Binaries/Win64/UE4Editor-SteamVR.dll (API version 3944462).
LogModuleManager: Display: Found up-to-date module file ../../../Engine/Plugins/Runtime/Steam/SteamVR/Binaries/Win64/UE4Editor-SteamVRController.dll (API version 3944462).
LogModuleManager: Display: Found up-to-date module file ../../../Engine/Plugins/Runtime/WindowsMoviePlayer/Binaries/Win64/UE4Editor-WindowsMoviePlayer.dll (API version 3944462).
LogPluginManager: Mounting plugin Paper2D
LogPluginManager: Mounting plugin LiveLink
LogPluginManager: Mounting plugin LightPropagationVolume
LogPluginManager: Mounting plugin CLionSourceCodeAccess
LogPluginManager: Mounting plugin CodeLiteSourceCodeAccess
LogPluginManager: Mounting plugin GitSourceControl
LogPluginManager: Mounting plugin KDevelopSourceCodeAccess
LogPluginManager: Mounting plugin NullSourceCodeAccess
LogPluginManager: Mounting plugin PerforceSourceControl
LogPluginManager: Mounting plugin SubversionSourceControl
LogPluginManager: Mounting plugin UObjectPlugin
LogPluginManager: Mounting plugin VisualStudioCodeSourceCodeAccess
LogPluginManager: Mounting plugin VisualStudioSourceCodeAccess
LogPluginManager: Mounting plugin XCodeSourceCodeAccess
LogPluginManager: Mounting plugin AssetManagerEditor
LogPluginManager: Mounting plugin CryptoKeys
LogPluginManager: Mounting plugin DataValidation
LogPluginManager: Mounting plugin FacialAnimation
LogPluginManager: Mounting plugin GameplayTagsEditor
LogPluginManager: Mounting plugin MobileLauncherProfileWizard
LogPluginManager: Mounting plugin PluginBrowser
LogPluginManager: Mounting plugin SpeedTreeImporter
LogPluginManager: Mounting plugin DatasmithContent
LogPluginManager: Mounting plugin AlembicImporter
LogPluginManager: Mounting plugin CharacterAI
LogPluginManager: Mounting plugin HTML5Networking
LogPluginManager: Mounting plugin AndroidMedia
LogPluginManager: Mounting plugin AvfMedia
LogPluginManager: Mounting plugin ImgMedia
LogPluginManager: Mounting plugin LinearTimecode
LogPluginManager: Mounting plugin MediaCompositing
LogPluginManager: Mounting plugin MediaPlayerEditor
LogPluginManager: Mounting plugin WmfMedia
LogPluginManager: Mounting plugin TcpMessaging
LogPluginManager: Mounting plugin UdpMessaging
LogPluginManager: Mounting plugin ActorSequence
LogPluginManager: Mounting plugin LevelSequenceEditor
LogPluginManager: Mounting plugin MatineeToLevelSequence
LogPluginManager: Mounting plugin NetcodeUnitTest
LogPluginManager: Mounting plugin NUTUnrealEngine4
LogPluginManager: Mounting plugin OnlineSubsystemGooglePlay
LogPluginManager: Mounting plugin OnlineSubsystemIOS
LogPluginManager: Mounting plugin OnlineSubsystem
LogPluginManager: Mounting plugin OnlineSubsystemNull
LogPluginManager: Mounting plugin OnlineSubsystemUtils
LogPluginManager: Mounting plugin AndroidDeviceProfileSelector
LogPluginManager: Mounting plugin AndroidMoviePlayer
LogPluginManager: Mounting plugin AndroidPermission
LogPluginManager: Mounting plugin AppleARKit
LogPluginManager: Mounting plugin AppleMoviePlayer
LogPluginManager: Mounting plugin ArchVisCharacter
LogPluginManager: Mounting plugin AudioCapture
LogPluginManager: Mounting plugin CableComponent
LogPluginManager: Mounting plugin CustomMeshComponent
LogPluginManager: Mounting plugin ExampleDeviceProfileSelector
LogPluginManager: Mounting plugin GoogleCloudMessaging
LogPluginManager: Mounting plugin ImmediatePhysics
LogPluginManager: Mounting plugin IOSDeviceProfileSelector
LogPluginManager: Mounting plugin LinuxDeviceProfileSelector
LogPluginManager: Mounting plugin LocationServicesBPLibrary
LogPluginManager: Mounting plugin MobilePatchingUtils
LogPluginManager: Mounting plugin OculusVR
LogPluginManager: Plugin shader directory ../../../Engine/Plugins/Runtime/Oculus/OculusVR/Shaders found
LogPluginManager: Mapping shader source directory ../../../Engine/Plugins/Runtime/Oculus/OculusVR/Shaders to virtual directory /Plugin/OculusVR
LogPluginManager: Mounting plugin PhysXVehicles
LogPluginManager: Mounting plugin ProceduralMeshComponent
LogPluginManager: Mounting plugin RuntimePhysXCooking
LogPluginManager: Mounting plugin SteamVR
LogPluginManager: Mounting plugin WindowsMoviePlayer
LogStreaming: Display: Took  1.901s to configure plugins.
LogInit: Using libcurl 7.47.1
LogInit:  - built for x86_64-pc-win32
LogInit:  - supports SSL with OpenSSL/1.0.2g
LogInit:  - supports HTTP deflate (compression) using libz 1.2.8
LogInit:  - other features:
LogInit:      CURL_VERSION_SSL
LogInit:      CURL_VERSION_LIBZ
LogInit:      CURL_VERSION_IPV6
LogInit:      CURL_VERSION_ASYNCHDNS
LogInit:      CURL_VERSION_LARGEFILE
LogInit:      CURL_VERSION_IDN
LogInit:  CurlRequestOptions (configurable via config and command line):
LogInit:  - bVerifyPeer = false  - Libcurl will NOT verify peer certificate
LogInit:  - bUseHttpProxy = false  - Libcurl will NOT use HTTP proxy
LogInit:  - bDontReuseConnections = false  - Libcurl will reuse connections
LogInit:  - CertBundlePath = nullptr  - Libcurl will use whatever was configured at build time.
LogInit:  - MaxHostConnections = 16  - Libcurl will limit the number of connections to a host
LogInit:  - LocalHostAddr = Default
LogInit: WinSock: version 1.1 (2.2), MaxSocks=32767, MaxUdp=65467
LogInit: WinSock: I am TU46963 (152.105.20.200:0)
LogInit: Build: ++UE4+Release-4.19-CL-4033788
LogInit: Engine Version: 4.19.2-4033788+++UE4+Release-4.19
LogInit: Compatible Engine Version: 4.19.0-3944462+++UE4+Release-4.19
LogInit: Net CL: 3944462
LogDevObjectVersion: Number of dev versions registered: 18
LogDevObjectVersion:   Dev-Blueprints (B0D832E4-1F89-4F0D-ACCF-7EB736FD4AA2): 10
LogDevObjectVersion:   Dev-Build (E1C64328-A22C-4D53-A36C-8E866417BD8C): 0
LogDevObjectVersion:   Dev-Core (375EC13C-06E4-48FB-B500-84F0262A717E): 2
LogDevObjectVersion:   Dev-Editor (E4B068ED-F494-42E9-A231-DA0B2E46BB41): 23
LogDevObjectVersion:   Dev-Framework (CFFC743F-43B0-4480-9391-14DF171D2073): 33
LogDevObjectVersion:   Dev-Mobile (B02B49B5-BB20-44E9-A304-32B752E40360): 2
LogDevObjectVersion:   Dev-Networking (A4E4105C-59A1-49B5-A7C5-40C4547EDFEE): 0
LogDevObjectVersion:   Dev-Online (39C831C9-5AE6-47DC-9A44-9C173E1C8E7C): 0
LogDevObjectVersion:   Dev-Physics (78F01B33-EBEA-4F98-B9B4-84EACCB95AA2): 0
LogDevObjectVersion:   Dev-Platform (6631380F-2D4D-43E0-8009-CF276956A95A): 0
LogDevObjectVersion:   Dev-Rendering (12F88B9F-8875-4AFC-A67C-D90C383ABD29): 25
LogDevObjectVersion:   Dev-Sequencer (7B5AE74C-D270-4C10-A958-57980B212A5A): 6
LogDevObjectVersion:   Dev-VR (D7296918-1DD6-4BDD-9DE2-64A83CC13884): 1
LogDevObjectVersion:   Dev-LoadTimes (C2A15278-BFE7-4AFE-6C17-90FF531DF755): 1
LogDevObjectVersion:   Private-Geometry (6EACA3D4-40EC-4CC1-B786-8BED09428FC5): 2
LogDevObjectVersion:   Dev-AnimPhys (29E575DD-E0A3-4627-9D10-D276232CDCEA): 16
LogDevObjectVersion:   Dev-ReflectionCapture (6B266CEC-1EC7-4B8F-A30B-E4D90942FC07): 1
LogDevObjectVersion:   Dev-Automation (0DF73D61-A23F-47EA-B727-89E90C41499A): 1
LogInit: Compiled (64-bit): Apr 27 2018 02:06:57
LogInit: Compiled with Visual C++: 19.00.24215.01
LogInit: Build Configuration: Development
LogInit: Branch Name: ++UE4+Release-4.19
LogInit: Command Line: 
LogInit: Base Directory: C:/Program Files/Epic Games/UE_4.19/Engine/Binaries/Win64/
LogInit: Installed Engine Build: 1
LogStreaming: Display: Took  0.000s to delete old logs.
LogInit: Presizing for max 8388607 objects, including 0 objects not considered by GC, pre-allocating 0 bytes for permanent pool.
LogInit: Object subsystem initialized
[2020.02.10-11.07.19:045][  0]LogInit: Selected Device Profile: [Windows]
[2020.02.10-11.07.19:045][  0]LogInit: Applying CVar settings loaded from the selected device profile: [Windows]
[2020.02.10-11.07.19:075][  0]LogInit: Computer: TU46963
[2020.02.10-11.07.19:075][  0]LogInit: User: t7099112
[2020.02.10-11.07.19:075][  0]LogInit: CPU Page size=4096, Cores=4
[2020.02.10-11.07.19:075][  0]LogInit: High frequency timer resolution =10.000000 MHz
[2020.02.10-11.07.19:076][  0]LogMemory: Memory total: Physical=31.9GB (32GB approx)
[2020.02.10-11.07.19:076][  0]LogMemory: Platform Memory Stats for Windows
[2020.02.10-11.07.19:076][  0]LogMemory: Process Physical Memory: 274.22 MB used, 274.23 MB peak
[2020.02.10-11.07.19:076][  0]LogMemory: Process Virtual Memory: 262.17 MB used, 262.17 MB peak
[2020.02.10-11.07.19:076][  0]LogMemory: Physical Memory: 4247.11 MB used,  28437.24 MB free, 32684.35 MB total
[2020.02.10-11.07.19:076][  0]LogMemory: Virtual Memory: 4781.42 MB used,  28437.24 MB free, 134217728.00 MB total
[2020.02.10-11.07.19:320][  0]LogInit: Using OS detected language (en-GB).
[2020.02.10-11.07.19:321][  0]LogInit: Using OS detected locale (en-GB).
[2020.02.10-11.07.19:404][  0]LogTextLocalizationManager: No specific localization for 'en-GB' exists, so the 'en' localization will be used.
[2020.02.10-11.07.19:964][  0]LogStreaming: Display: Took  0.643s to EndInitTextLocalization.
[2020.02.10-11.07.19:966][  0]LogInit: Setting process to per monitor DPI aware
[2020.02.10-11.07.20:087][  0]LogSlate: New Slate User Created.  User Index 0, Is Virtual User: 0
[2020.02.10-11.07.20:087][  0]LogSlate: Slate User Registered.  User Index 0, Is Virtual User: 0
[2020.02.10-11.07.22:822][  0]LogD3D11RHI: D3D11 adapters:
[2020.02.10-11.07.22:921][  0]LogD3D11RHI:    0. 'NVIDIA GeForce GTX 1070' (Feature Level 11_0)
[2020.02.10-11.07.22:921][  0]LogD3D11RHI:       8088/0/16342 MB DedicatedVideo/DedicatedSystem/SharedSystem, Outputs:2, VendorId:0x10de
[2020.02.10-11.07.22:924][  0]LogD3D11RHI:    1. 'Microsoft Basic Render Driver' (Feature Level 11_0)
[2020.02.10-11.07.22:924][  0]LogD3D11RHI:       0/0/16342 MB DedicatedVideo/DedicatedSystem/SharedSystem, Outputs:0, VendorId:0x1414
[2020.02.10-11.07.22:924][  0]LogD3D11RHI: Chosen D3D11 Adapter: 0
[2020.02.10-11.07.22:937][  0]LogD3D11RHI: Creating new Direct3DDevice
[2020.02.10-11.07.22:937][  0]LogD3D11RHI:     GPU DeviceId: 0x1b81 (for the marketing name, search the web for "GPU Device Id")
[2020.02.10-11.07.22:937][  0]LogWindows: EnumDisplayDevices:
[2020.02.10-11.07.22:938][  0]LogWindows:    0. 'NVIDIA GeForce GTX 1070' (P:1 D:1)
[2020.02.10-11.07.22:938][  0]LogWindows:    1. 'NVIDIA GeForce GTX 1070' (P:0 D:1)
[2020.02.10-11.07.22:939][  0]LogWindows:    2. 'NVIDIA GeForce GTX 1070' (P:0 D:0)
[2020.02.10-11.07.22:939][  0]LogWindows:    3. 'NVIDIA GeForce GTX 1070' (P:0 D:0)
[2020.02.10-11.07.22:940][  0]LogWindows: DebugString: GetVideoDriverDetailsInvalid PrimaryIsNotTheChoosenAdapter GetVideoDriverDetailsInvalid PrimaryIsNotTheChoosenAdapter GetVideoDriverDetailsInvalid PrimaryIsNotTheChoosenAdapter GetVideoDriverDetailsInvalid PrimaryIsNotTheChoosenAdapter FoundDriverCount:0 
[2020.02.10-11.07.22:940][  0]LogD3D11RHI:     Adapter Name: NVIDIA GeForce GTX 1070
[2020.02.10-11.07.22:940][  0]LogD3D11RHI:   Driver Version: Unknown (internal:Unknown, unified:Unknown)
[2020.02.10-11.07.22:940][  0]LogD3D11RHI:      Driver Date: Unknown
[2020.02.10-11.07.22:940][  0]LogRHI: Texture pool is 5661 MB (70% of 8088 MB)
[2020.02.10-11.07.22:996][  0]LogD3D11RHI: [Aftermath] Aftermath enabled and primed
[2020.02.10-11.07.22:996][  0]LogD3D11RHI: [Aftermath] Aftermath enabled and primed
[2020.02.10-11.07.22:996][  0]LogD3D11RHI: Async texture creation enabled
[2020.02.10-11.07.23:023][  0]LogD3D11RHI: GPU Timing Frequency: 1000.000000 (Debug: 2 1)
[2020.02.10-11.07.23:116][  0]LogShaderCompilers: Guid format shader working directory is 0 characters bigger than the processId version (../../../../../../Users/t7099112/Desktop/GameJam/Intermediate/Shaders/WorkingDirectory/11248/).
[2020.02.10-11.07.23:117][  0]LogShaderCompilers: Cleaned the shader compiler working directory 'C:/Users/t7099112/AppData/Local/Temp/UnrealShaderWorkingDir/940FA5BD486D3711DF03B193993FD29C/'.
[2020.02.10-11.07.23:898][  0]LogTemp: Display: Loaded TP AllDesktopTargetPlatform
[2020.02.10-11.07.23:915][  0]LogTemp: Display: Loaded TP MacClientTargetPlatform
[2020.02.10-11.07.23:932][  0]LogTemp: Display: Loaded TP MacNoEditorTargetPlatform
[2020.02.10-11.07.23:949][  0]LogTemp: Display: Loaded TP MacServerTargetPlatform
[2020.02.10-11.07.23:972][  0]LogTemp: Display: Loaded TP MacTargetPlatform
[2020.02.10-11.07.23:989][  0]LogTemp: Display: Loaded TP WindowsClientTargetPlatform
[2020.02.10-11.07.24:007][  0]LogTemp: Display: Loaded TP WindowsNoEditorTargetPlatform
[2020.02.10-11.07.24:025][  0]LogTemp: Display: Loaded TP WindowsServerTargetPlatform
[2020.02.10-11.07.24:034][  0]LogTemp: Display: Loaded TP WindowsTargetPlatform
[2020.02.10-11.07.24:050][  0]LogTemp: Display: Loaded TP Android_ASTCTargetPlatform
[2020.02.10-11.07.24:066][  0]LogTemp: Display: Loaded TP Android_ATCTargetPlatform
[2020.02.10-11.07.24:082][  0]LogTemp: Display: Loaded TP Android_DXTTargetPlatform
[2020.02.10-11.07.24:098][  0]LogTemp: Display: Loaded TP Android_ETC1aTargetPlatform
[2020.02.10-11.07.24:114][  0]LogTemp: Display: Loaded TP Android_ETC1TargetPlatform
[2020.02.10-11.07.24:130][  0]LogTemp: Display: Loaded TP Android_ETC2TargetPlatform
[2020.02.10-11.07.24:162][  0]LogTemp: Display: Loaded TP Android_MultiTargetPlatform
[2020.02.10-11.07.24:162][  0]LogTemp: Display: Loaded TP Android_PVRTCTargetPlatform
[2020.02.10-11.07.24:183][  0]LogTemp: Display: Loaded TP AndroidTargetPlatform
[2020.02.10-11.07.24:186][  0]LogTemp: Display: Loaded TP HTML5TargetPlatform
[2020.02.10-11.07.24:239][  0]LogTemp: Display: Loaded TP IOSTargetPlatform
[2020.02.10-11.07.24:254][  0]LogTemp: Display: Loaded TP TVOSTargetPlatform
[2020.02.10-11.07.24:269][  0]LogTemp: Display: Loaded TP LinuxClientTargetPlatform
[2020.02.10-11.07.24:285][  0]LogTemp: Display: Loaded TP LinuxNoEditorTargetPlatform
[2020.02.10-11.07.24:300][  0]LogTemp: Display: Loaded TP LinuxServerTargetPlatform
[2020.02.10-11.07.24:322][  0]LogTemp: Display: Loaded TP LinuxTargetPlatform
[2020.02.10-11.07.24:322][  0]LogTargetPlatformManager: Display: Building Assets For Windows
[2020.02.10-11.07.24:604][  0]LogXGEController: Cleaning working directory: C:/Users/t7099112/AppData/Local/Temp/UnrealXGEWorkingDir/
[2020.02.10-11.07.24:604][  0]LogXGEController: Cannot use XGE Controller as Incredibuild is not installed on this machine.
[2020.02.10-11.07.24:605][  0]LogShaderCompilers: Cannot use XGE Shader Compiler as Incredibuild is not installed on this machine.
[2020.02.10-11.07.24:605][  0]LogShaderCompilers: Display: Using Local Shader Compiler.
[2020.02.10-11.07.27:082][  0]LogDerivedDataCache: Display: Max Cache Size: 512 MB
[2020.02.10-11.07.27:083][  0]LogDerivedDataCache: Display: Starting with empty Boot cache
[2020.02.10-11.07.27:083][  0]LogDerivedDataCache: FDerivedDataBackendGraph:  Pak pak cache file ../../../../../../Users/t7099112/Desktop/GameJam/DerivedDataCache/DDC.ddp not found, will not use a pak cache.
[2020.02.10-11.07.27:083][  0]LogDerivedDataCache: Unable to find inner node Pak for hierarchical cache Hierarchy.
[2020.02.10-11.07.27:083][  0]LogDerivedDataCache: FDerivedDataBackendGraph:  CompressedPak pak cache file ../../../../../../Users/t7099112/Desktop/GameJam/DerivedDataCache/Compressed.ddp not found, will not use a pak cache.
[2020.02.10-11.07.27:083][  0]LogDerivedDataCache: Unable to find inner node CompressedPak for hierarchical cache Hierarchy.
[2020.02.10-11.07.27:114][  0]LogDerivedDataCache: Display: Pak cache opened for reading ../../../Engine/DerivedDataCache/Compressed.ddp.
[2020.02.10-11.07.27:128][  0]LogDerivedDataCache: Using Local data cache path C:/Users/t7099112/AppData/Local/UnrealEngine/Common/DerivedDataCache: Writable
[2020.02.10-11.07.27:128][  0]LogDerivedDataCache: Shared data cache path not found in *engine.ini, will not use an Shared cache.
[2020.02.10-11.07.27:128][  0]LogDerivedDataCache: Unable to find inner node Shared for hierarchical cache Hierarchy.
[2020.02.10-11.07.27:159][  0]LogMaterial: Verifying Global Shaders for PCD3D_SM5
[2020.02.10-11.07.27:164][  0]LogSlate: Using Freetype 2.6.0
[2020.02.10-11.07.27:180][  0]LogSlate: SlateFontCache - WITH_FREETYPE: 1, WITH_HARFBUZZ: 1
[2020.02.10-11.07.27:180][  0]LogSlate: SlateFontCache - WITH_FREETYPE: 1, WITH_HARFBUZZ: 1
[2020.02.10-11.07.27:740][  0]LogAssetRegistry: FAssetRegistry took 0.0292 seconds to start up
[2020.02.10-11.07.28:237][  0]LogInit: Selected Device Profile: [Windows]
[2020.02.10-11.07.28:683][  0]LogSimplygon: Simplygon DLL not present - disabling.
[2020.02.10-11.07.28:690][  0]LogMeshReduction: Using SimplygonSwarm for distributed automatic mesh merging
[2020.02.10-11.07.28:691][  0]LogMeshReduction: Using QuadricMeshReduction for automatic static mesh reduction
[2020.02.10-11.07.28:691][  0]LogMeshReduction: No automatic skeletal mesh reduction module available
[2020.02.10-11.07.28:691][  0]LogMeshReduction: No automatic mesh merging module available
[2020.02.10-11.07.28:691][  0]LogMeshMerging: No automatic mesh merging module available
[2020.02.10-11.07.28:806][  0]LogNetVersion: GameJam , NetCL: 3944462, EngineNetVer: 2, GameNetVer: 0 (Checksum: 2281863040)
[2020.02.10-11.07.30:496][  0]LogPackageLocalizationCache: Processed 9 localized package path(s) for 2 prioritized culture(s) in 0.133523 seconds
[2020.02.10-11.07.30:503][  0]LogUObjectArray: 36728 objects as part of root set at end of initial load.
[2020.02.10-11.07.30:503][  0]LogUObjectAllocator: 7314304 out of 0 bytes used by permanent object pool.
[2020.02.10-11.07.30:503][  0]LogUObjectArray: CloseDisregardForGC: 0/0 objects in disregard for GC pool
[2020.02.10-11.07.35:713][  0]LogTcpMessaging: Initializing TcpMessaging bridge
[2020.02.10-11.07.35:755][  0]LogUdpMessaging: Initializing bridge on interface 0.0.0.0:0 to multicast group 230.0.0.1:6666.
[2020.02.10-11.07.36:345][  0]SourceControl: Source control is disabled
[2020.02.10-11.07.36:345][  0]SourceControl: Source control is disabled
[2020.02.10-11.07.36:381][  0]SourceControl: Source control is disabled
[2020.02.10-11.07.36:412][  0]SourceControl: Source control is disabled
[2020.02.10-11.07.37:226][  0]LogAndroidPermission: UAndroidPermissionCallbackProxy::GetInstance
[2020.02.10-11.07.37:511][  0]LogOcInput: OculusInput pre-init called
[2020.02.10-11.07.37:726][  0]LogEngine: Initializing Engine...
[2020.02.10-11.07.37:731][  0]LogHMD: Failed to initialize OpenVR with code 110
[2020.02.10-11.07.37:735][  0]LogStats: UGameplayTagsManager::ConstructGameplayTagTree: Construct from data asset -  0.000 s
[2020.02.10-11.07.37:735][  0]LogStats: UGameplayTagsManager::ConstructGameplayTagTree: GameplayTagTreeChangedEvent.Broadcast -  0.000 s
[2020.02.10-11.07.38:311][  0]LogAIModule: Creating AISystem for world Untitled
[2020.02.10-11.07.38:367][  0]LogInit: XAudio2 using 'Speakers (Realtek High Definition Audio)' : 2 channels at 48 kHz using 32 bits per sample (channel mask 0x3)
[2020.02.10-11.07.38:634][  0]LogInit: FAudioDevice initialized.
[2020.02.10-11.07.38:706][  0]LogDerivedDataCache: Saved boot cache 0.07s 74MB C:/Users/t7099112/AppData/Local/UnrealEngine/4.19/DerivedDataCache/Boot.ddc.
[2020.02.10-11.07.38:719][  0]LogInit: Texture streaming: Enabled
[2020.02.10-11.07.38:747][  0]LogEngineSessionManager: EngineSessionManager initialized
[2020.02.10-11.07.38:779][  0]LogInit: Transaction tracking system initialized
[2020.02.10-11.07.38:850][  0]BlueprintLog: New page: Editor Load
[2020.02.10-11.07.39:062][  0]LocalizationService: Localization service is disabled
[2020.02.10-11.07.39:261][  0]LogConsoleResponse: Display: 
[2020.02.10-11.07.39:565][  0]LogCook: Display: Max memory allowance for cook 16384mb min free memory 0mb
[2020.02.10-11.07.39:565][  0]LogCook: Display: Mobile HDR setting 1
[2020.02.10-11.07.39:565][  0]LogGameplayTags: Display: UGameplayTagsManager::DoneAddingNativeTags. DelegateIsBound: 0
[2020.02.10-11.07.39:565][  0]LogStats: UGameplayTagsManager::ConstructGameplayTagTree: Construct from data asset -  0.000 s
[2020.02.10-11.07.39:565][  0]LogStats: UGameplayTagsManager::ConstructGameplayTagTree: GameplayTagTreeChangedEvent.Broadcast -  0.000 s
[2020.02.10-11.07.40:307][  0]LogFileCache: Scanning file cache for directory 'C:/Users/t7099112/Desktop/GameJam/Content/' took 0.02s
[2020.02.10-11.07.40:307][  0]SourceControl: Source control is disabled
[2020.02.10-11.07.40:309][  0]Cmd: MAP LOAD FILE="../../../../../../Users/t7099112/Desktop/GameJam/Content/SideScrollerBP/Maps/SideScrollerExampleMap.umap" TEMPLATE=0 SHOWPROGRESS=1 FEATURELEVEL=3
[2020.02.10-11.07.40:362][  0]LogSlate: Took 0.010096 seconds to synchronously load lazily loaded font '../../../Engine/Content/Slate/Fonts/Roboto-Regular.ttf' (155K)
[2020.02.10-11.07.45:720][  0]LogSlate: Window 'Message' being destroyed
[2020.02.10-11.07.45:722][  0]LogWindowsTextInputMethodSystem: Display: IME system now deactivated.
[2020.02.10-11.07.45:728][  0]LightingResults: New page: Lighting Build
[2020.02.10-11.07.45:737][  0]MapCheck: New page: Map Check
[2020.02.10-11.07.45:737][  0]LightingResults: New page: Lighting Build
[2020.02.10-11.07.45:775][  0]LogAIModule: Creating AISystem for world Untitled
[2020.02.10-11.07.45:780][  0]LoadErrors: New page: New Map
[2020.02.10-11.07.45:865][  0]LogWindowsTextInputMethodSystem: Display: IME system now deactivated.
[2020.02.10-11.07.46:008][  0]LogCollectionManager: Loaded 0 collections in 0.002107 seconds
[2020.02.10-11.07.46:092][  0]LogFileCache: Scanning file cache for directory 'C:/Users/t7099112/Desktop/GameJam/Saved/Collections/' took 0.01s
[2020.02.10-11.07.46:092][  0]LogFileCache: Scanning file cache for directory 'C:/Users/t7099112/Desktop/GameJam/Content/Developers/t7099112/Collections/' took 0.01s
[2020.02.10-11.07.46:092][  0]LogFileCache: Scanning file cache for directory 'C:/Users/t7099112/Desktop/GameJam/Content/Collections/' took 0.01s
[2020.02.10-11.07.46:092][  0]LogCollectionManager: Rebuilt the GUID cache for 0 collections in 0.000000 seconds
[2020.02.10-11.07.46:105][  0]LogContentBrowser: Native class hierarchy populated in 0.0108 seconds. Added 2452 classes and 558 folders.
[2020.02.10-11.07.46:119][  0]LogContentBrowser: Native class hierarchy updated for 'WidgetCarousel' in 0.0003 seconds. Added 0 classes and 0 folders.
[2020.02.10-11.07.46:527][  0]LogContentBrowser: Native class hierarchy updated for 'AddContentDialog' in 0.0003 seconds. Added 0 classes and 0 folders.
[2020.02.10-11.07.46:542][  0]LogContentBrowser: Native class hierarchy updated for 'SceneOutliner' in 0.0003 seconds. Added 1 classes and 2 folders.
[2020.02.10-11.07.46:612][  0]LogSlate: Took 0.008132 seconds to synchronously load lazily loaded font '../../../Engine/Content/Slate/Fonts/Roboto-Bold.ttf' (160K)
[2020.02.10-11.07.46:625][  0]LogSlate: Took 0.007412 seconds to synchronously load lazily loaded font '../../../Engine/Content/Editor/Slate/Fonts/FontAwesome.ttf' (139K)
[2020.02.10-11.07.46:796][  0]LogRenderer: Reallocating scene render targets to support 1208x652 Format 10 NumSamples 1 (Frame:1).
[2020.02.10-11.07.46:915][  0]LogSlate: FSceneViewport::OnFocusLost() reason 2
[2020.02.10-11.07.46:935][  0]LogSlate: Window 'Tutorials' being destroyed
[2020.02.10-11.07.46:971][  0]LogContentBrowser: Native class hierarchy updated for 'HierarchicalLODOutliner' in 0.0003 seconds. Added 0 classes and 0 folders.
[2020.02.10-11.07.46:971][  0]LogLoad: (Engine Initialization) Total time: 34.44 seconds
[2020.02.10-11.07.46:971][  0]LogLoad: (Engine Initialization) Total Blueprint compile time: 0.00 seconds
[2020.02.10-11.07.47:002][  0]LogContentStreaming: Texture pool size now 1000 MB
[2020.02.10-11.07.47:064][  1]LogAssetRegistry: Asset discovery search completed in 19.3543 seconds
[2020.02.10-11.07.47:066][  1]LogCollectionManager: Rebuilt the object cache for 0 collections in 0.000000 seconds (found 0 objects)
[2020.02.10-11.07.47:066][  1]LogCollectionManager: Fixed up redirectors for 0 collections in 0.000057 seconds (updated 0 objects)
[2020.02.10-11.07.49:855][323]LogSlate: FSceneViewport::OnFocusLost() reason 2
[2020.02.10-11.07.51:033][462]LogSlate: Took 0.008561 seconds to synchronously load lazily loaded font '../../../Engine/Content/Slate/Fonts/Roboto-Light.ttf' (167K)
[2020.02.10-11.07.54:575][873]LogSlate: Window 'GameJam - Unreal Editor' being destroyed
[2020.02.10-11.07.54:576][873]LogWindowsTextInputMethodSystem: Display: IME system now deactivated.
[2020.02.10-11.07.54:774][874]Cmd: QUIT_EDITOR
[2020.02.10-11.07.54:837][874]LogSlate: Slate User Destroyed.  User Index 0, Is Virtual User: 0
[2020.02.10-11.07.54:838][874]LogExit: Preparing to exit.
[2020.02.10-11.07.55:828][874]LogDirectoryWatcher: A directory notification for 'C:/Users/t7099112/Desktop/GameJam/Content/' was aborted.
[2020.02.10-11.07.55:862][874]LogExit: Editor shut down
[2020.02.10-11.07.55:866][874]LogExit: Transaction tracking system shut down
[2020.02.10-11.07.56:041][874]LogDirectoryWatcher: A directory notification for '../../../Engine/Content/' was aborted.
[2020.02.10-11.07.56:041][874]LogDirectoryWatcher: A directory notification for '../../../../../../Users/t7099112/Desktop/GameJam/Content/' was aborted.
[2020.02.10-11.07.56:041][874]LogDirectoryWatcher: A directory notification for '../../Plugins/2D/Paper2D/Content/' was aborted.
[2020.02.10-11.07.56:041][874]LogDirectoryWatcher: A directory notification for '../../Plugins/Enterprise/DatasmithContent/Content/' was aborted.
[2020.02.10-11.07.56:041][874]LogDirectoryWatcher: A directory notification for '../../Plugins/Media/MediaCompositing/Content/' was aborted.
[2020.02.10-11.07.56:041][874]LogDirectoryWatcher: A directory notification for '../../Plugins/Runtime/AppleARKit/Content/' was aborted.
[2020.02.10-11.07.56:041][874]LogDirectoryWatcher: A directory notification for '../../Plugins/Runtime/Oculus/OculusVR/Content/' was aborted.
[2020.02.10-11.07.56:041][874]LogDirectoryWatcher: A directory notification for '../../Plugins/Runtime/Steam/SteamVR/Content/' was aborted.
[2020.02.10-11.07.56:120][874]LogExit: Object subsystem successfully closed.
[2020.02.10-11.07.56:133][874]LogShaderCompilers: Display: Shaders left to compile 0
[2020.02.10-11.07.56:136][874]LogD3D11RHI: Shutdown
[2020.02.10-11.07.56:137][874]LogD3D11RHI: CleanupD3DDevice
[2020.02.10-11.07.56:138][874]LogD3D11RHI: ~FD3D11DynamicRHI
[2020.02.10-11.07.56:186][874]LogModuleManager: Shutting down and abandoning module HierarchicalLODOutliner (574)
[2020.02.10-11.07.56:186][874]LogModuleManager: Shutting down and abandoning module SceneOutliner (572)
[2020.02.10-11.07.56:186][874]LogModuleManager: Shutting down and abandoning module AddContentDialog (570)
[2020.02.10-11.07.56:187][874]LogDirectoryWatcher: A directory notification for 'C:/Program Files/Epic Games/UE_4.19/FeaturePacks/' was aborted.
[2020.02.10-11.07.56:188][874]LogModuleManager: Shutting down and abandoning module WidgetCarousel (569)
[2020.02.10-11.07.56:188][874]LogModuleManager: Shutting down and abandoning module EditorWidgets (566)
[2020.02.10-11.07.56:188][874]LogModuleManager: Shutting down and abandoning module CollectionManager (564)
[2020.02.10-11.07.56:188][874]LogDirectoryWatcher: A directory notification for 'C:/Users/t7099112/Desktop/GameJam/Content/Collections/' was aborted.
[2020.02.10-11.07.56:188][874]LogDirectoryWatcher: A directory notification for 'C:/Users/t7099112/Desktop/GameJam/Content/Developers/t7099112/Collections/' was aborted.
[2020.02.10-11.07.56:189][874]LogDirectoryWatcher: A directory notification for 'C:/Users/t7099112/Desktop/GameJam/Saved/Collections/' was aborted.
[2020.02.10-11.07.56:189][874]LogModuleManager: Shutting down and abandoning module StatsViewer (562)
[2020.02.10-11.07.56:189][874]LogModuleManager: Shutting down and abandoning module FoliageEdit (560)
[2020.02.10-11.07.56:189][874]LogModuleManager: Shutting down and abandoning module LandscapeEditor (558)
[2020.02.10-11.07.56:190][874]LogModuleManager: Shutting down and abandoning module MeshPaintMode (556)
[2020.02.10-11.07.56:190][874]LogModuleManager: Shutting down and abandoning module SceneDepthPickerMode (554)
[2020.02.10-11.07.56:190][874]LogModuleManager: Shutting down and abandoning module ActorPickerMode (552)
[2020.02.10-11.07.56:190][874]LogModuleManager: Shutting down and abandoning module GeometryMode (550)
[2020.02.10-11.07.56:190][874]LogModuleManager: Shutting down and abandoning module TextureAlignMode (548)
[2020.02.10-11.07.56:190][874]LogModuleManager: Shutting down and abandoning module BspMode (546)
[2020.02.10-11.07.56:190][874]LogModuleManager: Shutting down and abandoning module PIEPreviewDeviceProfileSelector (544)
[2020.02.10-11.07.56:190][874]LogModuleManager: Shutting down and abandoning module HardwareSurvey (542)
[2020.02.10-11.07.56:190][874]LogModuleManager: Shutting down and abandoning module SequenceRecorderSections (540)
[2020.02.10-11.07.56:190][874]LogModuleManager: Shutting down and abandoning module AutomationWorker (538)
[2020.02.10-11.07.56:190][874]LogModuleManager: Shutting down and abandoning module AudioCaptureEditor (536)
[2020.02.10-11.07.56:190][874]LogModuleManager: Shutting down and abandoning module SequenceRecorder (535)
[2020.02.10-11.07.56:190][874]LogModuleManager: Shutting down and abandoning module MatineeToLevelSequence (532)
[2020.02.10-11.07.56:190][874]LogModuleManager: Shutting down and abandoning module LevelSequenceEditor (530)
[2020.02.10-11.07.56:191][874]LogModuleManager: Shutting down and abandoning module PlacementMode (529)
[2020.02.10-11.07.56:191][874]LogModuleManager: Shutting down and abandoning module MaterialEditor (528)
[2020.02.10-11.07.56:195][874]LogModuleManager: Shutting down and abandoning module WmfMediaFactory (524)
[2020.02.10-11.07.56:195][874]LogModuleManager: Shutting down and abandoning module WmfMediaEditor (522)
[2020.02.10-11.07.56:195][874]LogModuleManager: Shutting down and abandoning module MediaPlayerEditor (520)
[2020.02.10-11.07.56:195][874]LogModuleManager: Shutting down and abandoning module OpenExrWrapper (518)
[2020.02.10-11.07.56:195][874]LogModuleManager: Shutting down and abandoning module ImgMediaFactory (516)
[2020.02.10-11.07.56:195][874]LogModuleManager: Shutting down and abandoning module ImgMediaEditor (514)
[2020.02.10-11.07.56:195][874]LogModuleManager: Shutting down and abandoning module AvfMediaFactory (512)
[2020.02.10-11.07.56:195][874]LogModuleManager: Shutting down and abandoning module AvfMediaEditor (510)
[2020.02.10-11.07.56:195][874]LogModuleManager: Shutting down and abandoning module AndroidMediaFactory (508)
[2020.02.10-11.07.56:195][874]LogModuleManager: Shutting down and abandoning module AndroidMediaEditor (506)
[2020.02.10-11.07.56:195][874]LogModuleManager: Shutting down and abandoning module CharacterAI (504)
[2020.02.10-11.07.56:195][874]LogModuleManager: Shutting down and abandoning module SmartSnapping (502)
[2020.02.10-11.07.56:195][874]LogModuleManager: Shutting down and abandoning module SessionServices (500)
[2020.02.10-11.07.56:195][874]LogModuleManager: Shutting down and abandoning module ViewportSnapping (498)
[2020.02.10-11.07.56:195][874]LogModuleManager: Shutting down and abandoning module ViewportInteraction (496)
[2020.02.10-11.07.56:195][874]LogModuleManager: Shutting down and abandoning module ClothPainter (494)
[2020.02.10-11.07.56:196][874]LogModuleManager: Shutting down and abandoning module SkeletalMeshEditor (493)
[2020.02.10-11.07.56:197][874]LogModuleManager: Shutting down and abandoning module LogVisualizer (490)
[2020.02.10-11.07.56:197][874]LogModuleManager: Shutting down and abandoning module IntroTutorials (488)
[2020.02.10-11.07.56:198][874]LogModuleManager: Shutting down and abandoning module GameProjectGeneration (487)
[2020.02.10-11.07.56:200][874]LogModuleManager: Shutting down and abandoning module IOSPlatformEditor (484)
[2020.02.10-11.07.56:200][874]LogModuleManager: Shutting down and abandoning module HTML5PlatformEditor (482)
[2020.02.10-11.07.56:200][874]LogModuleManager: Shutting down and abandoning module AndroidPlatformEditor (480)
[2020.02.10-11.07.56:200][874]LogModuleManager: Shutting down and abandoning module AndroidDeviceDetection (479)
[2020.02.10-11.07.57:159][874]LogModuleManager: Shutting down and abandoning module WindowsPlatformEditor (476)
[2020.02.10-11.07.57:159][874]LogModuleManager: Shutting down and abandoning module IOSRuntimeSettings (474)
[2020.02.10-11.07.57:159][874]LogModuleManager: Shutting down and abandoning module AndroidRuntimeSettings (472)
[2020.02.10-11.07.57:159][874]LogModuleManager: Shutting down and abandoning module InputBindingEditor (470)
[2020.02.10-11.07.57:159][874]LogModuleManager: Shutting down and abandoning module MergeActors (468)
[2020.02.10-11.07.57:160][874]LogModuleManager: Shutting down and abandoning module LocalizationDashboard (466)
[2020.02.10-11.07.57:160][874]LogModuleManager: Shutting down and abandoning module LocalizationService (465)
[2020.02.10-11.07.57:160][874]LogModuleManager: Shutting down and abandoning module HardwareTargeting (462)
[2020.02.10-11.07.57:160][874]LogModuleManager: Shutting down and abandoning module DeviceProfileEditor (460)
[2020.02.10-11.07.57:160][874]LogModuleManager: Shutting down and abandoning module UndoHistory (458)
[2020.02.10-11.07.57:160][874]LogModuleManager: Shutting down and abandoning module XmlParser (456)
[2020.02.10-11.07.57:160][874]LogModuleManager: Shutting down and abandoning module Blutility (454)
[2020.02.10-11.07.57:160][874]LogModuleManager: Shutting down and abandoning module ProjectSettingsViewer (452)
[2020.02.10-11.07.57:160][874]LogModuleManager: Shutting down and abandoning module ProjectTargetPlatformEditor (451)
[2020.02.10-11.07.57:161][874]LogModuleManager: Shutting down and abandoning module EditorSettingsViewer (448)
[2020.02.10-11.07.57:161][874]LogModuleManager: Shutting down and abandoning module SettingsEditor (446)
[2020.02.10-11.07.57:161][874]LogModuleManager: Shutting down and abandoning module ProjectLauncher (444)
[2020.02.10-11.07.57:161][874]LogModuleManager: Shutting down and abandoning module SessionFrontend (442)
[2020.02.10-11.07.57:161][874]LogModuleManager: Shutting down and abandoning module ProfilerClient (440)
[2020.02.10-11.07.57:162][874]LogModuleManager: Shutting down and abandoning module DeviceManager (438)
[2020.02.10-11.07.57:162][874]LogModuleManager: Shutting down and abandoning module TargetDeviceServices (437)
[2020.02.10-11.07.57:238][874]LogModuleManager: Shutting down and abandoning module AutomationController (434)
[2020.02.10-11.07.57:238][874]LogModuleManager: Shutting down and abandoning module AutomationWindow (432)
[2020.02.10-11.07.57:239][874]LogModuleManager: Shutting down and abandoning module Layers (430)
[2020.02.10-11.07.57:240][874]LogModuleManager: Shutting down and abandoning module ComponentVisualizers (428)
[2020.02.10-11.07.57:240][874]LogModuleManager: Shutting down and abandoning module DetailCustomizations (426)
[2020.02.10-11.07.57:240][874]LogModuleManager: Shutting down and abandoning module PackagesDialog (424)
[2020.02.10-11.07.57:241][874]LogModuleManager: Shutting down and abandoning module Persona (422)
[2020.02.10-11.07.57:241][874]LogModuleManager: Shutting down and abandoning module AdvancedPreviewScene (421)
[2020.02.10-11.07.57:241][874]LogModuleManager: Shutting down and abandoning module AnimGraph (419)
[2020.02.10-11.07.57:241][874]LogModuleManager: Shutting down and abandoning module Kismet (416)
[2020.02.10-11.07.57:241][874]LogModuleManager: Shutting down and abandoning module GraphEditor (414)
[2020.02.10-11.07.57:243][874]LogModuleManager: Shutting down and abandoning module ClassViewer (412)
[2020.02.10-11.07.57:243][874]LogModuleManager: Shutting down and abandoning module Toolbox (410)
[2020.02.10-11.07.57:243][874]LogModuleManager: Shutting down and abandoning module ModuleUI (408)
[2020.02.10-11.07.57:243][874]LogModuleManager: Shutting down and abandoning module MovieSceneTools (406)
[2020.02.10-11.07.57:243][874]LogModuleManager: Shutting down and abandoning module OutputLog (404)
[2020.02.10-11.07.57:243][874]LogModuleManager: Shutting down and abandoning module GammaUI (402)
[2020.02.10-11.07.57:244][874]LogModuleManager: Shutting down and abandoning module Documentation (400)
[2020.02.10-11.07.57:244][874]LogModuleManager: Shutting down and abandoning module MovieSceneTracks (398)
[2020.02.10-11.07.57:244][874]LogModuleManager: Shutting down and abandoning module MovieScene (396)
[2020.02.10-11.07.57:244][874]LogModuleManager: Shutting down and abandoning module StreamingPauseRendering (394)
[2020.02.10-11.07.57:244][874]LogModuleManager: Shutting down and abandoning module LauncherPlatform (392)
[2020.02.10-11.07.57:244][874]LogModuleManager: Shutting down and abandoning module AnalyticsET (390)
[2020.02.10-11.07.57:244][874]LogModuleManager: Shutting down and abandoning module PortalServices (388)
[2020.02.10-11.07.57:244][874]LogModuleManager: Shutting down and abandoning module PortalRpc (386)
[2020.02.10-11.07.57:244][874]LogModuleManager: Shutting down and abandoning module MessagingRpc (384)
[2020.02.10-11.07.57:244][874]LogModuleManager: Shutting down and abandoning module AIModule (382)
[2020.02.10-11.07.57:244][874]LogModuleManager: Shutting down and abandoning module GameplayDebugger (381)
[2020.02.10-11.07.57:244][874]LogModuleManager: Shutting down and abandoning module AITestSuite (379)
[2020.02.10-11.07.57:244][874]LogModuleManager: Shutting down and abandoning module DesktopPlatform (376)
[2020.02.10-11.07.57:244][874]LogModuleManager: Shutting down and abandoning module ProfilerService (374)
[2020.02.10-11.07.57:375][874]LogModuleManager: Shutting down and abandoning module TaskGraph (372)
[2020.02.10-11.07.57:376][874]LogModuleManager: Shutting down and abandoning module SteamVRController (370)
[2020.02.10-11.07.57:376][874]LogModuleManager: Shutting down and abandoning module ProceduralMeshComponentEditor (368)
[2020.02.10-11.07.57:376][874]LogModuleManager: Shutting down and abandoning module ProceduralMeshComponent (366)
[2020.02.10-11.07.57:376][874]LogModuleManager: Shutting down and abandoning module OculusInput (364)
[2020.02.10-11.07.57:376][874]LogModuleManager: Shutting down and abandoning module MobilePatchingUtils (362)
[2020.02.10-11.07.57:376][874]LogModuleManager: Shutting down and abandoning module CustomMeshComponent (360)
[2020.02.10-11.07.57:376][874]LogModuleManager: Shutting down and abandoning module CableComponent (358)
[2020.02.10-11.07.57:376][874]LogModuleManager: Shutting down and abandoning module AudioCapture (356)
[2020.02.10-11.07.57:376][874]LogModuleManager: Shutting down and abandoning module ArchVisCharacter (354)
[2020.02.10-11.07.57:376][874]LogModuleManager: Shutting down and abandoning module AndroidPermission (352)
[2020.02.10-11.07.57:376][874]LogModuleManager: Shutting down and abandoning module NUTUnrealEngine4 (348)
[2020.02.10-11.07.57:376][874]LogModuleManager: Shutting down and abandoning module NetcodeUnitTest (346)
[2020.02.10-11.07.57:376][874]LogModuleManager: Shutting down and abandoning module MediaCompositingEditor (344)
[2020.02.10-11.07.57:377][874]LogModuleManager: Shutting down and abandoning module MediaCompositing (342)
[2020.02.10-11.07.57:377][874]LogModuleManager: Shutting down and abandoning module LinearTimecode (340)
[2020.02.10-11.07.57:377][874]LogModuleManager: Shutting down and abandoning module ImgMedia (338)
[2020.02.10-11.07.57:380][874]LogModuleManager: Shutting down and abandoning module HTML5Networking (336)
[2020.02.10-11.07.57:380][874]LogModuleManager: Shutting down and abandoning module AlembicImporter (334)
[2020.02.10-11.07.57:380][874]LogModuleManager: Shutting down and abandoning module AlembicLibrary (333)
[2020.02.10-11.07.57:380][874]LogModuleManager: Shutting down and abandoning module GeometryCache (332)
[2020.02.10-11.07.57:380][874]LogModuleManager: Shutting down and abandoning module GeometryCacheEd (331)
[2020.02.10-11.07.57:380][874]LogModuleManager: Shutting down and abandoning module DatasmithContent (326)
[2020.02.10-11.07.57:380][874]LogModuleManager: Shutting down and abandoning module SpeedTreeImporter (324)
[2020.02.10-11.07.57:380][874]LogModuleManager: Shutting down and abandoning module PluginBrowser (322)
[2020.02.10-11.07.57:380][874]LogModuleManager: Shutting down and abandoning module MobileLauncherProfileWizard (320)
[2020.02.10-11.07.57:381][874]LogModuleManager: Shutting down and abandoning module CryptoKeysOpenSSL (318)
[2020.02.10-11.07.57:381][874]LogModuleManager: Shutting down and abandoning module CryptoKeys (316)
[2020.02.10-11.07.57:381][874]LogModuleManager: Shutting down and abandoning module VisualStudioSourceCodeAccess (314)
[2020.02.10-11.07.57:381][874]LogModuleManager: Shutting down and abandoning module VisualStudioCodeSourceCodeAccess (312)
[2020.02.10-11.07.57:381][874]LogModuleManager: Shutting down and abandoning module UObjectPlugin (310)
[2020.02.10-11.07.57:381][874]LogModuleManager: Shutting down and abandoning module SubversionSourceControl (308)
[2020.02.10-11.07.57:381][874]LogModuleManager: Shutting down and abandoning module PerforceSourceControl (306)
[2020.02.10-11.07.57:381][874]LogModuleManager: Shutting down and abandoning module GitSourceControl (304)
[2020.02.10-11.07.57:381][874]LogModuleManager: Shutting down and abandoning module SourceControl (303)
[2020.02.10-11.07.57:381][874]LogModuleManager: Shutting down and abandoning module CLionSourceCodeAccess (300)
[2020.02.10-11.07.57:381][874]LogModuleManager: Shutting down and abandoning module LightPropagationVolumeEditor (298)
[2020.02.10-11.07.57:381][874]LogModuleManager: Shutting down and abandoning module PaperTiledImporter (296)
[2020.02.10-11.07.57:381][874]LogModuleManager: Shutting down and abandoning module PaperSpriteSheetImporter (294)
[2020.02.10-11.07.57:381][874]LogModuleManager: Shutting down and abandoning module Paper2DEditor (292)
[2020.02.10-11.07.57:381][874]LogModuleManager: Shutting down and abandoning module MeshPaint (291)
[2020.02.10-11.07.57:382][874]LogModuleManager: Shutting down and abandoning module RuntimePhysXCooking (288)
[2020.02.10-11.07.57:382][874]LogModuleManager: Shutting down and abandoning module PhysXVehiclesEditor (286)
[2020.02.10-11.07.57:382][874]LogModuleManager: Shutting down and abandoning module PhysXVehicles (284)
[2020.02.10-11.07.57:382][874]LogModuleManager: Shutting down and abandoning module OculusEditor (282)
[2020.02.10-11.07.57:382][874]LogModuleManager: Shutting down and abandoning module LocationServicesBPLibrary (280)
[2020.02.10-11.07.57:382][874]LogModuleManager: Shutting down and abandoning module ImmediatePhysicsEditor (278)
[2020.02.10-11.07.57:382][874]LogModuleManager: Shutting down and abandoning module ImmediatePhysics (276)
[2020.02.10-11.07.57:382][874]LogModuleManager: Shutting down and abandoning module ActorSequence (274)
[2020.02.10-11.07.57:382][874]LogModuleManager: Shutting down and abandoning module UdpMessaging (272)
[2020.02.10-11.07.57:498][874]LogModuleManager: Shutting down and abandoning module TcpMessaging (270)
[2020.02.10-11.07.57:599][874]LogModuleManager: Shutting down and abandoning module GameplayTagsEditor (268)
[2020.02.10-11.07.57:608][874]LogModuleManager: Shutting down and abandoning module FacialAnimationEditor (266)
[2020.02.10-11.07.57:608][874]LogModuleManager: Shutting down and abandoning module FacialAnimation (264)
[2020.02.10-11.07.57:608][874]LogModuleManager: Shutting down and abandoning module DataValidation (262)
[2020.02.10-11.07.57:609][874]LogModuleManager: Shutting down and abandoning module AssetManagerEditor (260)
[2020.02.10-11.07.57:609][874]LogModuleManager: Shutting down and abandoning module LevelEditor (259)
[2020.02.10-11.07.57:610][874]LogModuleManager: Shutting down and abandoning module PixelInspectorModule (258)
[2020.02.10-11.07.57:610][874]LogModuleManager: Shutting down and abandoning module CommonMenuExtensions (256)
[2020.02.10-11.07.57:610][874]LogModuleManager: Shutting down and abandoning module MainFrame (254)
[2020.02.10-11.07.57:610][874]LogModuleManager: Shutting down and abandoning module HotReload (253)
[2020.02.10-11.07.57:611][874]LogModuleManager: Shutting down and abandoning module ContentBrowser (249)
[2020.02.10-11.07.57:612][874]LogModuleManager: Shutting down and abandoning module TreeMap (247)
[2020.02.10-11.07.57:612][874]LogModuleManager: Shutting down and abandoning module LightPropagationVolumeRuntime (244)
[2020.02.10-11.07.57:612][874]LogModuleManager: Shutting down and abandoning module LiveLinkEditor (242)
[2020.02.10-11.07.57:612][874]LogModuleManager: Shutting down and abandoning module LiveLink (240)
[2020.02.10-11.07.58:113][874]LogModuleManager: Shutting down and abandoning module Paper2D (238)
[2020.02.10-11.07.58:113][874]LogModuleManager: Shutting down and abandoning module WindowsMoviePlayer (236)
[2020.02.10-11.07.58:113][874]LogModuleManager: Shutting down and abandoning module WmfMedia (234)
[2020.02.10-11.07.58:115][874]LogModuleManager: Shutting down and abandoning module Media (233)
[2020.02.10-11.07.58:121][874]LogModuleManager: Shutting down and abandoning module PacketHandler (230)
[2020.02.10-11.07.58:121][874]LogModuleManager: Shutting down and abandoning module ClothingSystemEditor (228)
[2020.02.10-11.07.58:121][874]LogModuleManager: Shutting down and abandoning module ClothingSystemRuntime (226)
[2020.02.10-11.07.58:121][874]LogModuleManager: Shutting down and abandoning module MediaAssets (224)
[2020.02.10-11.07.58:121][874]LogModuleManager: Shutting down and abandoning module Overlay (222)
[2020.02.10-11.07.58:121][874]LogModuleManager: Shutting down and abandoning module OverlayEditor (221)
[2020.02.10-11.07.58:121][874]LogModuleManager: Shutting down and abandoning module VREditor (218)
[2020.02.10-11.07.58:122][874]LogModuleManager: Shutting down and abandoning module StringTableEditor (216)
[2020.02.10-11.07.58:122][874]LogModuleManager: Shutting down and abandoning module GameplayTasksEditor (214)
[2020.02.10-11.07.58:122][874]LogModuleManager: Shutting down and abandoning module BehaviorTreeEditor (212)
[2020.02.10-11.07.58:123][874]LogModuleManager: Shutting down and abandoning module FunctionalTesting (210)
[2020.02.10-11.07.58:123][874]LogModuleManager: Shutting down and abandoning module CollisionAnalyzer (208)
[2020.02.10-11.07.58:123][874]LogModuleManager: Shutting down and abandoning module WorkspaceMenuStructure (207)
[2020.02.10-11.07.58:123][874]LogModuleManager: Shutting down and abandoning module UMG (204)
[2020.02.10-11.07.58:123][874]LogModuleManager: Shutting down and abandoning module UMGEditor (203)
[2020.02.10-11.07.58:125][874]LogModuleManager: Shutting down and abandoning module Sequencer (202)
[2020.02.10-11.07.58:125][874]LogModuleManager: Shutting down and abandoning module MessageLog (199)
[2020.02.10-11.07.58:125][874]LogModuleManager: Shutting down and abandoning module SlateReflector (194)
[2020.02.10-11.07.58:127][874]LogModuleManager: Shutting down and abandoning module Slate (192)
[2020.02.10-11.07.58:127][874]LogModuleManager: Shutting down and abandoning module EditorStyle (190)
[2020.02.10-11.07.58:129][874]LogModuleManager: Shutting down and abandoning module MRMesh (188)
[2020.02.10-11.07.58:129][874]LogModuleManager: Shutting down and abandoning module SourceCodeAccess (186)
[2020.02.10-11.07.58:129][874]LogModuleManager: Shutting down and abandoning module HeadMountedDisplay (184)
[2020.02.10-11.07.58:129][874]LogModuleManager: Shutting down and abandoning module XAudio2 (182)
[2020.02.10-11.07.58:129][874]LogModuleManager: Shutting down and abandoning module Networking (180)
[2020.02.10-11.07.58:129][874]LogModuleManager: Shutting down and abandoning module Core (178)
[2020.02.10-11.07.58:129][874]LogModuleManager: Shutting down and abandoning module LevelSequence (176)
[2020.02.10-11.07.58:129][874]LogModuleManager: Shutting down and abandoning module KismetCompiler (174)
[2020.02.10-11.07.58:129][874]LogModuleManager: Shutting down and abandoning module MeshUtilities (172)
[2020.02.10-11.07.58:129][874]LogModuleManager: Shutting down and abandoning module MeshMergeUtilities (171)
[2020.02.10-11.07.58:129][874]LogModuleManager: Shutting down and abandoning module MeshReductionInterface (170)
[2020.02.10-11.07.58:129][874]LogModuleManager: Shutting down and abandoning module SimplygonSwarm (169)
[2020.02.10-11.07.58:129][874]LogModuleManager: Shutting down and abandoning module SimplygonMeshReduction (167)
[2020.02.10-11.07.58:129][874]LogModuleManager: Shutting down and abandoning module QuadricMeshReduction (165)
[2020.02.10-11.07.58:129][874]LogModuleManager: Shutting down and abandoning module MaterialBaking (161)
[2020.02.10-11.07.58:129][874]LogModuleManager: Shutting down and abandoning module DirectoryWatcher (157)
[2020.02.10-11.07.58:130][874]LogModuleManager: Shutting down and abandoning module DerivedDataCache (154)
[2020.02.10-11.07.58:165][874]LogDerivedDataCache: Shutdown
[2020.02.10-11.07.58:165][874]LogModuleManager: Shutting down and abandoning module XGEController (152)
[2020.02.10-11.07.58:165][874]LogXGEController: Cleaning working directory: C:/Users/t7099112/AppData/Local/Temp/UnrealXGEWorkingDir/
[2020.02.10-11.07.58:165][874]LogModuleManager: Shutting down and abandoning module TargetPlatform (150)
[2020.02.10-11.07.58:165][874]LogModuleManager: Shutting down and abandoning module VulkanShaderFormat (149)
[2020.02.10-11.07.58:165][874]LogModuleManager: Shutting down and abandoning module ShaderFormatVectorVM (147)
[2020.02.10-11.07.58:165][874]LogModuleManager: Shutting down and abandoning module ShaderFormatOpenGL (145)
[2020.02.10-11.07.58:166][874]LogModuleManager: Shutting down and abandoning module ShaderFormatD3D (143)
[2020.02.10-11.07.58:166][874]LogModuleManager: Shutting down and abandoning module MetalShaderFormat (141)
[2020.02.10-11.07.58:166][874]LogModuleManager: Shutting down and abandoning module TextureFormatUncompressed (139)
[2020.02.10-11.07.58:166][874]LogModuleManager: Shutting down and abandoning module TextureFormatPVR (137)
[2020.02.10-11.07.58:166][874]LogModuleManager: Shutting down and abandoning module TextureFormatDXT (135)
[2020.02.10-11.07.58:166][874]LogModuleManager: Shutting down and abandoning module TextureFormatIntelISPCTexComp (133)
[2020.02.10-11.07.58:167][874]LogModuleManager: Shutting down and abandoning module TextureFormatASTC (131)
[2020.02.10-11.07.58:167][874]LogModuleManager: Shutting down and abandoning module ImageWrapper (130)
[2020.02.10-11.07.58:167][874]LogModuleManager: Shutting down and abandoning module TextureFormatAndroid (127)
[2020.02.10-11.07.58:167][874]LogModuleManager: Shutting down and abandoning module AudioFormatOpus (125)
[2020.02.10-11.07.58:167][874]LogModuleManager: Shutting down and abandoning module AudioFormatOgg (123)
[2020.02.10-11.07.58:167][874]LogModuleManager: Shutting down and abandoning module AudioFormatADPCM (121)
[2020.02.10-11.07.58:167][874]LogModuleManager: Shutting down and abandoning module LinuxTargetPlatform (119)
[2020.02.10-11.07.58:167][874]LogModuleManager: Shutting down and abandoning module LinuxServerTargetPlatform (117)
[2020.02.10-11.07.58:167][874]LogModuleManager: Shutting down and abandoning module LinuxNoEditorTargetPlatform (115)
[2020.02.10-11.07.58:167][874]LogModuleManager: Shutting down and abandoning module LinuxClientTargetPlatform (113)
[2020.02.10-11.07.58:167][874]LogModuleManager: Shutting down and abandoning module TVOSTargetPlatform (111)
[2020.02.10-11.07.58:167][874]LogModuleManager: Shutting down and abandoning module Messaging (109)
[2020.02.10-11.07.58:167][874]LogModuleManager: Shutting down and abandoning module IOSTargetPlatform (107)
[2020.02.10-11.07.58:167][874]LogModuleManager: Shutting down and abandoning module HTML5TargetPlatform (105)
[2020.02.10-11.07.58:167][874]LogModuleManager: Shutting down and abandoning module AndroidTargetPlatform (103)
[2020.02.10-11.07.58:167][874]LogModuleManager: Shutting down and abandoning module Android_PVRTCTargetPlatform (101)
[2020.02.10-11.07.58:167][874]LogModuleManager: Shutting down and abandoning module Android_MultiTargetPlatform (99)
[2020.02.10-11.07.58:167][874]LogModuleManager: Shutting down and abandoning module Android_ETC2TargetPlatform (97)
[2020.02.10-11.07.58:167][874]LogModuleManager: Shutting down and abandoning module Android_ETC1TargetPlatform (95)
[2020.02.10-11.07.58:167][874]LogModuleManager: Shutting down and abandoning module Android_ETC1aTargetPlatform (93)
[2020.02.10-11.07.58:167][874]LogModuleManager: Shutting down and abandoning module Android_DXTTargetPlatform (91)
[2020.02.10-11.07.58:167][874]LogModuleManager: Shutting down and abandoning module Android_ATCTargetPlatform (89)
[2020.02.10-11.07.58:167][874]LogModuleManager: Shutting down and abandoning module Android_ASTCTargetPlatform (87)
[2020.02.10-11.07.58:167][874]LogModuleManager: Shutting down and abandoning module WindowsTargetPlatform (85)
[2020.02.10-11.07.58:167][874]LogModuleManager: Shutting down and abandoning module WindowsServerTargetPlatform (83)
[2020.02.10-11.07.58:167][874]LogModuleManager: Shutting down and abandoning module WindowsNoEditorTargetPlatform (81)
[2020.02.10-11.07.58:167][874]LogModuleManager: Shutting down and abandoning module WindowsClientTargetPlatform (79)
[2020.02.10-11.07.58:167][874]LogModuleManager: Shutting down and abandoning module MacTargetPlatform (77)
[2020.02.10-11.07.58:167][874]LogModuleManager: Shutting down and abandoning module MacServerTargetPlatform (75)
[2020.02.10-11.07.58:167][874]LogModuleManager: Shutting down and abandoning module MacNoEditorTargetPlatform (73)
[2020.02.10-11.07.58:167][874]LogModuleManager: Shutting down and abandoning module MacClientTargetPlatform (71)
[2020.02.10-11.07.58:167][874]LogModuleManager: Shutting down and abandoning module AllDesktopTargetPlatform (69)
[2020.02.10-11.07.58:167][874]LogModuleManager: Shutting down and abandoning module InputCore (66)
[2020.02.10-11.07.58:167][874]LogModuleManager: Shutting down and abandoning module Settings (64)
[2020.02.10-11.07.58:167][874]LogModuleManager: Shutting down and abandoning module PhysXCooking (62)
[2020.02.10-11.07.58:167][874]LogModuleManager: Shutting down and abandoning module SteamVR (60)
[2020.02.10-11.07.58:167][874]LogModuleManager: Shutting down and abandoning module OculusHMD (58)
[2020.02.10-11.07.58:167][874]LogModuleManager: Shutting down and abandoning module ExampleDeviceProfileSelector (56)
[2020.02.10-11.07.58:167][874]LogModuleManager: Shutting down and abandoning module AppleARKit (54)
[2020.02.10-11.07.58:167][874]LogModuleManager: Shutting down and abandoning module AugmentedReality (51)
[2020.02.10-11.07.58:167][874]LogModuleManager: Shutting down and abandoning module OnlineBlueprintSupport (48)
[2020.02.10-11.07.58:167][874]LogModuleManager: Shutting down and abandoning module OnlineSubsystem (44)
[2020.02.10-11.07.58:168][874]LogModuleManager: Shutting down and abandoning module XMPP (43)
[2020.02.10-11.07.58:168][874]LogModuleManager: Shutting down and abandoning module HTTP (41)
[2020.02.10-11.07.58:168][874]LogHttp: Display: Http module shutting down, but needs to wait on 1 outstanding Http requests:
[2020.02.10-11.07.58:168][874]LogHttp: Display: 	verb=[POST] url=[https://datarouter.ol.epicgames.com/datarouter/api/v1/public/data?SessionID=%7BA9068CFF-4E96-9BBB-DE16-A6AA69B7E966%7D&AppID=UEEditor.Rocket.Release&AppVersion=4.19.2-4033788%2B%2B%2BUE4%2BRelease-4.19&UserID=1fae532b4b27ff83bb0cbf8c77bf4bb6%7C%7Ca090151b-73f7-4539-9ce3-87c8cf670ed2&AppEnvironment=datacollector-binary&UploadType=eteventstream] status=Processing
[2020.02.10-11.07.58:169][874]LogModuleManager: Shutting down and abandoning module SSL (40)
[2020.02.10-11.07.58:171][874]LogModuleManager: Shutting down and abandoning module AnimationModifiers (36)
[2020.02.10-11.07.58:171][874]LogModuleManager: Shutting down and abandoning module PropertyEditor (35)
[2020.02.10-11.07.58:171][874]LogModuleManager: Shutting down and abandoning module AudioEditor (32)
[2020.02.10-11.07.58:171][874]LogModuleManager: Shutting down and abandoning module TextureCompressor (30)
[2020.02.10-11.07.58:172][874]LogModuleManager: Shutting down and abandoning module ShaderCore (28)
[2020.02.10-11.07.58:172][874]LogModuleManager: Shutting down and abandoning module Landscape (26)
[2020.02.10-11.07.58:172][874]LogModuleManager: Shutting down and abandoning module SlateRHIRenderer (24)
[2020.02.10-11.07.58:172][874]LogModuleManager: Shutting down and abandoning module OpenGLDrv (22)
[2020.02.10-11.07.58:173][874]LogModuleManager: Shutting down and abandoning module D3D11RHI (20)
[2020.02.10-11.07.58:173][874]LogModuleManager: Shutting down and abandoning module AnimGraphRuntime (18)
[2020.02.10-11.07.58:173][874]LogModuleManager: Shutting down and abandoning module Renderer (16)
[2020.02.10-11.07.58:173][874]LogModuleManager: Shutting down and abandoning module Engine (14)
[2020.02.10-11.07.58:173][874]LogModuleManager: Shutting down and abandoning module CoreUObject (12)
[2020.02.10-11.07.58:173][874]LogModuleManager: Shutting down and abandoning module NetworkFile (10)
[2020.02.10-11.07.58:173][874]LogModuleManager: Shutting down and abandoning module CookedIterativeFile (8)
[2020.02.10-11.07.58:173][874]LogModuleManager: Shutting down and abandoning module StreamingFile (6)
[2020.02.10-11.07.58:173][874]LogModuleManager: Shutting down and abandoning module SandboxFile (4)
[2020.02.10-11.07.58:173][874]LogModuleManager: Shutting down and abandoning module PakFile (2)
[2020.02.10-11.07.58:177][874]LogExit: Exiting.
[2020.02.10-11.07.58:192][874]Log file closed, 02/10/20 11:07:58
