Log file open, 03/09/20 11:11:35
LogWindows: Failed to load 'aqProf.dll' (GetLastError=126)
LogWindows: File 'aqProf.dll' does not exist
LogWindows: Failed to load 'VtuneApi.dll' (GetLastError=126)
LogWindows: File 'VtuneApi.dll' does not exist
LogWindows: Failed to load 'VtuneApi32e.dll' (GetLastError=126)
LogWindows: File 'VtuneApi32e.dll' does not exist
LogConsoleResponse: Display: Failed to find resolution value strings in scalability ini. Falling back to default.
LogInit: Display: Running engine for game: GameJam
LogPakFile: Registered encryption key '00000000000000000000000000000000': 0 pak files mounted, 0 remain pending
LogPlatformFile: Not using cached read wrapper
LogTaskGraph: Started task graph with 5 named threads and 14 total threads with 3 sets of task threads.
LogStats: Stats thread started at 0.194156
LogD3D11RHI: Loaded GFSDK_Aftermath_Lib.x64.dll
LogICUInternationalization: ICU TimeZone Detection - Raw Offset: +0:00, Platform Override: ''
LogPluginManager: Mounting plugin Paper2D
LogPluginManager: Mounting plugin AISupport
LogPluginManager: Mounting plugin LightPropagationVolume
LogPluginManager: Mounting plugin ActorLayerUtilities
LogPluginManager: Mounting plugin CLionSourceCodeAccess
LogPluginManager: Mounting plugin CodeLiteSourceCodeAccess
LogPluginManager: Mounting plugin GitSourceControl
LogPluginManager: Mounting plugin KDevelopSourceCodeAccess
LogPluginManager: Mounting plugin NullSourceCodeAccess
LogPluginManager: Mounting plugin PerforceSourceControl
LogPluginManager: Mounting plugin SubversionSourceControl
LogPluginManager: Mounting plugin UObjectPlugin
LogPluginManager: Mounting plugin VisualStudioCodeSourceCodeAccess
LogPluginManager: Mounting plugin VisualStudioSourceCodeAccess
LogPluginManager: Mounting plugin XCodeSourceCodeAccess
LogPluginManager: Mounting plugin AssetManagerEditor
LogPluginManager: Mounting plugin CryptoKeys
LogPluginManager: Mounting plugin DataValidation
LogPluginManager: Mounting plugin FacialAnimation
LogPluginManager: Mounting plugin GameplayTagsEditor
LogPluginManager: Mounting plugin MacGraphicsSwitching
LogPluginManager: Mounting plugin MeshEditor
LogPluginManager: Mounting plugin MobileLauncherProfileWizard
LogPluginManager: Mounting plugin PluginBrowser
LogPluginManager: Mounting plugin SpeedTreeImporter
LogPluginManager: Mounting plugin DatasmithContent
LogPluginManager: Mounting plugin VariantManagerContent
LogPluginManager: Mounting plugin AlembicImporter
LogPluginManager: Mounting plugin AppleImageUtils
LogPluginManager: Mounting plugin AppleVision
LogPluginManager: Mounting plugin BackChannel
LogPluginManager: Mounting plugin CharacterAI
LogPluginManager: Mounting plugin GeometryCache
LogPluginManager: Mounting plugin HTML5Networking
LogPluginManager: Mounting plugin ProxyLODPlugin
LogPluginManager: Mounting plugin MagicLeap
LogPluginManager: Mounting plugin MagicLeapMedia
LogPluginManager: Mounting plugin AndroidMedia
LogPluginManager: Mounting plugin AvfMedia
LogPluginManager: Mounting plugin ImgMedia
LogPluginManager: Mounting plugin LinearTimecode
LogPluginManager: Mounting plugin MediaCompositing
LogPluginManager: Mounting plugin MediaPlayerEditor
LogPluginManager: Mounting plugin WebMMedia
LogPluginManager: Mounting plugin WmfMedia
LogPluginManager: Mounting plugin TcpMessaging
LogPluginManager: Mounting plugin UdpMessaging
LogPluginManager: Mounting plugin ActorSequence
LogPluginManager: Mounting plugin LevelSequenceEditor
LogPluginManager: Mounting plugin MatineeToLevelSequence
LogPluginManager: Mounting plugin NetcodeUnitTest
LogPluginManager: Mounting plugin NUTUnrealEngine4
LogPluginManager: Mounting plugin OnlineSubsystemGooglePlay
LogPluginManager: Mounting plugin OnlineSubsystemIOS
LogPluginManager: Mounting plugin OnlineSubsystem
LogPluginManager: Mounting plugin OnlineSubsystemNull
LogPluginManager: Mounting plugin OnlineSubsystemUtils
LogPluginManager: Mounting plugin LauncherChunkInstaller
LogPluginManager: Mounting plugin AndroidDeviceProfileSelector
LogPluginManager: Mounting plugin AndroidMoviePlayer
LogPluginManager: Mounting plugin AndroidPermission
LogPluginManager: Mounting plugin ApexDestruction
LogPluginManager: Mounting plugin AppleMoviePlayer
LogPluginManager: Mounting plugin ArchVisCharacter
LogPluginManager: Mounting plugin AudioCapture
LogPluginManager: Mounting plugin CableComponent
LogPluginManager: Mounting plugin CustomMeshComponent
LogPluginManager: Mounting plugin EditableMesh
LogPluginManager: Mounting plugin ExampleDeviceProfileSelector
LogPluginManager: Mounting plugin Firebase
LogPluginManager: Mounting plugin GoogleCloudMessaging
LogPluginManager: Mounting plugin IOSDeviceProfileSelector
LogPluginManager: Mounting plugin LinuxDeviceProfileSelector
LogPluginManager: Mounting plugin LocationServicesBPLibrary
LogPluginManager: Mounting plugin MobilePatchingUtils
LogPluginManager: Mounting plugin OculusVR
LogPluginManager: Mounting plugin PhysXVehicles
LogPluginManager: Mounting plugin ProceduralMeshComponent
LogPluginManager: Mounting plugin RuntimePhysXCooking
LogPluginManager: Mounting plugin SteamVR
LogPluginManager: Mounting plugin WebMMoviePlayer
LogPluginManager: Mounting plugin WindowsMoviePlayer
LogStreaming: Display: Took  0.649s to configure plugins.
LogInit: Using libcurl 7.55.1-DEV
LogInit:  - built for x86_64-pc-win32
LogInit:  - supports SSL with OpenSSL/1.0.2h
LogInit:  - supports HTTP deflate (compression) using libz 1.2.8
LogInit:  - other features:
LogInit:      CURL_VERSION_SSL
LogInit:      CURL_VERSION_LIBZ
LogInit:      CURL_VERSION_IPV6
LogInit:      CURL_VERSION_ASYNCHDNS
LogInit:      CURL_VERSION_LARGEFILE
LogInit:      CURL_VERSION_IDN
LogInit:  CurlRequestOptions (configurable via config and command line):
LogInit:  - bVerifyPeer = true  - Libcurl will verify peer certificate
LogInit:  - bUseHttpProxy = false  - Libcurl will NOT use HTTP proxy
LogInit:  - bDontReuseConnections = false  - Libcurl will reuse connections
LogInit:  - MaxHostConnections = 16  - Libcurl will limit the number of connections to a host
LogInit:  - LocalHostAddr = Default
LogInit:  - BufferSize = 65536
LogInit: WinSock: version 1.1 (2.2), MaxSocks=32767, MaxUdp=65467
LogInit: Build: ++UE4+Release-4.21-CL-4753647
LogInit: Engine Version: 4.21.2-4753647+++UE4+Release-4.21
LogInit: Compatible Engine Version: 4.21.0-4541578+++UE4+Release-4.21
LogInit: Net CL: 4541578
LogInit: OS: Windows 10 (), CPU: Intel(R) Xeon(R) CPU E5-1603 v4 @ 2.80GHz, GPU: NVIDIA GeForce GTX 1070
LogInit: Compiled (64-bit): Jan 19 2019 02:07:31
LogInit: Compiled with Visual C++: 19.13.26129.00
LogInit: Build Configuration: Development
LogInit: Branch Name: ++UE4+Release-4.21
LogInit: Command Line: 
LogInit: Base Directory: C:/Program Files/Epic Games/UE_4.21/Engine/Binaries/Win64/
LogInit: Installed Engine Build: 1
LogDevObjectVersion: Number of dev versions registered: 22
LogDevObjectVersion:   Dev-Blueprints (B0D832E4-1F89-4F0D-ACCF-7EB736FD4AA2): 10
LogDevObjectVersion:   Dev-Build (E1C64328-A22C-4D53-A36C-8E866417BD8C): 0
LogDevObjectVersion:   Dev-Core (375EC13C-06E4-48FB-B500-84F0262A717E): 2
LogDevObjectVersion:   Dev-Editor (E4B068ED-F494-42E9-A231-DA0B2E46BB41): 26
LogDevObjectVersion:   Dev-Framework (CFFC743F-43B0-4480-9391-14DF171D2073): 34
LogDevObjectVersion:   Dev-Mobile (B02B49B5-BB20-44E9-A304-32B752E40360): 2
LogDevObjectVersion:   Dev-Networking (A4E4105C-59A1-49B5-A7C5-40C4547EDFEE): 0
LogDevObjectVersion:   Dev-Online (39C831C9-5AE6-47DC-9A44-9C173E1C8E7C): 0
LogDevObjectVersion:   Dev-Physics (78F01B33-EBEA-4F98-B9B4-84EACCB95AA2): 0
LogDevObjectVersion:   Dev-Platform (6631380F-2D4D-43E0-8009-CF276956A95A): 0
LogDevObjectVersion:   Dev-Rendering (12F88B9F-8875-4AFC-A67C-D90C383ABD29): 27
LogDevObjectVersion:   Dev-Sequencer (7B5AE74C-D270-4C10-A958-57980B212A5A): 9
LogDevObjectVersion:   Dev-VR (D7296918-1DD6-4BDD-9DE2-64A83CC13884): 2
LogDevObjectVersion:   Dev-LoadTimes (C2A15278-BFE7-4AFE-6C17-90FF531DF755): 1
LogDevObjectVersion:   Private-Geometry (6EACA3D4-40EC-4CC1-B786-8BED09428FC5): 3
LogDevObjectVersion:   Dev-AnimPhys (29E575DD-E0A3-4627-9D10-D276232CDCEA): 17
LogDevObjectVersion:   Dev-Anim (AF43A65D-7FD3-4947-9873-3E8ED9C1BB05): 2
LogDevObjectVersion:   Dev-ReflectionCapture (6B266CEC-1EC7-4B8F-A30B-E4D90942FC07): 1
LogDevObjectVersion:   Dev-Automation (0DF73D61-A23F-47EA-B727-89E90C41499A): 1
LogDevObjectVersion:   FortniteMain (601D1886-AC64-4F84-AA16-D3DE0DEAC7D6): 17
LogDevObjectVersion:   Dev-Enterprise (9DFFBCD6-494F-0158-E221-12823C92A888): 4
LogDevObjectVersion:   Dev-Niagara (F2AED0AC-9AFE-416F-8664-AA7FFA26D6FC): 1
LogStreaming: Display: Took  0.037s to delete old logs.
LogInit: Presizing for max 8388607 objects, including 0 objects not considered by GC, pre-allocating 0 bytes for permanent pool.
LogInit: Object subsystem initialized
LogConfig: Setting CVar [[con.DebugEarlyDefault:1]]
LogConfig: Setting CVar [[r.setres:1280x720]]
[2020.03.09-11.11.36:121][  0]LogConfig: Setting CVar [[r.VSync:0]]
[2020.03.09-11.11.36:121][  0]LogConfig: Setting CVar [[r.RHICmdBypass:0]]
[2020.03.09-11.11.36:121][  0]LogConfig: Applying CVar settings from Section [/Script/Engine.RendererSettings] File [F:/Teesside/Year 2/Game Jam/GameJam_Repo/GameJam/Saved/Config/Windows/Engine.ini]
[2020.03.09-11.11.36:121][  0]LogConfig: Setting CVar [[r.GPUCrashDebugging:0]]
[2020.03.09-11.11.36:121][  0]LogConfig: Applying CVar settings from Section [/Script/Engine.RendererOverrideSettings] File [F:/Teesside/Year 2/Game Jam/GameJam_Repo/GameJam/Saved/Config/Windows/Engine.ini]
[2020.03.09-11.11.36:121][  0]LogConfig: Applying CVar settings from Section [/Script/Engine.StreamingSettings] File [F:/Teesside/Year 2/Game Jam/GameJam_Repo/GameJam/Saved/Config/Windows/Engine.ini]
[2020.03.09-11.11.36:121][  0]LogConfig: Setting CVar [[s.MinBulkDataSizeForAsyncLoading:131072]]
[2020.03.09-11.11.36:121][  0]LogConfig: Setting CVar [[s.AsyncLoadingThreadEnabled:0]]
[2020.03.09-11.11.36:121][  0]LogConfig: Setting CVar [[s.EventDrivenLoaderEnabled:1]]
[2020.03.09-11.11.36:121][  0]LogConfig: Setting CVar [[s.WarnIfTimeLimitExceeded:0]]
[2020.03.09-11.11.36:121][  0]LogConfig: Setting CVar [[s.TimeLimitExceededMultiplier:1.5]]
[2020.03.09-11.11.36:121][  0]LogConfig: Setting CVar [[s.TimeLimitExceededMinTime:0.005]]
[2020.03.09-11.11.36:121][  0]LogConfig: Setting CVar [[s.UseBackgroundLevelStreaming:1]]
[2020.03.09-11.11.36:121][  0]LogConfig: Setting CVar [[s.PriorityAsyncLoadingExtraTime:15.0]]
[2020.03.09-11.11.36:121][  0]LogConfig: Setting CVar [[s.LevelStreamingActorsUpdateTimeLimit:5.0]]
[2020.03.09-11.11.36:122][  0]LogConfig: Setting CVar [[s.PriorityLevelStreamingActorsUpdateExtraTime:5.0]]
[2020.03.09-11.11.36:122][  0]LogConfig: Setting CVar [[s.LevelStreamingComponentsRegistrationGranularity:10]]
[2020.03.09-11.11.36:122][  0]LogConfig: Setting CVar [[s.UnregisterComponentsTimeLimit:1.0]]
[2020.03.09-11.11.36:122][  0]LogConfig: Setting CVar [[s.LevelStreamingComponentsUnregistrationGranularity:5]]
[2020.03.09-11.11.36:122][  0]LogConfig: Applying CVar settings from Section [/Script/Engine.GarbageCollectionSettings] File [F:/Teesside/Year 2/Game Jam/GameJam_Repo/GameJam/Saved/Config/Windows/Engine.ini]
[2020.03.09-11.11.36:122][  0]LogConfig: Setting CVar [[gc.MaxObjectsNotConsideredByGC:1]]
[2020.03.09-11.11.36:122][  0]LogConfig: Setting CVar [[gc.SizeOfPermanentObjectPool:0]]
[2020.03.09-11.11.36:122][  0]LogConfig: Setting CVar [[gc.FlushStreamingOnGC:0]]
[2020.03.09-11.11.36:122][  0]LogConfig: Setting CVar [[gc.NumRetriesBeforeForcingGC:10]]
[2020.03.09-11.11.36:122][  0]LogConfig: Setting CVar [[gc.AllowParallelGC:1]]
[2020.03.09-11.11.36:122][  0]LogConfig: Setting CVar [[gc.TimeBetweenPurgingPendingKillObjects:61.1]]
[2020.03.09-11.11.36:122][  0]LogConfig: Setting CVar [[gc.MaxObjectsInEditor:8388607]]
[2020.03.09-11.11.36:122][  0]LogConfig: Setting CVar [[gc.IncrementalBeginDestroyEnabled:1]]
[2020.03.09-11.11.36:122][  0]LogConfig: Setting CVar [[gc.CreateGCClusters:1]]
[2020.03.09-11.11.36:122][  0]LogConfig: Setting CVar [[gc.MergeGCClusters:0]]
[2020.03.09-11.11.36:122][  0]LogConfig: Setting CVar [[gc.MinGCClusterSize:5]]
[2020.03.09-11.11.36:122][  0]LogConfig: Setting CVar [[gc.ActorClusteringEnabled:0]]
[2020.03.09-11.11.36:122][  0]LogConfig: Setting CVar [[gc.BlueprintClusteringEnabled:0]]
[2020.03.09-11.11.36:122][  0]LogConfig: Setting CVar [[gc.UseDisregardForGCOnDedicatedServers:0]]
[2020.03.09-11.11.36:122][  0]LogConfig: Applying CVar settings from Section [/Script/Engine.NetworkSettings] File [F:/Teesside/Year 2/Game Jam/GameJam_Repo/GameJam/Saved/Config/Windows/Engine.ini]
[2020.03.09-11.11.36:122][  0]LogConfig: Applying CVar settings from Section [/Script/UnrealEd.CookerSettings] File [F:/Teesside/Year 2/Game Jam/GameJam_Repo/GameJam/Saved/Config/Windows/Engine.ini]
[2020.03.09-11.11.36:128][  0]LogConfig: Applying CVar settings from Section [ViewDistanceQuality@3] File [F:/Teesside/Year 2/Game Jam/GameJam_Repo/GameJam/Saved/Config/Windows/Scalability.ini]
[2020.03.09-11.11.36:128][  0]LogConfig: Setting CVar [[r.SkeletalMeshLODBias:0]]
[2020.03.09-11.11.36:128][  0]LogConfig: Setting CVar [[r.ViewDistanceScale:1.0]]
[2020.03.09-11.11.36:128][  0]LogConfig: Applying CVar settings from Section [AntiAliasingQuality@3] File [F:/Teesside/Year 2/Game Jam/GameJam_Repo/GameJam/Saved/Config/Windows/Scalability.ini]
[2020.03.09-11.11.36:128][  0]LogConfig: Setting CVar [[r.PostProcessAAQuality:4]]
[2020.03.09-11.11.36:128][  0]LogConfig: Applying CVar settings from Section [ShadowQuality@3] File [F:/Teesside/Year 2/Game Jam/GameJam_Repo/GameJam/Saved/Config/Windows/Scalability.ini]
[2020.03.09-11.11.36:128][  0]LogConfig: Setting CVar [[r.LightFunctionQuality:1]]
[2020.03.09-11.11.36:128][  0]LogConfig: Setting CVar [[r.ShadowQuality:5]]
[2020.03.09-11.11.36:128][  0]LogConfig: Setting CVar [[r.Shadow.CSM.MaxCascades:10]]
[2020.03.09-11.11.36:128][  0]LogConfig: Setting CVar [[r.Shadow.MaxResolution:2048]]
[2020.03.09-11.11.36:128][  0]LogConfig: Setting CVar [[r.Shadow.MaxCSMResolution:2048]]
[2020.03.09-11.11.36:128][  0]LogConfig: Setting CVar [[r.Shadow.RadiusThreshold:0.01]]
[2020.03.09-11.11.36:128][  0]LogConfig: Setting CVar [[r.Shadow.DistanceScale:1.0]]
[2020.03.09-11.11.36:128][  0]LogConfig: Setting CVar [[r.Shadow.CSM.TransitionScale:1.0]]
[2020.03.09-11.11.36:128][  0]LogConfig: Setting CVar [[r.Shadow.PreShadowResolutionFactor:1.0]]
[2020.03.09-11.11.36:128][  0]LogConfig: Setting CVar [[r.DistanceFieldShadowing:1]]
[2020.03.09-11.11.36:129][  0]LogConfig: Setting CVar [[r.DistanceFieldAO:1]]
[2020.03.09-11.11.36:129][  0]LogConfig: Setting CVar [[r.AOQuality:2]]
[2020.03.09-11.11.36:129][  0]LogConfig: Setting CVar [[r.VolumetricFog:1]]
[2020.03.09-11.11.36:129][  0]LogConfig: Setting CVar [[r.VolumetricFog.GridPixelSize:8]]
[2020.03.09-11.11.36:129][  0]LogConfig: Setting CVar [[r.VolumetricFog.GridSizeZ:128]]
[2020.03.09-11.11.36:129][  0]LogConfig: Setting CVar [[r.VolumetricFog.HistoryMissSupersampleCount:4]]
[2020.03.09-11.11.36:129][  0]LogConfig: Setting CVar [[r.LightMaxDrawDistanceScale:1]]
[2020.03.09-11.11.36:129][  0]LogConfig: Setting CVar [[r.CapsuleShadows:1]]
[2020.03.09-11.11.36:129][  0]LogConfig: Applying CVar settings from Section [PostProcessQuality@3] File [F:/Teesside/Year 2/Game Jam/GameJam_Repo/GameJam/Saved/Config/Windows/Scalability.ini]
[2020.03.09-11.11.36:129][  0]LogConfig: Setting CVar [[r.MotionBlurQuality:4]]
[2020.03.09-11.11.36:129][  0]LogConfig: Setting CVar [[r.AmbientOcclusionMipLevelFactor:0.4]]
[2020.03.09-11.11.36:129][  0]LogConfig: Setting CVar [[r.AmbientOcclusionMaxQuality:100]]
[2020.03.09-11.11.36:129][  0]LogConfig: Setting CVar [[r.AmbientOcclusionLevels:-1]]
[2020.03.09-11.11.36:129][  0]LogConfig: Setting CVar [[r.AmbientOcclusionRadiusScale:1.0]]
[2020.03.09-11.11.36:129][  0]LogConfig: Setting CVar [[r.DepthOfFieldQuality:2]]
[2020.03.09-11.11.36:129][  0]LogConfig: Setting CVar [[r.RenderTargetPoolMin:400]]
[2020.03.09-11.11.36:129][  0]LogConfig: Setting CVar [[r.LensFlareQuality:2]]
[2020.03.09-11.11.36:129][  0]LogConfig: Setting CVar [[r.SceneColorFringeQuality:1]]
[2020.03.09-11.11.36:129][  0]LogConfig: Setting CVar [[r.EyeAdaptationQuality:2]]
[2020.03.09-11.11.36:129][  0]LogConfig: Setting CVar [[r.BloomQuality:5]]
[2020.03.09-11.11.36:129][  0]LogConfig: Setting CVar [[r.FastBlurThreshold:100]]
[2020.03.09-11.11.36:129][  0]LogConfig: Setting CVar [[r.Upscale.Quality:3]]
[2020.03.09-11.11.36:129][  0]LogConfig: Setting CVar [[r.Tonemapper.GrainQuantization:1]]
[2020.03.09-11.11.36:129][  0]LogConfig: Setting CVar [[r.LightShaftQuality:1]]
[2020.03.09-11.11.36:129][  0]LogConfig: Setting CVar [[r.Filter.SizeScale:1]]
[2020.03.09-11.11.36:129][  0]LogConfig: Setting CVar [[r.Tonemapper.Quality:5]]
[2020.03.09-11.11.36:129][  0]LogConfig: Setting CVar [[r.DOF.Gather.AccumulatorQuality:1        ; higher gathering accumulator quality]]
[2020.03.09-11.11.36:129][  0]LogConfig: Setting CVar [[r.DOF.Gather.PostfilterMethod:1          ; Median3x3 postfilering method]]
[2020.03.09-11.11.36:129][  0]LogConfig: Setting CVar [[r.DOF.Gather.EnableBokehSettings:0       ; no bokeh simulation when gathering]]
[2020.03.09-11.11.36:129][  0]LogConfig: Setting CVar [[r.DOF.Gather.RingCount:4                 ; medium number of samples when gathering]]
[2020.03.09-11.11.36:129][  0]LogConfig: Setting CVar [[r.DOF.Scatter.ForegroundCompositing:1    ; additive foreground scattering]]
[2020.03.09-11.11.36:129][  0]LogConfig: Setting CVar [[r.DOF.Scatter.BackgroundCompositing:2    ; additive background scattering]]
[2020.03.09-11.11.36:129][  0]LogConfig: Setting CVar [[r.DOF.Scatter.EnableBokehSettings:1      ; bokeh simulation when scattering]]
[2020.03.09-11.11.36:129][  0]LogConfig: Setting CVar [[r.DOF.Scatter.MaxSpriteRatio:0.1         ; only a maximum of 10% of scattered bokeh]]
[2020.03.09-11.11.36:129][  0]LogConfig: Setting CVar [[r.DOF.Recombine.Quality:1                ; cheap slight out of focus]]
[2020.03.09-11.11.36:129][  0]LogConfig: Setting CVar [[r.DOF.Recombine.EnableBokehSettings:0    ; no bokeh simulation on slight out of focus]]
[2020.03.09-11.11.36:129][  0]LogConfig: Setting CVar [[r.DOF.TemporalAAQuality:1                ; more stable temporal accumulation]]
[2020.03.09-11.11.36:129][  0]LogConfig: Setting CVar [[r.DOF.Kernel.MaxForegroundRadius:0.025]]
[2020.03.09-11.11.36:129][  0]LogConfig: Setting CVar [[r.DOF.Kernel.MaxBackgroundRadius:0.025]]
[2020.03.09-11.11.36:129][  0]LogConfig: Applying CVar settings from Section [TextureQuality@3] File [F:/Teesside/Year 2/Game Jam/GameJam_Repo/GameJam/Saved/Config/Windows/Scalability.ini]
[2020.03.09-11.11.36:129][  0]LogConfig: Setting CVar [[r.Streaming.MipBias:0]]
[2020.03.09-11.11.36:129][  0]LogConfig: Setting CVar [[r.Streaming.AmortizeCPUToGPUCopy:0]]
[2020.03.09-11.11.36:129][  0]LogConfig: Setting CVar [[r.Streaming.MaxNumTexturesToStreamPerFrame:0]]
[2020.03.09-11.11.36:129][  0]LogConfig: Setting CVar [[r.Streaming.Boost:1]]
[2020.03.09-11.11.36:129][  0]LogConfig: Setting CVar [[r.MaxAnisotropy:8]]
[2020.03.09-11.11.36:129][  0]LogConfig: Setting CVar [[r.Streaming.LimitPoolSizeToVRAM:0]]
[2020.03.09-11.11.36:129][  0]LogConfig: Setting CVar [[r.Streaming.PoolSize:1000]]
[2020.03.09-11.11.36:129][  0]LogConfig: Setting CVar [[r.Streaming.MaxEffectiveScreenSize:0]]
[2020.03.09-11.11.36:129][  0]LogConfig: Applying CVar settings from Section [EffectsQuality@3] File [F:/Teesside/Year 2/Game Jam/GameJam_Repo/GameJam/Saved/Config/Windows/Scalability.ini]
[2020.03.09-11.11.36:129][  0]LogConfig: Setting CVar [[r.TranslucencyLightingVolumeDim:64]]
[2020.03.09-11.11.36:129][  0]LogConfig: Setting CVar [[r.RefractionQuality:2]]
[2020.03.09-11.11.36:129][  0]LogConfig: Setting CVar [[r.SSR.Quality:3]]
[2020.03.09-11.11.36:129][  0]LogConfig: Setting CVar [[r.SceneColorFormat:4]]
[2020.03.09-11.11.36:129][  0]LogConfig: Setting CVar [[r.DetailMode:2]]
[2020.03.09-11.11.36:129][  0]LogConfig: Setting CVar [[r.TranslucencyVolumeBlur:1]]
[2020.03.09-11.11.36:129][  0]LogConfig: Setting CVar [[r.MaterialQualityLevel:1 ; High quality]]
[2020.03.09-11.11.36:129][  0]LogConfig: Setting CVar [[r.SSS.Scale:1]]
[2020.03.09-11.11.36:129][  0]LogConfig: Setting CVar [[r.SSS.SampleSet:2]]
[2020.03.09-11.11.36:129][  0]LogConfig: Setting CVar [[r.SSS.Quality:1]]
[2020.03.09-11.11.36:129][  0]LogConfig: Setting CVar [[r.SSS.HalfRes:1]]
[2020.03.09-11.11.36:129][  0]LogConfig: Setting CVar [[r.EmitterSpawnRateScale:1.0]]
[2020.03.09-11.11.36:129][  0]LogConfig: Setting CVar [[r.ParticleLightQuality:2]]
[2020.03.09-11.11.36:129][  0]LogConfig: Applying CVar settings from Section [FoliageQuality@3] File [F:/Teesside/Year 2/Game Jam/GameJam_Repo/GameJam/Saved/Config/Windows/Scalability.ini]
[2020.03.09-11.11.36:129][  0]LogConfig: Setting CVar [[foliage.DensityScale:1.0]]
[2020.03.09-11.11.36:129][  0]LogConfig: Setting CVar [[grass.DensityScale:1.0]]
[2020.03.09-11.11.36:129][  0]LogInit: Selected Device Profile: [Windows]
[2020.03.09-11.11.36:129][  0]LogInit: Applying CVar settings loaded from the selected device profile: [Windows]
[2020.03.09-11.11.36:213][  0]LogHAL: Display: Platform has ~ 32 GB [34272022528 / 34359738368 / 32], which maps to Largest [LargestMinGB=32, LargerMinGB=12, DefaultMinGB=8, SmallerMinGB=6, SmallestMinGB=0)
[2020.03.09-11.11.36:213][  0]LogConfig: Setting CVar [[r.Vulkan.UseRealUBs:1]]
[2020.03.09-11.11.36:213][  0]LogInit: Going up to parent DeviceProfile []
[2020.03.09-11.11.36:213][  0]LogConfig: Applying CVar settings from Section [ViewDistanceQuality@3] File [F:/Teesside/Year 2/Game Jam/GameJam_Repo/GameJam/Saved/Config/Windows/Scalability.ini]
[2020.03.09-11.11.36:214][  0]LogConfig: Setting CVar [[r.SkeletalMeshLODBias:0]]
[2020.03.09-11.11.36:214][  0]LogConfig: Setting CVar [[r.ViewDistanceScale:1.0]]
[2020.03.09-11.11.36:214][  0]LogConfig: Applying CVar settings from Section [AntiAliasingQuality@3] File [F:/Teesside/Year 2/Game Jam/GameJam_Repo/GameJam/Saved/Config/Windows/Scalability.ini]
[2020.03.09-11.11.36:214][  0]LogConfig: Setting CVar [[r.PostProcessAAQuality:4]]
[2020.03.09-11.11.36:214][  0]LogConfig: Applying CVar settings from Section [ShadowQuality@3] File [F:/Teesside/Year 2/Game Jam/GameJam_Repo/GameJam/Saved/Config/Windows/Scalability.ini]
[2020.03.09-11.11.36:214][  0]LogConfig: Setting CVar [[r.LightFunctionQuality:1]]
[2020.03.09-11.11.36:214][  0]LogConfig: Setting CVar [[r.ShadowQuality:5]]
[2020.03.09-11.11.36:214][  0]LogConfig: Setting CVar [[r.Shadow.CSM.MaxCascades:10]]
[2020.03.09-11.11.36:214][  0]LogConfig: Setting CVar [[r.Shadow.MaxResolution:2048]]
[2020.03.09-11.11.36:214][  0]LogConfig: Setting CVar [[r.Shadow.MaxCSMResolution:2048]]
[2020.03.09-11.11.36:214][  0]LogConfig: Setting CVar [[r.Shadow.RadiusThreshold:0.01]]
[2020.03.09-11.11.36:214][  0]LogConfig: Setting CVar [[r.Shadow.DistanceScale:1.0]]
[2020.03.09-11.11.36:214][  0]LogConfig: Setting CVar [[r.Shadow.CSM.TransitionScale:1.0]]
[2020.03.09-11.11.36:214][  0]LogConfig: Setting CVar [[r.Shadow.PreShadowResolutionFactor:1.0]]
[2020.03.09-11.11.36:214][  0]LogConfig: Setting CVar [[r.DistanceFieldShadowing:1]]
[2020.03.09-11.11.36:214][  0]LogConfig: Setting CVar [[r.DistanceFieldAO:1]]
[2020.03.09-11.11.36:214][  0]LogConfig: Setting CVar [[r.AOQuality:2]]
[2020.03.09-11.11.36:214][  0]LogConfig: Setting CVar [[r.VolumetricFog:1]]
[2020.03.09-11.11.36:214][  0]LogConfig: Setting CVar [[r.VolumetricFog.GridPixelSize:8]]
[2020.03.09-11.11.36:214][  0]LogConfig: Setting CVar [[r.VolumetricFog.GridSizeZ:128]]
[2020.03.09-11.11.36:214][  0]LogConfig: Setting CVar [[r.VolumetricFog.HistoryMissSupersampleCount:4]]
[2020.03.09-11.11.36:214][  0]LogConfig: Setting CVar [[r.LightMaxDrawDistanceScale:1]]
[2020.03.09-11.11.36:214][  0]LogConfig: Setting CVar [[r.CapsuleShadows:1]]
[2020.03.09-11.11.36:214][  0]LogConfig: Applying CVar settings from Section [PostProcessQuality@3] File [F:/Teesside/Year 2/Game Jam/GameJam_Repo/GameJam/Saved/Config/Windows/Scalability.ini]
[2020.03.09-11.11.36:214][  0]LogConfig: Setting CVar [[r.MotionBlurQuality:4]]
[2020.03.09-11.11.36:214][  0]LogConfig: Setting CVar [[r.AmbientOcclusionMipLevelFactor:0.4]]
[2020.03.09-11.11.36:214][  0]LogConfig: Setting CVar [[r.AmbientOcclusionMaxQuality:100]]
[2020.03.09-11.11.36:214][  0]LogConfig: Setting CVar [[r.AmbientOcclusionLevels:-1]]
[2020.03.09-11.11.36:214][  0]LogConfig: Setting CVar [[r.AmbientOcclusionRadiusScale:1.0]]
[2020.03.09-11.11.36:214][  0]LogConfig: Setting CVar [[r.DepthOfFieldQuality:2]]
[2020.03.09-11.11.36:214][  0]LogConfig: Setting CVar [[r.RenderTargetPoolMin:400]]
[2020.03.09-11.11.36:214][  0]LogConfig: Setting CVar [[r.LensFlareQuality:2]]
[2020.03.09-11.11.36:214][  0]LogConfig: Setting CVar [[r.SceneColorFringeQuality:1]]
[2020.03.09-11.11.36:214][  0]LogConfig: Setting CVar [[r.EyeAdaptationQuality:2]]
[2020.03.09-11.11.36:214][  0]LogConfig: Setting CVar [[r.BloomQuality:5]]
[2020.03.09-11.11.36:214][  0]LogConfig: Setting CVar [[r.FastBlurThreshold:100]]
[2020.03.09-11.11.36:214][  0]LogConfig: Setting CVar [[r.Upscale.Quality:3]]
[2020.03.09-11.11.36:214][  0]LogConfig: Setting CVar [[r.Tonemapper.GrainQuantization:1]]
[2020.03.09-11.11.36:214][  0]LogConfig: Setting CVar [[r.LightShaftQuality:1]]
[2020.03.09-11.11.36:214][  0]LogConfig: Setting CVar [[r.Filter.SizeScale:1]]
[2020.03.09-11.11.36:214][  0]LogConfig: Setting CVar [[r.Tonemapper.Quality:5]]
[2020.03.09-11.11.36:214][  0]LogConfig: Setting CVar [[r.DOF.Gather.AccumulatorQuality:1        ; higher gathering accumulator quality]]
[2020.03.09-11.11.36:214][  0]LogConfig: Setting CVar [[r.DOF.Gather.PostfilterMethod:1          ; Median3x3 postfilering method]]
[2020.03.09-11.11.36:214][  0]LogConfig: Setting CVar [[r.DOF.Gather.EnableBokehSettings:0       ; no bokeh simulation when gathering]]
[2020.03.09-11.11.36:214][  0]LogConfig: Setting CVar [[r.DOF.Gather.RingCount:4                 ; medium number of samples when gathering]]
[2020.03.09-11.11.36:214][  0]LogConfig: Setting CVar [[r.DOF.Scatter.ForegroundCompositing:1    ; additive foreground scattering]]
[2020.03.09-11.11.36:214][  0]LogConfig: Setting CVar [[r.DOF.Scatter.BackgroundCompositing:2    ; additive background scattering]]
[2020.03.09-11.11.36:214][  0]LogConfig: Setting CVar [[r.DOF.Scatter.EnableBokehSettings:1      ; bokeh simulation when scattering]]
[2020.03.09-11.11.36:214][  0]LogConfig: Setting CVar [[r.DOF.Scatter.MaxSpriteRatio:0.1         ; only a maximum of 10% of scattered bokeh]]
[2020.03.09-11.11.36:214][  0]LogConfig: Setting CVar [[r.DOF.Recombine.Quality:1                ; cheap slight out of focus]]
[2020.03.09-11.11.36:214][  0]LogConfig: Setting CVar [[r.DOF.Recombine.EnableBokehSettings:0    ; no bokeh simulation on slight out of focus]]
[2020.03.09-11.11.36:214][  0]LogConfig: Setting CVar [[r.DOF.TemporalAAQuality:1                ; more stable temporal accumulation]]
[2020.03.09-11.11.36:214][  0]LogConfig: Setting CVar [[r.DOF.Kernel.MaxForegroundRadius:0.025]]
[2020.03.09-11.11.36:214][  0]LogConfig: Setting CVar [[r.DOF.Kernel.MaxBackgroundRadius:0.025]]
[2020.03.09-11.11.36:214][  0]LogConfig: Applying CVar settings from Section [TextureQuality@3] File [F:/Teesside/Year 2/Game Jam/GameJam_Repo/GameJam/Saved/Config/Windows/Scalability.ini]
[2020.03.09-11.11.36:214][  0]LogConfig: Setting CVar [[r.Streaming.MipBias:0]]
[2020.03.09-11.11.36:214][  0]LogConfig: Setting CVar [[r.Streaming.AmortizeCPUToGPUCopy:0]]
[2020.03.09-11.11.36:214][  0]LogConfig: Setting CVar [[r.Streaming.MaxNumTexturesToStreamPerFrame:0]]
[2020.03.09-11.11.36:214][  0]LogConfig: Setting CVar [[r.Streaming.Boost:1]]
[2020.03.09-11.11.36:214][  0]LogConfig: Setting CVar [[r.MaxAnisotropy:8]]
[2020.03.09-11.11.36:214][  0]LogConfig: Setting CVar [[r.Streaming.LimitPoolSizeToVRAM:0]]
[2020.03.09-11.11.36:214][  0]LogConfig: Setting CVar [[r.Streaming.PoolSize:1000]]
[2020.03.09-11.11.36:214][  0]LogConfig: Setting CVar [[r.Streaming.MaxEffectiveScreenSize:0]]
[2020.03.09-11.11.36:214][  0]LogConfig: Applying CVar settings from Section [EffectsQuality@3] File [F:/Teesside/Year 2/Game Jam/GameJam_Repo/GameJam/Saved/Config/Windows/Scalability.ini]
[2020.03.09-11.11.36:214][  0]LogConfig: Setting CVar [[r.TranslucencyLightingVolumeDim:64]]
[2020.03.09-11.11.36:214][  0]LogConfig: Setting CVar [[r.RefractionQuality:2]]
[2020.03.09-11.11.36:214][  0]LogConfig: Setting CVar [[r.SSR.Quality:3]]
[2020.03.09-11.11.36:214][  0]LogConfig: Setting CVar [[r.SceneColorFormat:4]]
[2020.03.09-11.11.36:214][  0]LogConfig: Setting CVar [[r.DetailMode:2]]
[2020.03.09-11.11.36:214][  0]LogConfig: Setting CVar [[r.TranslucencyVolumeBlur:1]]
[2020.03.09-11.11.36:214][  0]LogConfig: Setting CVar [[r.MaterialQualityLevel:1 ; High quality]]
[2020.03.09-11.11.36:214][  0]LogConfig: Setting CVar [[r.SSS.Scale:1]]
[2020.03.09-11.11.36:214][  0]LogConfig: Setting CVar [[r.SSS.SampleSet:2]]
[2020.03.09-11.11.36:214][  0]LogConfig: Setting CVar [[r.SSS.Quality:1]]
[2020.03.09-11.11.36:214][  0]LogConfig: Setting CVar [[r.SSS.HalfRes:1]]
[2020.03.09-11.11.36:214][  0]LogConfig: Setting CVar [[r.EmitterSpawnRateScale:1.0]]
[2020.03.09-11.11.36:214][  0]LogConfig: Setting CVar [[r.ParticleLightQuality:2]]
[2020.03.09-11.11.36:215][  0]LogConfig: Applying CVar settings from Section [FoliageQuality@3] File [F:/Teesside/Year 2/Game Jam/GameJam_Repo/GameJam/Saved/Config/Windows/Scalability.ini]
[2020.03.09-11.11.36:215][  0]LogConfig: Setting CVar [[foliage.DensityScale:1.0]]
[2020.03.09-11.11.36:215][  0]LogConfig: Setting CVar [[grass.DensityScale:1.0]]
[2020.03.09-11.11.36:215][  0]LogConfig: Applying CVar settings from Section [Startup] File [../../../Engine/Config/ConsoleVariables.ini]
[2020.03.09-11.11.36:215][  0]LogConfig: Setting CVar [[net.UseAdaptiveNetUpdateFrequency:0]]
[2020.03.09-11.11.36:215][  0]LogConfig: Applying CVar settings from Section [ConsoleVariables] File [F:/Teesside/Year 2/Game Jam/GameJam_Repo/GameJam/Saved/Config/Windows/Engine.ini]
[2020.03.09-11.11.36:215][  0]LogInit: Computer: TU46962
[2020.03.09-11.11.36:215][  0]LogInit: User: V8043138
[2020.03.09-11.11.36:215][  0]LogInit: CPU Page size=4096, Cores=4
[2020.03.09-11.11.36:215][  0]LogInit: High frequency timer resolution =10.000000 MHz
[2020.03.09-11.11.36:215][  0]LogMemory: Memory total: Physical=31.9GB (32GB approx)
[2020.03.09-11.11.36:215][  0]LogMemory: Platform Memory Stats for Windows
[2020.03.09-11.11.36:215][  0]LogMemory: Process Physical Memory: 104.95 MB used, 104.96 MB peak
[2020.03.09-11.11.36:215][  0]LogMemory: Process Virtual Memory: 92.92 MB used, 92.92 MB peak
[2020.03.09-11.11.36:215][  0]LogMemory: Physical Memory: 4643.04 MB used,  28041.31 MB free, 32684.35 MB total
[2020.03.09-11.11.36:215][  0]LogMemory: Virtual Memory: 4639.89 MB used,  134213088.00 MB free, 134217728.00 MB total
[2020.03.09-11.11.36:235][  0]LogInit: Using OS detected language (en-GB).
[2020.03.09-11.11.36:235][  0]LogInit: Using OS detected locale (en-GB).
[2020.03.09-11.11.36:236][  0]LogTextLocalizationManager: No specific localization for 'en-GB' exists, so the 'en' localization will be used.
[2020.03.09-11.11.36:656][  0]LogStreaming: Display: Took  0.424s to InitEngineTextLocalization.
[2020.03.09-11.11.36:657][  0]LogInit: Setting process to per monitor DPI aware
[2020.03.09-11.11.36:733][  0]LogSlate: New Slate User Created.  User Index 0, Is Virtual User: 0
[2020.03.09-11.11.36:733][  0]LogSlate: Slate User Registered.  User Index 0, Is Virtual User: 0
[2020.03.09-11.11.36:988][  0]LogHMD: Failed to initialize OpenVR with code 110
[2020.03.09-11.11.36:988][  0]LogD3D11RHI: D3D11 adapters:
[2020.03.09-11.11.37:061][  0]LogD3D11RHI:    0. 'NVIDIA GeForce GTX 1070' (Feature Level 11_0)
[2020.03.09-11.11.37:061][  0]LogD3D11RHI:       8088/0/16342 MB DedicatedVideo/DedicatedSystem/SharedSystem, Outputs:2, VendorId:0x10de
[2020.03.09-11.11.37:064][  0]LogD3D11RHI:    1. 'Microsoft Basic Render Driver' (Feature Level 11_0)
[2020.03.09-11.11.37:064][  0]LogD3D11RHI:       0/0/16342 MB DedicatedVideo/DedicatedSystem/SharedSystem, Outputs:0, VendorId:0x1414
[2020.03.09-11.11.37:064][  0]LogD3D11RHI: Chosen D3D11 Adapter: 0
[2020.03.09-11.11.37:070][  0]LogD3D11RHI: Creating new Direct3DDevice
[2020.03.09-11.11.37:070][  0]LogD3D11RHI:     GPU DeviceId: 0x1b81 (for the marketing name, search the web for "GPU Device Id")
[2020.03.09-11.11.37:070][  0]LogWindows: EnumDisplayDevices:
[2020.03.09-11.11.37:070][  0]LogWindows:    0. 'NVIDIA GeForce GTX 1070' (P:1 D:1)
[2020.03.09-11.11.37:071][  0]LogWindows:    1. 'NVIDIA GeForce GTX 1070' (P:0 D:1)
[2020.03.09-11.11.37:072][  0]LogWindows:    2. 'NVIDIA GeForce GTX 1070' (P:0 D:0)
[2020.03.09-11.11.37:072][  0]LogWindows:    3. 'NVIDIA GeForce GTX 1070' (P:0 D:0)
[2020.03.09-11.11.37:073][  0]LogWindows: DebugString: FoundDriverCount:4 
[2020.03.09-11.11.37:073][  0]LogD3D11RHI:     Adapter Name: NVIDIA GeForce GTX 1070
[2020.03.09-11.11.37:073][  0]LogD3D11RHI:   Driver Version: 431.70 (internal:26.21.14.3170, unified:431.70)
[2020.03.09-11.11.37:073][  0]LogD3D11RHI:      Driver Date: 7-24-2019
[2020.03.09-11.11.37:073][  0]LogRHI: Texture pool is 5661 MB (70% of 8088 MB)
[2020.03.09-11.11.37:121][  0]LogD3D11RHI: Async texture creation enabled
[2020.03.09-11.11.37:132][  0]LogD3D11RHI: GPU Timing Frequency: 1000.000000 (Debug: 2 1)
[2020.03.09-11.11.37:622][  0]LogTemp: Display: Loaded TP AllDesktopTargetPlatform
[2020.03.09-11.11.37:638][  0]LogTemp: Display: Loaded TP MacClientTargetPlatform
[2020.03.09-11.11.37:653][  0]LogTemp: Display: Loaded TP MacNoEditorTargetPlatform
[2020.03.09-11.11.37:669][  0]LogTemp: Display: Loaded TP MacServerTargetPlatform
[2020.03.09-11.11.37:684][  0]LogTemp: Display: Loaded TP MacTargetPlatform
[2020.03.09-11.11.37:700][  0]LogTemp: Display: Loaded TP WindowsClientTargetPlatform
[2020.03.09-11.11.37:715][  0]LogTemp: Display: Loaded TP WindowsNoEditorTargetPlatform
[2020.03.09-11.11.37:732][  0]LogTemp: Display: Loaded TP WindowsServerTargetPlatform
[2020.03.09-11.11.37:740][  0]LogTemp: Display: Loaded TP WindowsTargetPlatform
[2020.03.09-11.11.37:827][  0]LogTemp: Display: Loaded TP AndroidTargetPlatform
[2020.03.09-11.11.37:827][  0]LogTemp: Display: Loaded TP AndroidTargetPlatform
[2020.03.09-11.11.37:827][  0]LogTemp: Display: Loaded TP AndroidTargetPlatform
[2020.03.09-11.11.37:827][  0]LogTemp: Display: Loaded TP AndroidTargetPlatform
[2020.03.09-11.11.37:827][  0]LogTemp: Display: Loaded TP AndroidTargetPlatform
[2020.03.09-11.11.37:827][  0]LogTemp: Display: Loaded TP AndroidTargetPlatform
[2020.03.09-11.11.37:827][  0]LogTemp: Display: Loaded TP AndroidTargetPlatform
[2020.03.09-11.11.37:827][  0]LogTemp: Display: Loaded TP AndroidTargetPlatform
[2020.03.09-11.11.37:827][  0]LogTemp: Display: Loaded TP AndroidTargetPlatform
[2020.03.09-11.11.37:827][  0]LogTemp: Display: Loaded TP AndroidTargetPlatform
[2020.03.09-11.11.37:827][  0]LogTemp: Display: Loaded TP AndroidTargetPlatform
[2020.03.09-11.11.37:827][  0]LogTemp: Display: Loaded TP AndroidTargetPlatform
[2020.03.09-11.11.37:827][  0]LogTemp: Display: Loaded TP AndroidTargetPlatform
[2020.03.09-11.11.37:827][  0]LogTemp: Display: Loaded TP AndroidTargetPlatform
[2020.03.09-11.11.37:827][  0]LogTemp: Display: Loaded TP AndroidTargetPlatform
[2020.03.09-11.11.37:827][  0]LogTemp: Display: Loaded TP AndroidTargetPlatform
[2020.03.09-11.11.37:827][  0]LogTemp: Display: Loaded TP AndroidTargetPlatform
[2020.03.09-11.11.37:827][  0]LogTemp: Display: Loaded TP AndroidTargetPlatform
[2020.03.09-11.11.37:829][  0]LogTemp: Display: Loaded TP HTML5TargetPlatform
[2020.03.09-11.11.37:893][  0]LogTemp: Display: Loaded TP IOSTargetPlatform
[2020.03.09-11.11.37:893][  0]LogTemp: Display: Loaded TP IOSTargetPlatform
[2020.03.09-11.11.37:920][  0]LogTemp: Display: Loaded TP TVOSTargetPlatform
[2020.03.09-11.11.37:920][  0]LogTemp: Display: Loaded TP TVOSTargetPlatform
[2020.03.09-11.11.37:934][  0]LogTemp: Display: Loaded TP LinuxClientTargetPlatform
[2020.03.09-11.11.37:948][  0]LogTemp: Display: Loaded TP LinuxNoEditorTargetPlatform
[2020.03.09-11.11.37:962][  0]LogTemp: Display: Loaded TP LinuxServerTargetPlatform
[2020.03.09-11.11.37:977][  0]LogTemp: Display: Loaded TP LinuxTargetPlatform
[2020.03.09-11.11.38:030][  0]LogTemp: Display: Loaded TP LuminTargetPlatform
[2020.03.09-11.11.38:030][  0]LogTemp: Display: Loaded TP LuminTargetPlatform
[2020.03.09-11.11.38:031][  0]LogTargetPlatformManager: Display: Building Assets For Windows
[2020.03.09-11.11.38:100][  0]LogShaderCompilers: Guid format shader working directory is 1 characters bigger than the processId version (F:/Teesside/Year 2/Game Jam/GameJam_Repo/GameJam/Intermediate/Shaders/WorkingDirectory/1460/).
[2020.03.09-11.11.38:100][  0]LogShaderCompilers: Cleaned the shader compiler working directory 'C:/Users/V8043138/AppData/Local/Temp/UnrealShaderWorkingDir/1417F6624174F7BA7A09C4BB14502733/'.
[2020.03.09-11.11.38:103][  0]LogXGEController: Cannot use XGE Controller as Incredibuild is not installed on this machine.
[2020.03.09-11.11.38:103][  0]LogShaderCompilers: Cannot use XGE Shader Compiler as Incredibuild is not installed on this machine.
[2020.03.09-11.11.38:103][  0]LogShaderCompilers: Display: Using Local Shader Compiler.
[2020.03.09-11.11.38:764][  0]LogDerivedDataCache: Display: Max Cache Size: 512 MB
[2020.03.09-11.11.38:827][  0]LogDerivedDataCache: Loaded boot cache 0.06s 86MB C:/Users/V8043138/AppData/Local/UnrealEngine/4.21/DerivedDataCache/Boot.ddc.
[2020.03.09-11.11.38:827][  0]LogDerivedDataCache: Display: Loaded Boot cache: C:/Users/V8043138/AppData/Local/UnrealEngine/4.21/DerivedDataCache/Boot.ddc
[2020.03.09-11.11.38:828][  0]LogDerivedDataCache: FDerivedDataBackendGraph:  Pak pak cache file F:/Teesside/Year 2/Game Jam/GameJam_Repo/GameJam/DerivedDataCache/DDC.ddp not found, will not use a pak cache.
[2020.03.09-11.11.38:828][  0]LogDerivedDataCache: Unable to find inner node Pak for hierarchical cache Hierarchy.
[2020.03.09-11.11.38:828][  0]LogDerivedDataCache: FDerivedDataBackendGraph:  CompressedPak pak cache file F:/Teesside/Year 2/Game Jam/GameJam_Repo/GameJam/DerivedDataCache/Compressed.ddp not found, will not use a pak cache.
[2020.03.09-11.11.38:828][  0]LogDerivedDataCache: Unable to find inner node CompressedPak for hierarchical cache Hierarchy.
[2020.03.09-11.11.38:846][  0]LogDerivedDataCache: Display: Pak cache opened for reading ../../../Engine/DerivedDataCache/Compressed.ddp.
[2020.03.09-11.11.38:847][  0]LogDerivedDataCache: FDerivedDataBackendGraph:  EnterprisePak pak cache file ../../../Enterprise/DerivedDataCache/Compressed.ddp not found, will not use a pak cache.
[2020.03.09-11.11.38:847][  0]LogDerivedDataCache: Unable to find inner node EnterprisePak for hierarchical cache Hierarchy.
[2020.03.09-11.11.38:859][  0]LogDerivedDataCache: Using Local data cache path C:/Users/V8043138/AppData/Local/UnrealEngine/Common/DerivedDataCache: Writable
[2020.03.09-11.11.38:859][  0]LogDerivedDataCache: Shared data cache path not found in *engine.ini, will not use an Shared cache.
[2020.03.09-11.11.38:859][  0]LogDerivedDataCache: Unable to find inner node Shared for hierarchical cache Hierarchy.
[2020.03.09-11.11.38:885][  0]LogMaterial: Verifying Global Shaders for PCD3D_SM5
[2020.03.09-11.11.38:887][  0]LogSlate: Using FreeType 2.6.0
[2020.03.09-11.11.38:887][  0]LogSlate: SlateFontServices - WITH_FREETYPE: 1, WITH_HARFBUZZ: 1
[2020.03.09-11.11.38:989][  0]LogAssetRegistry: FAssetRegistry took 0.0376 seconds to start up
[2020.03.09-11.11.39:474][  0]LogInit: Selected Device Profile: [Windows]
[2020.03.09-11.11.39:553][  0]LogSimplygon: Simplygon DLL not present - disabling.
[2020.03.09-11.11.39:556][  0]LogMeshReduction: Using SimplygonSwarm for distributed automatic mesh merging
[2020.03.09-11.11.39:556][  0]LogMeshReduction: Using ProxyLODMeshReduction for automatic mesh merging
[2020.03.09-11.11.39:556][  0]LogMeshReduction: Using QuadricMeshReduction for automatic static mesh reduction
[2020.03.09-11.11.39:556][  0]LogMeshReduction: No automatic skeletal mesh reduction module available
[2020.03.09-11.11.39:666][  0]LogNetVersion: GameJam 1.0.0, NetCL: 4541578, EngineNetVer: 5, GameNetVer: 0 (Checksum: 2938414643)
[2020.03.09-11.11.41:254][  0]LogPackageLocalizationCache: Processed 11 localized package path(s) for 2 prioritized culture(s) in 1.029048 seconds
[2020.03.09-11.11.41:260][  0]LogUObjectArray: 39775 objects as part of root set at end of initial load.
[2020.03.09-11.11.41:260][  0]LogUObjectAllocator: 6914656 out of 0 bytes used by permanent object pool.
[2020.03.09-11.11.41:260][  0]LogUObjectArray: CloseDisregardForGC: 0/0 objects in disregard for GC pool
[2020.03.09-11.11.42:326][  0]LogTcpMessaging: Initializing TcpMessaging bridge
[2020.03.09-11.11.42:340][  0]LogUdpMessaging: Initializing bridge on interface 0.0.0.0:0 to multicast group 230.0.0.1:6666.
[2020.03.09-11.11.43:282][  0]SourceControl: Source control is disabled
[2020.03.09-11.11.43:282][  0]SourceControl: Source control is disabled
[2020.03.09-11.11.43:283][  0]SourceControl: Source control is disabled
[2020.03.09-11.11.43:284][  0]SourceControl: Source control is disabled
[2020.03.09-11.11.43:520][  0]LogAndroidPermission: UAndroidPermissionCallbackProxy::GetInstance
[2020.03.09-11.11.43:633][  0]LogOcInput: OculusInput pre-init called
[2020.03.09-11.11.43:776][  0]LogEngine: Initializing Engine...
[2020.03.09-11.11.43:777][  0]LogHMD: Failed to initialize OpenVR with code 110
[2020.03.09-11.11.43:779][  0]LogStats: UGameplayTagsManager::ConstructGameplayTagTree: ImportINI prefixes -  0.000 s
[2020.03.09-11.11.43:779][  0]LogStats: UGameplayTagsManager::ConstructGameplayTagTree: Construct from data asset -  0.000 s
[2020.03.09-11.11.43:779][  0]LogStats: UGameplayTagsManager::ConstructGameplayTagTree: ImportINI -  0.000 s
[2020.03.09-11.11.43:779][  0]LogStats: UGameplayTagsManager::ConstructGameplayTagTree: GameplayTagTreeChangedEvent.Broadcast -  0.000 s
[2020.03.09-11.11.44:046][  0]LogInit: Initializing FReadOnlyCVARCache
[2020.03.09-11.11.44:062][  0]LogAIModule: Creating AISystem for world Untitled
[2020.03.09-11.11.44:092][  0]LogInit: XAudio2 using 'Speakers (Realtek High Definition Audio)' : 2 channels at 48 kHz using 32 bits per sample (channel mask 0x3)
[2020.03.09-11.11.44:203][  0]LogInit: FAudioDevice initialized.
[2020.03.09-11.11.44:203][  0]LogNetVersion: Set ProjectVersion to 1.0.0.0. Version Checksum will be recalculated on next use.
[2020.03.09-11.11.44:277][  0]LogDerivedDataCache: Saved boot cache 0.07s 71MB C:/Users/V8043138/AppData/Local/UnrealEngine/4.21/DerivedDataCache/Boot.ddc.
[2020.03.09-11.11.44:288][  0]LogInit: Texture streaming: Enabled
[2020.03.09-11.11.44:308][  0]LogEngineSessionManager: EngineSessionManager initialized
[2020.03.09-11.11.44:329][  0]LogInit: Transaction tracking system initialized
[2020.03.09-11.11.44:356][  0]BlueprintLog: New page: Editor Load
[2020.03.09-11.11.44:465][  0]LocalizationService: Localization service is disabled
[2020.03.09-11.11.45:756][  0]LogFileCache: Scanning file cache for directory 'F:/Teesside/Year 2/Game Jam/GameJam_Repo/GameJam/Content/' took 0.05s
[2020.03.09-11.11.45:756][  0]LogCook: Display: Max memory allowance for cook 16384mb min free memory 0mb
[2020.03.09-11.11.45:756][  0]LogCook: Display: Mobile HDR setting 1
[2020.03.09-11.11.45:756][  0]LogGameplayTags: Display: UGameplayTagsManager::DoneAddingNativeTags. DelegateIsBound: 0
[2020.03.09-11.11.45:756][  0]LogStats: UGameplayTagsManager::ConstructGameplayTagTree: ImportINI prefixes -  0.000 s
[2020.03.09-11.11.45:756][  0]LogStats: UGameplayTagsManager::ConstructGameplayTagTree: Construct from data asset -  0.000 s
[2020.03.09-11.11.45:756][  0]LogStats: UGameplayTagsManager::ConstructGameplayTagTree: ImportINI -  0.000 s
[2020.03.09-11.11.45:756][  0]LogStats: UGameplayTagsManager::ConstructGameplayTagTree: GameplayTagTreeChangedEvent.Broadcast -  0.000 s
[2020.03.09-11.11.45:893][  0]SourceControl: Source control is disabled
[2020.03.09-11.11.45:893][  0]Cmd: MAP LOAD FILE="F:/Teesside/Year 2/Game Jam/GameJam_Repo/GameJam/Content/SideScrollerBP/Maps/SideScrollerExampleMap.umap" TEMPLATE=0 SHOWPROGRESS=1 FEATURELEVEL=3
[2020.03.09-11.11.45:893][  0]LightingResults: New page: Lighting Build
[2020.03.09-11.11.45:896][  0]MapCheck: New page: Map Check
[2020.03.09-11.11.45:896][  0]LightingResults: New page: Lighting Build
[2020.03.09-11.11.47:917][  0]LogTexture: Display: Building textures: T_Snow (AutoDXT, 512X512)
[2020.03.09-11.11.47:924][  0]LogStaticMesh: Building static mesh Apple...
[2020.03.09-11.11.47:944][  0]LogTexture: Display: Building textures: HQ_Lightmap1_1 (AutoDXT, 2048X2048)
[2020.03.09-11.11.47:944][  0]LogStaticMesh: Built static mesh [0.02s] /Game/GameJam/Robert/Apple_FBX/Apple.Apple
[2020.03.09-11.11.47:949][  0]LogAnimationCompression: Building Anim DDC data for AnimSequence /Game/GameJam/Beth/Cute_Penguins/Animations/Anim_Penguin_Idle.Anim_Penguin_Idle
[2020.03.09-11.11.47:949][  0]LogAnimationCompression: Recompressing (AnimSequence /Game/GameJam/Beth/Cute_Penguins/Animations/Anim_Penguin_Idle.Anim_Penguin_Idle) using current/default (AnimCompress_BitwiseCompressOnly_0) bFirstRecompressUsingCurrentOrDefault(1) bTryAlternateCompressor(0) IsCompressedDataValid(0)
[2020.03.09-11.11.47:985][  0]LogAnimationCompression: Building Anim DDC data for AnimSequence /Game/GameJam/Beth/Cute_Penguins/Animations/Anim_Penguin_Move.Anim_Penguin_Move
[2020.03.09-11.11.47:985][  0]LogAnimationCompression: Recompressing (AnimSequence /Game/GameJam/Beth/Cute_Penguins/Animations/Anim_Penguin_Move.Anim_Penguin_Move) using current/default (AnimCompress_BitwiseCompressOnly_0) bFirstRecompressUsingCurrentOrDefault(1) bTryAlternateCompressor(0) IsCompressedDataValid(0)
[2020.03.09-11.11.48:101][  0]LogTexture: Display: Building textures: HQ_Lightmap1_2 (AutoDXT, 64X64)
[2020.03.09-11.11.48:101][  0]LogMaterial: Display: Missing cached shader map for material M_Floor_Snow, compiling. 
[2020.03.09-11.11.48:245][  0]LogTexture: Display: Building textures: LQ_Lightmap_1_1 (DXT1, 2048X2048)
[2020.03.09-11.11.48:245][  0]LogShaderCompilers: Display: Shaders left to compile 69
[2020.03.09-11.11.48:245][  0]LogShaderCompilers: Display: Shaders left to compile 59
[2020.03.09-11.11.48:245][  0]LogShaderCompilers: Display: Shaders left to compile 49
[2020.03.09-11.11.48:245][  0]LogSkeletalMesh: Building Skeletal Mesh 1M_Cube_Chamfer1_DM...
[2020.03.09-11.11.48:248][  0]LogSkeletalMesh: Built Skeletal Mesh [0.00s] /Game/GameJam/Beth/Platforms/Blocks/1M_Cube_Chamfer1_DM.1M_Cube_Chamfer1_DM
[2020.03.09-11.11.49:793][  0]LogTexture: Display: Building textures: LQ_Lightmap_1_2 (DXT1, 64X64)
[2020.03.09-11.11.49:793][  0]LogTexture: Display: Building textures: SkyOcclusion1_1 (AutoDXT, 2048X1024)
[2020.03.09-11.11.49:793][  0]LogTexture: Display: Building textures: SkyOcclusion1_2 (AutoDXT, 64X32)
[2020.03.09-11.11.49:793][  0]LogTexture: Display: Building textures: Apple_BaseColor (AutoDXT, 2048X2048)
[2020.03.09-11.11.49:800][  0]LogStaticMesh: Building static mesh Cube...
[2020.03.09-11.11.50:918][  0]LogTexture: Display: Building textures: thPV9HSOCP (BGRA8, 474X474)
[2020.03.09-11.11.50:918][  0]LogTexture: Display: Building textures: T_Penguin_Blue (AutoDXT, 1024X1024)
[2020.03.09-11.11.50:918][  0]LogStaticMesh: Built static mesh [1.12s] /Game/GameJam/Beth/Platforms/Blocks/Cube.Cube
[2020.03.09-11.11.50:926][  0]LogSkeletalMesh: Building Skeletal Mesh Cube_DM...
[2020.03.09-11.11.50:927][  0]LogSkeletalMesh: Built Skeletal Mesh [0.00s] /Game/GameJam/Beth/Platforms/Blocks/Cube_DM.Cube_DM
[2020.03.09-11.11.50:941][  0]LogMaterial: Display: Missing cached shader map for material Apple_BaseColor_Mat, compiling. 
[2020.03.09-11.11.50:984][  0]LogMaterial: Display: Missing cached shader map for material Apple1, compiling. 
[2020.03.09-11.11.51:049][  0]LogMaterial: Display: Missing cached shader map for material M_Penguin_Blue, compiling. 
[2020.03.09-11.11.51:085][  0]LogSkeletalMesh: Building Skeletal Mesh SM_PenguinB...
[2020.03.09-11.11.51:086][  0]LogSkeletalMesh: Built Skeletal Mesh [0.00s] /Game/GameJam/Beth/Cute_Penguins/Meshes/SM_PenguinB.SM_PenguinB
[2020.03.09-11.11.51:087][  0]LogAIModule: Creating AISystem for world SideScrollerExampleMap
[2020.03.09-11.11.51:092][  0]LogMaterial: Warning: Material /Game/StarterContent/Materials/M_Brick_Clay_Old.M_Brick_Clay_Old needed to have new flag set bUsedWithSkeletalMesh !
[2020.03.09-11.11.51:097][  0]LogMaterial: Display: Missing cached shader map for material M_Brick_Clay_Old, compiling. 
[2020.03.09-11.11.51:140][  0]MapCheck: Warning: M_Brick_Clay_Old Material /Game/StarterContent/Materials/M_Brick_Clay_Old.M_Brick_Clay_Old was missing the usage flag bUsedWithSkeletalMesh. If the material asset is not re-saved, it may not render correctly when run outside the editor. Fix
[2020.03.09-11.11.51:231][  0]LogEditorServer: Finished looking for orphan Actors (0.000 secs)
[2020.03.09-11.11.51:263][  0]Cmd: MAP CHECKDEP NOCLEARLOG
[2020.03.09-11.11.51:264][  0]MapCheck: Map check complete: 0 Error(s), 1 Warning(s), took 0.15ms to complete.
[2020.03.09-11.11.51:269][  0]LogFileHelpers: Loading map 'SideScrollerExampleMap' took 5.403
[2020.03.09-11.11.51:388][  0]LogSlate: Updating window title bar state: overlay mode, drag disabled, window buttons hidden, title bar hidden
[2020.03.09-11.11.51:397][  0]LogSlate: Updating window title bar state: overlay mode, drag disabled, window buttons hidden, title bar hidden
[2020.03.09-11.11.51:405][  0]LogSlate: Updating window title bar state: overlay mode, drag disabled, window buttons hidden, title bar hidden
[2020.03.09-11.11.51:413][  0]LogSlate: Updating window title bar state: overlay mode, drag disabled, window buttons hidden, title bar hidden
[2020.03.09-11.11.51:421][  0]LogCollectionManager: Loaded 0 collections in 0.002109 seconds
[2020.03.09-11.11.51:449][  0]LogFileCache: Scanning file cache for directory 'F:/Teesside/Year 2/Game Jam/GameJam_Repo/GameJam/Saved/Collections/' took 0.01s
[2020.03.09-11.11.51:449][  0]LogFileCache: Scanning file cache for directory 'F:/Teesside/Year 2/Game Jam/GameJam_Repo/GameJam/Content/Developers/V8043138/Collections/' took 0.01s
[2020.03.09-11.11.51:449][  0]LogFileCache: Scanning file cache for directory 'F:/Teesside/Year 2/Game Jam/GameJam_Repo/GameJam/Content/Collections/' took 0.00s
[2020.03.09-11.11.51:449][  0]LogCollectionManager: Rebuilt the GUID cache for 0 collections in 0.000000 seconds
[2020.03.09-11.11.51:459][  0]LogContentBrowser: Native class hierarchy populated in 0.0098 seconds. Added 2660 classes and 625 folders.
[2020.03.09-11.11.51:467][  0]LogContentBrowser: Native class hierarchy updated for 'WidgetCarousel' in 0.0003 seconds. Added 0 classes and 0 folders.
[2020.03.09-11.11.51:468][  0]LogPakFile: Registered encryption key '00000000000000000000000000000000': 0 pak files mounted, 0 remain pending
[2020.03.09-11.11.51:469][  0]LogPakFile: Registered encryption key '00000000000000000000000000000000': 0 pak files mounted, 0 remain pending
[2020.03.09-11.11.51:470][  0]LogPakFile: Registered encryption key '00000000000000000000000000000000': 0 pak files mounted, 0 remain pending
[2020.03.09-11.11.51:470][  0]LogPakFile: Registered encryption key '00000000000000000000000000000000': 0 pak files mounted, 0 remain pending
[2020.03.09-11.11.51:471][  0]LogPakFile: Registered encryption key '00000000000000000000000000000000': 0 pak files mounted, 0 remain pending
[2020.03.09-11.11.51:472][  0]LogPakFile: Registered encryption key '00000000000000000000000000000000': 0 pak files mounted, 0 remain pending
[2020.03.09-11.11.51:472][  0]LogPakFile: Registered encryption key '00000000000000000000000000000000': 0 pak files mounted, 0 remain pending
[2020.03.09-11.11.51:473][  0]LogPakFile: Registered encryption key '00000000000000000000000000000000': 0 pak files mounted, 0 remain pending
[2020.03.09-11.11.51:474][  0]LogPakFile: Registered encryption key '00000000000000000000000000000000': 0 pak files mounted, 0 remain pending
[2020.03.09-11.11.51:474][  0]LogPakFile: Registered encryption key '00000000000000000000000000000000': 0 pak files mounted, 0 remain pending
[2020.03.09-11.11.51:475][  0]LogPakFile: Registered encryption key '00000000000000000000000000000000': 0 pak files mounted, 0 remain pending
[2020.03.09-11.11.51:476][  0]LogPakFile: Registered encryption key '00000000000000000000000000000000': 0 pak files mounted, 0 remain pending
[2020.03.09-11.11.51:476][  0]LogPakFile: Registered encryption key '00000000000000000000000000000000': 0 pak files mounted, 0 remain pending
[2020.03.09-11.11.51:477][  0]LogPakFile: Registered encryption key '00000000000000000000000000000000': 0 pak files mounted, 0 remain pending
[2020.03.09-11.11.51:477][  0]LogPakFile: Registered encryption key '00000000000000000000000000000000': 0 pak files mounted, 0 remain pending
[2020.03.09-11.11.51:478][  0]LogPakFile: Registered encryption key '00000000000000000000000000000000': 0 pak files mounted, 0 remain pending
[2020.03.09-11.11.51:479][  0]LogPakFile: Registered encryption key '00000000000000000000000000000000': 0 pak files mounted, 0 remain pending
[2020.03.09-11.11.51:479][  0]LogPakFile: Registered encryption key '00000000000000000000000000000000': 0 pak files mounted, 0 remain pending
[2020.03.09-11.11.51:480][  0]LogPakFile: Registered encryption key '00000000000000000000000000000000': 0 pak files mounted, 0 remain pending
[2020.03.09-11.11.51:480][  0]LogPakFile: Registered encryption key '00000000000000000000000000000000': 0 pak files mounted, 0 remain pending
[2020.03.09-11.11.51:481][  0]LogPakFile: Registered encryption key '00000000000000000000000000000000': 0 pak files mounted, 0 remain pending
[2020.03.09-11.11.51:482][  0]LogPakFile: Registered encryption key '00000000000000000000000000000000': 0 pak files mounted, 0 remain pending
[2020.03.09-11.11.51:482][  0]LogPakFile: Registered encryption key '00000000000000000000000000000000': 0 pak files mounted, 0 remain pending
[2020.03.09-11.11.51:483][  0]LogPakFile: Registered encryption key '00000000000000000000000000000000': 0 pak files mounted, 0 remain pending
[2020.03.09-11.11.51:484][  0]LogPakFile: Registered encryption key '00000000000000000000000000000000': 0 pak files mounted, 0 remain pending
[2020.03.09-11.11.51:484][  0]LogPakFile: Registered encryption key '00000000000000000000000000000000': 0 pak files mounted, 0 remain pending
[2020.03.09-11.11.51:536][  0]LogContentBrowser: Native class hierarchy updated for 'AddContentDialog' in 0.0003 seconds. Added 0 classes and 0 folders.
[2020.03.09-11.11.51:543][  0]LogContentBrowser: Native class hierarchy updated for 'SceneOutliner' in 0.0003 seconds. Added 1 classes and 2 folders.
[2020.03.09-11.11.54:858][  0]LogSlate: Took 0.000203 seconds to synchronously load lazily loaded font '../../../Engine/Content/Slate/Fonts/Roboto-Regular.ttf' (155K)
[2020.03.09-11.11.54:860][  0]LogSlate: Took 0.000165 seconds to synchronously load lazily loaded font '../../../Engine/Content/Slate/Fonts/Roboto-Bold.ttf' (160K)
[2020.03.09-11.11.54:866][  0]LogSlate: Took 0.000230 seconds to synchronously load lazily loaded font '../../../Engine/Content/Editor/Slate/Fonts/FontAwesome.ttf' (139K)
[2020.03.09-11.11.54:967][  0]LogShaderCompilers: Display: Shaders left to compile 212
[2020.03.09-11.11.54:967][  0]LogShaderCompilers: Display: Shaders left to compile 202
[2020.03.09-11.11.54:967][  0]LogShaderCompilers: Display: Shaders left to compile 192
[2020.03.09-11.11.54:967][  0]LogRenderer: Reallocating scene render targets to support 1208x652 Format 10 NumSamples 1 (Frame:1).
[2020.03.09-11.12.01:306][  0]LogShaderCompilers: Display: Shaders left to compile 182
[2020.03.09-11.12.01:306][  0]LogShaderCompilers: Display: Shaders left to compile 172
[2020.03.09-11.12.01:306][  0]LogShaderCompilers: Display: Shaders left to compile 162
[2020.03.09-11.12.01:306][  0]LogShaderCompilers: Display: Shaders left to compile 152
[2020.03.09-11.12.01:306][  0]LogShaderCompilers: Display: Shaders left to compile 142
[2020.03.09-11.12.01:306][  0]LogShaderCompilers: Display: Shaders left to compile 132
[2020.03.09-11.12.01:306][  0]LogSlate: FSceneViewport::OnFocusLost() reason 2
[2020.03.09-11.12.01:340][  0]LogSlate: Window 'Tutorials' being destroyed
[2020.03.09-11.12.01:374][  0]LogContentBrowser: Native class hierarchy updated for 'HierarchicalLODOutliner' in 0.0004 seconds. Added 0 classes and 0 folders.
[2020.03.09-11.12.01:374][  0]LogLoad: (Engine Initialization) Total time: 29.74 seconds
[2020.03.09-11.12.01:374][  0]LogLoad: (Engine Initialization) Total Blueprint compile time: 0.00 seconds
[2020.03.09-11.12.01:442][  0]LogContentStreaming: Texture pool size now 1000 MB
[2020.03.09-11.12.01:474][  0]LogSlate: Took 0.000183 seconds to synchronously load lazily loaded font '../../../Engine/Content/Slate/Fonts/Roboto-Light.ttf' (167K)
[2020.03.09-11.12.01:786][  5]LogAssetRegistry: Asset discovery search completed in 22.9348 seconds
[2020.03.09-11.12.01:788][  5]LogCollectionManager: Rebuilt the object cache for 0 collections in 0.000000 seconds (found 0 objects)
[2020.03.09-11.12.01:788][  5]LogCollectionManager: Fixed up redirectors for 0 collections in 0.000054 seconds (updated 0 objects)
[2020.03.09-11.12.04:191][ 61]LogShaderCompilers: Display: Shaders left to compile 122
[2020.03.09-11.12.04:191][ 61]LogShaderCompilers: Display: Shaders left to compile 112
[2020.03.09-11.12.04:206][ 61]LogSlate: Took 0.000262 seconds to synchronously load lazily loaded font '../../../Engine/Content/Slate/Fonts/Roboto-Light.ttf' (167K)
[2020.03.09-11.12.07:311][ 62]LogShaderCompilers: Display: Shaders left to compile 102
[2020.03.09-11.12.07:331][ 62]LogShaderCompilers: Display: Shaders left to compile 92
[2020.03.09-11.12.09:356][ 63]LogShaderCompilers: Display: Shaders left to compile 82
[2020.03.09-11.12.09:356][ 63]LogShaderCompilers: Display: Shaders left to compile 72
[2020.03.09-11.12.09:358][ 63]LogSlate: FSceneViewport::OnFocusLost() reason 0
[2020.03.09-11.12.09:359][ 63]LogFileCache: Retrieving MD5 hashes for directory 'F:/Teesside/Year 2/Game Jam/GameJam_Repo/GameJam/Content/' took 8.00s
[2020.03.09-11.12.25:476][953]LogShaderCompilers: Display: Shaders left to compile 62
[2020.03.09-11.12.25:629][965]LogShaderCompilers: Display: Shaders left to compile 52
[2020.03.09-11.12.25:629][965]LogShaderCompilers: Display: Shaders left to compile 42
[2020.03.09-11.12.36:203][223]LogShaderCompilers: Display: Shaders left to compile 32
[2020.03.09-11.12.36:229][226]LogShaderCompilers: Display: Shaders left to compile 22
[2020.03.09-11.12.47:916][612]LogShaderCompilers: Display: Shaders left to compile 12
[2020.03.09-11.12.53:806][306]LogShaderCompilers: Display: Shaders left to compile 2
