Log file open, 02/11/20 17:49:15
LogWindows: Failed to load 'aqProf.dll' (GetLastError=126)
LogWindows: File 'aqProf.dll' does not exist
LogWindows: Failed to load 'VtuneApi.dll' (GetLastError=126)
LogWindows: File 'VtuneApi.dll' does not exist
LogWindows: Failed to load 'VtuneApi32e.dll' (GetLastError=126)
LogWindows: File 'VtuneApi32e.dll' does not exist
LogConsoleResponse: Display: Failed to find resolution value strings in scalability ini. Falling back to default.
LogInit: Display: Running engine for game: GameJam
LogPakFile: Registered encryption key '00000000000000000000000000000000': 0 pak files mounted, 0 remain pending
LogPlatformFile: Not using cached read wrapper
LogTaskGraph: Started task graph with 5 named threads and 23 total threads with 3 sets of task threads.
LogStats: Stats thread started at 0.276089
LogD3D11RHI: Loaded GFSDK_Aftermath_Lib.x64.dll
LogICUInternationalization: ICU TimeZone Detection - Raw Offset: +0:00, Platform Override: ''
LogPluginManager: Mounting plugin Paper2D
LogPluginManager: Mounting plugin AISupport
LogPluginManager: Mounting plugin LightPropagationVolume
LogPluginManager: Mounting plugin ActorLayerUtilities
LogPluginManager: Mounting plugin CLionSourceCodeAccess
LogPluginManager: Mounting plugin CodeLiteSourceCodeAccess
LogPluginManager: Mounting plugin GitSourceControl
LogPluginManager: Mounting plugin KDevelopSourceCodeAccess
LogPluginManager: Mounting plugin NullSourceCodeAccess
LogPluginManager: Mounting plugin PerforceSourceControl
LogPluginManager: Mounting plugin SubversionSourceControl
LogPluginManager: Mounting plugin UObjectPlugin
LogPluginManager: Mounting plugin VisualStudioCodeSourceCodeAccess
LogPluginManager: Mounting plugin VisualStudioSourceCodeAccess
LogPluginManager: Mounting plugin XCodeSourceCodeAccess
LogPluginManager: Mounting plugin AssetManagerEditor
LogPluginManager: Mounting plugin CryptoKeys
LogPluginManager: Mounting plugin DataValidation
LogPluginManager: Mounting plugin FacialAnimation
LogPluginManager: Mounting plugin GameplayTagsEditor
LogPluginManager: Mounting plugin MacGraphicsSwitching
LogPluginManager: Mounting plugin MeshEditor
LogPluginManager: Mounting plugin MobileLauncherProfileWizard
LogPluginManager: Mounting plugin PluginBrowser
LogPluginManager: Mounting plugin SpeedTreeImporter
LogPluginManager: Mounting plugin DatasmithContent
LogPluginManager: Mounting plugin VariantManagerContent
LogPluginManager: Mounting plugin AlembicImporter
LogPluginManager: Mounting plugin AppleImageUtils
LogPluginManager: Mounting plugin AppleVision
LogPluginManager: Mounting plugin BackChannel
LogPluginManager: Mounting plugin CharacterAI
LogPluginManager: Mounting plugin GeometryCache
LogPluginManager: Mounting plugin HTML5Networking
LogPluginManager: Mounting plugin ProxyLODPlugin
LogPluginManager: Mounting plugin MagicLeap
LogPluginManager: Mounting plugin MagicLeapMedia
LogPluginManager: Mounting plugin AndroidMedia
LogPluginManager: Mounting plugin AvfMedia
LogPluginManager: Mounting plugin ImgMedia
LogPluginManager: Mounting plugin LinearTimecode
LogPluginManager: Mounting plugin MediaCompositing
LogPluginManager: Mounting plugin MediaPlayerEditor
LogPluginManager: Mounting plugin WebMMedia
LogPluginManager: Mounting plugin WmfMedia
LogPluginManager: Mounting plugin TcpMessaging
LogPluginManager: Mounting plugin UdpMessaging
LogPluginManager: Mounting plugin ActorSequence
LogPluginManager: Mounting plugin LevelSequenceEditor
LogPluginManager: Mounting plugin MatineeToLevelSequence
LogPluginManager: Mounting plugin NetcodeUnitTest
LogPluginManager: Mounting plugin NUTUnrealEngine4
LogPluginManager: Mounting plugin OnlineSubsystemGooglePlay
LogPluginManager: Mounting plugin OnlineSubsystemIOS
LogPluginManager: Mounting plugin OnlineSubsystem
LogPluginManager: Mounting plugin OnlineSubsystemNull
LogPluginManager: Mounting plugin OnlineSubsystemUtils
LogPluginManager: Mounting plugin LauncherChunkInstaller
LogPluginManager: Mounting plugin AndroidDeviceProfileSelector
LogPluginManager: Mounting plugin AndroidMoviePlayer
LogPluginManager: Mounting plugin AndroidPermission
LogPluginManager: Mounting plugin ApexDestruction
LogPluginManager: Mounting plugin AppleMoviePlayer
LogPluginManager: Mounting plugin ArchVisCharacter
LogPluginManager: Mounting plugin AudioCapture
LogPluginManager: Mounting plugin CableComponent
LogPluginManager: Mounting plugin CustomMeshComponent
LogPluginManager: Mounting plugin EditableMesh
LogPluginManager: Mounting plugin ExampleDeviceProfileSelector
LogPluginManager: Mounting plugin Firebase
LogPluginManager: Mounting plugin GoogleCloudMessaging
LogPluginManager: Mounting plugin IOSDeviceProfileSelector
LogPluginManager: Mounting plugin LinuxDeviceProfileSelector
LogPluginManager: Mounting plugin LocationServicesBPLibrary
LogPluginManager: Mounting plugin MobilePatchingUtils
LogPluginManager: Mounting plugin OculusVR
LogPluginManager: Mounting plugin PhysXVehicles
LogPluginManager: Mounting plugin ProceduralMeshComponent
LogPluginManager: Mounting plugin RuntimePhysXCooking
LogPluginManager: Mounting plugin SteamVR
LogPluginManager: Mounting plugin WebMMoviePlayer
LogPluginManager: Mounting plugin WindowsMoviePlayer
LogStreaming: Display: Took  0.131s to configure plugins.
LogInit: Using libcurl 7.55.1-DEV
LogInit:  - built for x86_64-pc-win32
LogInit:  - supports SSL with OpenSSL/1.0.2h
LogInit:  - supports HTTP deflate (compression) using libz 1.2.8
LogInit:  - other features:
LogInit:      CURL_VERSION_SSL
LogInit:      CURL_VERSION_LIBZ
LogInit:      CURL_VERSION_IPV6
LogInit:      CURL_VERSION_ASYNCHDNS
LogInit:      CURL_VERSION_LARGEFILE
LogInit:      CURL_VERSION_IDN
LogInit:  CurlRequestOptions (configurable via config and command line):
LogInit:  - bVerifyPeer = true  - Libcurl will verify peer certificate
LogInit:  - bUseHttpProxy = false  - Libcurl will NOT use HTTP proxy
LogInit:  - bDontReuseConnections = false  - Libcurl will reuse connections
LogInit:  - MaxHostConnections = 16  - Libcurl will limit the number of connections to a host
LogInit:  - LocalHostAddr = Default
LogInit:  - BufferSize = 65536
LogInit: WinSock: version 1.1 (2.2), MaxSocks=32767, MaxUdp=65467
LogInit: Build: ++UE4+Release-4.21-CL-4753647
LogInit: Engine Version: 4.21.2-4753647+++UE4+Release-4.21
LogInit: Compatible Engine Version: 4.21.0-4541578+++UE4+Release-4.21
LogInit: Net CL: 4541578
LogInit: OS: Windows 10 (), CPU: Intel(R) Core(TM) i7-7700HQ CPU @ 2.80GHz, GPU: Intel(R) HD Graphics 630
LogInit: Compiled (64-bit): Jan 19 2019 02:07:31
LogInit: Compiled with Visual C++: 19.13.26129.00
LogInit: Build Configuration: Development
LogInit: Branch Name: ++UE4+Release-4.21
LogInit: Command Line:  -EpicPortal -epicusername=redrohit69 -epicuserid=ab82c5cde382451fa38daf7910d4e16f -epiclocale=en-GB
LogInit: Base Directory: C:/Unreal Engine/UE_4.21/UE_4.21/Engine/Binaries/Win64/
LogInit: Installed Engine Build: 1
LogDevObjectVersion: Number of dev versions registered: 22
LogDevObjectVersion:   Dev-Blueprints (B0D832E4-1F89-4F0D-ACCF-7EB736FD4AA2): 10
LogDevObjectVersion:   Dev-Build (E1C64328-A22C-4D53-A36C-8E866417BD8C): 0
LogDevObjectVersion:   Dev-Core (375EC13C-06E4-48FB-B500-84F0262A717E): 2
LogDevObjectVersion:   Dev-Editor (E4B068ED-F494-42E9-A231-DA0B2E46BB41): 26
LogDevObjectVersion:   Dev-Framework (CFFC743F-43B0-4480-9391-14DF171D2073): 34
LogDevObjectVersion:   Dev-Mobile (B02B49B5-BB20-44E9-A304-32B752E40360): 2
LogDevObjectVersion:   Dev-Networking (A4E4105C-59A1-49B5-A7C5-40C4547EDFEE): 0
LogDevObjectVersion:   Dev-Online (39C831C9-5AE6-47DC-9A44-9C173E1C8E7C): 0
LogDevObjectVersion:   Dev-Physics (78F01B33-EBEA-4F98-B9B4-84EACCB95AA2): 0
LogDevObjectVersion:   Dev-Platform (6631380F-2D4D-43E0-8009-CF276956A95A): 0
LogDevObjectVersion:   Dev-Rendering (12F88B9F-8875-4AFC-A67C-D90C383ABD29): 27
LogDevObjectVersion:   Dev-Sequencer (7B5AE74C-D270-4C10-A958-57980B212A5A): 9
LogDevObjectVersion:   Dev-VR (D7296918-1DD6-4BDD-9DE2-64A83CC13884): 2
LogDevObjectVersion:   Dev-LoadTimes (C2A15278-BFE7-4AFE-6C17-90FF531DF755): 1
LogDevObjectVersion:   Private-Geometry (6EACA3D4-40EC-4CC1-B786-8BED09428FC5): 3
LogDevObjectVersion:   Dev-AnimPhys (29E575DD-E0A3-4627-9D10-D276232CDCEA): 17
LogDevObjectVersion:   Dev-Anim (AF43A65D-7FD3-4947-9873-3E8ED9C1BB05): 2
LogDevObjectVersion:   Dev-ReflectionCapture (6B266CEC-1EC7-4B8F-A30B-E4D90942FC07): 1
LogDevObjectVersion:   Dev-Automation (0DF73D61-A23F-47EA-B727-89E90C41499A): 1
LogDevObjectVersion:   FortniteMain (601D1886-AC64-4F84-AA16-D3DE0DEAC7D6): 17
LogDevObjectVersion:   Dev-Enterprise (9DFFBCD6-494F-0158-E221-12823C92A888): 4
LogDevObjectVersion:   Dev-Niagara (F2AED0AC-9AFE-416F-8664-AA7FFA26D6FC): 1
LogStreaming: Display: Took  0.001s to delete old logs.
LogInit: Presizing for max 8388607 objects, including 0 objects not considered by GC, pre-allocating 0 bytes for permanent pool.
LogInit: Object subsystem initialized
LogConfig: Setting CVar [[con.DebugEarlyDefault:1]]
LogConfig: Setting CVar [[r.setres:1280x720]]
[2020.02.11-17.49.16:015][  0]LogConfig: Setting CVar [[r.VSync:0]]
[2020.02.11-17.49.16:015][  0]LogConfig: Setting CVar [[r.RHICmdBypass:0]]
[2020.02.11-17.49.16:015][  0]LogConfig: Applying CVar settings from Section [/Script/Engine.RendererSettings] File [D:/UE4 Projects/GameJam/Saved/Config/Windows/Engine.ini]
[2020.02.11-17.49.16:015][  0]LogConfig: Setting CVar [[r.GPUCrashDebugging:0]]
[2020.02.11-17.49.16:015][  0]LogConfig: Applying CVar settings from Section [/Script/Engine.RendererOverrideSettings] File [D:/UE4 Projects/GameJam/Saved/Config/Windows/Engine.ini]
[2020.02.11-17.49.16:015][  0]LogConfig: Applying CVar settings from Section [/Script/Engine.StreamingSettings] File [D:/UE4 Projects/GameJam/Saved/Config/Windows/Engine.ini]
[2020.02.11-17.49.16:015][  0]LogConfig: Setting CVar [[s.MinBulkDataSizeForAsyncLoading:131072]]
[2020.02.11-17.49.16:016][  0]LogConfig: Setting CVar [[s.AsyncLoadingThreadEnabled:0]]
[2020.02.11-17.49.16:016][  0]LogConfig: Setting CVar [[s.EventDrivenLoaderEnabled:1]]
[2020.02.11-17.49.16:016][  0]LogConfig: Setting CVar [[s.WarnIfTimeLimitExceeded:0]]
[2020.02.11-17.49.16:016][  0]LogConfig: Setting CVar [[s.TimeLimitExceededMultiplier:1.5]]
[2020.02.11-17.49.16:016][  0]LogConfig: Setting CVar [[s.TimeLimitExceededMinTime:0.005]]
[2020.02.11-17.49.16:016][  0]LogConfig: Setting CVar [[s.UseBackgroundLevelStreaming:1]]
[2020.02.11-17.49.16:016][  0]LogConfig: Setting CVar [[s.PriorityAsyncLoadingExtraTime:15.0]]
[2020.02.11-17.49.16:016][  0]LogConfig: Setting CVar [[s.LevelStreamingActorsUpdateTimeLimit:5.0]]
[2020.02.11-17.49.16:016][  0]LogConfig: Setting CVar [[s.PriorityLevelStreamingActorsUpdateExtraTime:5.0]]
[2020.02.11-17.49.16:016][  0]LogConfig: Setting CVar [[s.LevelStreamingComponentsRegistrationGranularity:10]]
[2020.02.11-17.49.16:016][  0]LogConfig: Setting CVar [[s.UnregisterComponentsTimeLimit:1.0]]
[2020.02.11-17.49.16:016][  0]LogConfig: Setting CVar [[s.LevelStreamingComponentsUnregistrationGranularity:5]]
[2020.02.11-17.49.16:016][  0]LogConfig: Applying CVar settings from Section [/Script/Engine.GarbageCollectionSettings] File [D:/UE4 Projects/GameJam/Saved/Config/Windows/Engine.ini]
[2020.02.11-17.49.16:016][  0]LogConfig: Setting CVar [[gc.MaxObjectsNotConsideredByGC:1]]
[2020.02.11-17.49.16:016][  0]LogConfig: Setting CVar [[gc.SizeOfPermanentObjectPool:0]]
[2020.02.11-17.49.16:016][  0]LogConfig: Setting CVar [[gc.FlushStreamingOnGC:0]]
[2020.02.11-17.49.16:016][  0]LogConfig: Setting CVar [[gc.NumRetriesBeforeForcingGC:10]]
[2020.02.11-17.49.16:016][  0]LogConfig: Setting CVar [[gc.AllowParallelGC:1]]
[2020.02.11-17.49.16:016][  0]LogConfig: Setting CVar [[gc.TimeBetweenPurgingPendingKillObjects:61.1]]
[2020.02.11-17.49.16:016][  0]LogConfig: Setting CVar [[gc.MaxObjectsInEditor:8388607]]
[2020.02.11-17.49.16:016][  0]LogConfig: Setting CVar [[gc.IncrementalBeginDestroyEnabled:1]]
[2020.02.11-17.49.16:016][  0]LogConfig: Setting CVar [[gc.CreateGCClusters:1]]
[2020.02.11-17.49.16:016][  0]LogConfig: Setting CVar [[gc.MergeGCClusters:0]]
[2020.02.11-17.49.16:016][  0]LogConfig: Setting CVar [[gc.MinGCClusterSize:5]]
[2020.02.11-17.49.16:016][  0]LogConfig: Setting CVar [[gc.ActorClusteringEnabled:0]]
[2020.02.11-17.49.16:016][  0]LogConfig: Setting CVar [[gc.BlueprintClusteringEnabled:0]]
[2020.02.11-17.49.16:016][  0]LogConfig: Setting CVar [[gc.UseDisregardForGCOnDedicatedServers:0]]
[2020.02.11-17.49.16:016][  0]LogConfig: Applying CVar settings from Section [/Script/Engine.NetworkSettings] File [D:/UE4 Projects/GameJam/Saved/Config/Windows/Engine.ini]
[2020.02.11-17.49.16:016][  0]LogConfig: Applying CVar settings from Section [/Script/UnrealEd.CookerSettings] File [D:/UE4 Projects/GameJam/Saved/Config/Windows/Engine.ini]
[2020.02.11-17.49.16:019][  0]LogConfig: Applying CVar settings from Section [ViewDistanceQuality@3] File [D:/UE4 Projects/GameJam/Saved/Config/Windows/Scalability.ini]
[2020.02.11-17.49.16:019][  0]LogConfig: Setting CVar [[r.SkeletalMeshLODBias:0]]
[2020.02.11-17.49.16:019][  0]LogConfig: Setting CVar [[r.ViewDistanceScale:1.0]]
[2020.02.11-17.49.16:019][  0]LogConfig: Applying CVar settings from Section [AntiAliasingQuality@3] File [D:/UE4 Projects/GameJam/Saved/Config/Windows/Scalability.ini]
[2020.02.11-17.49.16:019][  0]LogConfig: Setting CVar [[r.PostProcessAAQuality:4]]
[2020.02.11-17.49.16:019][  0]LogConfig: Applying CVar settings from Section [ShadowQuality@3] File [D:/UE4 Projects/GameJam/Saved/Config/Windows/Scalability.ini]
[2020.02.11-17.49.16:019][  0]LogConfig: Setting CVar [[r.LightFunctionQuality:1]]
[2020.02.11-17.49.16:019][  0]LogConfig: Setting CVar [[r.ShadowQuality:5]]
[2020.02.11-17.49.16:019][  0]LogConfig: Setting CVar [[r.Shadow.CSM.MaxCascades:10]]
[2020.02.11-17.49.16:019][  0]LogConfig: Setting CVar [[r.Shadow.MaxResolution:2048]]
[2020.02.11-17.49.16:019][  0]LogConfig: Setting CVar [[r.Shadow.MaxCSMResolution:2048]]
[2020.02.11-17.49.16:019][  0]LogConfig: Setting CVar [[r.Shadow.RadiusThreshold:0.01]]
[2020.02.11-17.49.16:019][  0]LogConfig: Setting CVar [[r.Shadow.DistanceScale:1.0]]
[2020.02.11-17.49.16:019][  0]LogConfig: Setting CVar [[r.Shadow.CSM.TransitionScale:1.0]]
[2020.02.11-17.49.16:019][  0]LogConfig: Setting CVar [[r.Shadow.PreShadowResolutionFactor:1.0]]
[2020.02.11-17.49.16:019][  0]LogConfig: Setting CVar [[r.DistanceFieldShadowing:1]]
[2020.02.11-17.49.16:019][  0]LogConfig: Setting CVar [[r.DistanceFieldAO:1]]
[2020.02.11-17.49.16:019][  0]LogConfig: Setting CVar [[r.AOQuality:2]]
[2020.02.11-17.49.16:019][  0]LogConfig: Setting CVar [[r.VolumetricFog:1]]
[2020.02.11-17.49.16:019][  0]LogConfig: Setting CVar [[r.VolumetricFog.GridPixelSize:8]]
[2020.02.11-17.49.16:019][  0]LogConfig: Setting CVar [[r.VolumetricFog.GridSizeZ:128]]
[2020.02.11-17.49.16:019][  0]LogConfig: Setting CVar [[r.VolumetricFog.HistoryMissSupersampleCount:4]]
[2020.02.11-17.49.16:019][  0]LogConfig: Setting CVar [[r.LightMaxDrawDistanceScale:1]]
[2020.02.11-17.49.16:019][  0]LogConfig: Setting CVar [[r.CapsuleShadows:1]]
[2020.02.11-17.49.16:019][  0]LogConfig: Applying CVar settings from Section [PostProcessQuality@3] File [D:/UE4 Projects/GameJam/Saved/Config/Windows/Scalability.ini]
[2020.02.11-17.49.16:019][  0]LogConfig: Setting CVar [[r.MotionBlurQuality:4]]
[2020.02.11-17.49.16:019][  0]LogConfig: Setting CVar [[r.AmbientOcclusionMipLevelFactor:0.4]]
[2020.02.11-17.49.16:019][  0]LogConfig: Setting CVar [[r.AmbientOcclusionMaxQuality:100]]
[2020.02.11-17.49.16:019][  0]LogConfig: Setting CVar [[r.AmbientOcclusionLevels:-1]]
[2020.02.11-17.49.16:019][  0]LogConfig: Setting CVar [[r.AmbientOcclusionRadiusScale:1.0]]
[2020.02.11-17.49.16:019][  0]LogConfig: Setting CVar [[r.DepthOfFieldQuality:2]]
[2020.02.11-17.49.16:019][  0]LogConfig: Setting CVar [[r.RenderTargetPoolMin:400]]
[2020.02.11-17.49.16:019][  0]LogConfig: Setting CVar [[r.LensFlareQuality:2]]
[2020.02.11-17.49.16:019][  0]LogConfig: Setting CVar [[r.SceneColorFringeQuality:1]]
[2020.02.11-17.49.16:019][  0]LogConfig: Setting CVar [[r.EyeAdaptationQuality:2]]
[2020.02.11-17.49.16:019][  0]LogConfig: Setting CVar [[r.BloomQuality:5]]
[2020.02.11-17.49.16:019][  0]LogConfig: Setting CVar [[r.FastBlurThreshold:100]]
[2020.02.11-17.49.16:019][  0]LogConfig: Setting CVar [[r.Upscale.Quality:3]]
[2020.02.11-17.49.16:019][  0]LogConfig: Setting CVar [[r.Tonemapper.GrainQuantization:1]]
[2020.02.11-17.49.16:019][  0]LogConfig: Setting CVar [[r.LightShaftQuality:1]]
[2020.02.11-17.49.16:019][  0]LogConfig: Setting CVar [[r.Filter.SizeScale:1]]
[2020.02.11-17.49.16:019][  0]LogConfig: Setting CVar [[r.Tonemapper.Quality:5]]
[2020.02.11-17.49.16:019][  0]LogConfig: Setting CVar [[r.DOF.Gather.AccumulatorQuality:1        ; higher gathering accumulator quality]]
[2020.02.11-17.49.16:019][  0]LogConfig: Setting CVar [[r.DOF.Gather.PostfilterMethod:1          ; Median3x3 postfilering method]]
[2020.02.11-17.49.16:019][  0]LogConfig: Setting CVar [[r.DOF.Gather.EnableBokehSettings:0       ; no bokeh simulation when gathering]]
[2020.02.11-17.49.16:019][  0]LogConfig: Setting CVar [[r.DOF.Gather.RingCount:4                 ; medium number of samples when gathering]]
[2020.02.11-17.49.16:019][  0]LogConfig: Setting CVar [[r.DOF.Scatter.ForegroundCompositing:1    ; additive foreground scattering]]
[2020.02.11-17.49.16:020][  0]LogConfig: Setting CVar [[r.DOF.Scatter.BackgroundCompositing:2    ; additive background scattering]]
[2020.02.11-17.49.16:020][  0]LogConfig: Setting CVar [[r.DOF.Scatter.EnableBokehSettings:1      ; bokeh simulation when scattering]]
[2020.02.11-17.49.16:020][  0]LogConfig: Setting CVar [[r.DOF.Scatter.MaxSpriteRatio:0.1         ; only a maximum of 10% of scattered bokeh]]
[2020.02.11-17.49.16:020][  0]LogConfig: Setting CVar [[r.DOF.Recombine.Quality:1                ; cheap slight out of focus]]
[2020.02.11-17.49.16:020][  0]LogConfig: Setting CVar [[r.DOF.Recombine.EnableBokehSettings:0    ; no bokeh simulation on slight out of focus]]
[2020.02.11-17.49.16:020][  0]LogConfig: Setting CVar [[r.DOF.TemporalAAQuality:1                ; more stable temporal accumulation]]
[2020.02.11-17.49.16:020][  0]LogConfig: Setting CVar [[r.DOF.Kernel.MaxForegroundRadius:0.025]]
[2020.02.11-17.49.16:020][  0]LogConfig: Setting CVar [[r.DOF.Kernel.MaxBackgroundRadius:0.025]]
[2020.02.11-17.49.16:020][  0]LogConfig: Applying CVar settings from Section [TextureQuality@3] File [D:/UE4 Projects/GameJam/Saved/Config/Windows/Scalability.ini]
[2020.02.11-17.49.16:020][  0]LogConfig: Setting CVar [[r.Streaming.MipBias:0]]
[2020.02.11-17.49.16:020][  0]LogConfig: Setting CVar [[r.Streaming.AmortizeCPUToGPUCopy:0]]
[2020.02.11-17.49.16:020][  0]LogConfig: Setting CVar [[r.Streaming.MaxNumTexturesToStreamPerFrame:0]]
[2020.02.11-17.49.16:020][  0]LogConfig: Setting CVar [[r.Streaming.Boost:1]]
[2020.02.11-17.49.16:020][  0]LogConfig: Setting CVar [[r.MaxAnisotropy:8]]
[2020.02.11-17.49.16:020][  0]LogConfig: Setting CVar [[r.Streaming.LimitPoolSizeToVRAM:0]]
[2020.02.11-17.49.16:020][  0]LogConfig: Setting CVar [[r.Streaming.PoolSize:1000]]
[2020.02.11-17.49.16:020][  0]LogConfig: Setting CVar [[r.Streaming.MaxEffectiveScreenSize:0]]
[2020.02.11-17.49.16:020][  0]LogConfig: Applying CVar settings from Section [EffectsQuality@3] File [D:/UE4 Projects/GameJam/Saved/Config/Windows/Scalability.ini]
[2020.02.11-17.49.16:020][  0]LogConfig: Setting CVar [[r.TranslucencyLightingVolumeDim:64]]
[2020.02.11-17.49.16:020][  0]LogConfig: Setting CVar [[r.RefractionQuality:2]]
[2020.02.11-17.49.16:020][  0]LogConfig: Setting CVar [[r.SSR.Quality:3]]
[2020.02.11-17.49.16:020][  0]LogConfig: Setting CVar [[r.SceneColorFormat:4]]
[2020.02.11-17.49.16:020][  0]LogConfig: Setting CVar [[r.DetailMode:2]]
[2020.02.11-17.49.16:020][  0]LogConfig: Setting CVar [[r.TranslucencyVolumeBlur:1]]
[2020.02.11-17.49.16:020][  0]LogConfig: Setting CVar [[r.MaterialQualityLevel:1 ; High quality]]
[2020.02.11-17.49.16:020][  0]LogConfig: Setting CVar [[r.SSS.Scale:1]]
[2020.02.11-17.49.16:020][  0]LogConfig: Setting CVar [[r.SSS.SampleSet:2]]
[2020.02.11-17.49.16:020][  0]LogConfig: Setting CVar [[r.SSS.Quality:1]]
[2020.02.11-17.49.16:020][  0]LogConfig: Setting CVar [[r.SSS.HalfRes:1]]
[2020.02.11-17.49.16:020][  0]LogConfig: Setting CVar [[r.EmitterSpawnRateScale:1.0]]
[2020.02.11-17.49.16:020][  0]LogConfig: Setting CVar [[r.ParticleLightQuality:2]]
[2020.02.11-17.49.16:020][  0]LogConfig: Applying CVar settings from Section [FoliageQuality@3] File [D:/UE4 Projects/GameJam/Saved/Config/Windows/Scalability.ini]
[2020.02.11-17.49.16:020][  0]LogConfig: Setting CVar [[foliage.DensityScale:1.0]]
[2020.02.11-17.49.16:020][  0]LogConfig: Setting CVar [[grass.DensityScale:1.0]]
[2020.02.11-17.49.16:020][  0]LogInit: Selected Device Profile: [Windows]
[2020.02.11-17.49.16:020][  0]LogInit: Applying CVar settings loaded from the selected device profile: [Windows]
[2020.02.11-17.49.16:038][  0]LogHAL: Display: Platform has ~ 16 GB [17057812480 / 17179869184 / 16], which maps to Larger [LargestMinGB=32, LargerMinGB=12, DefaultMinGB=8, SmallerMinGB=6, SmallestMinGB=0)
[2020.02.11-17.49.16:038][  0]LogConfig: Setting CVar [[r.Vulkan.UseRealUBs:1]]
[2020.02.11-17.49.16:038][  0]LogInit: Going up to parent DeviceProfile []
[2020.02.11-17.49.16:038][  0]LogConfig: Applying CVar settings from Section [ViewDistanceQuality@3] File [D:/UE4 Projects/GameJam/Saved/Config/Windows/Scalability.ini]
[2020.02.11-17.49.16:038][  0]LogConfig: Setting CVar [[r.SkeletalMeshLODBias:0]]
[2020.02.11-17.49.16:038][  0]LogConfig: Setting CVar [[r.ViewDistanceScale:1.0]]
[2020.02.11-17.49.16:038][  0]LogConfig: Applying CVar settings from Section [AntiAliasingQuality@3] File [D:/UE4 Projects/GameJam/Saved/Config/Windows/Scalability.ini]
[2020.02.11-17.49.16:038][  0]LogConfig: Setting CVar [[r.PostProcessAAQuality:4]]
[2020.02.11-17.49.16:038][  0]LogConfig: Applying CVar settings from Section [ShadowQuality@3] File [D:/UE4 Projects/GameJam/Saved/Config/Windows/Scalability.ini]
[2020.02.11-17.49.16:038][  0]LogConfig: Setting CVar [[r.LightFunctionQuality:1]]
[2020.02.11-17.49.16:038][  0]LogConfig: Setting CVar [[r.ShadowQuality:5]]
[2020.02.11-17.49.16:038][  0]LogConfig: Setting CVar [[r.Shadow.CSM.MaxCascades:10]]
[2020.02.11-17.49.16:038][  0]LogConfig: Setting CVar [[r.Shadow.MaxResolution:2048]]
[2020.02.11-17.49.16:038][  0]LogConfig: Setting CVar [[r.Shadow.MaxCSMResolution:2048]]
[2020.02.11-17.49.16:038][  0]LogConfig: Setting CVar [[r.Shadow.RadiusThreshold:0.01]]
[2020.02.11-17.49.16:038][  0]LogConfig: Setting CVar [[r.Shadow.DistanceScale:1.0]]
[2020.02.11-17.49.16:038][  0]LogConfig: Setting CVar [[r.Shadow.CSM.TransitionScale:1.0]]
[2020.02.11-17.49.16:038][  0]LogConfig: Setting CVar [[r.Shadow.PreShadowResolutionFactor:1.0]]
[2020.02.11-17.49.16:038][  0]LogConfig: Setting CVar [[r.DistanceFieldShadowing:1]]
[2020.02.11-17.49.16:038][  0]LogConfig: Setting CVar [[r.DistanceFieldAO:1]]
[2020.02.11-17.49.16:038][  0]LogConfig: Setting CVar [[r.AOQuality:2]]
[2020.02.11-17.49.16:038][  0]LogConfig: Setting CVar [[r.VolumetricFog:1]]
[2020.02.11-17.49.16:038][  0]LogConfig: Setting CVar [[r.VolumetricFog.GridPixelSize:8]]
[2020.02.11-17.49.16:038][  0]LogConfig: Setting CVar [[r.VolumetricFog.GridSizeZ:128]]
[2020.02.11-17.49.16:038][  0]LogConfig: Setting CVar [[r.VolumetricFog.HistoryMissSupersampleCount:4]]
[2020.02.11-17.49.16:038][  0]LogConfig: Setting CVar [[r.LightMaxDrawDistanceScale:1]]
[2020.02.11-17.49.16:038][  0]LogConfig: Setting CVar [[r.CapsuleShadows:1]]
[2020.02.11-17.49.16:038][  0]LogConfig: Applying CVar settings from Section [PostProcessQuality@3] File [D:/UE4 Projects/GameJam/Saved/Config/Windows/Scalability.ini]
[2020.02.11-17.49.16:038][  0]LogConfig: Setting CVar [[r.MotionBlurQuality:4]]
[2020.02.11-17.49.16:038][  0]LogConfig: Setting CVar [[r.AmbientOcclusionMipLevelFactor:0.4]]
[2020.02.11-17.49.16:038][  0]LogConfig: Setting CVar [[r.AmbientOcclusionMaxQuality:100]]
[2020.02.11-17.49.16:038][  0]LogConfig: Setting CVar [[r.AmbientOcclusionLevels:-1]]
[2020.02.11-17.49.16:038][  0]LogConfig: Setting CVar [[r.AmbientOcclusionRadiusScale:1.0]]
[2020.02.11-17.49.16:039][  0]LogConfig: Setting CVar [[r.DepthOfFieldQuality:2]]
[2020.02.11-17.49.16:039][  0]LogConfig: Setting CVar [[r.RenderTargetPoolMin:400]]
[2020.02.11-17.49.16:039][  0]LogConfig: Setting CVar [[r.LensFlareQuality:2]]
[2020.02.11-17.49.16:039][  0]LogConfig: Setting CVar [[r.SceneColorFringeQuality:1]]
[2020.02.11-17.49.16:039][  0]LogConfig: Setting CVar [[r.EyeAdaptationQuality:2]]
[2020.02.11-17.49.16:039][  0]LogConfig: Setting CVar [[r.BloomQuality:5]]
[2020.02.11-17.49.16:039][  0]LogConfig: Setting CVar [[r.FastBlurThreshold:100]]
[2020.02.11-17.49.16:039][  0]LogConfig: Setting CVar [[r.Upscale.Quality:3]]
[2020.02.11-17.49.16:039][  0]LogConfig: Setting CVar [[r.Tonemapper.GrainQuantization:1]]
[2020.02.11-17.49.16:039][  0]LogConfig: Setting CVar [[r.LightShaftQuality:1]]
[2020.02.11-17.49.16:039][  0]LogConfig: Setting CVar [[r.Filter.SizeScale:1]]
[2020.02.11-17.49.16:039][  0]LogConfig: Setting CVar [[r.Tonemapper.Quality:5]]
[2020.02.11-17.49.16:039][  0]LogConfig: Setting CVar [[r.DOF.Gather.AccumulatorQuality:1        ; higher gathering accumulator quality]]
[2020.02.11-17.49.16:039][  0]LogConfig: Setting CVar [[r.DOF.Gather.PostfilterMethod:1          ; Median3x3 postfilering method]]
[2020.02.11-17.49.16:039][  0]LogConfig: Setting CVar [[r.DOF.Gather.EnableBokehSettings:0       ; no bokeh simulation when gathering]]
[2020.02.11-17.49.16:039][  0]LogConfig: Setting CVar [[r.DOF.Gather.RingCount:4                 ; medium number of samples when gathering]]
[2020.02.11-17.49.16:039][  0]LogConfig: Setting CVar [[r.DOF.Scatter.ForegroundCompositing:1    ; additive foreground scattering]]
[2020.02.11-17.49.16:039][  0]LogConfig: Setting CVar [[r.DOF.Scatter.BackgroundCompositing:2    ; additive background scattering]]
[2020.02.11-17.49.16:039][  0]LogConfig: Setting CVar [[r.DOF.Scatter.EnableBokehSettings:1      ; bokeh simulation when scattering]]
[2020.02.11-17.49.16:039][  0]LogConfig: Setting CVar [[r.DOF.Scatter.MaxSpriteRatio:0.1         ; only a maximum of 10% of scattered bokeh]]
[2020.02.11-17.49.16:039][  0]LogConfig: Setting CVar [[r.DOF.Recombine.Quality:1                ; cheap slight out of focus]]
[2020.02.11-17.49.16:039][  0]LogConfig: Setting CVar [[r.DOF.Recombine.EnableBokehSettings:0    ; no bokeh simulation on slight out of focus]]
[2020.02.11-17.49.16:039][  0]LogConfig: Setting CVar [[r.DOF.TemporalAAQuality:1                ; more stable temporal accumulation]]
[2020.02.11-17.49.16:039][  0]LogConfig: Setting CVar [[r.DOF.Kernel.MaxForegroundRadius:0.025]]
[2020.02.11-17.49.16:039][  0]LogConfig: Setting CVar [[r.DOF.Kernel.MaxBackgroundRadius:0.025]]
[2020.02.11-17.49.16:039][  0]LogConfig: Applying CVar settings from Section [TextureQuality@3] File [D:/UE4 Projects/GameJam/Saved/Config/Windows/Scalability.ini]
[2020.02.11-17.49.16:039][  0]LogConfig: Setting CVar [[r.Streaming.MipBias:0]]
[2020.02.11-17.49.16:039][  0]LogConfig: Setting CVar [[r.Streaming.AmortizeCPUToGPUCopy:0]]
[2020.02.11-17.49.16:039][  0]LogConfig: Setting CVar [[r.Streaming.MaxNumTexturesToStreamPerFrame:0]]
[2020.02.11-17.49.16:039][  0]LogConfig: Setting CVar [[r.Streaming.Boost:1]]
[2020.02.11-17.49.16:039][  0]LogConfig: Setting CVar [[r.MaxAnisotropy:8]]
[2020.02.11-17.49.16:039][  0]LogConfig: Setting CVar [[r.Streaming.LimitPoolSizeToVRAM:0]]
[2020.02.11-17.49.16:039][  0]LogConfig: Setting CVar [[r.Streaming.PoolSize:1000]]
[2020.02.11-17.49.16:039][  0]LogConfig: Setting CVar [[r.Streaming.MaxEffectiveScreenSize:0]]
[2020.02.11-17.49.16:039][  0]LogConfig: Applying CVar settings from Section [EffectsQuality@3] File [D:/UE4 Projects/GameJam/Saved/Config/Windows/Scalability.ini]
[2020.02.11-17.49.16:039][  0]LogConfig: Setting CVar [[r.TranslucencyLightingVolumeDim:64]]
[2020.02.11-17.49.16:039][  0]LogConfig: Setting CVar [[r.RefractionQuality:2]]
[2020.02.11-17.49.16:039][  0]LogConfig: Setting CVar [[r.SSR.Quality:3]]
[2020.02.11-17.49.16:039][  0]LogConfig: Setting CVar [[r.SceneColorFormat:4]]
[2020.02.11-17.49.16:039][  0]LogConfig: Setting CVar [[r.DetailMode:2]]
[2020.02.11-17.49.16:039][  0]LogConfig: Setting CVar [[r.TranslucencyVolumeBlur:1]]
[2020.02.11-17.49.16:039][  0]LogConfig: Setting CVar [[r.MaterialQualityLevel:1 ; High quality]]
[2020.02.11-17.49.16:039][  0]LogConfig: Setting CVar [[r.SSS.Scale:1]]
[2020.02.11-17.49.16:039][  0]LogConfig: Setting CVar [[r.SSS.SampleSet:2]]
[2020.02.11-17.49.16:039][  0]LogConfig: Setting CVar [[r.SSS.Quality:1]]
[2020.02.11-17.49.16:039][  0]LogConfig: Setting CVar [[r.SSS.HalfRes:1]]
[2020.02.11-17.49.16:039][  0]LogConfig: Setting CVar [[r.EmitterSpawnRateScale:1.0]]
[2020.02.11-17.49.16:039][  0]LogConfig: Setting CVar [[r.ParticleLightQuality:2]]
[2020.02.11-17.49.16:039][  0]LogConfig: Applying CVar settings from Section [FoliageQuality@3] File [D:/UE4 Projects/GameJam/Saved/Config/Windows/Scalability.ini]
[2020.02.11-17.49.16:039][  0]LogConfig: Setting CVar [[foliage.DensityScale:1.0]]
[2020.02.11-17.49.16:039][  0]LogConfig: Setting CVar [[grass.DensityScale:1.0]]
[2020.02.11-17.49.16:039][  0]LogConfig: Applying CVar settings from Section [Startup] File [../../../Engine/Config/ConsoleVariables.ini]
[2020.02.11-17.49.16:039][  0]LogConfig: Setting CVar [[net.UseAdaptiveNetUpdateFrequency:0]]
[2020.02.11-17.49.16:039][  0]LogConfig: Applying CVar settings from Section [ConsoleVariables] File [D:/UE4 Projects/GameJam/Saved/Config/Windows/Engine.ini]
[2020.02.11-17.49.16:040][  0]LogInit: Computer: ROHITSLAPTOP
[2020.02.11-17.49.16:040][  0]LogInit: User: rohit
[2020.02.11-17.49.16:040][  0]LogInit: CPU Page size=4096, Cores=4
[2020.02.11-17.49.16:040][  0]LogInit: High frequency timer resolution =10.000000 MHz
[2020.02.11-17.49.16:040][  0]LogMemory: Memory total: Physical=15.9GB (16GB approx)
[2020.02.11-17.49.16:040][  0]LogMemory: Platform Memory Stats for Windows
[2020.02.11-17.49.16:040][  0]LogMemory: Process Physical Memory: 102.61 MB used, 102.62 MB peak
[2020.02.11-17.49.16:040][  0]LogMemory: Process Virtual Memory: 91.55 MB used, 91.55 MB peak
[2020.02.11-17.49.16:040][  0]LogMemory: Physical Memory: 6118.98 MB used,  10148.62 MB free, 16267.60 MB total
[2020.02.11-17.49.16:040][  0]LogMemory: Virtual Memory: 4635.81 MB used,  134213096.00 MB free, 134217728.00 MB total
[2020.02.11-17.49.16:061][  0]LogInit: Using OS detected language (en-GB).
[2020.02.11-17.49.16:061][  0]LogInit: Using OS detected locale (en-GB).
[2020.02.11-17.49.16:062][  0]LogTextLocalizationManager: No specific localization for 'en-GB' exists, so the 'en' localization will be used.
[2020.02.11-17.49.16:441][  0]LogStreaming: Display: Took  0.380s to InitEngineTextLocalization.
[2020.02.11-17.49.16:441][  0]LogInit: Setting process to per monitor DPI aware
[2020.02.11-17.49.16:483][  0]LogSlate: New Slate User Created.  User Index 0, Is Virtual User: 0
[2020.02.11-17.49.16:483][  0]LogSlate: Slate User Registered.  User Index 0, Is Virtual User: 0
[2020.02.11-17.49.16:674][  0]LogHMD: Failed to initialize OpenVR with code 110
[2020.02.11-17.49.16:674][  0]LogD3D11RHI: D3D11 adapters:
[2020.02.11-17.49.16:738][  0]LogD3D11RHI:    0. 'NVIDIA GeForce GTX 1060' (Feature Level 11_0)
[2020.02.11-17.49.16:738][  0]LogD3D11RHI:       6052/0/8133 MB DedicatedVideo/DedicatedSystem/SharedSystem, Outputs:1, VendorId:0x10de
[2020.02.11-17.49.16:749][  0]LogD3D11RHI:    1. 'Intel(R) HD Graphics 630' (Feature Level 11_0)
[2020.02.11-17.49.16:749][  0]LogD3D11RHI:       128/0/8133 MB DedicatedVideo/DedicatedSystem/SharedSystem, Outputs:1, VendorId:0x8086
[2020.02.11-17.49.16:752][  0]LogD3D11RHI:    2. 'Microsoft Basic Render Driver' (Feature Level 11_0)
[2020.02.11-17.49.16:752][  0]LogD3D11RHI:       0/0/8133 MB DedicatedVideo/DedicatedSystem/SharedSystem, Outputs:0, VendorId:0x1414
[2020.02.11-17.49.16:752][  0]LogD3D11RHI: Chosen D3D11 Adapter: 0
[2020.02.11-17.49.16:760][  0]LogD3D11RHI: Creating new Direct3DDevice
[2020.02.11-17.49.16:760][  0]LogD3D11RHI:     GPU DeviceId: 0x1c20 (for the marketing name, search the web for "GPU Device Id")
[2020.02.11-17.49.16:760][  0]LogWindows: EnumDisplayDevices:
[2020.02.11-17.49.16:760][  0]LogWindows:    0. 'Intel(R) HD Graphics 630' (P:0 D:1)
[2020.02.11-17.49.16:760][  0]LogWindows:    1. 'Intel(R) HD Graphics 630' (P:0 D:0)
[2020.02.11-17.49.16:761][  0]LogWindows:    2. 'Intel(R) HD Graphics 630' (P:0 D:0)
[2020.02.11-17.49.16:761][  0]LogWindows:    3. 'NVIDIA GeForce GTX 1060' (P:1 D:1)
[2020.02.11-17.49.16:761][  0]LogWindows: DebugString: PrimaryIsNotTheChoosenAdapter PrimaryIsNotTheChoosenAdapter PrimaryIsNotTheChoosenAdapter 
[2020.02.11-17.49.16:761][  0]LogD3D11RHI:     Adapter Name: NVIDIA GeForce GTX 1060
[2020.02.11-17.49.16:761][  0]LogD3D11RHI:   Driver Version: 442.19 (internal:26.21.14.4219, unified:442.19)
[2020.02.11-17.49.16:761][  0]LogD3D11RHI:      Driver Date: 1-29-2020
[2020.02.11-17.49.16:761][  0]LogRHI: Texture pool is 4236 MB (70% of 6052 MB)
[2020.02.11-17.49.16:812][  0]LogD3D11RHI: Async texture creation enabled
[2020.02.11-17.49.16:831][  0]LogD3D11RHI: GPU Timing Frequency: 1000.000000 (Debug: 2 1)
[2020.02.11-17.49.17:095][  0]LogTemp: Display: Loaded TP AllDesktopTargetPlatform
[2020.02.11-17.49.17:108][  0]LogTemp: Display: Loaded TP MacClientTargetPlatform
[2020.02.11-17.49.17:121][  0]LogTemp: Display: Loaded TP MacNoEditorTargetPlatform
[2020.02.11-17.49.17:134][  0]LogTemp: Display: Loaded TP MacServerTargetPlatform
[2020.02.11-17.49.17:147][  0]LogTemp: Display: Loaded TP MacTargetPlatform
[2020.02.11-17.49.17:160][  0]LogTemp: Display: Loaded TP WindowsClientTargetPlatform
[2020.02.11-17.49.17:174][  0]LogTemp: Display: Loaded TP WindowsNoEditorTargetPlatform
[2020.02.11-17.49.17:187][  0]LogTemp: Display: Loaded TP WindowsServerTargetPlatform
[2020.02.11-17.49.17:193][  0]LogTemp: Display: Loaded TP WindowsTargetPlatform
[2020.02.11-17.49.17:264][  0]LogTemp: Display: Loaded TP AndroidTargetPlatform
[2020.02.11-17.49.17:264][  0]LogTemp: Display: Loaded TP AndroidTargetPlatform
[2020.02.11-17.49.17:264][  0]LogTemp: Display: Loaded TP AndroidTargetPlatform
[2020.02.11-17.49.17:264][  0]LogTemp: Display: Loaded TP AndroidTargetPlatform
[2020.02.11-17.49.17:264][  0]LogTemp: Display: Loaded TP AndroidTargetPlatform
[2020.02.11-17.49.17:264][  0]LogTemp: Display: Loaded TP AndroidTargetPlatform
[2020.02.11-17.49.17:264][  0]LogTemp: Display: Loaded TP AndroidTargetPlatform
[2020.02.11-17.49.17:264][  0]LogTemp: Display: Loaded TP AndroidTargetPlatform
[2020.02.11-17.49.17:264][  0]LogTemp: Display: Loaded TP AndroidTargetPlatform
[2020.02.11-17.49.17:264][  0]LogTemp: Display: Loaded TP AndroidTargetPlatform
[2020.02.11-17.49.17:265][  0]LogTemp: Display: Loaded TP AndroidTargetPlatform
[2020.02.11-17.49.17:265][  0]LogTemp: Display: Loaded TP AndroidTargetPlatform
[2020.02.11-17.49.17:265][  0]LogTemp: Display: Loaded TP AndroidTargetPlatform
[2020.02.11-17.49.17:265][  0]LogTemp: Display: Loaded TP AndroidTargetPlatform
[2020.02.11-17.49.17:265][  0]LogTemp: Display: Loaded TP AndroidTargetPlatform
[2020.02.11-17.49.17:265][  0]LogTemp: Display: Loaded TP AndroidTargetPlatform
[2020.02.11-17.49.17:265][  0]LogTemp: Display: Loaded TP AndroidTargetPlatform
[2020.02.11-17.49.17:265][  0]LogTemp: Display: Loaded TP AndroidTargetPlatform
[2020.02.11-17.49.17:266][  0]LogTemp: Display: Loaded TP HTML5TargetPlatform
[2020.02.11-17.49.17:325][  0]LogTemp: Display: Loaded TP IOSTargetPlatform
[2020.02.11-17.49.17:325][  0]LogTemp: Display: Loaded TP IOSTargetPlatform
[2020.02.11-17.49.17:347][  0]LogTemp: Display: Loaded TP TVOSTargetPlatform
[2020.02.11-17.49.17:347][  0]LogTemp: Display: Loaded TP TVOSTargetPlatform
[2020.02.11-17.49.17:359][  0]LogTemp: Display: Loaded TP LinuxClientTargetPlatform
[2020.02.11-17.49.17:375][  0]LogTemp: Display: Loaded TP LinuxNoEditorTargetPlatform
[2020.02.11-17.49.17:391][  0]LogTemp: Display: Loaded TP LinuxServerTargetPlatform
[2020.02.11-17.49.17:414][  0]LogTemp: Display: Loaded TP LinuxTargetPlatform
[2020.02.11-17.49.17:461][  0]LogTemp: Display: Loaded TP LuminTargetPlatform
[2020.02.11-17.49.17:461][  0]LogTemp: Display: Loaded TP LuminTargetPlatform
[2020.02.11-17.49.17:461][  0]LogTargetPlatformManager: Display: Building Assets For Windows
[2020.02.11-17.49.17:517][  0]LogShaderCompilers: Guid format shader working directory is 22 characters bigger than the processId version (D:/UE4 Projects/GameJam/Intermediate/Shaders/WorkingDirectory/10252/).
[2020.02.11-17.49.17:517][  0]LogShaderCompilers: Cleaned the shader compiler working directory 'C:/Users/rohit/AppData/Local/Temp/UnrealShaderWorkingDir/A83CDF684D20EE7505FE569DFB6801E4/'.
[2020.02.11-17.49.17:519][  0]LogXGEController: Cannot use XGE Controller as Incredibuild is not installed on this machine.
[2020.02.11-17.49.17:519][  0]LogShaderCompilers: Cannot use XGE Shader Compiler as Incredibuild is not installed on this machine.
[2020.02.11-17.49.17:519][  0]LogShaderCompilers: Display: Using Local Shader Compiler.
[2020.02.11-17.49.18:087][  0]LogDerivedDataCache: Display: Max Cache Size: 512 MB
[2020.02.11-17.49.18:135][  0]LogDerivedDataCache: Loaded boot cache 0.05s 71MB C:/Users/rohit/AppData/Local/UnrealEngine/4.21/DerivedDataCache/Boot.ddc.
[2020.02.11-17.49.18:135][  0]LogDerivedDataCache: Display: Loaded Boot cache: C:/Users/rohit/AppData/Local/UnrealEngine/4.21/DerivedDataCache/Boot.ddc
[2020.02.11-17.49.18:135][  0]LogDerivedDataCache: FDerivedDataBackendGraph:  Pak pak cache file D:/UE4 Projects/GameJam/DerivedDataCache/DDC.ddp not found, will not use a pak cache.
[2020.02.11-17.49.18:135][  0]LogDerivedDataCache: Unable to find inner node Pak for hierarchical cache Hierarchy.
[2020.02.11-17.49.18:135][  0]LogDerivedDataCache: FDerivedDataBackendGraph:  CompressedPak pak cache file D:/UE4 Projects/GameJam/DerivedDataCache/Compressed.ddp not found, will not use a pak cache.
[2020.02.11-17.49.18:135][  0]LogDerivedDataCache: Unable to find inner node CompressedPak for hierarchical cache Hierarchy.
[2020.02.11-17.49.18:151][  0]LogDerivedDataCache: Display: Pak cache opened for reading ../../../Engine/DerivedDataCache/Compressed.ddp.
[2020.02.11-17.49.18:151][  0]LogDerivedDataCache: FDerivedDataBackendGraph:  EnterprisePak pak cache file ../../../Enterprise/DerivedDataCache/Compressed.ddp not found, will not use a pak cache.
[2020.02.11-17.49.18:151][  0]LogDerivedDataCache: Unable to find inner node EnterprisePak for hierarchical cache Hierarchy.
[2020.02.11-17.49.18:164][  0]LogDerivedDataCache: Using Local data cache path C:/Users/rohit/AppData/Local/UnrealEngine/Common/DerivedDataCache: Writable
[2020.02.11-17.49.18:164][  0]LogDerivedDataCache: Shared data cache path not found in *engine.ini, will not use an Shared cache.
[2020.02.11-17.49.18:164][  0]LogDerivedDataCache: Unable to find inner node Shared for hierarchical cache Hierarchy.
[2020.02.11-17.49.18:186][  0]LogMaterial: Verifying Global Shaders for PCD3D_SM5
[2020.02.11-17.49.18:187][  0]LogSlate: Using FreeType 2.6.0
[2020.02.11-17.49.18:188][  0]LogSlate: SlateFontServices - WITH_FREETYPE: 1, WITH_HARFBUZZ: 1
[2020.02.11-17.49.18:274][  0]LogAssetRegistry: FAssetRegistry took 0.0325 seconds to start up
[2020.02.11-17.49.18:601][  0]LogInit: Selected Device Profile: [Windows]
[2020.02.11-17.49.18:755][  0]LogSimplygon: Simplygon DLL not present - disabling.
[2020.02.11-17.49.18:759][  0]LogMeshReduction: Using SimplygonSwarm for distributed automatic mesh merging
[2020.02.11-17.49.18:759][  0]LogMeshReduction: Using ProxyLODMeshReduction for automatic mesh merging
[2020.02.11-17.49.18:759][  0]LogMeshReduction: Using QuadricMeshReduction for automatic static mesh reduction
[2020.02.11-17.49.18:759][  0]LogMeshReduction: No automatic skeletal mesh reduction module available
[2020.02.11-17.49.18:779][  0]LogNetVersion: GameJam 1.0.0, NetCL: 4541578, EngineNetVer: 5, GameNetVer: 0 (Checksum: 2938414643)
[2020.02.11-17.49.19:330][  0]LogPackageLocalizationCache: Processed 11 localized package path(s) for 2 prioritized culture(s) in 0.098452 seconds
[2020.02.11-17.49.19:336][  0]LogUObjectArray: 39775 objects as part of root set at end of initial load.
[2020.02.11-17.49.19:336][  0]LogUObjectAllocator: 6914656 out of 0 bytes used by permanent object pool.
[2020.02.11-17.49.19:336][  0]LogUObjectArray: CloseDisregardForGC: 0/0 objects in disregard for GC pool
[2020.02.11-17.49.20:206][  0]LogTcpMessaging: Initializing TcpMessaging bridge
[2020.02.11-17.49.20:218][  0]LogUdpMessaging: Initializing bridge on interface 0.0.0.0:0 to multicast group 230.0.0.1:6666.
[2020.02.11-17.49.20:982][  0]SourceControl: Source control is disabled
[2020.02.11-17.49.20:982][  0]SourceControl: Source control is disabled
[2020.02.11-17.49.20:983][  0]SourceControl: Source control is disabled
[2020.02.11-17.49.20:984][  0]SourceControl: Source control is disabled
[2020.02.11-17.49.21:141][  0]LogAndroidPermission: UAndroidPermissionCallbackProxy::GetInstance
[2020.02.11-17.49.21:245][  0]LogOcInput: OculusInput pre-init called
[2020.02.11-17.49.21:381][  0]LogEngine: Initializing Engine...
[2020.02.11-17.49.21:382][  0]LogHMD: Failed to initialize OpenVR with code 110
[2020.02.11-17.49.21:383][  0]LogStats: UGameplayTagsManager::ConstructGameplayTagTree: ImportINI prefixes -  0.000 s
[2020.02.11-17.49.21:383][  0]LogStats: UGameplayTagsManager::ConstructGameplayTagTree: Construct from data asset -  0.000 s
[2020.02.11-17.49.21:383][  0]LogStats: UGameplayTagsManager::ConstructGameplayTagTree: ImportINI -  0.000 s
[2020.02.11-17.49.21:383][  0]LogStats: UGameplayTagsManager::ConstructGameplayTagTree: GameplayTagTreeChangedEvent.Broadcast -  0.000 s
[2020.02.11-17.49.21:626][  0]LogInit: Initializing FReadOnlyCVARCache
[2020.02.11-17.49.21:641][  0]LogAIModule: Creating AISystem for world Untitled
[2020.02.11-17.49.21:685][  0]LogInit: XAudio2 using 'Speakers (Logitech G633 Gaming Headset)' : 6 channels at 48 kHz using 16 bits per sample (channel mask 0x3f)
[2020.02.11-17.49.21:724][  0]LogInit: FAudioDevice initialized.
[2020.02.11-17.49.21:725][  0]LogNetVersion: Set ProjectVersion to 1.0.0.0. Version Checksum will be recalculated on next use.
[2020.02.11-17.49.21:814][  0]LogDerivedDataCache: Saved boot cache 0.09s 71MB C:/Users/rohit/AppData/Local/UnrealEngine/4.21/DerivedDataCache/Boot.ddc.
[2020.02.11-17.49.21:827][  0]LogInit: Texture streaming: Enabled
[2020.02.11-17.49.21:845][  0]LogEngineSessionManager: EngineSessionManager initialized
[2020.02.11-17.49.21:864][  0]LogInit: Transaction tracking system initialized
[2020.02.11-17.49.21:888][  0]BlueprintLog: New page: Editor Load
[2020.02.11-17.49.21:962][  0]LocalizationService: Localization service is disabled
[2020.02.11-17.49.22:421][  0]LogFileCache: Scanning file cache for directory 'D:/UE4 Projects/GameJam/Content/' took 0.02s
[2020.02.11-17.49.22:421][  0]LogCook: Display: Max memory allowance for cook 16384mb min free memory 0mb
[2020.02.11-17.49.22:421][  0]LogCook: Display: Mobile HDR setting 1
[2020.02.11-17.49.22:421][  0]LogGameplayTags: Display: UGameplayTagsManager::DoneAddingNativeTags. DelegateIsBound: 0
[2020.02.11-17.49.22:421][  0]LogStats: UGameplayTagsManager::ConstructGameplayTagTree: ImportINI prefixes -  0.000 s
[2020.02.11-17.49.22:421][  0]LogStats: UGameplayTagsManager::ConstructGameplayTagTree: Construct from data asset -  0.000 s
[2020.02.11-17.49.22:421][  0]LogStats: UGameplayTagsManager::ConstructGameplayTagTree: ImportINI -  0.000 s
[2020.02.11-17.49.22:421][  0]LogStats: UGameplayTagsManager::ConstructGameplayTagTree: GameplayTagTreeChangedEvent.Broadcast -  0.000 s
[2020.02.11-17.49.22:536][  0]SourceControl: Source control is disabled
[2020.02.11-17.49.22:537][  0]Cmd: MAP LOAD FILE="D:/UE4 Projects/GameJam/Content/SideScrollerBP/Maps/SideScrollerExampleMap.umap" TEMPLATE=0 SHOWPROGRESS=1 FEATURELEVEL=3
[2020.02.11-17.49.22:541][  0]LightingResults: New page: Lighting Build
[2020.02.11-17.49.22:544][  0]MapCheck: New page: Map Check
[2020.02.11-17.49.22:544][  0]LightingResults: New page: Lighting Build
[2020.02.11-17.49.23:191][  0]LogTexture: Display: Building textures: HQ_Lightmap1_2 (AutoDXT, 64X64)
[2020.02.11-17.49.23:191][  0]LogTexture: Display: Building textures: LQ_Lightmap_1_2 (DXT1, 64X64)
[2020.02.11-17.49.23:191][  0]LogTexture: Display: Building textures: SkyOcclusion1_2 (AutoDXT, 64X32)
[2020.02.11-17.49.23:191][  0]LogTexture: Display: Building textures: SkyOcclusion1_1 (AutoDXT, 2048X1024)
[2020.02.11-17.49.23:191][  0]LogTexture: Display: Building textures: LQ_Lightmap_1_1 (DXT1, 2048X2048)
[2020.02.11-17.49.23:191][  0]LogTexture: Display: Building textures: HQ_Lightmap1_1 (AutoDXT, 2048X2048)
[2020.02.11-17.49.24:278][  0]LogAIModule: Creating AISystem for world SideScrollerExampleMap
[2020.02.11-17.49.24:375][  0]LogEditorServer: Finished looking for orphan Actors (0.000 secs)
[2020.02.11-17.49.24:401][  0]Cmd: MAP CHECKDEP NOCLEARLOG
[2020.02.11-17.49.24:401][  0]MapCheck: Map check complete: 0 Error(s), 0 Warning(s), took 0.087ms to complete.
[2020.02.11-17.49.24:401][  0]LogFileHelpers: Loading map 'SideScrollerExampleMap' took 1.864
[2020.02.11-17.49.24:604][  0]LogSlate: Updating window title bar state: overlay mode, drag disabled, window buttons hidden, title bar hidden
[2020.02.11-17.49.24:614][  0]LogSlate: Updating window title bar state: overlay mode, drag disabled, window buttons hidden, title bar hidden
[2020.02.11-17.49.24:622][  0]LogSlate: Updating window title bar state: overlay mode, drag disabled, window buttons hidden, title bar hidden
[2020.02.11-17.49.24:629][  0]LogSlate: Updating window title bar state: overlay mode, drag disabled, window buttons hidden, title bar hidden
[2020.02.11-17.49.24:651][  0]LogCollectionManager: Loaded 0 collections in 0.001615 seconds
[2020.02.11-17.49.24:729][  0]LogFileCache: Scanning file cache for directory 'D:/UE4 Projects/GameJam/Saved/Collections/' took 0.01s
[2020.02.11-17.49.24:729][  0]LogFileCache: Scanning file cache for directory 'D:/UE4 Projects/GameJam/Content/Developers/rohit/Collections/' took 0.01s
[2020.02.11-17.49.24:729][  0]LogFileCache: Scanning file cache for directory 'D:/UE4 Projects/GameJam/Content/Collections/' took 0.01s
[2020.02.11-17.49.24:729][  0]LogCollectionManager: Rebuilt the GUID cache for 0 collections in 0.000000 seconds
[2020.02.11-17.49.24:742][  0]LogContentBrowser: Native class hierarchy populated in 0.0108 seconds. Added 2660 classes and 625 folders.
[2020.02.11-17.49.24:767][  0]LogContentBrowser: Native class hierarchy updated for 'WidgetCarousel' in 0.0003 seconds. Added 0 classes and 0 folders.
[2020.02.11-17.49.24:780][  0]LogPakFile: Registered encryption key '00000000000000000000000000000000': 0 pak files mounted, 0 remain pending
[2020.02.11-17.49.24:791][  0]LogPakFile: Registered encryption key '00000000000000000000000000000000': 0 pak files mounted, 0 remain pending
[2020.02.11-17.49.24:809][  0]LogPakFile: Registered encryption key '00000000000000000000000000000000': 0 pak files mounted, 0 remain pending
[2020.02.11-17.49.24:816][  0]LogPakFile: Registered encryption key '00000000000000000000000000000000': 0 pak files mounted, 0 remain pending
[2020.02.11-17.49.24:823][  0]LogPakFile: Registered encryption key '00000000000000000000000000000000': 0 pak files mounted, 0 remain pending
[2020.02.11-17.49.24:830][  0]LogPakFile: Registered encryption key '00000000000000000000000000000000': 0 pak files mounted, 0 remain pending
[2020.02.11-17.49.24:837][  0]LogPakFile: Registered encryption key '00000000000000000000000000000000': 0 pak files mounted, 0 remain pending
[2020.02.11-17.49.24:844][  0]LogPakFile: Registered encryption key '00000000000000000000000000000000': 0 pak files mounted, 0 remain pending
[2020.02.11-17.49.24:852][  0]LogPakFile: Registered encryption key '00000000000000000000000000000000': 0 pak files mounted, 0 remain pending
[2020.02.11-17.49.24:863][  0]LogPakFile: Registered encryption key '00000000000000000000000000000000': 0 pak files mounted, 0 remain pending
[2020.02.11-17.49.24:870][  0]LogPakFile: Registered encryption key '00000000000000000000000000000000': 0 pak files mounted, 0 remain pending
[2020.02.11-17.49.24:878][  0]LogPakFile: Registered encryption key '00000000000000000000000000000000': 0 pak files mounted, 0 remain pending
[2020.02.11-17.49.24:885][  0]LogPakFile: Registered encryption key '00000000000000000000000000000000': 0 pak files mounted, 0 remain pending
[2020.02.11-17.49.24:893][  0]LogPakFile: Registered encryption key '00000000000000000000000000000000': 0 pak files mounted, 0 remain pending
[2020.02.11-17.49.24:899][  0]LogPakFile: Registered encryption key '00000000000000000000000000000000': 0 pak files mounted, 0 remain pending
[2020.02.11-17.49.24:905][  0]LogPakFile: Registered encryption key '00000000000000000000000000000000': 0 pak files mounted, 0 remain pending
[2020.02.11-17.49.24:929][  0]LogPakFile: Registered encryption key '00000000000000000000000000000000': 0 pak files mounted, 0 remain pending
[2020.02.11-17.49.24:936][  0]LogPakFile: Registered encryption key '00000000000000000000000000000000': 0 pak files mounted, 0 remain pending
[2020.02.11-17.49.24:944][  0]LogPakFile: Registered encryption key '00000000000000000000000000000000': 0 pak files mounted, 0 remain pending
[2020.02.11-17.49.24:951][  0]LogPakFile: Registered encryption key '00000000000000000000000000000000': 0 pak files mounted, 0 remain pending
[2020.02.11-17.49.24:978][  0]LogPakFile: Registered encryption key '00000000000000000000000000000000': 0 pak files mounted, 0 remain pending
[2020.02.11-17.49.24:985][  0]LogPakFile: Registered encryption key '00000000000000000000000000000000': 0 pak files mounted, 0 remain pending
[2020.02.11-17.49.24:993][  0]LogPakFile: Registered encryption key '00000000000000000000000000000000': 0 pak files mounted, 0 remain pending
[2020.02.11-17.49.25:002][  0]LogPakFile: Registered encryption key '00000000000000000000000000000000': 0 pak files mounted, 0 remain pending
[2020.02.11-17.49.25:009][  0]LogPakFile: Registered encryption key '00000000000000000000000000000000': 0 pak files mounted, 0 remain pending
[2020.02.11-17.49.25:016][  0]LogPakFile: Registered encryption key '00000000000000000000000000000000': 0 pak files mounted, 0 remain pending
[2020.02.11-17.49.25:221][  0]LogContentBrowser: Native class hierarchy updated for 'AddContentDialog' in 0.0003 seconds. Added 0 classes and 0 folders.
[2020.02.11-17.49.25:237][  0]LogContentBrowser: Native class hierarchy updated for 'SceneOutliner' in 0.0004 seconds. Added 1 classes and 2 folders.
[2020.02.11-17.49.25:487][  0]LogSlate: Took 0.000173 seconds to synchronously load lazily loaded font '../../../Engine/Content/Slate/Fonts/Roboto-Regular.ttf' (155K)
[2020.02.11-17.49.25:489][  0]LogSlate: Took 0.000202 seconds to synchronously load lazily loaded font '../../../Engine/Content/Slate/Fonts/Roboto-Bold.ttf' (160K)
[2020.02.11-17.49.25:506][  0]LogSlate: Took 0.006791 seconds to synchronously load lazily loaded font '../../../Engine/Content/Editor/Slate/Fonts/FontAwesome.ttf' (139K)
[2020.02.11-17.49.25:649][  0]LogRenderer: Reallocating scene render targets to support 1208x576 Format 10 NumSamples 1 (Frame:1).
[2020.02.11-17.49.25:893][  0]LogContentBrowser: Native class hierarchy updated for 'HierarchicalLODOutliner' in 0.0005 seconds. Added 0 classes and 0 folders.
[2020.02.11-17.49.25:893][  0]LogLoad: (Engine Initialization) Total time: 11.57 seconds
[2020.02.11-17.49.25:893][  0]LogLoad: (Engine Initialization) Total Blueprint compile time: 0.00 seconds
[2020.02.11-17.49.26:007][  0]LogContentStreaming: Texture pool size now 1000 MB
[2020.02.11-17.49.26:929][ 52]LogSlate: Took 0.006774 seconds to synchronously load lazily loaded font '../../../Engine/Content/Slate/Fonts/Roboto-Light.ttf' (167K)
[2020.02.11-17.49.30:042][237]LogSlate: Took 0.000142 seconds to synchronously load lazily loaded font '../../../Engine/Content/Slate/Fonts/Roboto-Light.ttf' (167K)
[2020.02.11-17.49.30:418][260]LogAssetRegistry: Asset discovery search completed in 12.1668 seconds
[2020.02.11-17.49.30:420][260]LogCollectionManager: Rebuilt the object cache for 0 collections in 0.000000 seconds (found 0 objects)
[2020.02.11-17.49.30:420][260]LogCollectionManager: Fixed up redirectors for 0 collections in 0.000045 seconds (updated 0 objects)
[2020.02.11-17.49.37:305][672]LogSlate: FSceneViewport::OnFocusLost() reason 0
[2020.02.11-17.50.50:245][ 27]LogSlate: FSceneViewport::OnFocusLost() reason 0
[2020.02.11-17.51.39:358][707]LogSlate: Window 'Pick Parent Class' being destroyed
[2020.02.11-17.51.48:664][263]LogSlate: FSceneViewport::OnFocusLost() reason 0
[2020.02.11-17.51.48:842][272]LogAssetEditorManager: Opening Asset editor for Blueprint /Game/GameJam/Rohit/DeathBarrier.DeathBarrier
[2020.02.11-17.51.49:330][272]LogContentBrowser: Native class hierarchy updated for 'BlueprintGraph' in 0.0006 seconds. Added 117 classes and 0 folders.
[2020.02.11-17.51.52:315][394]LogSlate: Took 0.008537 seconds to synchronously load lazily loaded font '../../../Engine/Content/Slate/Fonts/Roboto-Italic.ttf' (157K)
[2020.02.11-17.52.00:851][905]LogSlate: FSceneViewport::OnFocusLost() reason 2
[2020.02.11-17.52.46:698][645]LogSlate: FSceneViewport::OnFocusLost() reason 0
[2020.02.11-17.53.07:444][879]LogSlate: FSceneViewport::OnFocusLost() reason 0
[2020.02.11-17.53.24:183][877]LogSlate: FSceneViewport::OnFocusLost() reason 0
[2020.02.11-17.53.27:378][ 69]LogEditorTransaction: Undo Set Vector Property
[2020.02.11-17.53.47:353][261]LogSlate: FSceneViewport::OnFocusLost() reason 0
[2020.02.11-17.54.12:437][759]LogSlate: FSceneViewport::OnFocusLost() reason 0
[2020.02.11-17.54.17:107][ 38]LogSlate: FSceneViewport::OnFocusLost() reason 0
[2020.02.11-17.54.17:188][ 43]BlueprintLog: New page: Compile DeathBarrier
[2020.02.11-17.54.22:823][364]LogSlate: FSceneViewport::OnFocusLost() reason 0
[2020.02.11-17.54.22:834][364]LogSlate: Took 0.006034 seconds to synchronously load lazily loaded font '../../../Engine/Content/Slate/Fonts/Roboto-BoldCondensed.ttf' (158K)
[2020.02.11-17.57.06:801][150]LogSlate: Took 0.011161 seconds to synchronously load lazily loaded font '../../../Engine/Content/Slate/Fonts/Roboto-BoldCondensedItalic.ttf' (160K)
[2020.02.11-17.57.19:556][912]BlueprintLog: New page: Compile DeathBarrier
[2020.02.11-17.57.56:027][ 77]BlueprintLog: New page: Compile DeathBarrier
[2020.02.11-17.57.56:030][ 77]LogClass: Warning: Type mismatch in riseSpeed of DeathBarrier_C - Previous (BoolProperty) Current(FloatProperty) for package:  FObjectReader
[2020.02.11-17.57.56:030][ 77]LogClass: Warning: Type mismatch in riseDelay of DeathBarrier_C - Previous (BoolProperty) Current(FloatProperty) for package:  FObjectReader
[2020.02.11-18.09.04:021][684]LogMaterial: Display: Missing cached shader map for material Material_0, compiling. 
[2020.02.11-18.09.04:120][685]LogShaderCompilers: Display: Shaders left to compile 44
[2020.02.11-18.09.04:120][685]LogShaderCompilers: Display: Shaders left to compile 34
[2020.02.11-18.09.04:120][685]LogShaderCompilers: Display: Shaders left to compile 24
[2020.02.11-18.09.04:120][685]LogShaderCompilers: Display: Shaders left to compile 14
[2020.02.11-18.09.06:306][758]LogShaderCompilers: Display: Shaders left to compile 4
[2020.02.11-18.09.50:642][385]BlueprintLog: New page: Compile DeathBarrier
[2020.02.11-18.09.51:401][419]BlueprintLog: New page: Compile DeathBarrier
[2020.02.11-18.09.52:591][478]Cmd: OBJ SAVEPACKAGE PACKAGE="/Game/GameJam/Rohit/DeathBarrier" FILE="D:/UE4 Projects/GameJam/Content/GameJam/Rohit/DeathBarrier.uasset" SILENT=true
[2020.02.11-18.09.52:630][478]LogSavePackage: Moving 'D:/UE4 Projects/GameJam/Saved/DeathBarrier5302A7F64970FFCDF92404BDF0A1D642.tmp' to 'D:/UE4 Projects/GameJam/Content/GameJam/Rohit/DeathBarrier.uasset'
[2020.02.11-18.09.54:442][586]LogSlate: Window 'DeathBarrier' being destroyed
[2020.02.11-18.09.54:449][586]LogSlate: Window 'DeathBarrier' being destroyed
[2020.02.11-18.09.57:390][756]LogSlate: FSceneViewport::OnFocusLost() reason 2
[2020.02.11-18.10.06:530][297]LogSlate: FSceneViewport::OnFocusLost() reason 0
[2020.02.11-18.10.06:672][304]LogAssetEditorManager: Opening Asset editor for Blueprint /Game/GameJam/Rohit/DeathBarrier.DeathBarrier
[2020.02.11-18.10.12:061][604]LogSlate: FSceneViewport::OnFocusLost() reason 0
[2020.02.11-18.10.21:687][177]LogEditorViewport: Clicking on Actor (LMB): StaticMeshActor (Floor)
[2020.02.11-18.10.23:210][264]LogSlate: FSceneViewport::OnFocusLost() reason 0
[2020.02.11-18.10.24:787][358]LogEditorViewport: Clicking on Actor (LMB): StaticMeshActor (Floor)
[2020.02.11-18.10.25:909][424]LogEditorViewport: Clicking on Actor (LMB): StaticMeshActor (Wall3)
[2020.02.11-18.10.29:650][645]LogEditorViewport: Clicking on Actor (LMB): StaticMeshActor (Floor)
[2020.02.11-18.10.30:824][713]LogEditorViewport: Clicking on Actor (LMB): StaticMeshActor (Floor)
[2020.02.11-18.10.31:694][764]LogEditorViewport: Clicking on Actor (LMB): Collectible_BP_C (Collectible_BP)
[2020.02.11-18.10.36:632][ 57]LogEditorViewport: Clicking on Actor (LMB): StaticMeshActor (Floor)
[2020.02.11-18.10.37:573][111]LogEditorViewport: Clicking on Actor (LMB): StaticMeshActor (Floor)
[2020.02.11-18.10.40:991][315]LogSlate: FSceneViewport::OnFocusLost() reason 0
[2020.02.11-18.10.42:960][432]LogEditorViewport: Clicking on Actor (LMB): SideScrollerCharacter_C (SideScrollerCharacter)
[2020.02.11-18.11.28:236][662]LogSavePackage: Moving 'D:/UE4 Projects/GameJam/Saved/SideScrollerExampleMap_Auto194A2DB464A5036DFCF7C7A9D63A954CD.tmp' to 'D:/UE4 Projects/GameJam/Saved/Autosaves/Game/SideScrollerBP/Maps/SideScrollerExampleMap_Auto1.umap'
[2020.02.11-18.11.28:244][662]LogFileHelpers: Editor autosave (incl. sublevels) for '/Game/SideScrollerBP/Maps/SideScrollerExampleMap' took 0.641
[2020.02.11-18.11.28:245][662]LogFileHelpers: Editor autosave (incl. sublevels) for all levels took 0.641
[2020.02.11-18.12.24:261][927]LogSlate: FSceneViewport::OnFocusLost() reason 0
[2020.02.11-18.12.25:268][974]LogEditorActor: Deleted Actor: DeathBarrier_C
[2020.02.11-18.12.25:297][974]LogEditorActor: Deleted 1 Actors (0.045 secs)
[2020.02.11-18.12.27:270][ 75]LogSavePackage: Moving 'D:/UE4 Projects/GameJam/Saved/SideScrollerExampleMapD627775A462FBBBC88DF51B00E49CBF2.tmp' to 'D:/UE4 Projects/GameJam/Content/SideScrollerBP/Maps/SideScrollerExampleMap.umap'
[2020.02.11-18.12.27:298][ 75]Cmd: OBJ SAVEPACKAGE PACKAGE="/Game/SideScrollerBP/Maps/SideScrollerExampleMap_BuiltData" FILE="D:/UE4 Projects/GameJam/Content/SideScrollerBP/Maps/SideScrollerExampleMap_BuiltData.uasset" SILENT=true
[2020.02.11-18.12.27:658][ 75]LogSavePackage: Moving 'D:/UE4 Projects/GameJam/Saved/SideScrollerExampleMap_BuiltDataD0675582408FF290E865D78F0230C340.tmp' to 'D:/UE4 Projects/GameJam/Content/SideScrollerBP/Maps/SideScrollerExampleMap_BuiltData.uasset'
