Log file open, 02/21/20 13:09:27
LogWindows: Failed to load 'aqProf.dll' (GetLastError=126)
LogWindows: File 'aqProf.dll' does not exist
LogWindows: Failed to load 'VtuneApi.dll' (GetLastError=126)
LogWindows: File 'VtuneApi.dll' does not exist
LogWindows: Failed to load 'VtuneApi32e.dll' (GetLastError=126)
LogWindows: File 'VtuneApi32e.dll' does not exist
LogInit: Display: Running engine for game: GameJam
LogPlatformFile: Not using cached read wrapper
LogInit: Display: RandInit(1501239754) SRandInit(1501239754).
LogInit: Read version file with build ID '3944462'
LogInit: Overriding engine version to CL 4033788, compatible CL 3944462
LogInit: Registered custom module enumerator with build ID '3944462'
LogTaskGraph: Started task graph with 5 named threads and 14 total threads with 3 sets of task threads.
LogStats: Stats thread started at 0.815482
LogD3D11RHI: Aftermath initialized
LogICUInternationalization: Display: ICU TimeZone Detection - Raw Offset: +0:00, Platform Override: ''
LogModuleManager: Display: Found up-to-date module file ../../../Engine/Plugins/Runtime/ApexDestruction/Binaries/Win64/UE4Editor-ApexDestruction.dll (API version 3944462).
LogModuleManager: Display: Found up-to-date module file ../../../Engine/Plugins/Runtime/ApexDestruction/Binaries/Win64/UE4Editor-ApexDestructionEditor.dll (API version 3944462).
LogModuleManager: Display: Found up-to-date module file ../../../Engine/Plugins/2D/Paper2D/Binaries/Win64/UE4Editor-Paper2D.dll (API version 3944462).
LogModuleManager: Display: Found up-to-date module file ../../../Engine/Plugins/2D/Paper2D/Binaries/Win64/UE4Editor-Paper2DEditor.dll (API version 3944462).
LogModuleManager: Display: Found up-to-date module file ../../../Engine/Plugins/2D/Paper2D/Binaries/Win64/UE4Editor-PaperSpriteSheetImporter.dll (API version 3944462).
LogModuleManager: Display: Found up-to-date module file ../../../Engine/Plugins/2D/Paper2D/Binaries/Win64/UE4Editor-PaperTiledImporter.dll (API version 3944462).
LogModuleManager: Display: Found up-to-date module file ../../../Engine/Plugins/2D/Paper2D/Binaries/Win64/UE4Editor-SmartSnapping.dll (API version 3944462).
LogModuleManager: Display: Found up-to-date module file ../../../Engine/Plugins/Blendables/LightPropagationVolume/Binaries/Win64/UE4Editor-LightPropagationVolumeRuntime.dll (API version 3944462).
LogModuleManager: Display: Found up-to-date module file ../../../Engine/Plugins/Blendables/LightPropagationVolume/Binaries/Win64/UE4Editor-LightPropagationVolumeEditor.dll (API version 3944462).
LogModuleManager: Display: Found up-to-date module file ../../../Engine/Plugins/Developer/CLionSourceCodeAccess/Binaries/Win64/UE4Editor-CLionSourceCodeAccess.dll (API version 3944462).
LogModuleManager: Display: Found up-to-date module file ../../../Engine/Plugins/Developer/GitSourceControl/Binaries/Win64/UE4Editor-GitSourceControl.dll (API version 3944462).
LogModuleManager: Display: Found up-to-date module file ../../../Engine/Plugins/Developer/PerforceSourceControl/Binaries/Win64/UE4Editor-PerforceSourceControl.dll (API version 3944462).
LogModuleManager: Display: Found up-to-date module file ../../../Engine/Plugins/Developer/SubversionSourceControl/Binaries/Win64/UE4Editor-SubversionSourceControl.dll (API version 3944462).
LogModuleManager: Display: Found up-to-date module file ../../../Engine/Plugins/Developer/UObjectPlugin/Binaries/Win64/UE4Editor-UObjectPlugin.dll (API version 3944462).
LogModuleManager: Display: Found up-to-date module file ../../../Engine/Plugins/Developer/VisualStudioCodeSourceCodeAccess/Binaries/Win64/UE4Editor-VisualStudioCodeSourceCodeAccess.dll (API version 3944462).
LogModuleManager: Display: Found up-to-date module file ../../../Engine/Plugins/Developer/VisualStudioSourceCodeAccess/Binaries/Win64/UE4Editor-VisualStudioSourceCodeAccess.dll (API version 3944462).
LogModuleManager: Display: Found up-to-date module file ../../../Engine/Plugins/Editor/AssetManagerEditor/Binaries/Win64/UE4Editor-AssetManagerEditor.dll (API version 3944462).
LogModuleManager: Display: Found up-to-date module file ../../../Engine/Plugins/Editor/CryptoKeys/Binaries/Win64/UE4Editor-CryptoKeys.dll (API version 3944462).
LogModuleManager: Display: Found up-to-date module file ../../../Engine/Plugins/Editor/CryptoKeys/Binaries/Win64/UE4Editor-CryptoKeysOpenSSL.dll (API version 3944462).
LogModuleManager: Display: Found up-to-date module file ../../../Engine/Plugins/Editor/DataValidation/Binaries/Win64/UE4Editor-DataValidation.dll (API version 3944462).
LogModuleManager: Display: Found up-to-date module file ../../../Engine/Plugins/Editor/FacialAnimation/Binaries/Win64/UE4Editor-FacialAnimation.dll (API version 3944462).
LogModuleManager: Display: Found up-to-date module file ../../../Engine/Plugins/Editor/FacialAnimation/Binaries/Win64/UE4Editor-FacialAnimationEditor.dll (API version 3944462).
LogModuleManager: Display: Found up-to-date module file ../../../Engine/Plugins/Editor/GameplayTagsEditor/Binaries/Win64/UE4Editor-GameplayTagsEditor.dll (API version 3944462).
LogModuleManager: Display: Found up-to-date module file ../../../Engine/Plugins/Editor/MobileLauncherProfileWizard/Binaries/Win64/UE4Editor-MobileLauncherProfileWizard.dll (API version 3944462).
LogModuleManager: Display: Found up-to-date module file ../../../Engine/Plugins/Editor/PluginBrowser/Binaries/Win64/UE4Editor-PluginBrowser.dll (API version 3944462).
LogModuleManager: Display: Found up-to-date module file ../../../Engine/Plugins/Editor/SpeedTreeImporter/Binaries/Win64/UE4Editor-SpeedTreeImporter.dll (API version 3944462).
LogModuleManager: Display: Found up-to-date module file ../../../Engine/Plugins/Enterprise/DatasmithContent/Binaries/Win64/UE4Editor-DatasmithContent.dll (API version 3944462).
LogModuleManager: Display: Found up-to-date module file ../../../Engine/Plugins/Experimental/AlembicImporter/Binaries/Win64/UE4Editor-AlembicImporter.dll (API version 3944462).
LogModuleManager: Display: Found up-to-date module file ../../../Engine/Plugins/Experimental/AlembicImporter/Binaries/Win64/UE4Editor-AlembicLibrary.dll (API version 3944462).
LogModuleManager: Display: Found up-to-date module file ../../../Engine/Plugins/Experimental/CharacterAI/Binaries/Win64/UE4Editor-CharacterAI.dll (API version 3944462).
LogModuleManager: Display: Found up-to-date module file ../../../Engine/Plugins/Experimental/HTML5Networking/Binaries/Win64/UE4Editor-HTML5Networking.dll (API version 3944462).
LogModuleManager: Display: Found up-to-date module file ../../../Engine/Plugins/Media/AndroidMedia/Binaries/Win64/UE4Editor-AndroidMediaEditor.dll (API version 3944462).
LogModuleManager: Display: Found up-to-date module file ../../../Engine/Plugins/Media/AndroidMedia/Binaries/Win64/UE4Editor-AndroidMediaFactory.dll (API version 3944462).
LogModuleManager: Display: Found up-to-date module file ../../../Engine/Plugins/Media/AvfMedia/Binaries/Win64/UE4Editor-AvfMediaEditor.dll (API version 3944462).
LogModuleManager: Display: Found up-to-date module file ../../../Engine/Plugins/Media/AvfMedia/Binaries/Win64/UE4Editor-AvfMediaFactory.dll (API version 3944462).
LogModuleManager: Display: Found up-to-date module file ../../../Engine/Plugins/Media/AvfMedia/Binaries/Win64/UE4Editor-AvfMediaFactory.dll (API version 3944462).
LogModuleManager: Display: Found up-to-date module file ../../../Engine/Plugins/Media/ImgMedia/Binaries/Win64/UE4Editor-ImgMedia.dll (API version 3944462).
LogModuleManager: Display: Found up-to-date module file ../../../Engine/Plugins/Media/ImgMedia/Binaries/Win64/UE4Editor-ImgMediaEditor.dll (API version 3944462).
LogModuleManager: Display: Found up-to-date module file ../../../Engine/Plugins/Media/ImgMedia/Binaries/Win64/UE4Editor-ImgMediaFactory.dll (API version 3944462).
LogModuleManager: Display: Found up-to-date module file ../../../Engine/Plugins/Media/ImgMedia/Binaries/Win64/UE4Editor-ImgMediaFactory.dll (API version 3944462).
LogModuleManager: Display: Found up-to-date module file ../../../Engine/Plugins/Media/ImgMedia/Binaries/Win64/UE4Editor-OpenExrWrapper.dll (API version 3944462).
LogModuleManager: Display: Found up-to-date module file ../../../Engine/Plugins/Media/LinearTimecode/Binaries/Win64/UE4Editor-LinearTimecode.dll (API version 3944462).
LogModuleManager: Display: Found up-to-date module file ../../../Engine/Plugins/Media/MediaCompositing/Binaries/Win64/UE4Editor-MediaCompositing.dll (API version 3944462).
LogModuleManager: Display: Found up-to-date module file ../../../Engine/Plugins/Media/MediaCompositing/Binaries/Win64/UE4Editor-MediaCompositingEditor.dll (API version 3944462).
LogModuleManager: Display: Found up-to-date module file ../../../Engine/Plugins/Media/MediaPlayerEditor/Binaries/Win64/UE4Editor-MediaPlayerEditor.dll (API version 3944462).
LogModuleManager: Display: Found up-to-date module file ../../../Engine/Plugins/Media/WmfMedia/Binaries/Win64/UE4Editor-WmfMedia.dll (API version 3944462).
LogModuleManager: Display: Found up-to-date module file ../../../Engine/Plugins/Media/WmfMedia/Binaries/Win64/UE4Editor-WmfMediaEditor.dll (API version 3944462).
LogModuleManager: Display: Found up-to-date module file ../../../Engine/Plugins/Media/WmfMedia/Binaries/Win64/UE4Editor-WmfMediaFactory.dll (API version 3944462).
LogModuleManager: Display: Found up-to-date module file ../../../Engine/Plugins/Media/WmfMedia/Binaries/Win64/UE4Editor-WmfMediaFactory.dll (API version 3944462).
LogModuleManager: Display: Found up-to-date module file ../../../Engine/Plugins/Messaging/TcpMessaging/Binaries/Win64/UE4Editor-TcpMessaging.dll (API version 3944462).
LogModuleManager: Display: Found up-to-date module file ../../../Engine/Plugins/Messaging/UdpMessaging/Binaries/Win64/UE4Editor-UdpMessaging.dll (API version 3944462).
LogModuleManager: Display: Found up-to-date module file ../../../Engine/Plugins/MovieScene/ActorSequence/Binaries/Win64/UE4Editor-ActorSequence.dll (API version 3944462).
LogModuleManager: Display: Found up-to-date module file ../../../Engine/Plugins/MovieScene/LevelSequenceEditor/Binaries/Win64/UE4Editor-LevelSequenceEditor.dll (API version 3944462).
LogModuleManager: Display: Found up-to-date module file ../../../Engine/Plugins/MovieScene/MatineeToLevelSequence/Binaries/Win64/UE4Editor-MatineeToLevelSequence.dll (API version 3944462).
LogModuleManager: Display: Found up-to-date module file ../../../Engine/Plugins/NetcodeUnitTest/NetcodeUnitTest/Binaries/Win64/UE4Editor-NetcodeUnitTest.dll (API version 3944462).
LogModuleManager: Display: Found up-to-date module file ../../../Engine/Plugins/NetcodeUnitTest/NUTUnrealEngine4/Binaries/Win64/UE4Editor-NUTUnrealEngine4.dll (API version 3944462).
LogModuleManager: Display: Found up-to-date module file ../../../Engine/Plugins/Online/OnlineSubsystem/Binaries/Win64/UE4Editor-OnlineSubsystem.dll (API version 3944462).
LogModuleManager: Display: Found up-to-date module file ../../../Engine/Plugins/Runtime/AndroidPermission/Binaries/Win64/UE4Editor-AndroidPermission.dll (API version 3944462).
LogModuleManager: Display: Found up-to-date module file ../../../Engine/Plugins/Online/OnlineSubsystemNull/Binaries/Win64/UE4Editor-OnlineSubsystemNull.dll (API version 3944462).
LogModuleManager: Display: Found up-to-date module file ../../../Engine/Plugins/Online/OnlineSubsystemUtils/Binaries/Win64/UE4Editor-OnlineSubsystemUtils.dll (API version 3944462).
LogModuleManager: Display: Found up-to-date module file ../../../Engine/Plugins/Online/OnlineSubsystemUtils/Binaries/Win64/UE4Editor-OnlineBlueprintSupport.dll (API version 3944462).
LogModuleManager: Display: Found up-to-date module file ../../../Engine/Plugins/Runtime/AndroidDeviceProfileSelector/Binaries/Win64/UE4Editor-AndroidDeviceProfileSelector.dll (API version 3944462).
LogModuleManager: Display: Found up-to-date module file ../../../Engine/Plugins/Runtime/AppleARKit/Binaries/Win64/UE4Editor-AppleARKit.dll (API version 3944462).
LogModuleManager: Display: Found up-to-date module file ../../../Engine/Plugins/Runtime/ProceduralMeshComponent/Binaries/Win64/UE4Editor-ProceduralMeshComponent.dll (API version 3944462).
LogModuleManager: Display: Found up-to-date module file ../../../Engine/Plugins/Runtime/ProceduralMeshComponent/Binaries/Win64/UE4Editor-ProceduralMeshComponentEditor.dll (API version 3944462).
LogModuleManager: Display: Found up-to-date module file ../../../Engine/Plugins/Animation/LiveLink/Binaries/Win64/UE4Editor-LiveLink.dll (API version 3944462).
LogModuleManager: Display: Found up-to-date module file ../../../Engine/Plugins/Animation/LiveLink/Binaries/Win64/UE4Editor-LiveLinkEditor.dll (API version 3944462).
LogModuleManager: Display: Found up-to-date module file ../../../Engine/Plugins/Runtime/ArchVisCharacter/Binaries/Win64/UE4Editor-ArchVisCharacter.dll (API version 3944462).
LogModuleManager: Display: Found up-to-date module file ../../../Engine/Plugins/Runtime/AudioCapture/Binaries/Win64/UE4Editor-AudioCapture.dll (API version 3944462).
LogModuleManager: Display: Found up-to-date module file ../../../Engine/Plugins/Runtime/AudioCapture/Binaries/Win64/UE4Editor-AudioCaptureEditor.dll (API version 3944462).
LogModuleManager: Display: Found up-to-date module file ../../../Engine/Plugins/Runtime/CableComponent/Binaries/Win64/UE4Editor-CableComponent.dll (API version 3944462).
LogModuleManager: Display: Found up-to-date module file ../../../Engine/Plugins/Runtime/CustomMeshComponent/Binaries/Win64/UE4Editor-CustomMeshComponent.dll (API version 3944462).
LogModuleManager: Display: Found up-to-date module file ../../../Engine/Plugins/Runtime/ExampleDeviceProfileSelector/Binaries/Win64/UE4Editor-ExampleDeviceProfileSelector.dll (API version 3944462).
LogModuleManager: Display: Found up-to-date module file ../../../Engine/Plugins/Runtime/ImmediatePhysics/Binaries/Win64/UE4Editor-ImmediatePhysics.dll (API version 3944462).
LogModuleManager: Display: Found up-to-date module file ../../../Engine/Plugins/Runtime/ImmediatePhysics/Binaries/Win64/UE4Editor-ImmediatePhysicsEditor.dll (API version 3944462).
LogModuleManager: Display: Found up-to-date module file ../../../Engine/Plugins/Runtime/LocationServicesBPLibrary/Binaries/Win64/UE4Editor-LocationServicesBPLibrary.dll (API version 3944462).
LogModuleManager: Display: Found up-to-date module file ../../../Engine/Plugins/Runtime/MobilePatchingUtils/Binaries/Win64/UE4Editor-MobilePatchingUtils.dll (API version 3944462).
LogModuleManager: Display: Found up-to-date module file ../../../Engine/Plugins/Runtime/Oculus/OculusVR/Binaries/Win64/UE4Editor-OculusHMD.dll (API version 3944462).
LogModuleManager: Display: Found up-to-date module file ../../../Engine/Plugins/Runtime/Oculus/OculusVR/Binaries/Win64/UE4Editor-OculusInput.dll (API version 3944462).
LogModuleManager: Display: Found up-to-date module file ../../../Engine/Plugins/Runtime/Oculus/OculusVR/Binaries/Win64/UE4Editor-OculusEditor.dll (API version 3944462).
LogModuleManager: Display: Found up-to-date module file ../../../Engine/Plugins/Runtime/PhysXVehicles/Binaries/Win64/UE4Editor-PhysXVehicles.dll (API version 3944462).
LogModuleManager: Display: Found up-to-date module file ../../../Engine/Plugins/Runtime/PhysXVehicles/Binaries/Win64/UE4Editor-PhysXVehiclesEditor.dll (API version 3944462).
LogModuleManager: Display: Found up-to-date module file ../../../Engine/Plugins/Runtime/RuntimePhysXCooking/Binaries/Win64/UE4Editor-RuntimePhysXCooking.dll (API version 3944462).
LogModuleManager: Display: Found up-to-date module file ../../../Engine/Plugins/Runtime/Steam/SteamVR/Binaries/Win64/UE4Editor-SteamVR.dll (API version 3944462).
LogModuleManager: Display: Found up-to-date module file ../../../Engine/Plugins/Runtime/Steam/SteamVR/Binaries/Win64/UE4Editor-SteamVRController.dll (API version 3944462).
LogModuleManager: Display: Found up-to-date module file ../../../Engine/Plugins/Runtime/WindowsMoviePlayer/Binaries/Win64/UE4Editor-WindowsMoviePlayer.dll (API version 3944462).
LogPluginManager: Mounting plugin Paper2D
LogPluginManager: Mounting plugin LiveLink
LogPluginManager: Mounting plugin LightPropagationVolume
LogPluginManager: Mounting plugin CLionSourceCodeAccess
LogPluginManager: Mounting plugin CodeLiteSourceCodeAccess
LogPluginManager: Mounting plugin GitSourceControl
LogPluginManager: Mounting plugin KDevelopSourceCodeAccess
LogPluginManager: Mounting plugin NullSourceCodeAccess
LogPluginManager: Mounting plugin PerforceSourceControl
LogPluginManager: Mounting plugin SubversionSourceControl
LogPluginManager: Mounting plugin UObjectPlugin
LogPluginManager: Mounting plugin VisualStudioCodeSourceCodeAccess
LogPluginManager: Mounting plugin VisualStudioSourceCodeAccess
LogPluginManager: Mounting plugin XCodeSourceCodeAccess
LogPluginManager: Mounting plugin AssetManagerEditor
LogPluginManager: Mounting plugin CryptoKeys
LogPluginManager: Mounting plugin DataValidation
LogPluginManager: Mounting plugin FacialAnimation
LogPluginManager: Mounting plugin GameplayTagsEditor
LogPluginManager: Mounting plugin MobileLauncherProfileWizard
LogPluginManager: Mounting plugin PluginBrowser
LogPluginManager: Mounting plugin SpeedTreeImporter
LogPluginManager: Mounting plugin DatasmithContent
LogPluginManager: Mounting plugin AlembicImporter
LogPluginManager: Mounting plugin CharacterAI
LogPluginManager: Mounting plugin HTML5Networking
LogPluginManager: Mounting plugin AndroidMedia
LogPluginManager: Mounting plugin AvfMedia
LogPluginManager: Mounting plugin ImgMedia
LogPluginManager: Mounting plugin LinearTimecode
LogPluginManager: Mounting plugin MediaCompositing
LogPluginManager: Mounting plugin MediaPlayerEditor
LogPluginManager: Mounting plugin WmfMedia
LogPluginManager: Mounting plugin TcpMessaging
LogPluginManager: Mounting plugin UdpMessaging
LogPluginManager: Mounting plugin ActorSequence
LogPluginManager: Mounting plugin LevelSequenceEditor
LogPluginManager: Mounting plugin MatineeToLevelSequence
LogPluginManager: Mounting plugin NetcodeUnitTest
LogPluginManager: Mounting plugin NUTUnrealEngine4
LogPluginManager: Mounting plugin OnlineSubsystemGooglePlay
LogPluginManager: Mounting plugin OnlineSubsystemIOS
LogPluginManager: Mounting plugin OnlineSubsystem
LogPluginManager: Mounting plugin OnlineSubsystemNull
LogPluginManager: Mounting plugin OnlineSubsystemUtils
LogPluginManager: Mounting plugin AndroidDeviceProfileSelector
LogPluginManager: Mounting plugin AndroidMoviePlayer
LogPluginManager: Mounting plugin AndroidPermission
LogPluginManager: Mounting plugin ApexDestruction
LogPluginManager: Mounting plugin AppleARKit
LogPluginManager: Mounting plugin AppleMoviePlayer
LogPluginManager: Mounting plugin ArchVisCharacter
LogPluginManager: Mounting plugin AudioCapture
LogPluginManager: Mounting plugin CableComponent
LogPluginManager: Mounting plugin CustomMeshComponent
LogPluginManager: Mounting plugin ExampleDeviceProfileSelector
LogPluginManager: Mounting plugin GoogleCloudMessaging
LogPluginManager: Mounting plugin ImmediatePhysics
LogPluginManager: Mounting plugin IOSDeviceProfileSelector
LogPluginManager: Mounting plugin LinuxDeviceProfileSelector
LogPluginManager: Mounting plugin LocationServicesBPLibrary
LogPluginManager: Mounting plugin MobilePatchingUtils
LogPluginManager: Mounting plugin OculusVR
LogPluginManager: Plugin shader directory ../../../Engine/Plugins/Runtime/Oculus/OculusVR/Shaders found
LogPluginManager: Mapping shader source directory ../../../Engine/Plugins/Runtime/Oculus/OculusVR/Shaders to virtual directory /Plugin/OculusVR
LogPluginManager: Mounting plugin PhysXVehicles
LogPluginManager: Mounting plugin ProceduralMeshComponent
LogPluginManager: Mounting plugin RuntimePhysXCooking
LogPluginManager: Mounting plugin SteamVR
LogPluginManager: Mounting plugin WindowsMoviePlayer
LogStreaming: Display: Took  2.072s to configure plugins.
LogInit: Using libcurl 7.47.1
LogInit:  - built for x86_64-pc-win32
LogInit:  - supports SSL with OpenSSL/1.0.2g
LogInit:  - supports HTTP deflate (compression) using libz 1.2.8
LogInit:  - other features:
LogInit:      CURL_VERSION_SSL
LogInit:      CURL_VERSION_LIBZ
LogInit:      CURL_VERSION_IPV6
LogInit:      CURL_VERSION_ASYNCHDNS
LogInit:      CURL_VERSION_LARGEFILE
LogInit:      CURL_VERSION_IDN
LogInit:  CurlRequestOptions (configurable via config and command line):
LogInit:  - bVerifyPeer = false  - Libcurl will NOT verify peer certificate
LogInit:  - bUseHttpProxy = false  - Libcurl will NOT use HTTP proxy
LogInit:  - bDontReuseConnections = false  - Libcurl will reuse connections
LogInit:  - CertBundlePath = nullptr  - Libcurl will use whatever was configured at build time.
LogInit:  - MaxHostConnections = 16  - Libcurl will limit the number of connections to a host
LogInit:  - LocalHostAddr = Default
LogInit: WinSock: version 1.1 (2.2), MaxSocks=32767, MaxUdp=65467
LogInit: WinSock: I am TU46940 (152.105.21.57:0)
LogInit: Build: ++UE4+Release-4.19-CL-4033788
LogInit: Engine Version: 4.19.2-4033788+++UE4+Release-4.19
LogInit: Compatible Engine Version: 4.19.0-3944462+++UE4+Release-4.19
LogInit: Net CL: 3944462
LogDevObjectVersion: Number of dev versions registered: 18
LogDevObjectVersion:   Dev-Blueprints (B0D832E4-1F89-4F0D-ACCF-7EB736FD4AA2): 10
LogDevObjectVersion:   Dev-Build (E1C64328-A22C-4D53-A36C-8E866417BD8C): 0
LogDevObjectVersion:   Dev-Core (375EC13C-06E4-48FB-B500-84F0262A717E): 2
LogDevObjectVersion:   Dev-Editor (E4B068ED-F494-42E9-A231-DA0B2E46BB41): 23
LogDevObjectVersion:   Dev-Framework (CFFC743F-43B0-4480-9391-14DF171D2073): 33
LogDevObjectVersion:   Dev-Mobile (B02B49B5-BB20-44E9-A304-32B752E40360): 2
LogDevObjectVersion:   Dev-Networking (A4E4105C-59A1-49B5-A7C5-40C4547EDFEE): 0
LogDevObjectVersion:   Dev-Online (39C831C9-5AE6-47DC-9A44-9C173E1C8E7C): 0
LogDevObjectVersion:   Dev-Physics (78F01B33-EBEA-4F98-B9B4-84EACCB95AA2): 0
LogDevObjectVersion:   Dev-Platform (6631380F-2D4D-43E0-8009-CF276956A95A): 0
LogDevObjectVersion:   Dev-Rendering (12F88B9F-8875-4AFC-A67C-D90C383ABD29): 25
LogDevObjectVersion:   Dev-Sequencer (7B5AE74C-D270-4C10-A958-57980B212A5A): 6
LogDevObjectVersion:   Dev-VR (D7296918-1DD6-4BDD-9DE2-64A83CC13884): 1
LogDevObjectVersion:   Dev-LoadTimes (C2A15278-BFE7-4AFE-6C17-90FF531DF755): 1
LogDevObjectVersion:   Private-Geometry (6EACA3D4-40EC-4CC1-B786-8BED09428FC5): 2
LogDevObjectVersion:   Dev-AnimPhys (29E575DD-E0A3-4627-9D10-D276232CDCEA): 16
LogDevObjectVersion:   Dev-ReflectionCapture (6B266CEC-1EC7-4B8F-A30B-E4D90942FC07): 1
LogDevObjectVersion:   Dev-Automation (0DF73D61-A23F-47EA-B727-89E90C41499A): 1
LogInit: Compiled (64-bit): Apr 27 2018 02:06:57
LogInit: Compiled with Visual C++: 19.00.24215.01
LogInit: Build Configuration: Development
LogInit: Branch Name: ++UE4+Release-4.19
LogInit: Command Line: 
LogInit: Base Directory: C:/Program Files/Epic Games/UE_4.19/Engine/Binaries/Win64/
LogInit: Installed Engine Build: 1
LogStreaming: Display: Took  0.005s to delete old logs.
LogInit: Presizing for max 8388607 objects, including 0 objects not considered by GC, pre-allocating 0 bytes for permanent pool.
LogInit: Object subsystem initialized
[2020.02.21-13.09.29:843][  0]LogInit: Selected Device Profile: [Windows]
[2020.02.21-13.09.29:843][  0]LogInit: Applying CVar settings loaded from the selected device profile: [Windows]
[2020.02.21-13.09.29:920][  0]LogInit: Computer: TU46940
[2020.02.21-13.09.29:920][  0]LogInit: User: T7090979
[2020.02.21-13.09.29:920][  0]LogInit: CPU Page size=4096, Cores=4
[2020.02.21-13.09.29:920][  0]LogInit: High frequency timer resolution =10.000000 MHz
[2020.02.21-13.09.29:920][  0]LogMemory: Memory total: Physical=31.9GB (32GB approx)
[2020.02.21-13.09.29:920][  0]LogMemory: Platform Memory Stats for Windows
[2020.02.21-13.09.29:920][  0]LogMemory: Process Physical Memory: 274.24 MB used, 274.25 MB peak
[2020.02.21-13.09.29:920][  0]LogMemory: Process Virtual Memory: 262.25 MB used, 262.25 MB peak
[2020.02.21-13.09.29:920][  0]LogMemory: Physical Memory: 6446.82 MB used,  26237.53 MB free, 32684.35 MB total
[2020.02.21-13.09.29:921][  0]LogMemory: Virtual Memory: 4781.42 MB used,  26237.53 MB free, 134217728.00 MB total
[2020.02.21-13.09.30:239][  0]LogInit: Using OS detected language (en-GB).
[2020.02.21-13.09.30:239][  0]LogInit: Using OS detected locale (en-GB).
[2020.02.21-13.09.30:315][  0]LogTextLocalizationManager: No specific localization for 'en-GB' exists, so the 'en' localization will be used.
[2020.02.21-13.09.30:939][  0]LogStreaming: Display: Took  0.701s to EndInitTextLocalization.
[2020.02.21-13.09.30:942][  0]LogInit: Setting process to per monitor DPI aware
[2020.02.21-13.09.31:058][  0]LogSlate: New Slate User Created.  User Index 0, Is Virtual User: 0
[2020.02.21-13.09.31:058][  0]LogSlate: Slate User Registered.  User Index 0, Is Virtual User: 0
[2020.02.21-13.09.33:783][  0]LogD3D11RHI: D3D11 adapters:
[2020.02.21-13.09.33:862][  0]LogD3D11RHI:    0. 'NVIDIA GeForce GTX 1070' (Feature Level 11_0)
[2020.02.21-13.09.33:862][  0]LogD3D11RHI:       8088/0/16342 MB DedicatedVideo/DedicatedSystem/SharedSystem, Outputs:2, VendorId:0x10de
[2020.02.21-13.09.33:865][  0]LogD3D11RHI:    1. 'Microsoft Basic Render Driver' (Feature Level 11_0)
[2020.02.21-13.09.33:865][  0]LogD3D11RHI:       0/0/16342 MB DedicatedVideo/DedicatedSystem/SharedSystem, Outputs:0, VendorId:0x1414
[2020.02.21-13.09.33:865][  0]LogD3D11RHI: Chosen D3D11 Adapter: 0
[2020.02.21-13.09.33:871][  0]LogD3D11RHI: Creating new Direct3DDevice
[2020.02.21-13.09.33:871][  0]LogD3D11RHI:     GPU DeviceId: 0x1b81 (for the marketing name, search the web for "GPU Device Id")
[2020.02.21-13.09.33:871][  0]LogWindows: EnumDisplayDevices:
[2020.02.21-13.09.33:872][  0]LogWindows:    0. 'NVIDIA GeForce GTX 1070' (P:1 D:1)
[2020.02.21-13.09.33:872][  0]LogWindows:    1. 'NVIDIA GeForce GTX 1070' (P:0 D:1)
[2020.02.21-13.09.33:873][  0]LogWindows:    2. 'NVIDIA GeForce GTX 1070' (P:0 D:0)
[2020.02.21-13.09.33:873][  0]LogWindows:    3. 'NVIDIA GeForce GTX 1070' (P:0 D:0)
[2020.02.21-13.09.33:874][  0]LogWindows: DebugString: GetVideoDriverDetailsInvalid PrimaryIsNotTheChoosenAdapter GetVideoDriverDetailsInvalid PrimaryIsNotTheChoosenAdapter GetVideoDriverDetailsInvalid PrimaryIsNotTheChoosenAdapter GetVideoDriverDetailsInvalid PrimaryIsNotTheChoosenAdapter FoundDriverCount:0 
[2020.02.21-13.09.33:874][  0]LogD3D11RHI:     Adapter Name: NVIDIA GeForce GTX 1070
[2020.02.21-13.09.33:874][  0]LogD3D11RHI:   Driver Version: Unknown (internal:Unknown, unified:Unknown)
[2020.02.21-13.09.33:874][  0]LogD3D11RHI:      Driver Date: Unknown
[2020.02.21-13.09.33:874][  0]LogRHI: Texture pool is 5661 MB (70% of 8088 MB)
[2020.02.21-13.09.33:930][  0]LogD3D11RHI: [Aftermath] Aftermath enabled and primed
[2020.02.21-13.09.33:930][  0]LogD3D11RHI: [Aftermath] Aftermath enabled and primed
[2020.02.21-13.09.33:930][  0]LogD3D11RHI: Async texture creation enabled
[2020.02.21-13.09.33:951][  0]LogD3D11RHI: GPU Timing Frequency: 1000.000000 (Debug: 2 0)
[2020.02.21-13.09.34:044][  0]LogShaderCompilers: Guid format shader working directory is 1 characters bigger than the processId version (../../../../../../Users/T7090979/Desktop/GameJam/Intermediate/Shaders/WorkingDirectory/7812/).
[2020.02.21-13.09.34:045][  0]LogShaderCompilers: Cleaned the shader compiler working directory 'C:/Users/T7090979/AppData/Local/Temp/UnrealShaderWorkingDir/10F261E04E65180DC1492FB1BB10C534/'.
[2020.02.21-13.09.34:862][  0]LogTemp: Display: Loaded TP AllDesktopTargetPlatform
[2020.02.21-13.09.34:883][  0]LogTemp: Display: Loaded TP MacClientTargetPlatform
[2020.02.21-13.09.34:900][  0]LogTemp: Display: Loaded TP MacNoEditorTargetPlatform
[2020.02.21-13.09.34:918][  0]LogTemp: Display: Loaded TP MacServerTargetPlatform
[2020.02.21-13.09.34:942][  0]LogTemp: Display: Loaded TP MacTargetPlatform
[2020.02.21-13.09.34:960][  0]LogTemp: Display: Loaded TP WindowsClientTargetPlatform
[2020.02.21-13.09.34:978][  0]LogTemp: Display: Loaded TP WindowsNoEditorTargetPlatform
[2020.02.21-13.09.34:995][  0]LogTemp: Display: Loaded TP WindowsServerTargetPlatform
[2020.02.21-13.09.35:005][  0]LogTemp: Display: Loaded TP WindowsTargetPlatform
[2020.02.21-13.09.35:021][  0]LogTemp: Display: Loaded TP Android_ASTCTargetPlatform
[2020.02.21-13.09.35:038][  0]LogTemp: Display: Loaded TP Android_ATCTargetPlatform
[2020.02.21-13.09.35:055][  0]LogTemp: Display: Loaded TP Android_DXTTargetPlatform
[2020.02.21-13.09.35:072][  0]LogTemp: Display: Loaded TP Android_ETC1aTargetPlatform
[2020.02.21-13.09.35:087][  0]LogTemp: Display: Loaded TP Android_ETC1TargetPlatform
[2020.02.21-13.09.35:103][  0]LogTemp: Display: Loaded TP Android_ETC2TargetPlatform
[2020.02.21-13.09.35:136][  0]LogTemp: Display: Loaded TP Android_MultiTargetPlatform
[2020.02.21-13.09.35:136][  0]LogTemp: Display: Loaded TP Android_PVRTCTargetPlatform
[2020.02.21-13.09.35:161][  0]LogTemp: Display: Loaded TP AndroidTargetPlatform
[2020.02.21-13.09.35:164][  0]LogTemp: Display: Loaded TP HTML5TargetPlatform
[2020.02.21-13.09.35:219][  0]LogTemp: Display: Loaded TP IOSTargetPlatform
[2020.02.21-13.09.35:234][  0]LogTemp: Display: Loaded TP TVOSTargetPlatform
[2020.02.21-13.09.35:249][  0]LogTemp: Display: Loaded TP LinuxClientTargetPlatform
[2020.02.21-13.09.35:266][  0]LogTemp: Display: Loaded TP LinuxNoEditorTargetPlatform
[2020.02.21-13.09.35:282][  0]LogTemp: Display: Loaded TP LinuxServerTargetPlatform
[2020.02.21-13.09.35:304][  0]LogTemp: Display: Loaded TP LinuxTargetPlatform
[2020.02.21-13.09.35:304][  0]LogTargetPlatformManager: Display: Building Assets For Windows
[2020.02.21-13.09.35:651][  0]LogXGEController: Cleaning working directory: C:/Users/T7090979/AppData/Local/Temp/UnrealXGEWorkingDir/
[2020.02.21-13.09.35:651][  0]LogXGEController: Cannot use XGE Controller as Incredibuild is not installed on this machine.
[2020.02.21-13.09.35:653][  0]LogShaderCompilers: Cannot use XGE Shader Compiler as Incredibuild is not installed on this machine.
[2020.02.21-13.09.35:653][  0]LogShaderCompilers: Display: Using Local Shader Compiler.
[2020.02.21-13.09.38:163][  0]LogDerivedDataCache: Display: Max Cache Size: 512 MB
[2020.02.21-13.09.38:163][  0]LogDerivedDataCache: Display: Starting with empty Boot cache
[2020.02.21-13.09.38:163][  0]LogDerivedDataCache: FDerivedDataBackendGraph:  Pak pak cache file ../../../../../../Users/T7090979/Desktop/GameJam/DerivedDataCache/DDC.ddp not found, will not use a pak cache.
[2020.02.21-13.09.38:163][  0]LogDerivedDataCache: Unable to find inner node Pak for hierarchical cache Hierarchy.
[2020.02.21-13.09.38:163][  0]LogDerivedDataCache: FDerivedDataBackendGraph:  CompressedPak pak cache file ../../../../../../Users/T7090979/Desktop/GameJam/DerivedDataCache/Compressed.ddp not found, will not use a pak cache.
[2020.02.21-13.09.38:163][  0]LogDerivedDataCache: Unable to find inner node CompressedPak for hierarchical cache Hierarchy.
[2020.02.21-13.09.38:195][  0]LogDerivedDataCache: Display: Pak cache opened for reading ../../../Engine/DerivedDataCache/Compressed.ddp.
[2020.02.21-13.09.38:208][  0]LogDerivedDataCache: Using Local data cache path C:/Users/T7090979/AppData/Local/UnrealEngine/Common/DerivedDataCache: Writable
[2020.02.21-13.09.38:208][  0]LogDerivedDataCache: Shared data cache path not found in *engine.ini, will not use an Shared cache.
[2020.02.21-13.09.38:208][  0]LogDerivedDataCache: Unable to find inner node Shared for hierarchical cache Hierarchy.
[2020.02.21-13.09.38:240][  0]LogMaterial: Verifying Global Shaders for PCD3D_SM5
[2020.02.21-13.09.38:247][  0]LogSlate: Using Freetype 2.6.0
[2020.02.21-13.09.38:277][  0]LogSlate: SlateFontCache - WITH_FREETYPE: 1, WITH_HARFBUZZ: 1
[2020.02.21-13.09.38:277][  0]LogSlate: SlateFontCache - WITH_FREETYPE: 1, WITH_HARFBUZZ: 1
[2020.02.21-13.09.39:113][  0]LogAssetRegistry: FAssetRegistry took 0.0303 seconds to start up
[2020.02.21-13.09.39:616][  0]LogInit: Selected Device Profile: [Windows]
[2020.02.21-13.09.40:047][  0]LogSimplygon: Simplygon DLL not present - disabling.
[2020.02.21-13.09.40:055][  0]LogMeshReduction: Using SimplygonSwarm for distributed automatic mesh merging
[2020.02.21-13.09.40:056][  0]LogMeshReduction: Using QuadricMeshReduction for automatic static mesh reduction
[2020.02.21-13.09.40:056][  0]LogMeshReduction: No automatic skeletal mesh reduction module available
[2020.02.21-13.09.40:056][  0]LogMeshReduction: No automatic mesh merging module available
[2020.02.21-13.09.40:056][  0]LogMeshMerging: No automatic mesh merging module available
[2020.02.21-13.09.40:162][  0]LogNetVersion: GameJam , NetCL: 3944462, EngineNetVer: 2, GameNetVer: 0 (Checksum: 2281863040)
[2020.02.21-13.09.41:610][  0]LogPackageLocalizationCache: Processed 9 localized package path(s) for 2 prioritized culture(s) in 0.125952 seconds
[2020.02.21-13.09.41:617][  0]LogUObjectArray: 36728 objects as part of root set at end of initial load.
[2020.02.21-13.09.41:617][  0]LogUObjectAllocator: 7314312 out of 0 bytes used by permanent object pool.
[2020.02.21-13.09.41:617][  0]LogUObjectArray: CloseDisregardForGC: 0/0 objects in disregard for GC pool
[2020.02.21-13.09.46:767][  0]LogTcpMessaging: Initializing TcpMessaging bridge
[2020.02.21-13.09.46:811][  0]LogUdpMessaging: Initializing bridge on interface 0.0.0.0:0 to multicast group 230.0.0.1:6666.
[2020.02.21-13.09.47:562][  0]SourceControl: Source control is disabled
[2020.02.21-13.09.47:562][  0]SourceControl: Source control is disabled
[2020.02.21-13.09.47:603][  0]SourceControl: Source control is disabled
[2020.02.21-13.09.47:636][  0]SourceControl: Source control is disabled
[2020.02.21-13.09.48:477][  0]LogAndroidPermission: UAndroidPermissionCallbackProxy::GetInstance
[2020.02.21-13.09.48:772][  0]LogOcInput: OculusInput pre-init called
[2020.02.21-13.09.48:968][  0]LogEngine: Initializing Engine...
[2020.02.21-13.09.48:972][  0]LogHMD: Failed to initialize OpenVR with code 110
[2020.02.21-13.09.48:975][  0]LogStats: UGameplayTagsManager::ConstructGameplayTagTree: Construct from data asset -  0.000 s
[2020.02.21-13.09.48:975][  0]LogStats: UGameplayTagsManager::ConstructGameplayTagTree: GameplayTagTreeChangedEvent.Broadcast -  0.000 s
[2020.02.21-13.09.49:460][  0]LogAIModule: Creating AISystem for world Untitled
[2020.02.21-13.09.49:517][  0]LogInit: XAudio2 using 'Speakers (Realtek High Definition Audio)' : 2 channels at 48 kHz using 32 bits per sample (channel mask 0x3)
[2020.02.21-13.09.49:727][  0]LogInit: FAudioDevice initialized.
[2020.02.21-13.09.49:798][  0]LogDerivedDataCache: Saved boot cache 0.07s 74MB C:/Users/T7090979/AppData/Local/UnrealEngine/4.19/DerivedDataCache/Boot.ddc.
[2020.02.21-13.09.49:817][  0]LogInit: Texture streaming: Enabled
[2020.02.21-13.09.49:846][  0]LogEngineSessionManager: EngineSessionManager initialized
[2020.02.21-13.09.49:885][  0]LogInit: Transaction tracking system initialized
[2020.02.21-13.09.49:954][  0]BlueprintLog: New page: Editor Load
[2020.02.21-13.09.50:173][  0]LocalizationService: Localization service is disabled
[2020.02.21-13.09.50:375][  0]LogConsoleResponse: Display: 
[2020.02.21-13.09.50:592][  0]LogCook: Display: Max memory allowance for cook 16384mb min free memory 0mb
[2020.02.21-13.09.50:592][  0]LogCook: Display: Mobile HDR setting 1
[2020.02.21-13.09.50:592][  0]LogGameplayTags: Display: UGameplayTagsManager::DoneAddingNativeTags. DelegateIsBound: 0
[2020.02.21-13.09.50:592][  0]LogStats: UGameplayTagsManager::ConstructGameplayTagTree: Construct from data asset -  0.000 s
[2020.02.21-13.09.50:592][  0]LogStats: UGameplayTagsManager::ConstructGameplayTagTree: GameplayTagTreeChangedEvent.Broadcast -  0.000 s
[2020.02.21-13.09.51:322][  0]LogFileCache: Scanning file cache for directory 'C:/Users/T7090979/Desktop/GameJam/Content/' took 0.02s
[2020.02.21-13.09.51:322][  0]SourceControl: Source control is disabled
[2020.02.21-13.09.51:325][  0]Cmd: MAP LOAD FILE="../../../../../../Users/T7090979/Desktop/GameJam/Content/SideScrollerBP/Maps/SideScrollerExampleMap.umap" TEMPLATE=0 SHOWPROGRESS=1 FEATURELEVEL=3
[2020.02.21-13.09.51:372][  0]LogSlate: Took 0.007072 seconds to synchronously load lazily loaded font '../../../Engine/Content/Slate/Fonts/Roboto-Regular.ttf' (155K)
[2020.02.21-13.09.54:515][  0]LogSlate: Window 'Message' being destroyed
[2020.02.21-13.09.54:518][  0]LogWindowsTextInputMethodSystem: Display: IME system now deactivated.
[2020.02.21-13.09.54:539][  0]LightingResults: New page: Lighting Build
[2020.02.21-13.09.54:562][  0]MapCheck: New page: Map Check
[2020.02.21-13.09.54:562][  0]LightingResults: New page: Lighting Build
[2020.02.21-13.09.54:582][  0]LogAIModule: Creating AISystem for world Untitled
[2020.02.21-13.09.54:588][  0]LoadErrors: New page: New Map
[2020.02.21-13.09.54:698][  0]LogWindowsTextInputMethodSystem: Display: IME system now deactivated.
[2020.02.21-13.09.54:885][  0]LogCollectionManager: Loaded 0 collections in 0.002603 seconds
[2020.02.21-13.09.54:958][  0]LogFileCache: Scanning file cache for directory 'C:/Users/T7090979/Desktop/GameJam/Saved/Collections/' took 0.01s
[2020.02.21-13.09.54:958][  0]LogFileCache: Scanning file cache for directory 'C:/Users/T7090979/Desktop/GameJam/Content/Developers/T7090979/Collections/' took 0.01s
[2020.02.21-13.09.54:958][  0]LogFileCache: Scanning file cache for directory 'C:/Users/T7090979/Desktop/GameJam/Content/Collections/' took 0.01s
[2020.02.21-13.09.54:958][  0]LogCollectionManager: Rebuilt the GUID cache for 0 collections in 0.000001 seconds
[2020.02.21-13.09.54:971][  0]LogContentBrowser: Native class hierarchy populated in 0.0115 seconds. Added 2461 classes and 563 folders.
[2020.02.21-13.09.54:988][  0]LogContentBrowser: Native class hierarchy updated for 'WidgetCarousel' in 0.0003 seconds. Added 0 classes and 0 folders.
[2020.02.21-13.09.55:459][  0]LogContentBrowser: Native class hierarchy updated for 'AddContentDialog' in 0.0003 seconds. Added 0 classes and 0 folders.
[2020.02.21-13.09.55:474][  0]LogContentBrowser: Native class hierarchy updated for 'SceneOutliner' in 0.0003 seconds. Added 1 classes and 2 folders.
[2020.02.21-13.09.55:551][  0]LogSlate: Took 0.011328 seconds to synchronously load lazily loaded font '../../../Engine/Content/Slate/Fonts/Roboto-Bold.ttf' (160K)
[2020.02.21-13.09.55:572][  0]LogSlate: Took 0.007566 seconds to synchronously load lazily loaded font '../../../Engine/Content/Editor/Slate/Fonts/FontAwesome.ttf' (139K)
[2020.02.21-13.09.55:749][  0]LogRenderer: Reallocating scene render targets to support 1208x652 Format 10 NumSamples 1 (Frame:1).
[2020.02.21-13.09.55:865][  0]LogSlate: FSceneViewport::OnFocusLost() reason 2
[2020.02.21-13.09.55:885][  0]LogSlate: Window 'Tutorials' being destroyed
[2020.02.21-13.09.55:920][  0]LogContentBrowser: Native class hierarchy updated for 'HierarchicalLODOutliner' in 0.0003 seconds. Added 0 classes and 0 folders.
[2020.02.21-13.09.55:920][  0]LogLoad: (Engine Initialization) Total time: 31.91 seconds
[2020.02.21-13.09.55:920][  0]LogLoad: (Engine Initialization) Total Blueprint compile time: 0.00 seconds
[2020.02.21-13.09.55:961][  0]LogContentStreaming: Texture pool size now 1000 MB
[2020.02.21-13.09.55:994][  0]LogSlate: Took 0.007547 seconds to synchronously load lazily loaded font '../../../Engine/Content/Slate/Fonts/Roboto-Light.ttf' (167K)
[2020.02.21-13.09.56:042][  1]LogFileCache: Retrieving MD5 hashes for directory 'C:/Users/T7090979/Desktop/GameJam/Content/' took 0.10s
[2020.02.21-13.09.56:054][  1]LogAssetRegistry: Asset discovery search completed in 16.9637 seconds
[2020.02.21-13.09.56:057][  1]LogCollectionManager: Rebuilt the object cache for 0 collections in 0.000000 seconds (found 0 objects)
[2020.02.21-13.09.56:057][  1]LogCollectionManager: Fixed up redirectors for 0 collections in 0.000062 seconds (updated 0 objects)
[2020.02.21-13.09.58:231][254]LogSlate: FSceneViewport::OnFocusLost() reason 0
[2020.02.21-13.09.58:417][264]LogSlate: Window 'GameJam - Unreal Editor' being destroyed
[2020.02.21-13.09.58:418][264]LogWindowsTextInputMethodSystem: Display: IME system now deactivated.
[2020.02.21-13.09.58:614][265]Cmd: QUIT_EDITOR
[2020.02.21-13.09.58:674][265]LogSlate: Slate User Destroyed.  User Index 0, Is Virtual User: 0
[2020.02.21-13.09.58:674][265]LogExit: Preparing to exit.
[2020.02.21-13.09.59:925][265]LogDirectoryWatcher: A directory notification for 'C:/Users/T7090979/Desktop/GameJam/Content/' was aborted.
[2020.02.21-13.10.00:025][265]LogExit: Editor shut down
[2020.02.21-13.10.00:030][265]LogExit: Transaction tracking system shut down
[2020.02.21-13.10.00:263][265]LogDirectoryWatcher: A directory notification for '../../../Engine/Content/' was aborted.
[2020.02.21-13.10.00:263][265]LogDirectoryWatcher: A directory notification for '../../../../../../Users/T7090979/Desktop/GameJam/Content/' was aborted.
[2020.02.21-13.10.00:263][265]LogDirectoryWatcher: A directory notification for '../../Plugins/2D/Paper2D/Content/' was aborted.
[2020.02.21-13.10.00:263][265]LogDirectoryWatcher: A directory notification for '../../Plugins/Enterprise/DatasmithContent/Content/' was aborted.
[2020.02.21-13.10.00:263][265]LogDirectoryWatcher: A directory notification for '../../Plugins/Media/MediaCompositing/Content/' was aborted.
[2020.02.21-13.10.00:263][265]LogDirectoryWatcher: A directory notification for '../../Plugins/Runtime/AppleARKit/Content/' was aborted.
[2020.02.21-13.10.00:263][265]LogDirectoryWatcher: A directory notification for '../../Plugins/Runtime/Oculus/OculusVR/Content/' was aborted.
[2020.02.21-13.10.00:263][265]LogDirectoryWatcher: A directory notification for '../../Plugins/Runtime/Steam/SteamVR/Content/' was aborted.
[2020.02.21-13.10.00:370][265]LogExit: Object subsystem successfully closed.
[2020.02.21-13.10.00:386][265]LogShaderCompilers: Display: Shaders left to compile 0
[2020.02.21-13.10.00:389][265]LogD3D11RHI: Shutdown
[2020.02.21-13.10.00:389][265]LogD3D11RHI: CleanupD3DDevice
[2020.02.21-13.10.00:391][265]LogD3D11RHI: ~FD3D11DynamicRHI
[2020.02.21-13.10.00:433][265]LogModuleManager: Shutting down and abandoning module HierarchicalLODOutliner (578)
[2020.02.21-13.10.00:433][265]LogModuleManager: Shutting down and abandoning module SceneOutliner (576)
[2020.02.21-13.10.00:433][265]LogModuleManager: Shutting down and abandoning module AddContentDialog (574)
[2020.02.21-13.10.00:434][265]LogDirectoryWatcher: A directory notification for 'C:/Program Files/Epic Games/UE_4.19/FeaturePacks/' was aborted.
[2020.02.21-13.10.00:434][265]LogModuleManager: Shutting down and abandoning module WidgetCarousel (573)
[2020.02.21-13.10.00:434][265]LogModuleManager: Shutting down and abandoning module EditorWidgets (570)
[2020.02.21-13.10.00:434][265]LogModuleManager: Shutting down and abandoning module CollectionManager (568)
[2020.02.21-13.10.00:434][265]LogDirectoryWatcher: A directory notification for 'C:/Users/T7090979/Desktop/GameJam/Content/Collections/' was aborted.
[2020.02.21-13.10.00:434][265]LogDirectoryWatcher: A directory notification for 'C:/Users/T7090979/Desktop/GameJam/Content/Developers/T7090979/Collections/' was aborted.
[2020.02.21-13.10.00:435][265]LogDirectoryWatcher: A directory notification for 'C:/Users/T7090979/Desktop/GameJam/Saved/Collections/' was aborted.
[2020.02.21-13.10.00:435][265]LogModuleManager: Shutting down and abandoning module StatsViewer (566)
[2020.02.21-13.10.00:435][265]LogModuleManager: Shutting down and abandoning module FoliageEdit (564)
[2020.02.21-13.10.00:435][265]LogModuleManager: Shutting down and abandoning module LandscapeEditor (562)
[2020.02.21-13.10.00:435][265]LogModuleManager: Shutting down and abandoning module MeshPaintMode (560)
[2020.02.21-13.10.00:435][265]LogModuleManager: Shutting down and abandoning module SceneDepthPickerMode (558)
[2020.02.21-13.10.00:435][265]LogModuleManager: Shutting down and abandoning module ActorPickerMode (556)
[2020.02.21-13.10.00:435][265]LogModuleManager: Shutting down and abandoning module GeometryMode (554)
[2020.02.21-13.10.00:435][265]LogModuleManager: Shutting down and abandoning module TextureAlignMode (552)
[2020.02.21-13.10.00:435][265]LogModuleManager: Shutting down and abandoning module BspMode (550)
[2020.02.21-13.10.00:435][265]LogModuleManager: Shutting down and abandoning module PIEPreviewDeviceProfileSelector (548)
[2020.02.21-13.10.00:435][265]LogModuleManager: Shutting down and abandoning module HardwareSurvey (546)
[2020.02.21-13.10.00:435][265]LogModuleManager: Shutting down and abandoning module SequenceRecorderSections (544)
[2020.02.21-13.10.00:435][265]LogModuleManager: Shutting down and abandoning module AutomationWorker (542)
[2020.02.21-13.10.00:435][265]LogModuleManager: Shutting down and abandoning module AudioCaptureEditor (540)
[2020.02.21-13.10.00:435][265]LogModuleManager: Shutting down and abandoning module SequenceRecorder (539)
[2020.02.21-13.10.00:435][265]LogModuleManager: Shutting down and abandoning module MatineeToLevelSequence (536)
[2020.02.21-13.10.00:435][265]LogModuleManager: Shutting down and abandoning module LevelSequenceEditor (534)
[2020.02.21-13.10.00:436][265]LogModuleManager: Shutting down and abandoning module PlacementMode (533)
[2020.02.21-13.10.00:436][265]LogModuleManager: Shutting down and abandoning module MaterialEditor (532)
[2020.02.21-13.10.00:439][265]LogModuleManager: Shutting down and abandoning module WmfMediaFactory (528)
[2020.02.21-13.10.00:439][265]LogModuleManager: Shutting down and abandoning module WmfMediaEditor (526)
[2020.02.21-13.10.00:439][265]LogModuleManager: Shutting down and abandoning module MediaPlayerEditor (524)
[2020.02.21-13.10.00:439][265]LogModuleManager: Shutting down and abandoning module OpenExrWrapper (522)
[2020.02.21-13.10.00:440][265]LogModuleManager: Shutting down and abandoning module ImgMediaFactory (520)
[2020.02.21-13.10.00:440][265]LogModuleManager: Shutting down and abandoning module ImgMediaEditor (518)
[2020.02.21-13.10.00:440][265]LogModuleManager: Shutting down and abandoning module AvfMediaFactory (516)
[2020.02.21-13.10.00:440][265]LogModuleManager: Shutting down and abandoning module AvfMediaEditor (514)
[2020.02.21-13.10.00:440][265]LogModuleManager: Shutting down and abandoning module AndroidMediaFactory (512)
[2020.02.21-13.10.00:440][265]LogModuleManager: Shutting down and abandoning module AndroidMediaEditor (510)
[2020.02.21-13.10.00:440][265]LogModuleManager: Shutting down and abandoning module CharacterAI (508)
[2020.02.21-13.10.00:440][265]LogModuleManager: Shutting down and abandoning module SmartSnapping (506)
[2020.02.21-13.10.00:440][265]LogModuleManager: Shutting down and abandoning module SessionServices (504)
[2020.02.21-13.10.00:440][265]LogModuleManager: Shutting down and abandoning module ViewportSnapping (502)
[2020.02.21-13.10.00:440][265]LogModuleManager: Shutting down and abandoning module ViewportInteraction (500)
[2020.02.21-13.10.00:440][265]LogModuleManager: Shutting down and abandoning module ClothPainter (498)
[2020.02.21-13.10.00:440][265]LogModuleManager: Shutting down and abandoning module SkeletalMeshEditor (497)
[2020.02.21-13.10.00:441][265]LogModuleManager: Shutting down and abandoning module LogVisualizer (494)
[2020.02.21-13.10.00:441][265]LogModuleManager: Shutting down and abandoning module IntroTutorials (492)
[2020.02.21-13.10.00:441][265]LogModuleManager: Shutting down and abandoning module GameProjectGeneration (491)
[2020.02.21-13.10.00:442][265]LogModuleManager: Shutting down and abandoning module IOSPlatformEditor (488)
[2020.02.21-13.10.00:442][265]LogModuleManager: Shutting down and abandoning module HTML5PlatformEditor (486)
[2020.02.21-13.10.00:442][265]LogModuleManager: Shutting down and abandoning module AndroidPlatformEditor (484)
[2020.02.21-13.10.00:442][265]LogModuleManager: Shutting down and abandoning module AndroidDeviceDetection (483)
[2020.02.21-13.10.01:293][265]LogModuleManager: Shutting down and abandoning module WindowsPlatformEditor (480)
[2020.02.21-13.10.01:293][265]LogModuleManager: Shutting down and abandoning module IOSRuntimeSettings (478)
[2020.02.21-13.10.01:293][265]LogModuleManager: Shutting down and abandoning module AndroidRuntimeSettings (476)
[2020.02.21-13.10.01:293][265]LogModuleManager: Shutting down and abandoning module InputBindingEditor (474)
[2020.02.21-13.10.01:293][265]LogModuleManager: Shutting down and abandoning module MergeActors (472)
[2020.02.21-13.10.01:297][265]LogModuleManager: Shutting down and abandoning module LocalizationDashboard (470)
[2020.02.21-13.10.01:297][265]LogModuleManager: Shutting down and abandoning module LocalizationService (469)
[2020.02.21-13.10.01:297][265]LogModuleManager: Shutting down and abandoning module HardwareTargeting (466)
[2020.02.21-13.10.01:298][265]LogModuleManager: Shutting down and abandoning module DeviceProfileEditor (464)
[2020.02.21-13.10.01:298][265]LogModuleManager: Shutting down and abandoning module UndoHistory (462)
[2020.02.21-13.10.01:298][265]LogModuleManager: Shutting down and abandoning module XmlParser (460)
[2020.02.21-13.10.01:298][265]LogModuleManager: Shutting down and abandoning module Blutility (458)
[2020.02.21-13.10.01:298][265]LogModuleManager: Shutting down and abandoning module ProjectSettingsViewer (456)
[2020.02.21-13.10.01:299][265]LogModuleManager: Shutting down and abandoning module ProjectTargetPlatformEditor (455)
[2020.02.21-13.10.01:299][265]LogModuleManager: Shutting down and abandoning module EditorSettingsViewer (452)
[2020.02.21-13.10.01:299][265]LogModuleManager: Shutting down and abandoning module SettingsEditor (450)
[2020.02.21-13.10.01:299][265]LogModuleManager: Shutting down and abandoning module ProjectLauncher (448)
[2020.02.21-13.10.01:300][265]LogModuleManager: Shutting down and abandoning module SessionFrontend (446)
[2020.02.21-13.10.01:300][265]LogModuleManager: Shutting down and abandoning module ProfilerClient (444)
[2020.02.21-13.10.01:300][265]LogModuleManager: Shutting down and abandoning module DeviceManager (442)
[2020.02.21-13.10.01:300][265]LogModuleManager: Shutting down and abandoning module TargetDeviceServices (441)
[2020.02.21-13.10.01:389][265]LogModuleManager: Shutting down and abandoning module AutomationController (438)
[2020.02.21-13.10.01:389][265]LogModuleManager: Shutting down and abandoning module AutomationWindow (436)
[2020.02.21-13.10.01:390][265]LogModuleManager: Shutting down and abandoning module Layers (434)
[2020.02.21-13.10.01:391][265]LogModuleManager: Shutting down and abandoning module ComponentVisualizers (432)
[2020.02.21-13.10.01:392][265]LogModuleManager: Shutting down and abandoning module DetailCustomizations (430)
[2020.02.21-13.10.01:392][265]LogModuleManager: Shutting down and abandoning module PackagesDialog (428)
[2020.02.21-13.10.01:392][265]LogModuleManager: Shutting down and abandoning module Persona (426)
[2020.02.21-13.10.01:393][265]LogModuleManager: Shutting down and abandoning module AdvancedPreviewScene (425)
[2020.02.21-13.10.01:393][265]LogModuleManager: Shutting down and abandoning module AnimGraph (423)
[2020.02.21-13.10.01:393][265]LogModuleManager: Shutting down and abandoning module Kismet (420)
[2020.02.21-13.10.01:393][265]LogModuleManager: Shutting down and abandoning module GraphEditor (418)
[2020.02.21-13.10.01:394][265]LogModuleManager: Shutting down and abandoning module ClassViewer (416)
[2020.02.21-13.10.01:395][265]LogModuleManager: Shutting down and abandoning module Toolbox (414)
[2020.02.21-13.10.01:395][265]LogModuleManager: Shutting down and abandoning module ModuleUI (412)
[2020.02.21-13.10.01:395][265]LogModuleManager: Shutting down and abandoning module MovieSceneTools (410)
[2020.02.21-13.10.01:395][265]LogModuleManager: Shutting down and abandoning module OutputLog (408)
[2020.02.21-13.10.01:395][265]LogModuleManager: Shutting down and abandoning module GammaUI (406)
[2020.02.21-13.10.01:396][265]LogModuleManager: Shutting down and abandoning module Documentation (404)
[2020.02.21-13.10.01:396][265]LogModuleManager: Shutting down and abandoning module MovieSceneTracks (402)
[2020.02.21-13.10.01:396][265]LogModuleManager: Shutting down and abandoning module MovieScene (400)
[2020.02.21-13.10.01:396][265]LogModuleManager: Shutting down and abandoning module StreamingPauseRendering (398)
[2020.02.21-13.10.01:396][265]LogModuleManager: Shutting down and abandoning module LauncherPlatform (396)
[2020.02.21-13.10.01:396][265]LogModuleManager: Shutting down and abandoning module AnalyticsET (394)
[2020.02.21-13.10.01:396][265]LogModuleManager: Shutting down and abandoning module PortalServices (392)
[2020.02.21-13.10.01:396][265]LogModuleManager: Shutting down and abandoning module PortalRpc (390)
[2020.02.21-13.10.01:396][265]LogModuleManager: Shutting down and abandoning module MessagingRpc (388)
[2020.02.21-13.10.01:396][265]LogModuleManager: Shutting down and abandoning module AIModule (386)
[2020.02.21-13.10.01:396][265]LogModuleManager: Shutting down and abandoning module GameplayDebugger (385)
[2020.02.21-13.10.01:396][265]LogModuleManager: Shutting down and abandoning module AITestSuite (383)
[2020.02.21-13.10.01:396][265]LogModuleManager: Shutting down and abandoning module DesktopPlatform (380)
[2020.02.21-13.10.01:396][265]LogModuleManager: Shutting down and abandoning module ProfilerService (378)
[2020.02.21-13.10.01:591][265]LogModuleManager: Shutting down and abandoning module TaskGraph (376)
[2020.02.21-13.10.01:591][265]LogModuleManager: Shutting down and abandoning module SteamVRController (374)
[2020.02.21-13.10.01:591][265]LogModuleManager: Shutting down and abandoning module ProceduralMeshComponentEditor (372)
[2020.02.21-13.10.01:592][265]LogModuleManager: Shutting down and abandoning module ProceduralMeshComponent (370)
[2020.02.21-13.10.01:592][265]LogModuleManager: Shutting down and abandoning module OculusInput (368)
[2020.02.21-13.10.01:592][265]LogModuleManager: Shutting down and abandoning module MobilePatchingUtils (366)
[2020.02.21-13.10.01:592][265]LogModuleManager: Shutting down and abandoning module CustomMeshComponent (364)
[2020.02.21-13.10.01:592][265]LogModuleManager: Shutting down and abandoning module CableComponent (362)
[2020.02.21-13.10.01:592][265]LogModuleManager: Shutting down and abandoning module AudioCapture (360)
[2020.02.21-13.10.01:592][265]LogModuleManager: Shutting down and abandoning module ArchVisCharacter (358)
[2020.02.21-13.10.01:592][265]LogModuleManager: Shutting down and abandoning module AndroidPermission (356)
[2020.02.21-13.10.01:592][265]LogModuleManager: Shutting down and abandoning module NUTUnrealEngine4 (352)
[2020.02.21-13.10.01:592][265]LogModuleManager: Shutting down and abandoning module NetcodeUnitTest (350)
[2020.02.21-13.10.01:592][265]LogModuleManager: Shutting down and abandoning module MediaCompositingEditor (348)
[2020.02.21-13.10.01:592][265]LogModuleManager: Shutting down and abandoning module MediaCompositing (346)
[2020.02.21-13.10.01:592][265]LogModuleManager: Shutting down and abandoning module LinearTimecode (344)
[2020.02.21-13.10.01:592][265]LogModuleManager: Shutting down and abandoning module ImgMedia (342)
[2020.02.21-13.10.01:595][265]LogModuleManager: Shutting down and abandoning module HTML5Networking (340)
[2020.02.21-13.10.01:596][265]LogModuleManager: Shutting down and abandoning module AlembicImporter (338)
[2020.02.21-13.10.01:596][265]LogModuleManager: Shutting down and abandoning module AlembicLibrary (337)
[2020.02.21-13.10.01:596][265]LogModuleManager: Shutting down and abandoning module GeometryCache (336)
[2020.02.21-13.10.01:596][265]LogModuleManager: Shutting down and abandoning module GeometryCacheEd (335)
[2020.02.21-13.10.01:596][265]LogModuleManager: Shutting down and abandoning module DatasmithContent (330)
[2020.02.21-13.10.01:596][265]LogModuleManager: Shutting down and abandoning module SpeedTreeImporter (328)
[2020.02.21-13.10.01:596][265]LogModuleManager: Shutting down and abandoning module PluginBrowser (326)
[2020.02.21-13.10.01:596][265]LogModuleManager: Shutting down and abandoning module MobileLauncherProfileWizard (324)
[2020.02.21-13.10.01:597][265]LogModuleManager: Shutting down and abandoning module CryptoKeysOpenSSL (322)
[2020.02.21-13.10.01:597][265]LogModuleManager: Shutting down and abandoning module CryptoKeys (320)
[2020.02.21-13.10.01:597][265]LogModuleManager: Shutting down and abandoning module VisualStudioSourceCodeAccess (318)
[2020.02.21-13.10.01:597][265]LogModuleManager: Shutting down and abandoning module VisualStudioCodeSourceCodeAccess (316)
[2020.02.21-13.10.01:597][265]LogModuleManager: Shutting down and abandoning module UObjectPlugin (314)
[2020.02.21-13.10.01:597][265]LogModuleManager: Shutting down and abandoning module SubversionSourceControl (312)
[2020.02.21-13.10.01:597][265]LogModuleManager: Shutting down and abandoning module PerforceSourceControl (310)
[2020.02.21-13.10.01:597][265]LogModuleManager: Shutting down and abandoning module GitSourceControl (308)
[2020.02.21-13.10.01:597][265]LogModuleManager: Shutting down and abandoning module SourceControl (307)
[2020.02.21-13.10.01:597][265]LogModuleManager: Shutting down and abandoning module CLionSourceCodeAccess (304)
[2020.02.21-13.10.01:597][265]LogModuleManager: Shutting down and abandoning module LightPropagationVolumeEditor (302)
[2020.02.21-13.10.01:597][265]LogModuleManager: Shutting down and abandoning module PaperTiledImporter (300)
[2020.02.21-13.10.01:597][265]LogModuleManager: Shutting down and abandoning module PaperSpriteSheetImporter (298)
[2020.02.21-13.10.01:597][265]LogModuleManager: Shutting down and abandoning module Paper2DEditor (296)
[2020.02.21-13.10.01:598][265]LogModuleManager: Shutting down and abandoning module MeshPaint (295)
[2020.02.21-13.10.01:598][265]LogModuleManager: Shutting down and abandoning module RuntimePhysXCooking (292)
[2020.02.21-13.10.01:598][265]LogModuleManager: Shutting down and abandoning module PhysXVehiclesEditor (290)
[2020.02.21-13.10.01:598][265]LogModuleManager: Shutting down and abandoning module PhysXVehicles (288)
[2020.02.21-13.10.01:598][265]LogModuleManager: Shutting down and abandoning module OculusEditor (286)
[2020.02.21-13.10.01:598][265]LogModuleManager: Shutting down and abandoning module LocationServicesBPLibrary (284)
[2020.02.21-13.10.01:598][265]LogModuleManager: Shutting down and abandoning module ImmediatePhysicsEditor (282)
[2020.02.21-13.10.01:598][265]LogModuleManager: Shutting down and abandoning module ImmediatePhysics (280)
[2020.02.21-13.10.01:598][265]LogModuleManager: Shutting down and abandoning module ApexDestructionEditor (278)
[2020.02.21-13.10.01:598][265]LogModuleManager: Shutting down and abandoning module ApexDestruction (276)
[2020.02.21-13.10.01:598][265]LogModuleManager: Shutting down and abandoning module ActorSequence (274)
[2020.02.21-13.10.01:598][265]LogModuleManager: Shutting down and abandoning module UdpMessaging (272)
[2020.02.21-13.10.01:699][265]LogModuleManager: Shutting down and abandoning module TcpMessaging (270)
[2020.02.21-13.10.01:800][265]LogModuleManager: Shutting down and abandoning module GameplayTagsEditor (268)
[2020.02.21-13.10.01:800][265]LogModuleManager: Shutting down and abandoning module FacialAnimationEditor (266)
[2020.02.21-13.10.01:800][265]LogModuleManager: Shutting down and abandoning module FacialAnimation (264)
[2020.02.21-13.10.01:800][265]LogModuleManager: Shutting down and abandoning module DataValidation (262)
[2020.02.21-13.10.01:800][265]LogModuleManager: Shutting down and abandoning module AssetManagerEditor (260)
[2020.02.21-13.10.01:801][265]LogModuleManager: Shutting down and abandoning module LevelEditor (259)
[2020.02.21-13.10.01:801][265]LogModuleManager: Shutting down and abandoning module PixelInspectorModule (258)
[2020.02.21-13.10.01:801][265]LogModuleManager: Shutting down and abandoning module CommonMenuExtensions (256)
[2020.02.21-13.10.01:802][265]LogModuleManager: Shutting down and abandoning module MainFrame (254)
[2020.02.21-13.10.01:802][265]LogModuleManager: Shutting down and abandoning module HotReload (253)
[2020.02.21-13.10.01:803][265]LogModuleManager: Shutting down and abandoning module ContentBrowser (249)
[2020.02.21-13.10.01:804][265]LogModuleManager: Shutting down and abandoning module TreeMap (247)
[2020.02.21-13.10.01:804][265]LogModuleManager: Shutting down and abandoning module LightPropagationVolumeRuntime (244)
[2020.02.21-13.10.01:804][265]LogModuleManager: Shutting down and abandoning module LiveLinkEditor (242)
[2020.02.21-13.10.01:804][265]LogModuleManager: Shutting down and abandoning module LiveLink (240)
[2020.02.21-13.10.02:135][265]LogModuleManager: Shutting down and abandoning module Paper2D (238)
[2020.02.21-13.10.02:135][265]LogModuleManager: Shutting down and abandoning module WindowsMoviePlayer (236)
[2020.02.21-13.10.02:135][265]LogModuleManager: Shutting down and abandoning module WmfMedia (234)
[2020.02.21-13.10.02:137][265]LogModuleManager: Shutting down and abandoning module Media (233)
[2020.02.21-13.10.02:143][265]LogModuleManager: Shutting down and abandoning module PacketHandler (230)
[2020.02.21-13.10.02:143][265]LogModuleManager: Shutting down and abandoning module ClothingSystemEditor (228)
[2020.02.21-13.10.02:143][265]LogModuleManager: Shutting down and abandoning module ClothingSystemRuntime (226)
[2020.02.21-13.10.02:144][265]LogModuleManager: Shutting down and abandoning module MediaAssets (224)
[2020.02.21-13.10.02:144][265]LogModuleManager: Shutting down and abandoning module Overlay (222)
[2020.02.21-13.10.02:144][265]LogModuleManager: Shutting down and abandoning module OverlayEditor (221)
[2020.02.21-13.10.02:144][265]LogModuleManager: Shutting down and abandoning module VREditor (218)
[2020.02.21-13.10.02:144][265]LogModuleManager: Shutting down and abandoning module StringTableEditor (216)
[2020.02.21-13.10.02:144][265]LogModuleManager: Shutting down and abandoning module GameplayTasksEditor (214)
[2020.02.21-13.10.02:144][265]LogModuleManager: Shutting down and abandoning module BehaviorTreeEditor (212)
[2020.02.21-13.10.02:145][265]LogModuleManager: Shutting down and abandoning module FunctionalTesting (210)
[2020.02.21-13.10.02:145][265]LogModuleManager: Shutting down and abandoning module CollisionAnalyzer (208)
[2020.02.21-13.10.02:145][265]LogModuleManager: Shutting down and abandoning module WorkspaceMenuStructure (207)
[2020.02.21-13.10.02:145][265]LogModuleManager: Shutting down and abandoning module UMG (204)
[2020.02.21-13.10.02:145][265]LogModuleManager: Shutting down and abandoning module UMGEditor (203)
[2020.02.21-13.10.02:147][265]LogModuleManager: Shutting down and abandoning module Sequencer (202)
[2020.02.21-13.10.02:148][265]LogModuleManager: Shutting down and abandoning module MessageLog (199)
[2020.02.21-13.10.02:148][265]LogModuleManager: Shutting down and abandoning module SlateReflector (194)
[2020.02.21-13.10.02:149][265]LogModuleManager: Shutting down and abandoning module Slate (192)
[2020.02.21-13.10.02:149][265]LogModuleManager: Shutting down and abandoning module EditorStyle (190)
[2020.02.21-13.10.02:151][265]LogModuleManager: Shutting down and abandoning module MRMesh (188)
[2020.02.21-13.10.02:151][265]LogModuleManager: Shutting down and abandoning module SourceCodeAccess (186)
[2020.02.21-13.10.02:152][265]LogModuleManager: Shutting down and abandoning module HeadMountedDisplay (184)
[2020.02.21-13.10.02:152][265]LogModuleManager: Shutting down and abandoning module XAudio2 (182)
[2020.02.21-13.10.02:152][265]LogModuleManager: Shutting down and abandoning module Networking (180)
[2020.02.21-13.10.02:152][265]LogModuleManager: Shutting down and abandoning module Core (178)
[2020.02.21-13.10.02:152][265]LogModuleManager: Shutting down and abandoning module LevelSequence (176)
[2020.02.21-13.10.02:152][265]LogModuleManager: Shutting down and abandoning module KismetCompiler (174)
[2020.02.21-13.10.02:152][265]LogModuleManager: Shutting down and abandoning module MeshUtilities (172)
[2020.02.21-13.10.02:152][265]LogModuleManager: Shutting down and abandoning module MeshMergeUtilities (171)
[2020.02.21-13.10.02:152][265]LogModuleManager: Shutting down and abandoning module MeshReductionInterface (170)
[2020.02.21-13.10.02:152][265]LogModuleManager: Shutting down and abandoning module SimplygonSwarm (169)
[2020.02.21-13.10.02:152][265]LogModuleManager: Shutting down and abandoning module SimplygonMeshReduction (167)
[2020.02.21-13.10.02:152][265]LogModuleManager: Shutting down and abandoning module QuadricMeshReduction (165)
[2020.02.21-13.10.02:152][265]LogModuleManager: Shutting down and abandoning module MaterialBaking (161)
[2020.02.21-13.10.02:152][265]LogModuleManager: Shutting down and abandoning module DirectoryWatcher (157)
[2020.02.21-13.10.02:153][265]LogModuleManager: Shutting down and abandoning module DerivedDataCache (154)
[2020.02.21-13.10.02:296][265]LogDerivedDataCache: Shutdown
[2020.02.21-13.10.02:296][265]LogModuleManager: Shutting down and abandoning module XGEController (152)
[2020.02.21-13.10.02:296][265]LogXGEController: Cleaning working directory: C:/Users/T7090979/AppData/Local/Temp/UnrealXGEWorkingDir/
[2020.02.21-13.10.02:297][265]LogModuleManager: Shutting down and abandoning module TargetPlatform (150)
[2020.02.21-13.10.02:297][265]LogModuleManager: Shutting down and abandoning module VulkanShaderFormat (149)
[2020.02.21-13.10.02:297][265]LogModuleManager: Shutting down and abandoning module ShaderFormatVectorVM (147)
[2020.02.21-13.10.02:297][265]LogModuleManager: Shutting down and abandoning module ShaderFormatOpenGL (145)
[2020.02.21-13.10.02:297][265]LogModuleManager: Shutting down and abandoning module ShaderFormatD3D (143)
[2020.02.21-13.10.02:297][265]LogModuleManager: Shutting down and abandoning module MetalShaderFormat (141)
[2020.02.21-13.10.02:298][265]LogModuleManager: Shutting down and abandoning module TextureFormatUncompressed (139)
[2020.02.21-13.10.02:298][265]LogModuleManager: Shutting down and abandoning module TextureFormatPVR (137)
[2020.02.21-13.10.02:298][265]LogModuleManager: Shutting down and abandoning module TextureFormatDXT (135)
[2020.02.21-13.10.02:298][265]LogModuleManager: Shutting down and abandoning module TextureFormatIntelISPCTexComp (133)
[2020.02.21-13.10.02:298][265]LogModuleManager: Shutting down and abandoning module TextureFormatASTC (131)
[2020.02.21-13.10.02:298][265]LogModuleManager: Shutting down and abandoning module ImageWrapper (130)
[2020.02.21-13.10.02:298][265]LogModuleManager: Shutting down and abandoning module TextureFormatAndroid (127)
[2020.02.21-13.10.02:298][265]LogModuleManager: Shutting down and abandoning module AudioFormatOpus (125)
[2020.02.21-13.10.02:298][265]LogModuleManager: Shutting down and abandoning module AudioFormatOgg (123)
[2020.02.21-13.10.02:298][265]LogModuleManager: Shutting down and abandoning module AudioFormatADPCM (121)
[2020.02.21-13.10.02:298][265]LogModuleManager: Shutting down and abandoning module LinuxTargetPlatform (119)
[2020.02.21-13.10.02:298][265]LogModuleManager: Shutting down and abandoning module LinuxServerTargetPlatform (117)
[2020.02.21-13.10.02:298][265]LogModuleManager: Shutting down and abandoning module LinuxNoEditorTargetPlatform (115)
[2020.02.21-13.10.02:299][265]LogModuleManager: Shutting down and abandoning module LinuxClientTargetPlatform (113)
[2020.02.21-13.10.02:299][265]LogModuleManager: Shutting down and abandoning module TVOSTargetPlatform (111)
[2020.02.21-13.10.02:299][265]LogModuleManager: Shutting down and abandoning module Messaging (109)
[2020.02.21-13.10.02:299][265]LogModuleManager: Shutting down and abandoning module IOSTargetPlatform (107)
[2020.02.21-13.10.02:299][265]LogModuleManager: Shutting down and abandoning module HTML5TargetPlatform (105)
[2020.02.21-13.10.02:299][265]LogModuleManager: Shutting down and abandoning module AndroidTargetPlatform (103)
[2020.02.21-13.10.02:299][265]LogModuleManager: Shutting down and abandoning module Android_PVRTCTargetPlatform (101)
[2020.02.21-13.10.02:299][265]LogModuleManager: Shutting down and abandoning module Android_MultiTargetPlatform (99)
[2020.02.21-13.10.02:299][265]LogModuleManager: Shutting down and abandoning module Android_ETC2TargetPlatform (97)
[2020.02.21-13.10.02:299][265]LogModuleManager: Shutting down and abandoning module Android_ETC1TargetPlatform (95)
[2020.02.21-13.10.02:299][265]LogModuleManager: Shutting down and abandoning module Android_ETC1aTargetPlatform (93)
[2020.02.21-13.10.02:299][265]LogModuleManager: Shutting down and abandoning module Android_DXTTargetPlatform (91)
[2020.02.21-13.10.02:299][265]LogModuleManager: Shutting down and abandoning module Android_ATCTargetPlatform (89)
[2020.02.21-13.10.02:299][265]LogModuleManager: Shutting down and abandoning module Android_ASTCTargetPlatform (87)
[2020.02.21-13.10.02:299][265]LogModuleManager: Shutting down and abandoning module WindowsTargetPlatform (85)
[2020.02.21-13.10.02:299][265]LogModuleManager: Shutting down and abandoning module WindowsServerTargetPlatform (83)
[2020.02.21-13.10.02:299][265]LogModuleManager: Shutting down and abandoning module WindowsNoEditorTargetPlatform (81)
[2020.02.21-13.10.02:299][265]LogModuleManager: Shutting down and abandoning module WindowsClientTargetPlatform (79)
[2020.02.21-13.10.02:299][265]LogModuleManager: Shutting down and abandoning module MacTargetPlatform (77)
[2020.02.21-13.10.02:299][265]LogModuleManager: Shutting down and abandoning module MacServerTargetPlatform (75)
[2020.02.21-13.10.02:299][265]LogModuleManager: Shutting down and abandoning module MacNoEditorTargetPlatform (73)
[2020.02.21-13.10.02:299][265]LogModuleManager: Shutting down and abandoning module MacClientTargetPlatform (71)
[2020.02.21-13.10.02:299][265]LogModuleManager: Shutting down and abandoning module AllDesktopTargetPlatform (69)
[2020.02.21-13.10.02:299][265]LogModuleManager: Shutting down and abandoning module InputCore (66)
[2020.02.21-13.10.02:299][265]LogModuleManager: Shutting down and abandoning module Settings (64)
[2020.02.21-13.10.02:300][265]LogModuleManager: Shutting down and abandoning module PhysXCooking (62)
[2020.02.21-13.10.02:300][265]LogModuleManager: Shutting down and abandoning module SteamVR (60)
[2020.02.21-13.10.02:300][265]LogModuleManager: Shutting down and abandoning module OculusHMD (58)
[2020.02.21-13.10.02:300][265]LogModuleManager: Shutting down and abandoning module ExampleDeviceProfileSelector (56)
[2020.02.21-13.10.02:300][265]LogModuleManager: Shutting down and abandoning module AppleARKit (54)
[2020.02.21-13.10.02:300][265]LogModuleManager: Shutting down and abandoning module AugmentedReality (51)
[2020.02.21-13.10.02:300][265]LogModuleManager: Shutting down and abandoning module OnlineBlueprintSupport (48)
[2020.02.21-13.10.02:300][265]LogModuleManager: Shutting down and abandoning module OnlineSubsystem (44)
[2020.02.21-13.10.02:300][265]LogModuleManager: Shutting down and abandoning module XMPP (43)
[2020.02.21-13.10.02:301][265]LogModuleManager: Shutting down and abandoning module HTTP (41)
[2020.02.21-13.10.02:301][265]LogHttp: Display: Http module shutting down, but needs to wait on 1 outstanding Http requests:
[2020.02.21-13.10.02:301][265]LogHttp: Display: 	verb=[POST] url=[https://datarouter.ol.epicgames.com/datarouter/api/v1/public/data?SessionID=%7B016D4A1D-4A75-F96A-A86F-8BA900B98BF4%7D&AppID=UEEditor.Rocket.Release&AppVersion=4.19.2-4033788%2B%2B%2BUE4%2BRelease-4.19&UserID=a425ebe3476b59a5f45da882f830241f%7C%7C2b8cd050-bfbf-4e27-9297-4285017269e8&AppEnvironment=datacollector-binary&UploadType=eteventstream] status=Processing
[2020.02.21-13.10.02:334][265]LogModuleManager: Shutting down and abandoning module SSL (40)
[2020.02.21-13.10.02:336][265]LogModuleManager: Shutting down and abandoning module AnimationModifiers (36)
[2020.02.21-13.10.02:337][265]LogModuleManager: Shutting down and abandoning module PropertyEditor (35)
[2020.02.21-13.10.02:337][265]LogModuleManager: Shutting down and abandoning module AudioEditor (32)
[2020.02.21-13.10.02:338][265]LogModuleManager: Shutting down and abandoning module TextureCompressor (30)
[2020.02.21-13.10.02:338][265]LogModuleManager: Shutting down and abandoning module ShaderCore (28)
[2020.02.21-13.10.02:338][265]LogModuleManager: Shutting down and abandoning module Landscape (26)
[2020.02.21-13.10.02:338][265]LogModuleManager: Shutting down and abandoning module SlateRHIRenderer (24)
[2020.02.21-13.10.02:340][265]LogModuleManager: Shutting down and abandoning module OpenGLDrv (22)
[2020.02.21-13.10.02:340][265]LogModuleManager: Shutting down and abandoning module D3D11RHI (20)
[2020.02.21-13.10.02:340][265]LogModuleManager: Shutting down and abandoning module AnimGraphRuntime (18)
[2020.02.21-13.10.02:340][265]LogModuleManager: Shutting down and abandoning module Renderer (16)
[2020.02.21-13.10.02:340][265]LogModuleManager: Shutting down and abandoning module Engine (14)
[2020.02.21-13.10.02:340][265]LogModuleManager: Shutting down and abandoning module CoreUObject (12)
[2020.02.21-13.10.02:340][265]LogModuleManager: Shutting down and abandoning module NetworkFile (10)
[2020.02.21-13.10.02:340][265]LogModuleManager: Shutting down and abandoning module CookedIterativeFile (8)
[2020.02.21-13.10.02:341][265]LogModuleManager: Shutting down and abandoning module StreamingFile (6)
[2020.02.21-13.10.02:341][265]LogModuleManager: Shutting down and abandoning module SandboxFile (4)
[2020.02.21-13.10.02:341][265]LogModuleManager: Shutting down and abandoning module PakFile (2)
[2020.02.21-13.10.02:349][265]LogExit: Exiting.
[2020.02.21-13.10.02:387][265]Log file closed, 02/21/20 13:10:02
